#
# There is insufficient memory for the Java Runtime Environment to continue.
# Native memory allocation (malloc) failed to allocate 1895184 bytes for Chunk::new
# Possible reasons:
#   The system is out of physical RAM or swap space
#   The process is running with CompressedOops enabled, and the Java Heap may be blocking the growth of the native heap
# Possible solutions:
#   Reduce memory load on the system
#   Increase physical memory or swap space
#   Check if swap backing store is full
#   Decrease Java heap size (-Xmx/-Xms)
#   Decrease number of Java threads
#   Decrease Java thread stack sizes (-Xss)
#   Set larger code cache with -XX:ReservedCodeCacheSize=
#   JVM is running with Unscaled Compressed Oops mode in which the Java heap is
#     placed in the first 4GB address space. The Java Heap base address is the
#     maximum limit for the native heap growth. Please use -XX:HeapBaseMinAddress
#     to set the Java Heap base and to place the Java Heap above 4GB virtual address.
# This output file may be truncated or incomplete.
#
#  Out of Memory Error (arena.cpp:168), pid=7320, tid=7456
#
# JRE version: Java(TM) SE Runtime Environment (21.0.2+13) (build 21.0.2+13-LTS-58)
# Java VM: Java HotSpot(TM) 64-Bit Server VM (21.0.2+13-LTS-58, mixed mode, sharing, tiered, compressed oops, compressed class ptrs, g1 gc, windows-amd64)
# No core dump will be written. Minidumps are not enabled by default on client versions of Windows
#

---------------  S U M M A R Y ------------

Command Line: --add-opens=java.base/java.util=ALL-UNNAMED --add-opens=java.base/java.lang=ALL-UNNAMED --add-opens=java.base/java.lang.invoke=ALL-UNNAMED --add-opens=java.prefs/java.util.prefs=ALL-UNNAMED --add-opens=java.base/java.nio.charset=ALL-UNNAMED --add-opens=java.base/java.net=ALL-UNNAMED --add-opens=java.base/java.util.concurrent.atomic=ALL-UNNAMED -XX:MaxMetaspaceSize=384m -XX:+HeapDumpOnOutOfMemoryError -Xms256m -Xmx512m -Dfile.encoding=UTF-8 -Duser.country=PE -Duser.language=es -Duser.variant -javaagent:C:\Automatizacion\gradle-8.7\lib\agents\gradle-instrumentation-agent-8.7.jar org.gradle.launcher.daemon.bootstrap.GradleDaemon 8.7

Host: Intel(R) Core(TM) i3-3227U CPU @ 1.90GHz, 4 cores, 1G,  Windows 10 , 64 bit Build 19041 (10.0.19041.3636)
Time: Wed May 29 22:40:47 2024 Hora est. Pacífico, Sudamérica elapsed time: 28.271093 seconds (0d 0h 0m 28s)

---------------  T H R E A D  ---------------

Current thread (0x00000273aaf8a2a0):  JavaThread "C2 CompilerThread0" daemon [_thread_in_native, id=7456, stack(0x000000aa57e00000,0x000000aa57f00000) (1024K)]


Current CompileTask:
C2:  28271 4434       4       java.net.URLClassLoader$1::run (5 bytes)

Stack: [0x000000aa57e00000,0x000000aa57f00000]
Native frames: (J=compiled Java code, j=interpreted, Vv=VM code, C=native code)
V  [jvm.dll+0x6cade9]
V  [jvm.dll+0x8569c1]
V  [jvm.dll+0x858d2e]
V  [jvm.dll+0x859413]
V  [jvm.dll+0x280e56]
V  [jvm.dll+0xc3f3d]
V  [jvm.dll+0xc4473]
V  [jvm.dll+0x3b5c2c]
V  [jvm.dll+0x382855]
V  [jvm.dll+0x381cca]
V  [jvm.dll+0x249bd0]
V  [jvm.dll+0x2491b1]
V  [jvm.dll+0x1c9634]
V  [jvm.dll+0x258859]
V  [jvm.dll+0x256e3a]
V  [jvm.dll+0x3ef6c6]
V  [jvm.dll+0x7ff568]
V  [jvm.dll+0x6c953d]
C  [ucrtbase.dll+0x21bb2]
C  [KERNEL32.DLL+0x17344]
C  [ntdll.dll+0x526b1]


---------------  P R O C E S S  ---------------

Threads class SMR info:
_java_thread_list=0x00000273c693d470, length=33, elements={
0x000002738ea95f50, 0x00000273aaf81c10, 0x00000273aaf82770, 0x00000273aaf833d0,
0x00000273aaf84030, 0x00000273aaf88ab0, 0x00000273aaf89510, 0x00000273aaf8a2a0,
0x00000273aafa5780, 0x00000273aaf4b110, 0x00000273c4344780, 0x00000273c586c0e0,
0x00000273c418da70, 0x00000273c5859230, 0x00000273c5bdb020, 0x00000273c4fe6af0,
0x00000273c42cab90, 0x00000273c4e0c010, 0x00000273c4e0ac60, 0x00000273c4e0cd30,
0x00000273c4e0c6a0, 0x00000273c4e0b980, 0x00000273c4e098b0, 0x00000273c4e09f40,
0x00000273c67ddd50, 0x00000273c67dbc80, 0x00000273c67df790, 0x00000273c67e04b0,
0x00000273c67e1860, 0x00000273c67e1ef0, 0x00000273c67de3e0, 0x00000273c67e0b40,
0x00000273c67e11d0
}

Java Threads: ( => current thread )
  0x000002738ea95f50 JavaThread "main"                              [_thread_blocked, id=1920, stack(0x000000aa57000000,0x000000aa57100000) (1024K)]
  0x00000273aaf81c10 JavaThread "Reference Handler"          daemon [_thread_blocked, id=5028, stack(0x000000aa57800000,0x000000aa57900000) (1024K)]
  0x00000273aaf82770 JavaThread "Finalizer"                  daemon [_thread_blocked, id=1620, stack(0x000000aa57900000,0x000000aa57a00000) (1024K)]
  0x00000273aaf833d0 JavaThread "Signal Dispatcher"          daemon [_thread_blocked, id=11980, stack(0x000000aa57a00000,0x000000aa57b00000) (1024K)]
  0x00000273aaf84030 JavaThread "Attach Listener"            daemon [_thread_blocked, id=9792, stack(0x000000aa57b00000,0x000000aa57c00000) (1024K)]
  0x00000273aaf88ab0 JavaThread "Service Thread"             daemon [_thread_blocked, id=6436, stack(0x000000aa57c00000,0x000000aa57d00000) (1024K)]
  0x00000273aaf89510 JavaThread "Monitor Deflation Thread"   daemon [_thread_blocked, id=9236, stack(0x000000aa57d00000,0x000000aa57e00000) (1024K)]
=>0x00000273aaf8a2a0 JavaThread "C2 CompilerThread0"         daemon [_thread_in_native, id=7456, stack(0x000000aa57e00000,0x000000aa57f00000) (1024K)]
  0x00000273aafa5780 JavaThread "C1 CompilerThread0"         daemon [_thread_blocked, id=7532, stack(0x000000aa57f00000,0x000000aa58000000) (1024K)]
  0x00000273aaf4b110 JavaThread "Common-Cleaner"             daemon [_thread_blocked, id=11444, stack(0x000000aa58000000,0x000000aa58100000) (1024K)]
  0x00000273c4344780 JavaThread "Notification Thread"        daemon [_thread_blocked, id=1748, stack(0x000000aa58100000,0x000000aa58200000) (1024K)]
  0x00000273c586c0e0 JavaThread "Daemon health stats"               [_thread_blocked, id=10972, stack(0x000000aa58500000,0x000000aa58600000) (1024K)]
  0x00000273c418da70 JavaThread "Incoming local TCP Connector on port 51639"        [_thread_in_native, id=7280, stack(0x000000aa58600000,0x000000aa58700000) (1024K)]
  0x00000273c5859230 JavaThread "Daemon periodic checks"            [_thread_blocked, id=11784, stack(0x000000aa58700000,0x000000aa58800000) (1024K)]
  0x00000273c5bdb020 JavaThread "Daemon"                            [_thread_blocked, id=7572, stack(0x000000aa58800000,0x000000aa58900000) (1024K)]
  0x00000273c4fe6af0 JavaThread "Handler for socket connection from /127.0.0.1:51639 to /127.0.0.1:51640"        [_thread_in_native, id=7468, stack(0x000000aa58900000,0x000000aa58a00000) (1024K)]
  0x00000273c42cab90 JavaThread "Cancel handler"                    [_thread_blocked, id=7556, stack(0x000000aa58a00000,0x000000aa58b00000) (1024K)]
  0x00000273c4e0c010 JavaThread "Daemon worker"                     [_thread_in_Java, id=7584, stack(0x000000aa58b00000,0x000000aa58c00000) (1024K)]
  0x00000273c4e0ac60 JavaThread "Asynchronous log dispatcher for DefaultDaemonConnection: socket connection from /127.0.0.1:51639 to /127.0.0.1:51640"        [_thread_blocked, id=1188, stack(0x000000aa58c00000,0x000000aa58d00000) (1024K)]
  0x00000273c4e0cd30 JavaThread "Stdin handler"                     [_thread_blocked, id=9976, stack(0x000000aa58d00000,0x000000aa58e00000) (1024K)]
  0x00000273c4e0c6a0 JavaThread "Daemon client event forwarder"        [_thread_blocked, id=11648, stack(0x000000aa58e00000,0x000000aa58f00000) (1024K)]
  0x00000273c4e0b980 JavaThread "Cache worker for journal cache (C:\Users\jhonn\.gradle\caches\journal-1)"        [_thread_blocked, id=4108, stack(0x000000aa58f00000,0x000000aa59000000) (1024K)]
  0x00000273c4e098b0 JavaThread "File lock request listener"        [_thread_in_native, id=12228, stack(0x000000aa59000000,0x000000aa59100000) (1024K)]
  0x00000273c4e09f40 JavaThread "Cache worker for file hash cache (C:\Users\jhonn\.gradle\caches\8.7\fileHashes)"        [_thread_blocked, id=8096, stack(0x000000aa59100000,0x000000aa59200000) (1024K)]
  0x00000273c67ddd50 JavaThread "Cache worker for file hash cache (D:\Selenium\SeleniumFree\.gradle\8.7\fileHashes)"        [_thread_blocked, id=4592, stack(0x000000aa59200000,0x000000aa59300000) (1024K)]
  0x00000273c67dbc80 JavaThread "File watcher server"        daemon [_thread_in_native, id=11428, stack(0x000000aa59300000,0x000000aa59400000) (1024K)]
  0x00000273c67df790 JavaThread "File watcher consumer"      daemon [_thread_blocked, id=6460, stack(0x000000aa59400000,0x000000aa59500000) (1024K)]
  0x00000273c67e04b0 JavaThread "Cache worker for checksums cache (D:\Selenium\SeleniumFree\.gradle\8.7\checksums)"        [_thread_blocked, id=1696, stack(0x000000aa59500000,0x000000aa59600000) (1024K)]
  0x00000273c67e1860 JavaThread "Cache worker for cache directory md-supplier (C:\Users\jhonn\.gradle\caches\8.7\md-supplier)"        [_thread_blocked, id=10852, stack(0x000000aa59600000,0x000000aa59700000) (1024K)]
  0x00000273c67e1ef0 JavaThread "Cache worker for cache directory md-rule (C:\Users\jhonn\.gradle\caches\8.7\md-rule)"        [_thread_blocked, id=5624, stack(0x000000aa59700000,0x000000aa59800000) (1024K)]
  0x00000273c67de3e0 JavaThread "Cache worker for file content cache (C:\Users\jhonn\.gradle\caches\8.7\fileContent)"        [_thread_blocked, id=7400, stack(0x000000aa59800000,0x000000aa59900000) (1024K)]
  0x00000273c67e0b40 JavaThread "jar transforms"                    [_thread_blocked, id=4816, stack(0x000000aa59900000,0x000000aa59a00000) (1024K)]
  0x00000273c67e11d0 JavaThread "jar transforms Thread 2"           [_thread_blocked, id=9636, stack(0x000000aa59a00000,0x000000aa59b00000) (1024K)]
Total: 33

Other Threads:
  0x00000273aaf60910 VMThread "VM Thread"                           [id=11804, stack(0x000000aa57700000,0x000000aa57800000) (1024K)]
  0x00000273aaf4a280 WatcherThread "VM Periodic Task Thread"        [id=11924, stack(0x000000aa57600000,0x000000aa57700000) (1024K)]
  0x0000027390c38df0 WorkerThread "GC Thread#0"                     [id=3800, stack(0x000000aa57100000,0x000000aa57200000) (1024K)]
  0x00000273c489b750 WorkerThread "GC Thread#1"                     [id=4156, stack(0x000000aa58200000,0x000000aa58300000) (1024K)]
  0x00000273c489baf0 WorkerThread "GC Thread#2"                     [id=9452, stack(0x000000aa58300000,0x000000aa58400000) (1024K)]
  0x00000273c489be90 WorkerThread "GC Thread#3"                     [id=4376, stack(0x000000aa58400000,0x000000aa58500000) (1024K)]
  0x0000027390c3de90 ConcurrentGCThread "G1 Main Marker"            [id=4120, stack(0x000000aa57200000,0x000000aa57300000) (1024K)]
  0x0000027390c3f850 WorkerThread "G1 Conc#0"                       [id=1420, stack(0x000000aa57300000,0x000000aa57400000) (1024K)]
  0x00000273aae1c550 ConcurrentGCThread "G1 Refine#0"               [id=8756, stack(0x000000aa57400000,0x000000aa57500000) (1024K)]
  0x00000273aae1dd80 ConcurrentGCThread "G1 Service"                [id=1416, stack(0x000000aa57500000,0x000000aa57600000) (1024K)]
Total: 10

Threads with active compile tasks:
C2 CompilerThread0    28468 4434       4       java.net.URLClassLoader$1::run (5 bytes)
C1 CompilerThread0    28468 4481       3       sun.reflect.generics.parser.SignatureParser::parseZeroOrMoreTypeSignatures (174 bytes)
Total: 2

VM state: not at safepoint (normal execution)

VM Mutex/Monitor currently owned by a thread: None

Heap address: 0x00000000e0000000, size: 512 MB, Compressed Oops mode: 32-bit

CDS archive(s) mapped at: [0x00000273ab000000-0x00000273abc90000-0x00000273abc90000), size 13172736, SharedBaseAddress: 0x00000273ab000000, ArchiveRelocationMode: 1.
Compressed class space mapped at: 0x00000273ac000000-0x00000273c0000000, reserved size: 335544320
Narrow klass base: 0x00000273ab000000, Narrow klass shift: 0, Narrow klass range: 0x100000000

GC Precious Log:
 CardTable entry size: 512
 Card Set container configuration: InlinePtr #cards 5 size 8 Array Of Cards #cards 12 size 40 Howl #buckets 4 coarsen threshold 1843 Howl Bitmap #cards 512 size 80 coarsen threshold 460 Card regions per heap region 1 cards per card region 2048
 CPUs: 4 total, 4 available
 Memory: 1949M
 Large Page Support: Disabled
 NUMA Support: Disabled
 Compressed Oops: Enabled (32-bit)
 Heap Region Size: 1M
 Heap Min Capacity: 256M
 Heap Initial Capacity: 256M
 Heap Max Capacity: 512M
 Pre-touch: Disabled
 Parallel Workers: 4
 Concurrent Workers: 1
 Concurrent Refinement Workers: 4
 Periodic GC: Disabled

Heap:
 garbage-first heap   total 262144K, used 59864K [0x00000000e0000000, 0x0000000100000000)
  region size 1024K, 44 young (45056K), 15 survivors (15360K)
 Metaspace       used 38243K, committed 39616K, reserved 393216K
  class space    used 5536K, committed 6208K, reserved 327680K

Heap Regions: E=young(eden), S=young(survivor), O=old, HS=humongous(starts), HC=humongous(continues), CS=collection set, F=free, TAMS=top-at-mark-start, PB=parsable bottom
|   0|0x00000000e0000000, 0x00000000e0100000, 0x00000000e0100000|100%| O|  |TAMS 0x00000000e0000000| PB 0x00000000e0000000| Untracked 
|   1|0x00000000e0100000, 0x00000000e0200000, 0x00000000e0200000|100%| O|  |TAMS 0x00000000e0100000| PB 0x00000000e0100000| Untracked 
|   2|0x00000000e0200000, 0x00000000e0300000, 0x00000000e0300000|100%|HS|  |TAMS 0x00000000e0200000| PB 0x00000000e0200000| Complete 
|   3|0x00000000e0300000, 0x00000000e0400000, 0x00000000e0400000|100%|HC|  |TAMS 0x00000000e0300000| PB 0x00000000e0300000| Complete 
|   4|0x00000000e0400000, 0x00000000e0500000, 0x00000000e0500000|100%|HC|  |TAMS 0x00000000e0400000| PB 0x00000000e0400000| Complete 
|   5|0x00000000e0500000, 0x00000000e0600000, 0x00000000e0600000|100%|HC|  |TAMS 0x00000000e0500000| PB 0x00000000e0500000| Complete 
|   6|0x00000000e0600000, 0x00000000e0700000, 0x00000000e0700000|100%| O|  |TAMS 0x00000000e0600000| PB 0x00000000e0600000| Untracked 
|   7|0x00000000e0700000, 0x00000000e0800000, 0x00000000e0800000|100%| O|  |TAMS 0x00000000e0700000| PB 0x00000000e0700000| Untracked 
|   8|0x00000000e0800000, 0x00000000e0900000, 0x00000000e0900000|100%| O|  |TAMS 0x00000000e0800000| PB 0x00000000e0800000| Untracked 
|   9|0x00000000e0900000, 0x00000000e0a00000, 0x00000000e0a00000|100%| O|  |TAMS 0x00000000e0900000| PB 0x00000000e0900000| Untracked 
|  10|0x00000000e0a00000, 0x00000000e0b00000, 0x00000000e0b00000|100%| O|  |TAMS 0x00000000e0a00000| PB 0x00000000e0a00000| Untracked 
|  11|0x00000000e0b00000, 0x00000000e0c00000, 0x00000000e0c00000|100%| O|  |TAMS 0x00000000e0b00000| PB 0x00000000e0b00000| Untracked 
|  12|0x00000000e0c00000, 0x00000000e0d00000, 0x00000000e0d00000|100%| O|  |TAMS 0x00000000e0c00000| PB 0x00000000e0c00000| Untracked 
|  13|0x00000000e0d00000, 0x00000000e0e00000, 0x00000000e0e00000|100%| O|  |TAMS 0x00000000e0d00000| PB 0x00000000e0d00000| Untracked 
|  14|0x00000000e0e00000, 0x00000000e0f00000, 0x00000000e0f00000|100%| O|  |TAMS 0x00000000e0e00000| PB 0x00000000e0e00000| Untracked 
|  15|0x00000000e0f00000, 0x00000000e0f76058, 0x00000000e1000000| 46%| O|  |TAMS 0x00000000e0f00000| PB 0x00000000e0f00000| Untracked 
|  16|0x00000000e1000000, 0x00000000e1000000, 0x00000000e1100000|  0%| F|  |TAMS 0x00000000e1000000| PB 0x00000000e1000000| Untracked 
|  17|0x00000000e1100000, 0x00000000e1100000, 0x00000000e1200000|  0%| F|  |TAMS 0x00000000e1100000| PB 0x00000000e1100000| Untracked 
|  18|0x00000000e1200000, 0x00000000e1200000, 0x00000000e1300000|  0%| F|  |TAMS 0x00000000e1200000| PB 0x00000000e1200000| Untracked 
|  19|0x00000000e1300000, 0x00000000e1300000, 0x00000000e1400000|  0%| F|  |TAMS 0x00000000e1300000| PB 0x00000000e1300000| Untracked 
|  20|0x00000000e1400000, 0x00000000e1400000, 0x00000000e1500000|  0%| F|  |TAMS 0x00000000e1400000| PB 0x00000000e1400000| Untracked 
|  21|0x00000000e1500000, 0x00000000e1500000, 0x00000000e1600000|  0%| F|  |TAMS 0x00000000e1500000| PB 0x00000000e1500000| Untracked 
|  22|0x00000000e1600000, 0x00000000e1600000, 0x00000000e1700000|  0%| F|  |TAMS 0x00000000e1600000| PB 0x00000000e1600000| Untracked 
|  23|0x00000000e1700000, 0x00000000e1700000, 0x00000000e1800000|  0%| F|  |TAMS 0x00000000e1700000| PB 0x00000000e1700000| Untracked 
|  24|0x00000000e1800000, 0x00000000e1800000, 0x00000000e1900000|  0%| F|  |TAMS 0x00000000e1800000| PB 0x00000000e1800000| Untracked 
|  25|0x00000000e1900000, 0x00000000e1900000, 0x00000000e1a00000|  0%| F|  |TAMS 0x00000000e1900000| PB 0x00000000e1900000| Untracked 
|  26|0x00000000e1a00000, 0x00000000e1a00000, 0x00000000e1b00000|  0%| F|  |TAMS 0x00000000e1a00000| PB 0x00000000e1a00000| Untracked 
|  27|0x00000000e1b00000, 0x00000000e1b00000, 0x00000000e1c00000|  0%| F|  |TAMS 0x00000000e1b00000| PB 0x00000000e1b00000| Untracked 
|  28|0x00000000e1c00000, 0x00000000e1c00000, 0x00000000e1d00000|  0%| F|  |TAMS 0x00000000e1c00000| PB 0x00000000e1c00000| Untracked 
|  29|0x00000000e1d00000, 0x00000000e1d00000, 0x00000000e1e00000|  0%| F|  |TAMS 0x00000000e1d00000| PB 0x00000000e1d00000| Untracked 
|  30|0x00000000e1e00000, 0x00000000e1e00000, 0x00000000e1f00000|  0%| F|  |TAMS 0x00000000e1e00000| PB 0x00000000e1e00000| Untracked 
|  31|0x00000000e1f00000, 0x00000000e1f00000, 0x00000000e2000000|  0%| F|  |TAMS 0x00000000e1f00000| PB 0x00000000e1f00000| Untracked 
|  32|0x00000000e2000000, 0x00000000e2000000, 0x00000000e2100000|  0%| F|  |TAMS 0x00000000e2000000| PB 0x00000000e2000000| Untracked 
|  33|0x00000000e2100000, 0x00000000e2100000, 0x00000000e2200000|  0%| F|  |TAMS 0x00000000e2100000| PB 0x00000000e2100000| Untracked 
|  34|0x00000000e2200000, 0x00000000e2200000, 0x00000000e2300000|  0%| F|  |TAMS 0x00000000e2200000| PB 0x00000000e2200000| Untracked 
|  35|0x00000000e2300000, 0x00000000e2300000, 0x00000000e2400000|  0%| F|  |TAMS 0x00000000e2300000| PB 0x00000000e2300000| Untracked 
|  36|0x00000000e2400000, 0x00000000e2400000, 0x00000000e2500000|  0%| F|  |TAMS 0x00000000e2400000| PB 0x00000000e2400000| Untracked 
|  37|0x00000000e2500000, 0x00000000e2500000, 0x00000000e2600000|  0%| F|  |TAMS 0x00000000e2500000| PB 0x00000000e2500000| Untracked 
|  38|0x00000000e2600000, 0x00000000e2600000, 0x00000000e2700000|  0%| F|  |TAMS 0x00000000e2600000| PB 0x00000000e2600000| Untracked 
|  39|0x00000000e2700000, 0x00000000e2700000, 0x00000000e2800000|  0%| F|  |TAMS 0x00000000e2700000| PB 0x00000000e2700000| Untracked 
|  40|0x00000000e2800000, 0x00000000e2800000, 0x00000000e2900000|  0%| F|  |TAMS 0x00000000e2800000| PB 0x00000000e2800000| Untracked 
|  41|0x00000000e2900000, 0x00000000e2900000, 0x00000000e2a00000|  0%| F|  |TAMS 0x00000000e2900000| PB 0x00000000e2900000| Untracked 
|  42|0x00000000e2a00000, 0x00000000e2a00000, 0x00000000e2b00000|  0%| F|  |TAMS 0x00000000e2a00000| PB 0x00000000e2a00000| Untracked 
|  43|0x00000000e2b00000, 0x00000000e2b00000, 0x00000000e2c00000|  0%| F|  |TAMS 0x00000000e2b00000| PB 0x00000000e2b00000| Untracked 
|  44|0x00000000e2c00000, 0x00000000e2c00000, 0x00000000e2d00000|  0%| F|  |TAMS 0x00000000e2c00000| PB 0x00000000e2c00000| Untracked 
|  45|0x00000000e2d00000, 0x00000000e2d00000, 0x00000000e2e00000|  0%| F|  |TAMS 0x00000000e2d00000| PB 0x00000000e2d00000| Untracked 
|  46|0x00000000e2e00000, 0x00000000e2e00000, 0x00000000e2f00000|  0%| F|  |TAMS 0x00000000e2e00000| PB 0x00000000e2e00000| Untracked 
|  47|0x00000000e2f00000, 0x00000000e2f00000, 0x00000000e3000000|  0%| F|  |TAMS 0x00000000e2f00000| PB 0x00000000e2f00000| Untracked 
|  48|0x00000000e3000000, 0x00000000e3000000, 0x00000000e3100000|  0%| F|  |TAMS 0x00000000e3000000| PB 0x00000000e3000000| Untracked 
|  49|0x00000000e3100000, 0x00000000e3100000, 0x00000000e3200000|  0%| F|  |TAMS 0x00000000e3100000| PB 0x00000000e3100000| Untracked 
|  50|0x00000000e3200000, 0x00000000e3200000, 0x00000000e3300000|  0%| F|  |TAMS 0x00000000e3200000| PB 0x00000000e3200000| Untracked 
|  51|0x00000000e3300000, 0x00000000e3300000, 0x00000000e3400000|  0%| F|  |TAMS 0x00000000e3300000| PB 0x00000000e3300000| Untracked 
|  52|0x00000000e3400000, 0x00000000e3400000, 0x00000000e3500000|  0%| F|  |TAMS 0x00000000e3400000| PB 0x00000000e3400000| Untracked 
|  53|0x00000000e3500000, 0x00000000e3500000, 0x00000000e3600000|  0%| F|  |TAMS 0x00000000e3500000| PB 0x00000000e3500000| Untracked 
|  54|0x00000000e3600000, 0x00000000e3600000, 0x00000000e3700000|  0%| F|  |TAMS 0x00000000e3600000| PB 0x00000000e3600000| Untracked 
|  55|0x00000000e3700000, 0x00000000e3700000, 0x00000000e3800000|  0%| F|  |TAMS 0x00000000e3700000| PB 0x00000000e3700000| Untracked 
|  56|0x00000000e3800000, 0x00000000e3800000, 0x00000000e3900000|  0%| F|  |TAMS 0x00000000e3800000| PB 0x00000000e3800000| Untracked 
|  57|0x00000000e3900000, 0x00000000e3900000, 0x00000000e3a00000|  0%| F|  |TAMS 0x00000000e3900000| PB 0x00000000e3900000| Untracked 
|  58|0x00000000e3a00000, 0x00000000e3a00000, 0x00000000e3b00000|  0%| F|  |TAMS 0x00000000e3a00000| PB 0x00000000e3a00000| Untracked 
|  59|0x00000000e3b00000, 0x00000000e3b00000, 0x00000000e3c00000|  0%| F|  |TAMS 0x00000000e3b00000| PB 0x00000000e3b00000| Untracked 
|  60|0x00000000e3c00000, 0x00000000e3c00000, 0x00000000e3d00000|  0%| F|  |TAMS 0x00000000e3c00000| PB 0x00000000e3c00000| Untracked 
|  61|0x00000000e3d00000, 0x00000000e3d00000, 0x00000000e3e00000|  0%| F|  |TAMS 0x00000000e3d00000| PB 0x00000000e3d00000| Untracked 
|  62|0x00000000e3e00000, 0x00000000e3e00000, 0x00000000e3f00000|  0%| F|  |TAMS 0x00000000e3e00000| PB 0x00000000e3e00000| Untracked 
|  63|0x00000000e3f00000, 0x00000000e3f00000, 0x00000000e4000000|  0%| F|  |TAMS 0x00000000e3f00000| PB 0x00000000e3f00000| Untracked 
|  64|0x00000000e4000000, 0x00000000e4000000, 0x00000000e4100000|  0%| F|  |TAMS 0x00000000e4000000| PB 0x00000000e4000000| Untracked 
|  65|0x00000000e4100000, 0x00000000e4100000, 0x00000000e4200000|  0%| F|  |TAMS 0x00000000e4100000| PB 0x00000000e4100000| Untracked 
|  66|0x00000000e4200000, 0x00000000e4200000, 0x00000000e4300000|  0%| F|  |TAMS 0x00000000e4200000| PB 0x00000000e4200000| Untracked 
|  67|0x00000000e4300000, 0x00000000e4300000, 0x00000000e4400000|  0%| F|  |TAMS 0x00000000e4300000| PB 0x00000000e4300000| Untracked 
|  68|0x00000000e4400000, 0x00000000e4400000, 0x00000000e4500000|  0%| F|  |TAMS 0x00000000e4400000| PB 0x00000000e4400000| Untracked 
|  69|0x00000000e4500000, 0x00000000e4500000, 0x00000000e4600000|  0%| F|  |TAMS 0x00000000e4500000| PB 0x00000000e4500000| Untracked 
|  70|0x00000000e4600000, 0x00000000e4600000, 0x00000000e4700000|  0%| F|  |TAMS 0x00000000e4600000| PB 0x00000000e4600000| Untracked 
|  71|0x00000000e4700000, 0x00000000e4700000, 0x00000000e4800000|  0%| F|  |TAMS 0x00000000e4700000| PB 0x00000000e4700000| Untracked 
|  72|0x00000000e4800000, 0x00000000e4800000, 0x00000000e4900000|  0%| F|  |TAMS 0x00000000e4800000| PB 0x00000000e4800000| Untracked 
|  73|0x00000000e4900000, 0x00000000e4900000, 0x00000000e4a00000|  0%| F|  |TAMS 0x00000000e4900000| PB 0x00000000e4900000| Untracked 
|  74|0x00000000e4a00000, 0x00000000e4a00000, 0x00000000e4b00000|  0%| F|  |TAMS 0x00000000e4a00000| PB 0x00000000e4a00000| Untracked 
|  75|0x00000000e4b00000, 0x00000000e4b00000, 0x00000000e4c00000|  0%| F|  |TAMS 0x00000000e4b00000| PB 0x00000000e4b00000| Untracked 
|  76|0x00000000e4c00000, 0x00000000e4c00000, 0x00000000e4d00000|  0%| F|  |TAMS 0x00000000e4c00000| PB 0x00000000e4c00000| Untracked 
|  77|0x00000000e4d00000, 0x00000000e4d00000, 0x00000000e4e00000|  0%| F|  |TAMS 0x00000000e4d00000| PB 0x00000000e4d00000| Untracked 
|  78|0x00000000e4e00000, 0x00000000e4e00000, 0x00000000e4f00000|  0%| F|  |TAMS 0x00000000e4e00000| PB 0x00000000e4e00000| Untracked 
|  79|0x00000000e4f00000, 0x00000000e4f00000, 0x00000000e5000000|  0%| F|  |TAMS 0x00000000e4f00000| PB 0x00000000e4f00000| Untracked 
|  80|0x00000000e5000000, 0x00000000e5000000, 0x00000000e5100000|  0%| F|  |TAMS 0x00000000e5000000| PB 0x00000000e5000000| Untracked 
|  81|0x00000000e5100000, 0x00000000e5100000, 0x00000000e5200000|  0%| F|  |TAMS 0x00000000e5100000| PB 0x00000000e5100000| Untracked 
|  82|0x00000000e5200000, 0x00000000e5200000, 0x00000000e5300000|  0%| F|  |TAMS 0x00000000e5200000| PB 0x00000000e5200000| Untracked 
|  83|0x00000000e5300000, 0x00000000e5300000, 0x00000000e5400000|  0%| F|  |TAMS 0x00000000e5300000| PB 0x00000000e5300000| Untracked 
|  84|0x00000000e5400000, 0x00000000e5400000, 0x00000000e5500000|  0%| F|  |TAMS 0x00000000e5400000| PB 0x00000000e5400000| Untracked 
|  85|0x00000000e5500000, 0x00000000e5500000, 0x00000000e5600000|  0%| F|  |TAMS 0x00000000e5500000| PB 0x00000000e5500000| Untracked 
|  86|0x00000000e5600000, 0x00000000e5600000, 0x00000000e5700000|  0%| F|  |TAMS 0x00000000e5600000| PB 0x00000000e5600000| Untracked 
|  87|0x00000000e5700000, 0x00000000e5700000, 0x00000000e5800000|  0%| F|  |TAMS 0x00000000e5700000| PB 0x00000000e5700000| Untracked 
|  88|0x00000000e5800000, 0x00000000e5800000, 0x00000000e5900000|  0%| F|  |TAMS 0x00000000e5800000| PB 0x00000000e5800000| Untracked 
|  89|0x00000000e5900000, 0x00000000e5900000, 0x00000000e5a00000|  0%| F|  |TAMS 0x00000000e5900000| PB 0x00000000e5900000| Untracked 
|  90|0x00000000e5a00000, 0x00000000e5a00000, 0x00000000e5b00000|  0%| F|  |TAMS 0x00000000e5a00000| PB 0x00000000e5a00000| Untracked 
|  91|0x00000000e5b00000, 0x00000000e5b00000, 0x00000000e5c00000|  0%| F|  |TAMS 0x00000000e5b00000| PB 0x00000000e5b00000| Untracked 
|  92|0x00000000e5c00000, 0x00000000e5c00000, 0x00000000e5d00000|  0%| F|  |TAMS 0x00000000e5c00000| PB 0x00000000e5c00000| Untracked 
|  93|0x00000000e5d00000, 0x00000000e5d00000, 0x00000000e5e00000|  0%| F|  |TAMS 0x00000000e5d00000| PB 0x00000000e5d00000| Untracked 
|  94|0x00000000e5e00000, 0x00000000e5e00000, 0x00000000e5f00000|  0%| F|  |TAMS 0x00000000e5e00000| PB 0x00000000e5e00000| Untracked 
|  95|0x00000000e5f00000, 0x00000000e5f00000, 0x00000000e6000000|  0%| F|  |TAMS 0x00000000e5f00000| PB 0x00000000e5f00000| Untracked 
|  96|0x00000000e6000000, 0x00000000e6000000, 0x00000000e6100000|  0%| F|  |TAMS 0x00000000e6000000| PB 0x00000000e6000000| Untracked 
|  97|0x00000000e6100000, 0x00000000e6100000, 0x00000000e6200000|  0%| F|  |TAMS 0x00000000e6100000| PB 0x00000000e6100000| Untracked 
|  98|0x00000000e6200000, 0x00000000e6200000, 0x00000000e6300000|  0%| F|  |TAMS 0x00000000e6200000| PB 0x00000000e6200000| Untracked 
|  99|0x00000000e6300000, 0x00000000e6300000, 0x00000000e6400000|  0%| F|  |TAMS 0x00000000e6300000| PB 0x00000000e6300000| Untracked 
| 100|0x00000000e6400000, 0x00000000e6400000, 0x00000000e6500000|  0%| F|  |TAMS 0x00000000e6400000| PB 0x00000000e6400000| Untracked 
| 101|0x00000000e6500000, 0x00000000e6500000, 0x00000000e6600000|  0%| F|  |TAMS 0x00000000e6500000| PB 0x00000000e6500000| Untracked 
| 102|0x00000000e6600000, 0x00000000e6600000, 0x00000000e6700000|  0%| F|  |TAMS 0x00000000e6600000| PB 0x00000000e6600000| Untracked 
| 103|0x00000000e6700000, 0x00000000e6700000, 0x00000000e6800000|  0%| F|  |TAMS 0x00000000e6700000| PB 0x00000000e6700000| Untracked 
| 104|0x00000000e6800000, 0x00000000e6800000, 0x00000000e6900000|  0%| F|  |TAMS 0x00000000e6800000| PB 0x00000000e6800000| Untracked 
| 105|0x00000000e6900000, 0x00000000e6900000, 0x00000000e6a00000|  0%| F|  |TAMS 0x00000000e6900000| PB 0x00000000e6900000| Untracked 
| 106|0x00000000e6a00000, 0x00000000e6a00000, 0x00000000e6b00000|  0%| F|  |TAMS 0x00000000e6a00000| PB 0x00000000e6a00000| Untracked 
| 107|0x00000000e6b00000, 0x00000000e6b00000, 0x00000000e6c00000|  0%| F|  |TAMS 0x00000000e6b00000| PB 0x00000000e6b00000| Untracked 
| 108|0x00000000e6c00000, 0x00000000e6c00000, 0x00000000e6d00000|  0%| F|  |TAMS 0x00000000e6c00000| PB 0x00000000e6c00000| Untracked 
| 109|0x00000000e6d00000, 0x00000000e6d00000, 0x00000000e6e00000|  0%| F|  |TAMS 0x00000000e6d00000| PB 0x00000000e6d00000| Untracked 
| 110|0x00000000e6e00000, 0x00000000e6e00000, 0x00000000e6f00000|  0%| F|  |TAMS 0x00000000e6e00000| PB 0x00000000e6e00000| Untracked 
| 111|0x00000000e6f00000, 0x00000000e6f00000, 0x00000000e7000000|  0%| F|  |TAMS 0x00000000e6f00000| PB 0x00000000e6f00000| Untracked 
| 112|0x00000000e7000000, 0x00000000e7000000, 0x00000000e7100000|  0%| F|  |TAMS 0x00000000e7000000| PB 0x00000000e7000000| Untracked 
| 113|0x00000000e7100000, 0x00000000e7100000, 0x00000000e7200000|  0%| F|  |TAMS 0x00000000e7100000| PB 0x00000000e7100000| Untracked 
| 114|0x00000000e7200000, 0x00000000e7200000, 0x00000000e7300000|  0%| F|  |TAMS 0x00000000e7200000| PB 0x00000000e7200000| Untracked 
| 115|0x00000000e7300000, 0x00000000e7300000, 0x00000000e7400000|  0%| F|  |TAMS 0x00000000e7300000| PB 0x00000000e7300000| Untracked 
| 116|0x00000000e7400000, 0x00000000e7400000, 0x00000000e7500000|  0%| F|  |TAMS 0x00000000e7400000| PB 0x00000000e7400000| Untracked 
| 117|0x00000000e7500000, 0x00000000e7500000, 0x00000000e7600000|  0%| F|  |TAMS 0x00000000e7500000| PB 0x00000000e7500000| Untracked 
| 118|0x00000000e7600000, 0x00000000e7600000, 0x00000000e7700000|  0%| F|  |TAMS 0x00000000e7600000| PB 0x00000000e7600000| Untracked 
| 119|0x00000000e7700000, 0x00000000e7700000, 0x00000000e7800000|  0%| F|  |TAMS 0x00000000e7700000| PB 0x00000000e7700000| Untracked 
| 120|0x00000000e7800000, 0x00000000e7800000, 0x00000000e7900000|  0%| F|  |TAMS 0x00000000e7800000| PB 0x00000000e7800000| Untracked 
| 121|0x00000000e7900000, 0x00000000e7900000, 0x00000000e7a00000|  0%| F|  |TAMS 0x00000000e7900000| PB 0x00000000e7900000| Untracked 
| 122|0x00000000e7a00000, 0x00000000e7a00000, 0x00000000e7b00000|  0%| F|  |TAMS 0x00000000e7a00000| PB 0x00000000e7a00000| Untracked 
| 123|0x00000000e7b00000, 0x00000000e7b00000, 0x00000000e7c00000|  0%| F|  |TAMS 0x00000000e7b00000| PB 0x00000000e7b00000| Untracked 
| 124|0x00000000e7c00000, 0x00000000e7c00000, 0x00000000e7d00000|  0%| F|  |TAMS 0x00000000e7c00000| PB 0x00000000e7c00000| Untracked 
| 125|0x00000000e7d00000, 0x00000000e7d00000, 0x00000000e7e00000|  0%| F|  |TAMS 0x00000000e7d00000| PB 0x00000000e7d00000| Untracked 
| 126|0x00000000e7e00000, 0x00000000e7e00000, 0x00000000e7f00000|  0%| F|  |TAMS 0x00000000e7e00000| PB 0x00000000e7e00000| Untracked 
| 127|0x00000000e7f00000, 0x00000000e7f00000, 0x00000000e8000000|  0%| F|  |TAMS 0x00000000e7f00000| PB 0x00000000e7f00000| Untracked 
| 128|0x00000000e8000000, 0x00000000e8100000, 0x00000000e8100000|100%| S|CS|TAMS 0x00000000e8000000| PB 0x00000000e8000000| Complete 
| 129|0x00000000e8100000, 0x00000000e8200000, 0x00000000e8200000|100%| S|CS|TAMS 0x00000000e8100000| PB 0x00000000e8100000| Complete 
| 130|0x00000000e8200000, 0x00000000e8300000, 0x00000000e8300000|100%| S|CS|TAMS 0x00000000e8200000| PB 0x00000000e8200000| Complete 
| 131|0x00000000e8300000, 0x00000000e8400000, 0x00000000e8400000|100%| S|CS|TAMS 0x00000000e8300000| PB 0x00000000e8300000| Complete 
| 132|0x00000000e8400000, 0x00000000e8500000, 0x00000000e8500000|100%| S|CS|TAMS 0x00000000e8400000| PB 0x00000000e8400000| Complete 
| 133|0x00000000e8500000, 0x00000000e8600000, 0x00000000e8600000|100%| S|CS|TAMS 0x00000000e8500000| PB 0x00000000e8500000| Complete 
| 134|0x00000000e8600000, 0x00000000e8700000, 0x00000000e8700000|100%| S|CS|TAMS 0x00000000e8600000| PB 0x00000000e8600000| Complete 
| 135|0x00000000e8700000, 0x00000000e8800000, 0x00000000e8800000|100%| S|CS|TAMS 0x00000000e8700000| PB 0x00000000e8700000| Complete 
| 136|0x00000000e8800000, 0x00000000e8900000, 0x00000000e8900000|100%| S|CS|TAMS 0x00000000e8800000| PB 0x00000000e8800000| Complete 
| 137|0x00000000e8900000, 0x00000000e8a00000, 0x00000000e8a00000|100%| S|CS|TAMS 0x00000000e8900000| PB 0x00000000e8900000| Complete 
| 138|0x00000000e8a00000, 0x00000000e8b00000, 0x00000000e8b00000|100%| S|CS|TAMS 0x00000000e8a00000| PB 0x00000000e8a00000| Complete 
| 139|0x00000000e8b00000, 0x00000000e8c00000, 0x00000000e8c00000|100%| S|CS|TAMS 0x00000000e8b00000| PB 0x00000000e8b00000| Complete 
| 140|0x00000000e8c00000, 0x00000000e8d00000, 0x00000000e8d00000|100%| S|CS|TAMS 0x00000000e8c00000| PB 0x00000000e8c00000| Complete 
| 141|0x00000000e8d00000, 0x00000000e8e00000, 0x00000000e8e00000|100%| S|CS|TAMS 0x00000000e8d00000| PB 0x00000000e8d00000| Complete 
| 142|0x00000000e8e00000, 0x00000000e8f00000, 0x00000000e8f00000|100%| S|CS|TAMS 0x00000000e8e00000| PB 0x00000000e8e00000| Complete 
| 143|0x00000000e8f00000, 0x00000000e8f00000, 0x00000000e9000000|  0%| F|  |TAMS 0x00000000e8f00000| PB 0x00000000e8f00000| Untracked 
| 144|0x00000000e9000000, 0x00000000e9000000, 0x00000000e9100000|  0%| F|  |TAMS 0x00000000e9000000| PB 0x00000000e9000000| Untracked 
| 145|0x00000000e9100000, 0x00000000e9100000, 0x00000000e9200000|  0%| F|  |TAMS 0x00000000e9100000| PB 0x00000000e9100000| Untracked 
| 146|0x00000000e9200000, 0x00000000e9200000, 0x00000000e9300000|  0%| F|  |TAMS 0x00000000e9200000| PB 0x00000000e9200000| Untracked 
| 147|0x00000000e9300000, 0x00000000e9300000, 0x00000000e9400000|  0%| F|  |TAMS 0x00000000e9300000| PB 0x00000000e9300000| Untracked 
| 148|0x00000000e9400000, 0x00000000e9400000, 0x00000000e9500000|  0%| F|  |TAMS 0x00000000e9400000| PB 0x00000000e9400000| Untracked 
| 149|0x00000000e9500000, 0x00000000e9500000, 0x00000000e9600000|  0%| F|  |TAMS 0x00000000e9500000| PB 0x00000000e9500000| Untracked 
| 150|0x00000000e9600000, 0x00000000e9600000, 0x00000000e9700000|  0%| F|  |TAMS 0x00000000e9600000| PB 0x00000000e9600000| Untracked 
| 151|0x00000000e9700000, 0x00000000e9700000, 0x00000000e9800000|  0%| F|  |TAMS 0x00000000e9700000| PB 0x00000000e9700000| Untracked 
| 152|0x00000000e9800000, 0x00000000e9800000, 0x00000000e9900000|  0%| F|  |TAMS 0x00000000e9800000| PB 0x00000000e9800000| Untracked 
| 153|0x00000000e9900000, 0x00000000e9900000, 0x00000000e9a00000|  0%| F|  |TAMS 0x00000000e9900000| PB 0x00000000e9900000| Untracked 
| 154|0x00000000e9a00000, 0x00000000e9a00000, 0x00000000e9b00000|  0%| F|  |TAMS 0x00000000e9a00000| PB 0x00000000e9a00000| Untracked 
| 155|0x00000000e9b00000, 0x00000000e9b00000, 0x00000000e9c00000|  0%| F|  |TAMS 0x00000000e9b00000| PB 0x00000000e9b00000| Untracked 
| 156|0x00000000e9c00000, 0x00000000e9c00000, 0x00000000e9d00000|  0%| F|  |TAMS 0x00000000e9c00000| PB 0x00000000e9c00000| Untracked 
| 157|0x00000000e9d00000, 0x00000000e9d00000, 0x00000000e9e00000|  0%| F|  |TAMS 0x00000000e9d00000| PB 0x00000000e9d00000| Untracked 
| 158|0x00000000e9e00000, 0x00000000e9e00000, 0x00000000e9f00000|  0%| F|  |TAMS 0x00000000e9e00000| PB 0x00000000e9e00000| Untracked 
| 159|0x00000000e9f00000, 0x00000000e9f00000, 0x00000000ea000000|  0%| F|  |TAMS 0x00000000e9f00000| PB 0x00000000e9f00000| Untracked 
| 160|0x00000000ea000000, 0x00000000ea000000, 0x00000000ea100000|  0%| F|  |TAMS 0x00000000ea000000| PB 0x00000000ea000000| Untracked 
| 161|0x00000000ea100000, 0x00000000ea100000, 0x00000000ea200000|  0%| F|  |TAMS 0x00000000ea100000| PB 0x00000000ea100000| Untracked 
| 162|0x00000000ea200000, 0x00000000ea200000, 0x00000000ea300000|  0%| F|  |TAMS 0x00000000ea200000| PB 0x00000000ea200000| Untracked 
| 163|0x00000000ea300000, 0x00000000ea300000, 0x00000000ea400000|  0%| F|  |TAMS 0x00000000ea300000| PB 0x00000000ea300000| Untracked 
| 164|0x00000000ea400000, 0x00000000ea400000, 0x00000000ea500000|  0%| F|  |TAMS 0x00000000ea400000| PB 0x00000000ea400000| Untracked 
| 165|0x00000000ea500000, 0x00000000ea500000, 0x00000000ea600000|  0%| F|  |TAMS 0x00000000ea500000| PB 0x00000000ea500000| Untracked 
| 166|0x00000000ea600000, 0x00000000ea600000, 0x00000000ea700000|  0%| F|  |TAMS 0x00000000ea600000| PB 0x00000000ea600000| Untracked 
| 167|0x00000000ea700000, 0x00000000ea700000, 0x00000000ea800000|  0%| F|  |TAMS 0x00000000ea700000| PB 0x00000000ea700000| Untracked 
| 168|0x00000000ea800000, 0x00000000ea800000, 0x00000000ea900000|  0%| F|  |TAMS 0x00000000ea800000| PB 0x00000000ea800000| Untracked 
| 169|0x00000000ea900000, 0x00000000ea900000, 0x00000000eaa00000|  0%| F|  |TAMS 0x00000000ea900000| PB 0x00000000ea900000| Untracked 
| 170|0x00000000eaa00000, 0x00000000eaa00000, 0x00000000eab00000|  0%| F|  |TAMS 0x00000000eaa00000| PB 0x00000000eaa00000| Untracked 
| 171|0x00000000eab00000, 0x00000000eab00000, 0x00000000eac00000|  0%| F|  |TAMS 0x00000000eab00000| PB 0x00000000eab00000| Untracked 
| 172|0x00000000eac00000, 0x00000000eac00000, 0x00000000ead00000|  0%| F|  |TAMS 0x00000000eac00000| PB 0x00000000eac00000| Untracked 
| 173|0x00000000ead00000, 0x00000000ead00000, 0x00000000eae00000|  0%| F|  |TAMS 0x00000000ead00000| PB 0x00000000ead00000| Untracked 
| 174|0x00000000eae00000, 0x00000000eae00000, 0x00000000eaf00000|  0%| F|  |TAMS 0x00000000eae00000| PB 0x00000000eae00000| Untracked 
| 175|0x00000000eaf00000, 0x00000000eaf00000, 0x00000000eb000000|  0%| F|  |TAMS 0x00000000eaf00000| PB 0x00000000eaf00000| Untracked 
| 176|0x00000000eb000000, 0x00000000eb000000, 0x00000000eb100000|  0%| F|  |TAMS 0x00000000eb000000| PB 0x00000000eb000000| Untracked 
| 177|0x00000000eb100000, 0x00000000eb100000, 0x00000000eb200000|  0%| F|  |TAMS 0x00000000eb100000| PB 0x00000000eb100000| Untracked 
| 178|0x00000000eb200000, 0x00000000eb200000, 0x00000000eb300000|  0%| F|  |TAMS 0x00000000eb200000| PB 0x00000000eb200000| Untracked 
| 179|0x00000000eb300000, 0x00000000eb300000, 0x00000000eb400000|  0%| F|  |TAMS 0x00000000eb300000| PB 0x00000000eb300000| Untracked 
| 180|0x00000000eb400000, 0x00000000eb400000, 0x00000000eb500000|  0%| F|  |TAMS 0x00000000eb400000| PB 0x00000000eb400000| Untracked 
| 181|0x00000000eb500000, 0x00000000eb500000, 0x00000000eb600000|  0%| F|  |TAMS 0x00000000eb500000| PB 0x00000000eb500000| Untracked 
| 182|0x00000000eb600000, 0x00000000eb600000, 0x00000000eb700000|  0%| F|  |TAMS 0x00000000eb600000| PB 0x00000000eb600000| Untracked 
| 183|0x00000000eb700000, 0x00000000eb700000, 0x00000000eb800000|  0%| F|  |TAMS 0x00000000eb700000| PB 0x00000000eb700000| Untracked 
| 184|0x00000000eb800000, 0x00000000eb800000, 0x00000000eb900000|  0%| F|  |TAMS 0x00000000eb800000| PB 0x00000000eb800000| Untracked 
| 185|0x00000000eb900000, 0x00000000eb900000, 0x00000000eba00000|  0%| F|  |TAMS 0x00000000eb900000| PB 0x00000000eb900000| Untracked 
| 186|0x00000000eba00000, 0x00000000eba00000, 0x00000000ebb00000|  0%| F|  |TAMS 0x00000000eba00000| PB 0x00000000eba00000| Untracked 
| 187|0x00000000ebb00000, 0x00000000ebb00000, 0x00000000ebc00000|  0%| F|  |TAMS 0x00000000ebb00000| PB 0x00000000ebb00000| Untracked 
| 188|0x00000000ebc00000, 0x00000000ebc00000, 0x00000000ebd00000|  0%| F|  |TAMS 0x00000000ebc00000| PB 0x00000000ebc00000| Untracked 
| 189|0x00000000ebd00000, 0x00000000ebd00000, 0x00000000ebe00000|  0%| F|  |TAMS 0x00000000ebd00000| PB 0x00000000ebd00000| Untracked 
| 190|0x00000000ebe00000, 0x00000000ebe00000, 0x00000000ebf00000|  0%| F|  |TAMS 0x00000000ebe00000| PB 0x00000000ebe00000| Untracked 
| 191|0x00000000ebf00000, 0x00000000ebf00000, 0x00000000ec000000|  0%| F|  |TAMS 0x00000000ebf00000| PB 0x00000000ebf00000| Untracked 
| 192|0x00000000ec000000, 0x00000000ec000000, 0x00000000ec100000|  0%| F|  |TAMS 0x00000000ec000000| PB 0x00000000ec000000| Untracked 
| 193|0x00000000ec100000, 0x00000000ec100000, 0x00000000ec200000|  0%| F|  |TAMS 0x00000000ec100000| PB 0x00000000ec100000| Untracked 
| 194|0x00000000ec200000, 0x00000000ec200000, 0x00000000ec300000|  0%| F|  |TAMS 0x00000000ec200000| PB 0x00000000ec200000| Untracked 
| 195|0x00000000ec300000, 0x00000000ec300000, 0x00000000ec400000|  0%| F|  |TAMS 0x00000000ec300000| PB 0x00000000ec300000| Untracked 
| 196|0x00000000ec400000, 0x00000000ec400000, 0x00000000ec500000|  0%| F|  |TAMS 0x00000000ec400000| PB 0x00000000ec400000| Untracked 
| 197|0x00000000ec500000, 0x00000000ec500000, 0x00000000ec600000|  0%| F|  |TAMS 0x00000000ec500000| PB 0x00000000ec500000| Untracked 
| 198|0x00000000ec600000, 0x00000000ec600000, 0x00000000ec700000|  0%| F|  |TAMS 0x00000000ec600000| PB 0x00000000ec600000| Untracked 
| 199|0x00000000ec700000, 0x00000000ec700000, 0x00000000ec800000|  0%| F|  |TAMS 0x00000000ec700000| PB 0x00000000ec700000| Untracked 
| 200|0x00000000ec800000, 0x00000000ec800000, 0x00000000ec900000|  0%| F|  |TAMS 0x00000000ec800000| PB 0x00000000ec800000| Untracked 
| 201|0x00000000ec900000, 0x00000000ec900000, 0x00000000eca00000|  0%| F|  |TAMS 0x00000000ec900000| PB 0x00000000ec900000| Untracked 
| 202|0x00000000eca00000, 0x00000000eca00000, 0x00000000ecb00000|  0%| F|  |TAMS 0x00000000eca00000| PB 0x00000000eca00000| Untracked 
| 203|0x00000000ecb00000, 0x00000000ecb00000, 0x00000000ecc00000|  0%| F|  |TAMS 0x00000000ecb00000| PB 0x00000000ecb00000| Untracked 
| 204|0x00000000ecc00000, 0x00000000ecc00000, 0x00000000ecd00000|  0%| F|  |TAMS 0x00000000ecc00000| PB 0x00000000ecc00000| Untracked 
| 205|0x00000000ecd00000, 0x00000000ecd00000, 0x00000000ece00000|  0%| F|  |TAMS 0x00000000ecd00000| PB 0x00000000ecd00000| Untracked 
| 206|0x00000000ece00000, 0x00000000ece00000, 0x00000000ecf00000|  0%| F|  |TAMS 0x00000000ece00000| PB 0x00000000ece00000| Untracked 
| 207|0x00000000ecf00000, 0x00000000ecf00000, 0x00000000ed000000|  0%| F|  |TAMS 0x00000000ecf00000| PB 0x00000000ecf00000| Untracked 
| 208|0x00000000ed000000, 0x00000000ed000000, 0x00000000ed100000|  0%| F|  |TAMS 0x00000000ed000000| PB 0x00000000ed000000| Untracked 
| 209|0x00000000ed100000, 0x00000000ed100000, 0x00000000ed200000|  0%| F|  |TAMS 0x00000000ed100000| PB 0x00000000ed100000| Untracked 
| 210|0x00000000ed200000, 0x00000000ed200000, 0x00000000ed300000|  0%| F|  |TAMS 0x00000000ed200000| PB 0x00000000ed200000| Untracked 
| 211|0x00000000ed300000, 0x00000000ed300000, 0x00000000ed400000|  0%| F|  |TAMS 0x00000000ed300000| PB 0x00000000ed300000| Untracked 
| 212|0x00000000ed400000, 0x00000000ed400000, 0x00000000ed500000|  0%| F|  |TAMS 0x00000000ed400000| PB 0x00000000ed400000| Untracked 
| 213|0x00000000ed500000, 0x00000000ed500000, 0x00000000ed600000|  0%| F|  |TAMS 0x00000000ed500000| PB 0x00000000ed500000| Untracked 
| 214|0x00000000ed600000, 0x00000000ed600000, 0x00000000ed700000|  0%| F|  |TAMS 0x00000000ed600000| PB 0x00000000ed600000| Untracked 
| 215|0x00000000ed700000, 0x00000000ed700000, 0x00000000ed800000|  0%| F|  |TAMS 0x00000000ed700000| PB 0x00000000ed700000| Untracked 
| 216|0x00000000ed800000, 0x00000000ed800000, 0x00000000ed900000|  0%| F|  |TAMS 0x00000000ed800000| PB 0x00000000ed800000| Untracked 
| 217|0x00000000ed900000, 0x00000000ed900000, 0x00000000eda00000|  0%| F|  |TAMS 0x00000000ed900000| PB 0x00000000ed900000| Untracked 
| 218|0x00000000eda00000, 0x00000000eda00000, 0x00000000edb00000|  0%| F|  |TAMS 0x00000000eda00000| PB 0x00000000eda00000| Untracked 
| 219|0x00000000edb00000, 0x00000000edb00000, 0x00000000edc00000|  0%| F|  |TAMS 0x00000000edb00000| PB 0x00000000edb00000| Untracked 
| 220|0x00000000edc00000, 0x00000000edc00000, 0x00000000edd00000|  0%| F|  |TAMS 0x00000000edc00000| PB 0x00000000edc00000| Untracked 
| 221|0x00000000edd00000, 0x00000000edd00000, 0x00000000ede00000|  0%| F|  |TAMS 0x00000000edd00000| PB 0x00000000edd00000| Untracked 
| 222|0x00000000ede00000, 0x00000000ede00000, 0x00000000edf00000|  0%| F|  |TAMS 0x00000000ede00000| PB 0x00000000ede00000| Untracked 
| 223|0x00000000edf00000, 0x00000000edf00000, 0x00000000ee000000|  0%| F|  |TAMS 0x00000000edf00000| PB 0x00000000edf00000| Untracked 
| 224|0x00000000ee000000, 0x00000000ee000000, 0x00000000ee100000|  0%| F|  |TAMS 0x00000000ee000000| PB 0x00000000ee000000| Untracked 
| 225|0x00000000ee100000, 0x00000000ee100000, 0x00000000ee200000|  0%| F|  |TAMS 0x00000000ee100000| PB 0x00000000ee100000| Untracked 
| 226|0x00000000ee200000, 0x00000000ee280800, 0x00000000ee300000| 50%| E|  |TAMS 0x00000000ee200000| PB 0x00000000ee200000| Complete 
| 227|0x00000000ee300000, 0x00000000ee400000, 0x00000000ee400000|100%| E|CS|TAMS 0x00000000ee300000| PB 0x00000000ee300000| Complete 
| 228|0x00000000ee400000, 0x00000000ee500000, 0x00000000ee500000|100%| E|CS|TAMS 0x00000000ee400000| PB 0x00000000ee400000| Complete 
| 229|0x00000000ee500000, 0x00000000ee600000, 0x00000000ee600000|100%| E|CS|TAMS 0x00000000ee500000| PB 0x00000000ee500000| Complete 
| 230|0x00000000ee600000, 0x00000000ee700000, 0x00000000ee700000|100%| E|CS|TAMS 0x00000000ee600000| PB 0x00000000ee600000| Complete 
| 231|0x00000000ee700000, 0x00000000ee800000, 0x00000000ee800000|100%| E|CS|TAMS 0x00000000ee700000| PB 0x00000000ee700000| Complete 
| 232|0x00000000ee800000, 0x00000000ee900000, 0x00000000ee900000|100%| E|CS|TAMS 0x00000000ee800000| PB 0x00000000ee800000| Complete 
| 233|0x00000000ee900000, 0x00000000eea00000, 0x00000000eea00000|100%| E|CS|TAMS 0x00000000ee900000| PB 0x00000000ee900000| Complete 
| 234|0x00000000eea00000, 0x00000000eeb00000, 0x00000000eeb00000|100%| E|CS|TAMS 0x00000000eea00000| PB 0x00000000eea00000| Complete 
| 235|0x00000000eeb00000, 0x00000000eec00000, 0x00000000eec00000|100%| E|CS|TAMS 0x00000000eeb00000| PB 0x00000000eeb00000| Complete 
| 236|0x00000000eec00000, 0x00000000eed00000, 0x00000000eed00000|100%| E|CS|TAMS 0x00000000eec00000| PB 0x00000000eec00000| Complete 
| 237|0x00000000eed00000, 0x00000000eee00000, 0x00000000eee00000|100%| E|CS|TAMS 0x00000000eed00000| PB 0x00000000eed00000| Complete 
| 238|0x00000000eee00000, 0x00000000eef00000, 0x00000000eef00000|100%| E|CS|TAMS 0x00000000eee00000| PB 0x00000000eee00000| Complete 
| 239|0x00000000eef00000, 0x00000000ef000000, 0x00000000ef000000|100%| E|CS|TAMS 0x00000000eef00000| PB 0x00000000eef00000| Complete 
| 240|0x00000000ef000000, 0x00000000ef100000, 0x00000000ef100000|100%| E|CS|TAMS 0x00000000ef000000| PB 0x00000000ef000000| Complete 
| 241|0x00000000ef100000, 0x00000000ef200000, 0x00000000ef200000|100%| E|CS|TAMS 0x00000000ef100000| PB 0x00000000ef100000| Complete 
| 242|0x00000000ef200000, 0x00000000ef300000, 0x00000000ef300000|100%| E|CS|TAMS 0x00000000ef200000| PB 0x00000000ef200000| Complete 
| 243|0x00000000ef300000, 0x00000000ef400000, 0x00000000ef400000|100%| E|CS|TAMS 0x00000000ef300000| PB 0x00000000ef300000| Complete 
| 244|0x00000000ef400000, 0x00000000ef500000, 0x00000000ef500000|100%| E|CS|TAMS 0x00000000ef400000| PB 0x00000000ef400000| Complete 
| 245|0x00000000ef500000, 0x00000000ef600000, 0x00000000ef600000|100%| E|CS|TAMS 0x00000000ef500000| PB 0x00000000ef500000| Complete 
| 246|0x00000000ef600000, 0x00000000ef700000, 0x00000000ef700000|100%| E|CS|TAMS 0x00000000ef600000| PB 0x00000000ef600000| Complete 
| 247|0x00000000ef700000, 0x00000000ef800000, 0x00000000ef800000|100%| E|CS|TAMS 0x00000000ef700000| PB 0x00000000ef700000| Complete 
| 248|0x00000000ef800000, 0x00000000ef900000, 0x00000000ef900000|100%| E|CS|TAMS 0x00000000ef800000| PB 0x00000000ef800000| Complete 
| 249|0x00000000ef900000, 0x00000000efa00000, 0x00000000efa00000|100%| E|CS|TAMS 0x00000000ef900000| PB 0x00000000ef900000| Complete 
| 250|0x00000000efa00000, 0x00000000efb00000, 0x00000000efb00000|100%| E|CS|TAMS 0x00000000efa00000| PB 0x00000000efa00000| Complete 
| 251|0x00000000efb00000, 0x00000000efc00000, 0x00000000efc00000|100%| E|CS|TAMS 0x00000000efb00000| PB 0x00000000efb00000| Complete 
| 252|0x00000000efc00000, 0x00000000efd00000, 0x00000000efd00000|100%| E|CS|TAMS 0x00000000efc00000| PB 0x00000000efc00000| Complete 
| 253|0x00000000efd00000, 0x00000000efe00000, 0x00000000efe00000|100%| E|CS|TAMS 0x00000000efd00000| PB 0x00000000efd00000| Complete 
| 254|0x00000000efe00000, 0x00000000eff00000, 0x00000000eff00000|100%| E|CS|TAMS 0x00000000efe00000| PB 0x00000000efe00000| Complete 
| 255|0x00000000eff00000, 0x00000000f0000000, 0x00000000f0000000|100%| E|CS|TAMS 0x00000000eff00000| PB 0x00000000eff00000| Complete 

Card table byte_map: [0x00000273a8080000,0x00000273a8180000] _byte_map_base: 0x00000273a7980000

Marking Bits: (CMBitMap*) 0x0000027390c39400
 Bits: [0x00000273a8180000, 0x00000273a8980000)

Polling page: 0x000002738eb70000

Metaspace:

Usage:
  Non-class:     31.96 MB used.
      Class:      5.41 MB used.
       Both:     37.37 MB used.

Virtual space:
  Non-class space:       64.00 MB reserved,      32.62 MB ( 51%) committed,  1 nodes.
      Class space:      320.00 MB reserved,       6.06 MB (  2%) committed,  1 nodes.
             Both:      384.00 MB reserved,      38.69 MB ( 10%) committed. 

Chunk freelists:
   Non-Class:  14.70 MB
       Class:  9.78 MB
        Both:  24.48 MB

MaxMetaspaceSize: 384.00 MB
CompressedClassSpaceSize: 320.00 MB
Initial GC threshold: 21.00 MB
Current GC threshold: 58.88 MB
CDS: on
 - commit_granule_bytes: 65536.
 - commit_granule_words: 8192.
 - virtual_space_node_default_size: 8388608.
 - enlarge_chunks_in_place: 1.
 - use_allocation_guard: 0.


Internal statistics:

num_allocs_failed_limit: 6.
num_arena_births: 2262.
num_arena_deaths: 0.
num_vsnodes_births: 2.
num_vsnodes_deaths: 0.
num_space_committed: 619.
num_space_uncommitted: 0.
num_chunks_returned_to_freelist: 6.
num_chunks_taken_from_freelist: 3984.
num_chunk_merges: 6.
num_chunk_splits: 2564.
num_chunks_enlarged: 1562.
num_inconsistent_stats: 0.

CodeHeap 'non-profiled nmethods': size=120000Kb used=1989Kb max_used=2106Kb free=118010Kb
 bounds [0x00000273a0b50000, 0x00000273a0dc0000, 0x00000273a8080000]
CodeHeap 'profiled nmethods': size=120000Kb used=8024Kb max_used=8419Kb free=111975Kb
 bounds [0x0000027399080000, 0x00000273998c0000, 0x00000273a05b0000]
CodeHeap 'non-nmethods': size=5760Kb used=1918Kb max_used=1942Kb free=3842Kb
 bounds [0x00000273a05b0000, 0x00000273a0820000, 0x00000273a0b50000]
 total_blobs=4721 nmethods=4033 adapters=592
 compilation: enabled
              stopped_count=0, restarted_count=0
 full_count=0

Compilation events (20 events):
Event: 27.797 Thread 0x00000273aaf8a2a0 nmethod 4427 0x00000273a0c23d90 code [0x00000273a0c23f60, 0x00000273a0c24410]
Event: 27.797 Thread 0x00000273aaf8a2a0 4428       4       java.lang.AbstractStringBuilder::appendChars (207 bytes)
Event: 27.800 Thread 0x00000273aaf8a2a0 nmethod 4428 0x00000273a0b78d90 code [0x00000273a0b78f20, 0x00000273a0b79110]
Event: 27.805 Thread 0x00000273aaf8a2a0 4434       4       java.net.URLClassLoader$1::run (5 bytes)
Event: 27.826 Thread 0x00000273aafa5780 4437       1       org.gradle.internal.operations.BuildOperationDescriptor::getId (5 bytes)
Event: 27.826 Thread 0x00000273aafa5780 nmethod 4437 0x00000273a0c23a90 code [0x00000273a0c23c20, 0x00000273a0c23ce8]
Event: 27.856 Thread 0x00000273aafa5780 4438       3       java.util.jar.Attributes::<init> (7 bytes)
Event: 27.856 Thread 0x00000273aafa5780 nmethod 4438 0x00000273993a6410 code [0x00000273993a65c0, 0x00000273993a6818]
Event: 28.045 Thread 0x00000273aafa5780 4440       3       java.util.ArrayDeque::dec (13 bytes)
Event: 28.045 Thread 0x00000273aafa5780 nmethod 4440 0x00000273993bc190 code [0x00000273993bc320, 0x00000273993bc448]
Event: 28.068 Thread 0x00000273aafa5780 4441       3       com.google.common.collect.AbstractMapBasedMultimap$WrappedCollection$WrappedIterator::validateIterator (30 bytes)
Event: 28.069 Thread 0x00000273aafa5780 nmethod 4441 0x000002739914af10 code [0x000002739914b0e0, 0x000002739914b3e0]
Event: 28.069 Thread 0x00000273aafa5780 4442       3       com.google.common.collect.LinkedHashMultimap$ValueSet$1::hasNext (21 bytes)
Event: 28.070 Thread 0x00000273aafa5780 nmethod 4442 0x000002739914a910 code [0x000002739914aae0, 0x000002739914add8]
Event: 28.072 Thread 0x00000273aafa5780 4443       3       org.gradle.internal.logging.slf4j.OutputEventListenerBackedLogger::isDebugEnabled (5 bytes)
Event: 28.073 Thread 0x00000273aafa5780 nmethod 4443 0x000002739914a190 code [0x000002739914a360, 0x000002739914a750]
Event: 28.156 Thread 0x00000273aafa5780 4445       2       org.gradle.internal.reflect.PropertyAccessorType::takesSingleParameter (14 bytes)
Event: 28.156 Thread 0x00000273aafa5780 nmethod 4445 0x0000027399403c90 code [0x0000027399403e20, 0x0000027399403f28]
Event: 28.156 Thread 0x00000273aafa5780 4446       3       org.gradle.internal.reflect.PropertyAccessorType::of (101 bytes)
Event: 28.160 Thread 0x00000273aafa5780 nmethod 4446 0x0000027399364f10 code [0x0000027399365280, 0x0000027399366958]

GC Heap History (10 events):
Event: 1.289 GC heap before
{Heap before GC invocations=0 (full 0):
 garbage-first heap   total 262144K, used 13312K [0x00000000e0000000, 0x0000000100000000)
  region size 1024K, 13 young (13312K), 0 survivors (0K)
 Metaspace       used 1088K, committed 1216K, reserved 393216K
  class space    used 86K, committed 128K, reserved 327680K
}
Event: 1.300 GC heap after
{Heap after GC invocations=1 (full 0):
 garbage-first heap   total 262144K, used 4045K [0x00000000e0000000, 0x0000000100000000)
  region size 1024K, 2 young (2048K), 2 survivors (2048K)
 Metaspace       used 1088K, committed 1216K, reserved 393216K
  class space    used 86K, committed 128K, reserved 327680K
}
Event: 2.874 GC heap before
{Heap before GC invocations=1 (full 0):
 garbage-first heap   total 262144K, used 25549K [0x00000000e0000000, 0x0000000100000000)
  region size 1024K, 20 young (20480K), 2 survivors (2048K)
 Metaspace       used 4100K, committed 4352K, reserved 393216K
  class space    used 502K, committed 640K, reserved 327680K
}
Event: 2.880 GC heap after
{Heap after GC invocations=2 (full 0):
 garbage-first heap   total 262144K, used 10982K [0x00000000e0000000, 0x0000000100000000)
  region size 1024K, 3 young (3072K), 3 survivors (3072K)
 Metaspace       used 4100K, committed 4352K, reserved 393216K
  class space    used 502K, committed 640K, reserved 327680K
}
Event: 3.916 GC heap before
{Heap before GC invocations=2 (full 0):
 garbage-first heap   total 262144K, used 34534K [0x00000000e0000000, 0x0000000100000000)
  region size 1024K, 26 young (26624K), 3 survivors (3072K)
 Metaspace       used 4294K, committed 4480K, reserved 393216K
  class space    used 517K, committed 640K, reserved 327680K
}
Event: 3.925 GC heap after
{Heap after GC invocations=3 (full 0):
 garbage-first heap   total 262144K, used 14987K [0x00000000e0000000, 0x0000000100000000)
  region size 1024K, 4 young (4096K), 4 survivors (4096K)
 Metaspace       used 4294K, committed 4480K, reserved 393216K
  class space    used 517K, committed 640K, reserved 327680K
}
Event: 19.812 GC heap before
{Heap before GC invocations=3 (full 0):
 garbage-first heap   total 262144K, used 108171K [0x00000000e0000000, 0x0000000100000000)
  region size 1024K, 96 young (98304K), 4 survivors (4096K)
 Metaspace       used 20836K, committed 21504K, reserved 393216K
  class space    used 2990K, committed 3328K, reserved 327680K
}
Event: 19.850 GC heap after
{Heap after GC invocations=4 (full 0):
 garbage-first heap   total 262144K, used 23179K [0x00000000e0000000, 0x0000000100000000)
  region size 1024K, 12 young (12288K), 12 survivors (12288K)
 Metaspace       used 20836K, committed 21504K, reserved 393216K
  class space    used 2990K, committed 3328K, reserved 327680K
}
Event: 26.634 GC heap before
{Heap before GC invocations=5 (full 0):
 garbage-first heap   total 262144K, used 124555K [0x00000000e0000000, 0x0000000100000000)
  region size 1024K, 113 young (115712K), 12 survivors (12288K)
 Metaspace       used 34861K, committed 36096K, reserved 393216K
  class space    used 4985K, committed 5632K, reserved 327680K
}
Event: 26.696 GC heap after
{Heap after GC invocations=6 (full 0):
 garbage-first heap   total 262144K, used 31192K [0x00000000e0000000, 0x0000000100000000)
  region size 1024K, 15 young (15360K), 15 survivors (15360K)
 Metaspace       used 34861K, committed 36096K, reserved 393216K
  class space    used 4985K, committed 5632K, reserved 327680K
}

Dll operation events (15 events):
Event: 0.021 Loaded shared library C:\Program Files\Java\jdk-21\bin\java.dll
Event: 0.104 Loaded shared library C:\Program Files\Java\jdk-21\bin\jsvml.dll
Event: 0.253 Loaded shared library C:\Program Files\Java\jdk-21\bin\zip.dll
Event: 0.258 Loaded shared library C:\Program Files\Java\jdk-21\bin\instrument.dll
Event: 0.264 Loaded shared library C:\Program Files\Java\jdk-21\bin\net.dll
Event: 0.268 Loaded shared library C:\Program Files\Java\jdk-21\bin\nio.dll
Event: 0.278 Loaded shared library C:\Program Files\Java\jdk-21\bin\zip.dll
Event: 0.948 Loaded shared library C:\Program Files\Java\jdk-21\bin\jimage.dll
Event: 1.226 Loaded shared library C:\Program Files\Java\jdk-21\bin\verify.dll
Event: 1.875 Loaded shared library C:\Users\jhonn\.gradle\native\c067742578af261105cb4f569cf0c3c89f3d7b1fecec35dd04571415982c5e48\windows-amd64\native-platform.dll
Event: 1.904 Loaded shared library C:\Users\jhonn\.gradle\native\38dada09dfb8b06ba9b0570ebf7e218e3eb74d4ef43ca46872605cf95ebc2f47\windows-amd64\native-platform-file-events.dll
Event: 4.512 Loaded shared library C:\Program Files\Java\jdk-21\bin\management.dll
Event: 4.519 Loaded shared library C:\Program Files\Java\jdk-21\bin\management_ext.dll
Event: 14.127 Loaded shared library C:\Program Files\Java\jdk-21\bin\extnet.dll
Event: 15.154 Loaded shared library C:\Program Files\Java\jdk-21\bin\sunmscapi.dll

Deoptimization events (20 events):
Event: 27.596 Thread 0x00000273c4e0c010 Uncommon trap: trap_request=0xffffffde fr.pc=0x00000273a0cc0e90 relative=0x00000000000002d0
Event: 27.596 Thread 0x00000273c4e0c010 Uncommon trap: reason=class_check action=maybe_recompile pc=0x00000273a0cc0e90 method=java.util.Collections$SetFromMap.remove(Ljava/lang/Object;)Z @ 5 c2
Event: 27.596 Thread 0x00000273c4e0c010 DEOPT PACKING pc=0x00000273a0cc0e90 sp=0x000000aa58bfad80
Event: 27.596 Thread 0x00000273c4e0c010 DEOPT UNPACKING pc=0x00000273a06046a2 sp=0x000000aa58bfad68 mode 2
Event: 27.608 Thread 0x00000273c4e0c010 Uncommon trap: trap_request=0xffffffde fr.pc=0x00000273a0d4276c relative=0x000000000000284c
Event: 27.608 Thread 0x00000273c4e0c010 Uncommon trap: reason=class_check action=maybe_recompile pc=0x00000273a0d4276c method=java.util.regex.Pattern$CharProperty.study(Ljava/util/regex/Pattern$TreeInfo;)Z @ 25 c2
Event: 27.608 Thread 0x00000273c4e0c010 DEOPT PACKING pc=0x00000273a0d4276c sp=0x000000aa58bf9ec0
Event: 27.608 Thread 0x00000273c4e0c010 DEOPT UNPACKING pc=0x00000273a06046a2 sp=0x000000aa58bf9db8 mode 2
Event: 27.610 Thread 0x00000273c4e0c010 Uncommon trap: trap_request=0xffffffde fr.pc=0x00000273a0d4276c relative=0x000000000000284c
Event: 27.610 Thread 0x00000273c4e0c010 Uncommon trap: reason=class_check action=maybe_recompile pc=0x00000273a0d4276c method=java.util.regex.Pattern$CharProperty.study(Ljava/util/regex/Pattern$TreeInfo;)Z @ 25 c2
Event: 27.610 Thread 0x00000273c4e0c010 DEOPT PACKING pc=0x00000273a0d4276c sp=0x000000aa58bf9ec0
Event: 27.610 Thread 0x00000273c4e0c010 DEOPT UNPACKING pc=0x00000273a06046a2 sp=0x000000aa58bf9db8 mode 2
Event: 27.612 Thread 0x00000273c4e0c010 Uncommon trap: trap_request=0xffffffde fr.pc=0x00000273a0d4276c relative=0x000000000000284c
Event: 27.612 Thread 0x00000273c4e0c010 Uncommon trap: reason=class_check action=maybe_recompile pc=0x00000273a0d4276c method=java.util.regex.Pattern$CharProperty.study(Ljava/util/regex/Pattern$TreeInfo;)Z @ 25 c2
Event: 27.612 Thread 0x00000273c4e0c010 DEOPT PACKING pc=0x00000273a0d4276c sp=0x000000aa58bf9ec0
Event: 27.612 Thread 0x00000273c4e0c010 DEOPT UNPACKING pc=0x00000273a06046a2 sp=0x000000aa58bf9db8 mode 2
Event: 28.156 Thread 0x00000273c4e0c010 Uncommon trap: trap_request=0xffffff45 fr.pc=0x00000273a0b8cf8c relative=0x000000000000036c
Event: 28.156 Thread 0x00000273c4e0c010 Uncommon trap: reason=unstable_if action=reinterpret pc=0x00000273a0b8cf8c method=org.gradle.internal.reflect.PropertyAccessorType.isGetGetterName(Ljava/lang/String;)Z @ 14 c2
Event: 28.156 Thread 0x00000273c4e0c010 DEOPT PACKING pc=0x00000273a0b8cf8c sp=0x000000aa58bf8b90
Event: 28.156 Thread 0x00000273c4e0c010 DEOPT UNPACKING pc=0x00000273a06046a2 sp=0x000000aa58bf8ae8 mode 2

Classes loaded (20 events):
Event: 26.879 Loading class java/lang/ProcessBuilder
Event: 26.880 Loading class java/lang/ProcessBuilder done
Event: 27.068 Loading class sun/invoke/util/ValueConversions$1
Event: 27.069 Loading class sun/invoke/util/ValueConversions$1 done
Event: 27.070 Loading class java/lang/invoke/BoundMethodHandle$Species_LI
Event: 27.070 Loading class java/lang/invoke/BoundMethodHandle$Species_LI done
Event: 27.171 Loading class java/util/zip/GZIPOutputStream
Event: 27.171 Loading class java/util/zip/GZIPOutputStream done
Event: 27.171 Loading class java/util/zip/GZIPInputStream
Event: 27.172 Loading class java/util/zip/GZIPInputStream done
Event: 27.446 Loading class java/nio/file/AtomicMoveNotSupportedException
Event: 27.447 Loading class java/nio/file/AtomicMoveNotSupportedException done
Event: 27.487 Loading class java/io/FileWriter
Event: 27.488 Loading class java/io/FileWriter done
Event: 27.785 Loading class java/util/DualPivotQuicksort
Event: 27.787 Loading class java/util/DualPivotQuicksort done
Event: 28.075 Loading class java/util/function/LongUnaryOperator
Event: 28.076 Loading class java/util/function/LongUnaryOperator done
Event: 28.139 Loading class java/lang/StringIndexOutOfBoundsException
Event: 28.139 Loading class java/lang/StringIndexOutOfBoundsException done

Classes unloaded (0 events):
No events

Classes redefined (0 events):
No events

Internal exceptions (20 events):
Event: 27.023 Thread 0x00000273c4e0c010 Exception <a 'java/lang/ClassNotFoundException'{0x00000000ef9629a8}: org/gradle/groovy/scripts/ScriptCustomizer> (0x00000000ef9629a8) 
thrown [s\open\src\hotspot\share\classfile\systemDictionary.cpp, line 312]
Event: 27.025 Thread 0x00000273c4e0c010 Exception <a 'java/lang/ClassNotFoundException'{0x00000000ef972888}: org/gradle/groovy/scripts/BasicScriptCustomizer> (0x00000000ef972888) 
thrown [s\open\src\hotspot\share\classfile\systemDictionary.cpp, line 312]
Event: 27.028 Thread 0x00000273c4e0c010 Exception <a 'java/lang/ClassNotFoundException'{0x00000000ef988fa0}: org/gradle/groovy/scripts/DefaultScriptCustomizer> (0x00000000ef988fa0) 
thrown [s\open\src\hotspot\share\classfile\systemDictionary.cpp, line 312]
Event: 27.035 Thread 0x00000273c4e0c010 Exception <a 'java/lang/ClassNotFoundException'{0x00000000ef9af750}: org/gradle/plugin/use/internal/PluginsAwareScriptCustomizer> (0x00000000ef9af750) 
thrown [s\open\src\hotspot\share\classfile\systemDictionary.cpp, line 312]
Event: 27.037 Thread 0x00000273c4e0c010 Exception <a 'java/lang/ClassNotFoundException'{0x00000000ef9c0af0}: org/gradle/initialization/SettingsScriptCustomizer> (0x00000000ef9c0af0) 
thrown [s\open\src\hotspot\share\classfile\systemDictionary.cpp, line 312]
Event: 27.039 Thread 0x00000273c4e0c010 Exception <a 'java/lang/ClassNotFoundException'{0x00000000ef9ce770}: settings_dyogve3evln3773bci5sew6dfCustomizer> (0x00000000ef9ce770) 
thrown [s\open\src\hotspot\share\classfile\systemDictionary.cpp, line 312]
Event: 27.065 Thread 0x00000273c4e0c010 Exception <a 'java/lang/NoSuchMethodError'{0x00000000ef837fb0}: 'void java.lang.invoke.Invokers$Holder.invoke_MT(java.lang.Object, java.lang.Object, java.lang.Object, java.lang.Object)'> (0x00000000ef837fb0) 
thrown [s\open\src\hotspot\share\interpreter\linkResolver.cpp, line 773]
Event: 27.068 Thread 0x00000273c4e0c010 Implicit null exception at 0x00000273a0ca69e5 to 0x00000273a0ca6c70
Event: 27.069 Thread 0x00000273c4e0c010 Exception <a 'java/lang/NoSuchMethodError'{0x00000000ef84bf18}: 'int java.lang.invoke.DirectMethodHandle$Holder.invokeSpecial(java.lang.Object, java.lang.Object, java.lang.Object, int)'> (0x00000000ef84bf18) 
thrown [s\open\src\hotspot\share\interpreter\linkResolver.cpp, line 773]
Event: 27.071 Thread 0x00000273c4e0c010 Exception <a 'java/lang/NoSuchMethodError'{0x00000000ef85cd80}: 'java.lang.Object java.lang.invoke.DirectMethodHandle$Holder.invokeStatic(java.lang.Object, java.lang.Object, java.lang.Object, java.lang.Object, int)'> (0x00000000ef85cd80) 
thrown [s\open\src\hotspot\share\interpreter\linkResolver.cpp, line 773]
Event: 27.087 Thread 0x00000273c4e0c010 Exception <a 'java/lang/ClassNotFoundException'{0x00000000ef723da0}: org/gradle/initialization/DefaultSettings_DecoratedBeanInfo> (0x00000000ef723da0) 
thrown [s\open\src\hotspot\share\classfile\systemDictionary.cpp, line 312]
Event: 27.088 Thread 0x00000273c4e0c010 Exception <a 'java/lang/ClassNotFoundException'{0x00000000ef7328a8}: org/gradle/initialization/DefaultSettingsBeanInfo> (0x00000000ef7328a8) 
thrown [s\open\src\hotspot\share\classfile\systemDictionary.cpp, line 312]
Event: 27.089 Thread 0x00000273c4e0c010 Exception <a 'java/lang/ClassNotFoundException'{0x00000000ef741590}: org/gradle/api/internal/project/AbstractPluginAwareBeanInfo> (0x00000000ef741590) 
thrown [s\open\src\hotspot\share\classfile\systemDictionary.cpp, line 312]
Event: 27.090 Thread 0x00000273c4e0c010 Exception <a 'java/lang/ClassNotFoundException'{0x00000000ef7505f0}: org/gradle/api/internal/project/AbstractPluginAwareCustomizer> (0x00000000ef7505f0) 
thrown [s\open\src\hotspot\share\classfile\systemDictionary.cpp, line 312]
Event: 27.093 Thread 0x00000273c4e0c010 Exception <a 'java/lang/ClassNotFoundException'{0x00000000ef766380}: org/gradle/initialization/DefaultSettingsCustomizer> (0x00000000ef766380) 
thrown [s\open\src\hotspot\share\classfile\systemDictionary.cpp, line 312]
Event: 27.102 Thread 0x00000273c4e0c010 Exception <a 'java/lang/ClassNotFoundException'{0x00000000ef7aff30}: org/gradle/initialization/DefaultSettings_DecoratedCustomizer> (0x00000000ef7aff30) 
thrown [s\open\src\hotspot\share\classfile\systemDictionary.cpp, line 312]
Event: 27.128 Thread 0x00000273c4e0c010 Exception <a 'java/lang/ClassNotFoundException'{0x00000000ef661d00}: org/gradle/initialization/DefaultProjectDescriptorBeanInfo> (0x00000000ef661d00) 
thrown [s\open\src\hotspot\share\classfile\systemDictionary.cpp, line 312]
Event: 27.129 Thread 0x00000273c4e0c010 Exception <a 'java/lang/ClassNotFoundException'{0x00000000ef66eee8}: org/gradle/initialization/DefaultProjectDescriptorCustomizer> (0x00000000ef66eee8) 
thrown [s\open\src\hotspot\share\classfile\systemDictionary.cpp, line 312]
Event: 27.203 Thread 0x00000273c4e0c010 Implicit null exception at 0x00000273a0d1ca7c to 0x00000273a0d1cb34
Event: 28.105 Thread 0x00000273c4e0c010 Exception <a 'java/lang/NoSuchMethodError'{0x00000000ee6d81f8}: 'long java.lang.invoke.DirectMethodHandle$Holder.invokeStatic(java.lang.Object, long)'> (0x00000000ee6d81f8) 
thrown [s\open\src\hotspot\share\interpreter\linkResolver.cpp, line 773]

ZGC Phase Switch (0 events):
No events

VM Operations (20 events):
Event: 26.225 Executing VM operation: Cleanup
Event: 26.226 Executing VM operation: Cleanup done
Event: 26.336 Executing VM operation: HandshakeAllThreads (Deoptimize)
Event: 26.336 Executing VM operation: HandshakeAllThreads (Deoptimize) done
Event: 26.388 Executing VM operation: HandshakeAllThreads (Deoptimize)
Event: 26.389 Executing VM operation: HandshakeAllThreads (Deoptimize) done
Event: 26.392 Executing VM operation: HandshakeAllThreads (Deoptimize)
Event: 26.392 Executing VM operation: HandshakeAllThreads (Deoptimize) done
Event: 26.495 Executing VM operation: HandshakeAllThreads (Deoptimize)
Event: 26.496 Executing VM operation: HandshakeAllThreads (Deoptimize) done
Event: 26.634 Executing VM operation: CollectForMetadataAllocation (Metadata GC Threshold)
Event: 26.696 Executing VM operation: CollectForMetadataAllocation (Metadata GC Threshold) done
Event: 26.743 Executing VM operation: G1PauseRemark
Event: 26.766 Executing VM operation: G1PauseRemark done
Event: 26.773 Executing VM operation: G1PauseCleanup
Event: 26.773 Executing VM operation: G1PauseCleanup done
Event: 27.489 Executing VM operation: HandshakeAllThreads (Deoptimize)
Event: 27.489 Executing VM operation: HandshakeAllThreads (Deoptimize) done
Event: 27.792 Executing VM operation: ICBufferFull
Event: 27.793 Executing VM operation: ICBufferFull done

Events (20 events):
Event: 26.763 Thread 0x00000273aaf60910 flushing nmethod 0x00000273a0bad790
Event: 26.763 Thread 0x00000273aaf60910 flushing nmethod 0x00000273a0baa390
Event: 26.764 Thread 0x00000273aaf60910 flushing nmethod 0x00000273a0ba6510
Event: 26.764 Thread 0x00000273aaf60910 flushing nmethod 0x00000273a0ba0e90
Event: 26.764 Thread 0x00000273aaf60910 flushing nmethod 0x00000273a0ba0290
Event: 26.764 Thread 0x00000273aaf60910 flushing nmethod 0x00000273a0b8ca10
Event: 26.764 Thread 0x00000273aaf60910 flushing nmethod 0x00000273a0b78d90
Event: 26.764 Thread 0x00000273aaf60910 flushing nmethod 0x00000273a0b61490
Event: 26.764 Thread 0x00000273aaf60910 flushing nmethod 0x00000273a0b60490
Event: 26.764 Thread 0x00000273aaf60910 flushing nmethod 0x00000273a0b60090
Event: 26.764 Thread 0x00000273aaf60910 flushing nmethod 0x00000273a0b5f210
Event: 26.764 Thread 0x00000273aaf60910 flushing nmethod 0x00000273a0b70c90
Event: 26.764 Thread 0x00000273aaf60910 flushing nmethod 0x00000273a0b5db90
Event: 26.764 Thread 0x00000273aaf60910 flushing nmethod 0x00000273a0b70290
Event: 26.764 Thread 0x00000273aaf60910 flushing nmethod 0x00000273a0b6e690
Event: 26.764 Thread 0x00000273aaf60910 flushing nmethod 0x00000273a0b75390
Event: 26.764 Thread 0x00000273aaf60910 flushing nmethod 0x00000273a0b73490
Event: 26.764 Thread 0x00000273aaf60910 flushing nmethod 0x00000273a0b72a10
Event: 26.764 Thread 0x00000273aaf60910 flushing nmethod 0x00000273a0b58f10
Event: 26.788 Thread 0x00000273c67e11d0 Thread added: 0x00000273c67e11d0


Dynamic libraries:
0x00007ff6bc4c0000 - 0x00007ff6bc4d0000 	C:\Program Files\Java\jdk-21\bin\java.exe
0x00007ffde1750000 - 0x00007ffde1948000 	C:\WINDOWS\SYSTEM32\ntdll.dll
0x00007ffddfd80000 - 0x00007ffddfe3d000 	C:\WINDOWS\System32\KERNEL32.DLL
0x00007ffddf150000 - 0x00007ffddf446000 	C:\WINDOWS\System32\KERNELBASE.dll
0x00007ffddee00000 - 0x00007ffddef00000 	C:\WINDOWS\System32\ucrtbase.dll
0x00007ffdd7b80000 - 0x00007ffdd7b9b000 	C:\Program Files\Java\jdk-21\bin\VCRUNTIME140.dll
0x00007ffdbe030000 - 0x00007ffdbe049000 	C:\Program Files\Java\jdk-21\bin\jli.dll
0x00007ffde0fd0000 - 0x00007ffde1080000 	C:\WINDOWS\System32\ADVAPI32.dll
0x00007ffde01f0000 - 0x00007ffde028e000 	C:\WINDOWS\System32\msvcrt.dll
0x00007ffde0c70000 - 0x00007ffde0d10000 	C:\WINDOWS\System32\sechost.dll
0x00007ffddfeb0000 - 0x00007ffddffd3000 	C:\WINDOWS\System32\RPCRT4.dll
0x00007ffddef00000 - 0x00007ffddef27000 	C:\WINDOWS\System32\bcrypt.dll
0x00007ffddfbd0000 - 0x00007ffddfd6f000 	C:\WINDOWS\System32\USER32.dll
0x00007ffdd1ce0000 - 0x00007ffdd1f7a000 	C:\WINDOWS\WinSxS\amd64_microsoft.windows.common-controls_6595b64144ccf1df_6.0.19041.4355_none_60b8b9eb71f62e16\COMCTL32.dll
0x00007ffde0c40000 - 0x00007ffde0c6b000 	C:\WINDOWS\System32\GDI32.dll
0x00007ffddf0b0000 - 0x00007ffddf0d2000 	C:\WINDOWS\System32\win32u.dll
0x00007ffddf660000 - 0x00007ffddf777000 	C:\WINDOWS\System32\gdi32full.dll
0x00007ffddf010000 - 0x00007ffddf0ad000 	C:\WINDOWS\System32\msvcp_win.dll
0x00007ffdd1f80000 - 0x00007ffdd1f8a000 	C:\WINDOWS\SYSTEM32\VERSION.dll
0x00007ffddfb90000 - 0x00007ffddfbc2000 	C:\WINDOWS\System32\IMM32.DLL
0x00007ffdd9e50000 - 0x00007ffdd9e5c000 	C:\Program Files\Java\jdk-21\bin\vcruntime140_1.dll
0x00007ffdb4880000 - 0x00007ffdb490e000 	C:\Program Files\Java\jdk-21\bin\msvcp140.dll
0x00007ffd64910000 - 0x00007ffd65627000 	C:\Program Files\Java\jdk-21\bin\server\jvm.dll
0x00007ffddfe40000 - 0x00007ffddfeab000 	C:\WINDOWS\System32\WS2_32.dll
0x00007ffddec50000 - 0x00007ffddec9b000 	C:\WINDOWS\SYSTEM32\POWRPROF.dll
0x00007ffdd24f0000 - 0x00007ffdd2517000 	C:\WINDOWS\SYSTEM32\WINMM.dll
0x00007ffddec30000 - 0x00007ffddec42000 	C:\WINDOWS\SYSTEM32\UMPDC.dll
0x00007ffddcc80000 - 0x00007ffddcc92000 	C:\WINDOWS\SYSTEM32\kernel.appcore.dll
0x00007ffdd8220000 - 0x00007ffdd822a000 	C:\Program Files\Java\jdk-21\bin\jimage.dll
0x00007ffdd1240000 - 0x00007ffdd1424000 	C:\WINDOWS\SYSTEM32\DBGHELP.DLL
0x00007ffdd0cc0000 - 0x00007ffdd0cf4000 	C:\WINDOWS\SYSTEM32\dbgcore.DLL
0x00007ffddef80000 - 0x00007ffddf002000 	C:\WINDOWS\System32\bcryptPrimitives.dll
0x00007ffddbaa0000 - 0x00007ffddbaaf000 	C:\Program Files\Java\jdk-21\bin\instrument.dll
0x00007ffdbd0e0000 - 0x00007ffdbd0ff000 	C:\Program Files\Java\jdk-21\bin\java.dll
0x00007ffde0290000 - 0x00007ffde09fb000 	C:\WINDOWS\System32\SHELL32.dll
0x00007ffddce80000 - 0x00007ffddd61d000 	C:\WINDOWS\SYSTEM32\windows.storage.dll
0x00007ffddf780000 - 0x00007ffddfad3000 	C:\WINDOWS\System32\combase.dll
0x00007ffdde750000 - 0x00007ffdde77e000 	C:\WINDOWS\SYSTEM32\Wldp.dll
0x00007ffde0a00000 - 0x00007ffde0acd000 	C:\WINDOWS\System32\OLEAUT32.dll
0x00007ffde0ad0000 - 0x00007ffde0b7d000 	C:\WINDOWS\System32\SHCORE.dll
0x00007ffde0be0000 - 0x00007ffde0c35000 	C:\WINDOWS\System32\shlwapi.dll
0x00007ffdded30000 - 0x00007ffdded54000 	C:\WINDOWS\SYSTEM32\profapi.dll
0x00007ffdb3c10000 - 0x00007ffdb3ce7000 	C:\Program Files\Java\jdk-21\bin\jsvml.dll
0x00007ffdb51e0000 - 0x00007ffdb51f8000 	C:\Program Files\Java\jdk-21\bin\zip.dll
0x00007ffdbd5b0000 - 0x00007ffdbd5c0000 	C:\Program Files\Java\jdk-21\bin\net.dll
0x00007ffdd4fd0000 - 0x00007ffdd50da000 	C:\WINDOWS\SYSTEM32\WINHTTP.dll
0x00007ffdde4b0000 - 0x00007ffdde51a000 	C:\WINDOWS\system32\mswsock.dll
0x00007ffdb52d0000 - 0x00007ffdb52e6000 	C:\Program Files\Java\jdk-21\bin\nio.dll
0x00007ffdb19f0000 - 0x00007ffdb1a00000 	C:\Program Files\Java\jdk-21\bin\verify.dll
0x00007ffdb19c0000 - 0x00007ffdb19e7000 	C:\Users\jhonn\.gradle\native\c067742578af261105cb4f569cf0c3c89f3d7b1fecec35dd04571415982c5e48\windows-amd64\native-platform.dll
0x00007ffd5b110000 - 0x00007ffd5b254000 	C:\Users\jhonn\.gradle\native\38dada09dfb8b06ba9b0570ebf7e218e3eb74d4ef43ca46872605cf95ebc2f47\windows-amd64\native-platform-file-events.dll
0x00007ffdb4780000 - 0x00007ffdb478a000 	C:\Program Files\Java\jdk-21\bin\management.dll
0x00007ffdb4640000 - 0x00007ffdb464b000 	C:\Program Files\Java\jdk-21\bin\management_ext.dll
0x00007ffde0fc0000 - 0x00007ffde0fc8000 	C:\WINDOWS\System32\PSAPI.DLL
0x00007ffdde6a0000 - 0x00007ffdde6b8000 	C:\WINDOWS\SYSTEM32\CRYPTSP.dll
0x00007ffddddd0000 - 0x00007ffddde04000 	C:\WINDOWS\system32\rsaenh.dll
0x00007ffddece0000 - 0x00007ffdded0e000 	C:\WINDOWS\SYSTEM32\USERENV.dll
0x00007ffdde6c0000 - 0x00007ffdde6cc000 	C:\WINDOWS\SYSTEM32\CRYPTBASE.dll
0x00007ffdde190000 - 0x00007ffdde1cb000 	C:\WINDOWS\SYSTEM32\IPHLPAPI.DLL
0x00007ffde1100000 - 0x00007ffde1108000 	C:\WINDOWS\System32\NSI.dll
0x00007ffdb1a10000 - 0x00007ffdb1a19000 	C:\Program Files\Java\jdk-21\bin\extnet.dll
0x00007ffdb1a20000 - 0x00007ffdb1a2e000 	C:\Program Files\Java\jdk-21\bin\sunmscapi.dll
0x00007ffddf450000 - 0x00007ffddf5ae000 	C:\WINDOWS\System32\CRYPT32.dll
0x00007ffdde7c0000 - 0x00007ffdde7e9000 	C:\WINDOWS\SYSTEM32\ncrypt.dll
0x00007ffdde780000 - 0x00007ffdde7bb000 	C:\WINDOWS\SYSTEM32\NTASN1.dll
0x00007ffd862a0000 - 0x00007ffd862a7000 	C:\WINDOWS\system32\wshunix.dll

dbghelp: loaded successfully - version: 4.0.5 - missing functions: none
symbol engine: initialized successfully - sym options: 0x614 - pdb path: .;C:\Program Files\Java\jdk-21\bin;C:\WINDOWS\SYSTEM32;C:\WINDOWS\WinSxS\amd64_microsoft.windows.common-controls_6595b64144ccf1df_6.0.19041.4355_none_60b8b9eb71f62e16;C:\Program Files\Java\jdk-21\bin\server;C:\Users\jhonn\.gradle\native\c067742578af261105cb4f569cf0c3c89f3d7b1fecec35dd04571415982c5e48\windows-amd64;C:\Users\jhonn\.gradle\native\38dada09dfb8b06ba9b0570ebf7e218e3eb74d4ef43ca46872605cf95ebc2f47\windows-amd64

VM Arguments:
jvm_args: --add-opens=java.base/java.util=ALL-UNNAMED --add-opens=java.base/java.lang=ALL-UNNAMED --add-opens=java.base/java.lang.invoke=ALL-UNNAMED --add-opens=java.prefs/java.util.prefs=ALL-UNNAMED --add-opens=java.base/java.nio.charset=ALL-UNNAMED --add-opens=java.base/java.net=ALL-UNNAMED --add-opens=java.base/java.util.concurrent.atomic=ALL-UNNAMED -XX:MaxMetaspaceSize=384m -XX:+HeapDumpOnOutOfMemoryError -Xms256m -Xmx512m -Dfile.encoding=UTF-8 -Duser.country=PE -Duser.language=es -Duser.variant -javaagent:C:\Automatizacion\gradle-8.7\lib\agents\gradle-instrumentation-agent-8.7.jar 
java_command: org.gradle.launcher.daemon.bootstrap.GradleDaemon 8.7
java_class_path (initial): C:\Automatizacion\gradle-8.7\lib\gradle-launcher-8.7.jar
Launcher Type: SUN_STANDARD

[Global flags]
     intx CICompilerCount                          = 3                                         {product} {ergonomic}
   size_t CompressedClassSpaceSize                 = 335544320                                 {product} {ergonomic}
     uint ConcGCThreads                            = 1                                         {product} {ergonomic}
     uint G1ConcRefinementThreads                  = 4                                         {product} {ergonomic}
   size_t G1HeapRegionSize                         = 1048576                                   {product} {ergonomic}
    uintx GCDrainStackTargetSize                   = 64                                        {product} {ergonomic}
     bool HeapDumpOnOutOfMemoryError               = true                                   {manageable} {command line}
   size_t InitialHeapSize                          = 268435456                                 {product} {command line}
   size_t MarkStackSize                            = 4194304                                   {product} {ergonomic}
   size_t MaxHeapSize                              = 536870912                                 {product} {command line}
   size_t MaxMetaspaceSize                         = 402653184                                 {product} {command line}
   size_t MaxNewSize                               = 321912832                                 {product} {ergonomic}
   size_t MinHeapDeltaBytes                        = 1048576                                   {product} {ergonomic}
   size_t MinHeapSize                              = 268435456                                 {product} {command line}
    uintx NonNMethodCodeHeapSize                   = 5832780                                {pd product} {ergonomic}
    uintx NonProfiledCodeHeapSize                  = 122912730                              {pd product} {ergonomic}
    uintx ProfiledCodeHeapSize                     = 122912730                              {pd product} {ergonomic}
    uintx ReservedCodeCacheSize                    = 251658240                              {pd product} {ergonomic}
     bool SegmentedCodeCache                       = true                                      {product} {ergonomic}
   size_t SoftMaxHeapSize                          = 536870912                              {manageable} {ergonomic}
     bool UseCompressedOops                        = true                           {product lp64_product} {ergonomic}
     bool UseG1GC                                  = true                                      {product} {ergonomic}
     bool UseLargePagesIndividualAllocation        = false                                  {pd product} {ergonomic}

Logging:
Log output configuration:
 #0: stdout all=warning uptime,level,tags foldmultilines=false
 #1: stderr all=off uptime,level,tags foldmultilines=false

Environment Variables:
JAVA_HOME=C:\Program Files\Java\jdk-21
PATH=C:\Users\jhonn\bin;C:\Program Files\Git\mingw64\bin;C:\Program Files\Git\usr\local\bin;C:\Program Files\Git\usr\bin;C:\Program Files\Git\usr\bin;C:\Program Files\Git\mingw64\bin;C:\Program Files\Git\usr\bin;C:\Users\jhonn\bin;C:\Program Files\Common Files\Oracle\Java\javapath;C:\oraclexe\app\oracle\product\11.2.0\server\bin;C:\WINDOWS\system32;C:\WINDOWS;C:\WINDOWS\System32\Wbem;C:\WINDOWS\System32\WindowsPowerShell\v1.0;C:\WINDOWS\System32\OpenSSH;C:\Program Files\Microsoft VS Code\bin;C:\Program Files\Microsoft SQL Server\Client SDK\ODBC\170\Tools\Binn;C:\Program Files (x86)\Microsoft SQL Server\150\Tools\Binn;C:\Program Files\Microsoft SQL Server\150\Tools\Binn;C:\Program Files\Microsoft SQL Server\150\DTS\Binn;C:\Program Files (x86)\Microsoft SQL Server\150\DTS\Binn;C:\Program Files\Azure Data Studio\bin;C:\Program Files\Git\cmd;C:\apache-maven-3.8.4\bin;C:\Automatizacion\gradle-8.7\bin;C:\Program Files\Java\jdk-21\bin;C:\Users\jhonn\AppData\Local\Microsoft\WindowsApps;C:\Program Files\Azure Data Studio\bin;C:\Program Files\Git\usr\bin\vendor_perl;C:\Program Files\Git\usr\bin\core_perl
USERNAME=jhonn
SHELL=C:\Program Files\Git\usr\bin\bash.exe
DISPLAY=needs-to-be-defined
LANG=es_ES.UTF-8
TERM=xterm-256color
TMPDIR=C:\Users\jhonn\AppData\Local\Temp
OS=Windows_NT
PROCESSOR_IDENTIFIER=Intel64 Family 6 Model 58 Stepping 9, GenuineIntel
TMP=C:\Users\jhonn\AppData\Local\Temp
TEMP=C:\Users\jhonn\AppData\Local\Temp




Periodic native trim disabled

---------------  S Y S T E M  ---------------

OS:
 Windows 10 , 64 bit Build 19041 (10.0.19041.3636)
OS uptime: 0 days 1:19 hours

CPU: total 4 (initial active 4) (2 cores per cpu, 2 threads per core) family 6 model 58 stepping 9 microcode 0x21, cx8, cmov, fxsr, ht, mmx, sse, sse2, sse3, ssse3, sse4.1, sse4.2, popcnt, tsc, tscinvbit, avx, erms, clmul, vzeroupper, clflush, rdtscp, f16c
Processor Information for all 4 processors :
  Max Mhz: 1901, Current Mhz: 1901, Mhz Limit: 1901

Memory: 4k page, system-wide physical 1949M (220M free)
TotalPageFile size 7837M (AvailPageFile size 13M)
current process WorkingSet (physical memory assigned to process): 222M, peak: 242M
current process commit charge ("private bytes"): 434M, peak: 435M

vm_info: Java HotSpot(TM) 64-Bit Server VM (21.0.2+13-LTS-58) for windows-amd64 JRE (21.0.2+13-LTS-58), built on 2024-01-05T18:32:24Z by "mach5one" with MS VC++ 17.1 (VS2022)

END.
