#
# There is insufficient memory for the Java Runtime Environment to continue.
# Native memory allocation (malloc) failed to allocate 1279696 bytes for Chunk::new
# Possible reasons:
#   The system is out of physical RAM or swap space
#   The process is running with CompressedOops enabled, and the Java Heap may be blocking the growth of the native heap
# Possible solutions:
#   Reduce memory load on the system
#   Increase physical memory or swap space
#   Check if swap backing store is full
#   Decrease Java heap size (-Xmx/-Xms)
#   Decrease number of Java threads
#   Decrease Java thread stack sizes (-Xss)
#   Set larger code cache with -XX:ReservedCodeCacheSize=
#   JVM is running with Unscaled Compressed Oops mode in which the Java heap is
#     placed in the first 4GB address space. The Java Heap base address is the
#     maximum limit for the native heap growth. Please use -XX:HeapBaseMinAddress
#     to set the Java Heap base and to place the Java Heap above 4GB virtual address.
# This output file may be truncated or incomplete.
#
#  Out of Memory Error (arena.cpp:191), pid=2964, tid=10352
#
# JRE version: OpenJDK Runtime Environment Temurin-17.0.10+7 (17.0.10+7) (build 17.0.10+7)
# Java VM: OpenJDK 64-Bit Server VM Temurin-17.0.10+7 (17.0.10+7, mixed mode, tiered, compressed oops, compressed class ptrs, parallel gc, windows-amd64)
# No core dump will be written. Minidumps are not enabled by default on client versions of Windows
#

---------------  S U M M A R Y ------------

Command Line: --add-modules=ALL-SYSTEM --add-opens=java.base/java.util=ALL-UNNAMED --add-opens=java.base/java.lang=ALL-UNNAMED --add-opens=java.base/sun.nio.fs=ALL-UNNAMED -Declipse.application=org.eclipse.jdt.ls.core.id1 -Dosgi.bundles.defaultStartLevel=4 -Declipse.product=org.eclipse.jdt.ls.core.product -Djava.import.generatesMetadataFilesAtProjectRoot=false -DDetectVMInstallationsJob.disabled=true -Dfile.encoding=utf8 -XX:+UseParallelGC -XX:GCTimeRatio=4 -XX:AdaptiveSizePolicyWeight=90 -Dsun.zip.disableMemoryMapping=true -Xmx1G -Xms100m -Xlog:disable -javaagent:c:\Users\jhonn\.vscode\extensions\redhat.java-1.29.0-win32-x64\lombok\lombok-1.18.32.jar -XX:+HeapDumpOnOutOfMemoryError -XX:HeapDumpPath=c:\Users\jhonn\AppData\Roaming\Code\User\workspaceStorage\f926728e50f2738973d3538630756d0e\redhat.java -Daether.dependencyCollector.impl=bf c:\Users\jhonn\.vscode\extensions\redhat.java-1.29.0-win32-x64\server\plugins\org.eclipse.equinox.launcher_1.6.800.v20240304-1850.jar -configuration c:\Users\jhonn\AppData\Roaming\Code\User\globalStorage\redhat.java\1.29.0\config_win -data c:\Users\jhonn\AppData\Roaming\Code\User\workspaceStorage\f926728e50f2738973d3538630756d0e\redhat.java\jdt_ws --stdio

Host: Intel(R) Core(TM) i3-3227U CPU @ 1.90GHz, 4 cores, 1G,  Windows 10 , 64 bit Build 19041 (10.0.19041.3636)
Time: Wed Apr 17 21:34:14 2024 Hora est. Pacífico, Sudamérica elapsed time: 31.769552 seconds (0d 0h 0m 31s)

---------------  T H R E A D  ---------------

Current thread (0x000001e9bb455460):  JavaThread "C2 CompilerThread0" daemon [_thread_in_native, id=10352, stack(0x0000009ca7000000,0x0000009ca7100000)]


Current CompileTask:
C2:  31769 7400       4       org.eclipse.jdt.internal.compiler.util.JrtFileSystem$2::visitFile (72 bytes)

Stack: [0x0000009ca7000000,0x0000009ca7100000]
Native frames: (J=compiled Java code, j=interpreted, Vv=VM code, C=native code)
V  [jvm.dll+0x67d2c9]
V  [jvm.dll+0x834afa]
V  [jvm.dll+0x8365be]
V  [jvm.dll+0x836c23]
V  [jvm.dll+0x2477ff]
V  [jvm.dll+0xac514]
V  [jvm.dll+0xacb5c]
V  [jvm.dll+0x366782]
V  [jvm.dll+0x1bcd86]
V  [jvm.dll+0x21a049]
V  [jvm.dll+0x219311]
V  [jvm.dll+0x1a502d]
V  [jvm.dll+0x2290de]
V  [jvm.dll+0x2272ac]
V  [jvm.dll+0x7e9bb7]
V  [jvm.dll+0x7e3fba]
V  [jvm.dll+0x67c1b5]
C  [ucrtbase.dll+0x21bb2]
C  [KERNEL32.DLL+0x17344]
C  [ntdll.dll+0x526b1]


---------------  P R O C E S S  ---------------

Threads class SMR info:
_java_thread_list=0x000001e9c2638280, length=30, elements={
0x000001e9a56800f0, 0x000001e9bb41cf90, 0x000001e9bb41dfa0, 0x000001e9bb44eff0,
0x000001e9bb44fd80, 0x000001e9bb450b10, 0x000001e9bb452750, 0x000001e9bb455460,
0x000001e9bb47e900, 0x000001e9c06bf110, 0x000001e9a56e2800, 0x000001e9c0940140,
0x000001e9c0f4e050, 0x000001e9c0fa7720, 0x000001e9c0fae3d0, 0x000001e9c14f3df0,
0x000001e9c0c51de0, 0x000001e9c1266820, 0x000001e9c1263070, 0x000001e9c1264ed0,
0x000001e9c12653e0, 0x000001e9c1263a90, 0x000001e9c1263fa0, 0x000001e9c12658f0,
0x000001e9c12649c0, 0x000001e9c1265e00, 0x000001e9c1266310, 0x000001e9c1263580,
0x000001e9c21f27e0, 0x000001e9c21f5570
}

Java Threads: ( => current thread )
  0x000001e9a56800f0 JavaThread "main" [_thread_blocked, id=1144, stack(0x0000009ca6700000,0x0000009ca6800000)]
  0x000001e9bb41cf90 JavaThread "Reference Handler" daemon [_thread_blocked, id=2580, stack(0x0000009ca6a00000,0x0000009ca6b00000)]
  0x000001e9bb41dfa0 JavaThread "Finalizer" daemon [_thread_blocked, id=5792, stack(0x0000009ca6b00000,0x0000009ca6c00000)]
  0x000001e9bb44eff0 JavaThread "Signal Dispatcher" daemon [_thread_blocked, id=10952, stack(0x0000009ca6c00000,0x0000009ca6d00000)]
  0x000001e9bb44fd80 JavaThread "Attach Listener" daemon [_thread_blocked, id=7644, stack(0x0000009ca6d00000,0x0000009ca6e00000)]
  0x000001e9bb450b10 JavaThread "Service Thread" daemon [_thread_blocked, id=10440, stack(0x0000009ca6e00000,0x0000009ca6f00000)]
  0x000001e9bb452750 JavaThread "Monitor Deflation Thread" daemon [_thread_blocked, id=12296, stack(0x0000009ca6f00000,0x0000009ca7000000)]
=>0x000001e9bb455460 JavaThread "C2 CompilerThread0" daemon [_thread_in_native, id=10352, stack(0x0000009ca7000000,0x0000009ca7100000)]
  0x000001e9bb47e900 JavaThread "C1 CompilerThread0" daemon [_thread_blocked, id=6232, stack(0x0000009ca7100000,0x0000009ca7200000)]
  0x000001e9c06bf110 JavaThread "Sweeper thread" daemon [_thread_blocked, id=1044, stack(0x0000009ca7200000,0x0000009ca7300000)]
  0x000001e9a56e2800 JavaThread "Common-Cleaner" daemon [_thread_blocked, id=8608, stack(0x0000009ca7300000,0x0000009ca7400000)]
  0x000001e9c0940140 JavaThread "Notification Thread" daemon [_thread_blocked, id=5844, stack(0x0000009ca7400000,0x0000009ca7500000)]
  0x000001e9c0f4e050 JavaThread "Active Thread: Equinox Container: b1df1070-38b0-4bf2-8429-6c687be258b1" [_thread_blocked, id=13172, stack(0x0000009ca7900000,0x0000009ca7a00000)]
  0x000001e9c0fa7720 JavaThread "Framework Event Dispatcher: Equinox Container: b1df1070-38b0-4bf2-8429-6c687be258b1" daemon [_thread_blocked, id=9168, stack(0x0000009ca7a00000,0x0000009ca7b00000)]
  0x000001e9c0fae3d0 JavaThread "Start Level: Equinox Container: b1df1070-38b0-4bf2-8429-6c687be258b1" daemon [_thread_blocked, id=11612, stack(0x0000009ca7b00000,0x0000009ca7c00000)]
  0x000001e9c14f3df0 JavaThread "Bundle File Closer" daemon [_thread_blocked, id=2304, stack(0x0000009ca7c00000,0x0000009ca7d00000)]
  0x000001e9c0c51de0 JavaThread "SCR Component Actor" daemon [_thread_blocked, id=8180, stack(0x0000009ca7d00000,0x0000009ca7e00000)]
  0x000001e9c1266820 JavaThread "Worker-JM" [_thread_blocked, id=12876, stack(0x0000009ca7f00000,0x0000009ca8000000)]
  0x000001e9c1263070 JavaThread "Worker-0" [_thread_blocked, id=12672, stack(0x0000009ca8000000,0x0000009ca8100000)]
  0x000001e9c1264ed0 JavaThread "Worker-1: Java indexing... " [_thread_blocked, id=4056, stack(0x0000009ca8100000,0x0000009ca8200000)]
  0x000001e9c12653e0 JavaThread "Worker-2" [_thread_blocked, id=992, stack(0x0000009ca8200000,0x0000009ca8300000)]
  0x000001e9c1263a90 JavaThread "Java indexing" daemon [_thread_in_native, id=10360, stack(0x0000009ca8300000,0x0000009ca8400000)]
  0x000001e9c1263fa0 JavaThread "Worker-3: Initialize Workspace" [_thread_blocked, id=7140, stack(0x0000009ca8400000,0x0000009ca8500000)]
  0x000001e9c12658f0 JavaThread "JNA Cleaner" daemon [_thread_blocked, id=7736, stack(0x0000009ca7e00000,0x0000009ca7f00000)]
  0x000001e9c12649c0 JavaThread "pool-2-thread-1" [_thread_blocked, id=10460, stack(0x0000009ca8500000,0x0000009ca8600000)]
  0x000001e9c1265e00 JavaThread "WorkspaceEventsHandler" [_thread_blocked, id=9620, stack(0x0000009ca8600000,0x0000009ca8700000)]
  0x000001e9c1266310 JavaThread "pool-1-thread-1" [_thread_blocked, id=9716, stack(0x0000009ca8700000,0x0000009ca8800000)]
  0x000001e9c1263580 JavaThread "pool-3-thread-1" [_thread_in_native, id=10488, stack(0x0000009ca8800000,0x0000009ca8900000)]
  0x000001e9c21f27e0 JavaThread "Worker-4" [_thread_blocked, id=10296, stack(0x0000009ca8900000,0x0000009ca8a00000)]
  0x000001e9c21f5570 JavaThread "Worker-5" [_thread_blocked, id=2228, stack(0x0000009ca8a00000,0x0000009ca8b00000)]

Other Threads:
  0x000001e9a572fae0 VMThread "VM Thread" [stack: 0x0000009ca6900000,0x0000009ca6a00000] [id=9660]
  0x000001e9c0940620 WatcherThread [stack: 0x0000009ca7500000,0x0000009ca7600000] [id=12720]
  0x000001e9a5697ca0 GCTaskThread "GC Thread#0" [stack: 0x0000009ca6800000,0x0000009ca6900000] [id=10416]
  0x000001e9c0e75610 GCTaskThread "GC Thread#1" [stack: 0x0000009ca7600000,0x0000009ca7700000] [id=12020]
  0x000001e9c0b36e30 GCTaskThread "GC Thread#2" [stack: 0x0000009ca7700000,0x0000009ca7800000] [id=10764]
  0x000001e9c0b370f0 GCTaskThread "GC Thread#3" [stack: 0x0000009ca7800000,0x0000009ca7900000] [id=12928]

Threads with active compile tasks:
C2 CompilerThread0    31852 7400       4       org.eclipse.jdt.internal.compiler.util.JrtFileSystem$2::visitFile (72 bytes)

VM state: not at safepoint (normal execution)

VM Mutex/Monitor currently owned by a thread: None

Heap address: 0x00000000c0000000, size: 1024 MB, Compressed Oops mode: 32-bit

CDS archive(s) not mapped
Compressed class space mapped at: 0x0000000100000000-0x0000000140000000, reserved size: 1073741824
Narrow klass base: 0x0000000000000000, Narrow klass shift: 3, Narrow klass range: 0x140000000

GC Precious Log:
 CPUs: 4 total, 4 available
 Memory: 1949M
 Large Page Support: Disabled
 NUMA Support: Disabled
 Compressed Oops: Enabled (32-bit)
 Alignments: Space 512K, Generation 512K, Heap 2M
 Heap Min Capacity: 100M
 Heap Initial Capacity: 100M
 Heap Max Capacity: 1G
 Pre-touch: Disabled
 Parallel Workers: 4

Heap:
 PSYoungGen      total 21504K, used 20068K [0x00000000eab00000, 0x00000000ec200000, 0x0000000100000000)
  eden space 19456K, 93% used [0x00000000eab00000,0x00000000ebcd1930,0x00000000ebe00000)
  from space 2048K, 88% used [0x00000000ebe80000,0x00000000ec047880,0x00000000ec080000)
  to   space 1536K, 0% used [0x00000000ec080000,0x00000000ec080000,0x00000000ec200000)
 ParOldGen       total 68608K, used 42979K [0x00000000c0000000, 0x00000000c4300000, 0x00000000eab00000)
  object space 68608K, 62% used [0x00000000c0000000,0x00000000c29f8d98,0x00000000c4300000)
 Metaspace       used 54943K, committed 56064K, reserved 1114112K
  class space    used 5852K, committed 6336K, reserved 1048576K

Card table byte_map: [0x000001e9b8d10000,0x000001e9b8f20000] _byte_map_base: 0x000001e9b8710000

Marking Bits: (ParMarkBitMap*) 0x00007ff92667d7d0
 Begin Bits: [0x000001e9b9080000, 0x000001e9ba080000)
 End Bits:   [0x000001e9ba080000, 0x000001e9bb080000)

Polling page: 0x000001e9a5740000

Metaspace:

Usage:
  Non-class:     47.94 MB used.
      Class:      5.72 MB used.
       Both:     53.66 MB used.

Virtual space:
  Non-class space:       64.00 MB reserved,      48.56 MB ( 76%) committed,  1 nodes.
      Class space:        1.00 GB reserved,       6.19 MB ( <1%) committed,  1 nodes.
             Both:        1.06 GB reserved,      54.75 MB (  5%) committed. 

Chunk freelists:
   Non-Class:  15.20 MB
       Class:  9.78 MB
        Both:  24.98 MB

MaxMetaspaceSize: unlimited
CompressedClassSpaceSize: 1.00 GB
Initial GC threshold: 21.00 MB
Current GC threshold: 58.38 MB
CDS: off
MetaspaceReclaimPolicy: balanced
 - commit_granule_bytes: 65536.
 - commit_granule_words: 8192.
 - virtual_space_node_default_size: 8388608.
 - enlarge_chunks_in_place: 1.
 - new_chunks_are_fully_committed: 0.
 - uncommit_free_chunks: 1.
 - use_allocation_guard: 0.
 - handle_deallocations: 1.


Internal statistics:

num_allocs_failed_limit: 6.
num_arena_births: 582.
num_arena_deaths: 18.
num_vsnodes_births: 2.
num_vsnodes_deaths: 0.
num_space_committed: 876.
num_space_uncommitted: 0.
num_chunks_returned_to_freelist: 25.
num_chunks_taken_from_freelist: 2677.
num_chunk_merges: 8.
num_chunk_splits: 1692.
num_chunks_enlarged: 1018.
num_inconsistent_stats: 0.

CodeHeap 'non-profiled nmethods': size=120000Kb used=2657Kb max_used=2657Kb free=117343Kb
 bounds [0x000001e9b1600000, 0x000001e9b18a0000, 0x000001e9b8b30000]
CodeHeap 'profiled nmethods': size=120000Kb used=13314Kb max_used=13314Kb free=106685Kb
 bounds [0x000001e9a9b30000, 0x000001e9aa840000, 0x000001e9b1060000]
CodeHeap 'non-nmethods': size=5760Kb used=1307Kb max_used=1346Kb free=4452Kb
 bounds [0x000001e9b1060000, 0x000001e9b12d0000, 0x000001e9b1600000]
 total_blobs=7288 nmethods=6646 adapters=556
 compilation: enabled
              stopped_count=0, restarted_count=0
 full_count=0

Compilation events (20 events):
Event: 31.517 Thread 0x000001e9bb47e900 7470       2       java.nio.HeapByteBuffer::get (64 bytes)
Event: 31.518 Thread 0x000001e9bb47e900 nmethod 7470 0x000001e9aa81a890 code [0x000001e9aa81aa80, 0x000001e9aa81ae38]
Event: 31.519 Thread 0x000001e9bb47e900 7471       2       org.eclipse.jdt.core.compiler.CharOperation::concatWith (127 bytes)
Event: 31.519 Thread 0x000001e9bb47e900 nmethod 7471 0x000001e9aa81b090 code [0x000001e9aa81b260, 0x000001e9aa81b708]
Event: 31.520 Thread 0x000001e9bb47e900 7472       2       java.net.URI::appendSchemeSpecificPart (185 bytes)
Event: 31.522 Thread 0x000001e9bb47e900 nmethod 7472 0x000001e9aa81b990 code [0x000001e9aa81bc20, 0x000001e9aa81c218]
Event: 31.525 Thread 0x000001e9bb47e900 7473       2       java.net.URI::appendFragment (27 bytes)
Event: 31.526 Thread 0x000001e9bb47e900 nmethod 7473 0x000001e9aa81c710 code [0x000001e9aa81c8c0, 0x000001e9aa81ca68]
Event: 31.527 Thread 0x000001e9bb47e900 7474       2       java.net.URI::<init> (51 bytes)
Event: 31.527 Thread 0x000001e9bb47e900 nmethod 7474 0x000001e9aa81cb90 code [0x000001e9aa81cd40, 0x000001e9aa81cfe8]
Event: 31.536 Thread 0x000001e9bb47e900 7476       2       org.eclipse.jdt.internal.compiler.classfmt.InnerClassInfo::getEnclosingTypeName (76 bytes)
Event: 31.537 Thread 0x000001e9bb47e900 nmethod 7476 0x000001e9aa81d110 code [0x000001e9aa81d2e0, 0x000001e9aa81d5e8]
Event: 31.703 Thread 0x000001e9bb47e900 7477       2       org.eclipse.jdt.internal.core.index.Index::remove (9 bytes)
Event: 31.704 Thread 0x000001e9bb47e900 nmethod 7477 0x000001e9aa81d890 code [0x000001e9aa81da40, 0x000001e9aa81dbf8]
Event: 31.705 Thread 0x000001e9bb47e900 7478       2       org.eclipse.jdt.internal.compiler.classfmt.InnerClassInfo::<init> (55 bytes)
Event: 31.705 Thread 0x000001e9bb47e900 nmethod 7478 0x000001e9aa81dd10 code [0x000001e9aa81dea0, 0x000001e9aa81e118]
Event: 31.716 Thread 0x000001e9bb47e900 7479       2       org.eclipse.jdt.internal.compiler.classfmt.ClassFileReader::isLocal (42 bytes)
Event: 31.716 Thread 0x000001e9bb47e900 nmethod 7479 0x000001e9aa81e310 code [0x000001e9aa81e4e0, 0x000001e9aa81e6f8]
Event: 31.719 Thread 0x000001e9bb47e900 7480       3       org.eclipse.jdt.internal.compiler.parser.Scanner::internalScanIdentifierOrKeyword (4773 bytes)
Event: 31.742 Thread 0x000001e9bb47e900 nmethod 7480 0x000001e9aa81e810 code [0x000001e9aa81f640, 0x000001e9aa82a9d8]

GC Heap History (20 events):
Event: 25.932 GC heap before
{Heap before GC invocations=22 (full 2):
 PSYoungGen      total 24064K, used 23808K [0x00000000eab00000, 0x00000000ec580000, 0x0000000100000000)
  eden space 22016K, 100% used [0x00000000eab00000,0x00000000ec080000,0x00000000ec080000)
  from space 2048K, 87% used [0x00000000ec080000,0x00000000ec240040,0x00000000ec280000)
  to   space 2560K, 0% used [0x00000000ec300000,0x00000000ec300000,0x00000000ec580000)
 ParOldGen       total 68608K, used 22479K [0x00000000c0000000, 0x00000000c4300000, 0x00000000eab00000)
  object space 68608K, 32% used [0x00000000c0000000,0x00000000c15f3ff0,0x00000000c4300000)
 Metaspace       used 52578K, committed 53568K, reserved 1114112K
  class space    used 5644K, committed 6080K, reserved 1048576K
}
Event: 25.940 GC heap after
{Heap after GC invocations=22 (full 2):
 PSYoungGen      total 24064K, used 1824K [0x00000000eab00000, 0x00000000ec500000, 0x0000000100000000)
  eden space 22016K, 0% used [0x00000000eab00000,0x00000000eab00000,0x00000000ec080000)
  from space 2048K, 89% used [0x00000000ec300000,0x00000000ec4c8010,0x00000000ec500000)
  to   space 2048K, 0% used [0x00000000ec080000,0x00000000ec080000,0x00000000ec280000)
 ParOldGen       total 68608K, used 24164K [0x00000000c0000000, 0x00000000c4300000, 0x00000000eab00000)
  object space 68608K, 35% used [0x00000000c0000000,0x00000000c1799338,0x00000000c4300000)
 Metaspace       used 52578K, committed 53568K, reserved 1114112K
  class space    used 5644K, committed 6080K, reserved 1048576K
}
Event: 26.183 GC heap before
{Heap before GC invocations=23 (full 2):
 PSYoungGen      total 24064K, used 23840K [0x00000000eab00000, 0x00000000ec500000, 0x0000000100000000)
  eden space 22016K, 100% used [0x00000000eab00000,0x00000000ec080000,0x00000000ec080000)
  from space 2048K, 89% used [0x00000000ec300000,0x00000000ec4c8010,0x00000000ec500000)
  to   space 2048K, 0% used [0x00000000ec080000,0x00000000ec080000,0x00000000ec280000)
 ParOldGen       total 68608K, used 24164K [0x00000000c0000000, 0x00000000c4300000, 0x00000000eab00000)
  object space 68608K, 35% used [0x00000000c0000000,0x00000000c1799338,0x00000000c4300000)
 Metaspace       used 52611K, committed 53632K, reserved 1114112K
  class space    used 5644K, committed 6080K, reserved 1048576K
}
Event: 26.189 GC heap after
{Heap after GC invocations=23 (full 2):
 PSYoungGen      total 24064K, used 1920K [0x00000000eab00000, 0x00000000ec480000, 0x0000000100000000)
  eden space 22016K, 0% used [0x00000000eab00000,0x00000000eab00000,0x00000000ec080000)
  from space 2048K, 93% used [0x00000000ec080000,0x00000000ec260010,0x00000000ec280000)
  to   space 2048K, 0% used [0x00000000ec280000,0x00000000ec280000,0x00000000ec480000)
 ParOldGen       total 68608K, used 25900K [0x00000000c0000000, 0x00000000c4300000, 0x00000000eab00000)
  object space 68608K, 37% used [0x00000000c0000000,0x00000000c194b338,0x00000000c4300000)
 Metaspace       used 52611K, committed 53632K, reserved 1114112K
  class space    used 5644K, committed 6080K, reserved 1048576K
}
Event: 26.629 GC heap before
{Heap before GC invocations=24 (full 2):
 PSYoungGen      total 24064K, used 23936K [0x00000000eab00000, 0x00000000ec480000, 0x0000000100000000)
  eden space 22016K, 100% used [0x00000000eab00000,0x00000000ec080000,0x00000000ec080000)
  from space 2048K, 93% used [0x00000000ec080000,0x00000000ec260010,0x00000000ec280000)
  to   space 2048K, 0% used [0x00000000ec280000,0x00000000ec280000,0x00000000ec480000)
 ParOldGen       total 68608K, used 25900K [0x00000000c0000000, 0x00000000c4300000, 0x00000000eab00000)
  object space 68608K, 37% used [0x00000000c0000000,0x00000000c194b338,0x00000000c4300000)
 Metaspace       used 52842K, committed 53824K, reserved 1114112K
  class space    used 5676K, committed 6080K, reserved 1048576K
}
Event: 26.637 GC heap after
{Heap after GC invocations=24 (full 2):
 PSYoungGen      total 24064K, used 1760K [0x00000000eab00000, 0x00000000ec480000, 0x0000000100000000)
  eden space 22016K, 0% used [0x00000000eab00000,0x00000000eab00000,0x00000000ec080000)
  from space 2048K, 85% used [0x00000000ec280000,0x00000000ec438000,0x00000000ec480000)
  to   space 2048K, 0% used [0x00000000ec080000,0x00000000ec080000,0x00000000ec280000)
 ParOldGen       total 68608K, used 27769K [0x00000000c0000000, 0x00000000c4300000, 0x00000000eab00000)
  object space 68608K, 40% used [0x00000000c0000000,0x00000000c1b1e6a0,0x00000000c4300000)
 Metaspace       used 52842K, committed 53824K, reserved 1114112K
  class space    used 5676K, committed 6080K, reserved 1048576K
}
Event: 26.757 GC heap before
{Heap before GC invocations=25 (full 2):
 PSYoungGen      total 24064K, used 23670K [0x00000000eab00000, 0x00000000ec480000, 0x0000000100000000)
  eden space 22016K, 99% used [0x00000000eab00000,0x00000000ec065910,0x00000000ec080000)
  from space 2048K, 85% used [0x00000000ec280000,0x00000000ec438000,0x00000000ec480000)
  to   space 2048K, 0% used [0x00000000ec080000,0x00000000ec080000,0x00000000ec280000)
 ParOldGen       total 68608K, used 27769K [0x00000000c0000000, 0x00000000c4300000, 0x00000000eab00000)
  object space 68608K, 40% used [0x00000000c0000000,0x00000000c1b1e6a0,0x00000000c4300000)
 Metaspace       used 52849K, committed 53824K, reserved 1114112K
  class space    used 5676K, committed 6080K, reserved 1048576K
}
Event: 26.763 GC heap after
{Heap after GC invocations=25 (full 2):
 PSYoungGen      total 24064K, used 2028K [0x00000000eab00000, 0x00000000ecb80000, 0x0000000100000000)
  eden space 22016K, 0% used [0x00000000eab00000,0x00000000eab00000,0x00000000ec080000)
  from space 2048K, 99% used [0x00000000ec080000,0x00000000ec27b3b8,0x00000000ec280000)
  to   space 5632K, 0% used [0x00000000ec600000,0x00000000ec600000,0x00000000ecb80000)
 ParOldGen       total 68608K, used 30388K [0x00000000c0000000, 0x00000000c4300000, 0x00000000eab00000)
  object space 68608K, 44% used [0x00000000c0000000,0x00000000c1dad180,0x00000000c4300000)
 Metaspace       used 52849K, committed 53824K, reserved 1114112K
  class space    used 5676K, committed 6080K, reserved 1048576K
}
Event: 26.879 GC heap before
{Heap before GC invocations=26 (full 2):
 PSYoungGen      total 24064K, used 24044K [0x00000000eab00000, 0x00000000ecb80000, 0x0000000100000000)
  eden space 22016K, 100% used [0x00000000eab00000,0x00000000ec080000,0x00000000ec080000)
  from space 2048K, 99% used [0x00000000ec080000,0x00000000ec27b3b8,0x00000000ec280000)
  to   space 5632K, 0% used [0x00000000ec600000,0x00000000ec600000,0x00000000ecb80000)
 ParOldGen       total 68608K, used 30388K [0x00000000c0000000, 0x00000000c4300000, 0x00000000eab00000)
  object space 68608K, 44% used [0x00000000c0000000,0x00000000c1dad180,0x00000000c4300000)
 Metaspace       used 52851K, committed 53824K, reserved 1114112K
  class space    used 5676K, committed 6080K, reserved 1048576K
}
Event: 26.886 GC heap after
{Heap after GC invocations=26 (full 2):
 PSYoungGen      total 24064K, used 1999K [0x00000000eab00000, 0x00000000ec800000, 0x0000000100000000)
  eden space 22016K, 0% used [0x00000000eab00000,0x00000000eab00000,0x00000000ec080000)
  from space 2048K, 97% used [0x00000000ec600000,0x00000000ec7f3ce0,0x00000000ec800000)
  to   space 3072K, 0% used [0x00000000ec200000,0x00000000ec200000,0x00000000ec500000)
 ParOldGen       total 68608K, used 31748K [0x00000000c0000000, 0x00000000c4300000, 0x00000000eab00000)
  object space 68608K, 46% used [0x00000000c0000000,0x00000000c1f01180,0x00000000c4300000)
 Metaspace       used 52851K, committed 53824K, reserved 1114112K
  class space    used 5676K, committed 6080K, reserved 1048576K
}
Event: 27.046 GC heap before
{Heap before GC invocations=27 (full 2):
 PSYoungGen      total 24064K, used 24015K [0x00000000eab00000, 0x00000000ec800000, 0x0000000100000000)
  eden space 22016K, 100% used [0x00000000eab00000,0x00000000ec080000,0x00000000ec080000)
  from space 2048K, 97% used [0x00000000ec600000,0x00000000ec7f3ce0,0x00000000ec800000)
  to   space 3072K, 0% used [0x00000000ec200000,0x00000000ec200000,0x00000000ec500000)
 ParOldGen       total 68608K, used 31748K [0x00000000c0000000, 0x00000000c4300000, 0x00000000eab00000)
  object space 68608K, 46% used [0x00000000c0000000,0x00000000c1f01180,0x00000000c4300000)
 Metaspace       used 53071K, committed 54080K, reserved 1114112K
  class space    used 5690K, committed 6144K, reserved 1048576K
}
Event: 27.055 GC heap after
{Heap after GC invocations=27 (full 2):
 PSYoungGen      total 24064K, used 1696K [0x00000000eab00000, 0x00000000ec680000, 0x0000000100000000)
  eden space 22016K, 0% used [0x00000000eab00000,0x00000000eab00000,0x00000000ec080000)
  from space 2048K, 82% used [0x00000000ec200000,0x00000000ec3a8000,0x00000000ec400000)
  to   space 2048K, 0% used [0x00000000ec480000,0x00000000ec480000,0x00000000ec680000)
 ParOldGen       total 68608K, used 33628K [0x00000000c0000000, 0x00000000c4300000, 0x00000000eab00000)
  object space 68608K, 49% used [0x00000000c0000000,0x00000000c20d7190,0x00000000c4300000)
 Metaspace       used 53071K, committed 54080K, reserved 1114112K
  class space    used 5690K, committed 6144K, reserved 1048576K
}
Event: 27.468 GC heap before
{Heap before GC invocations=28 (full 2):
 PSYoungGen      total 24064K, used 23712K [0x00000000eab00000, 0x00000000ec680000, 0x0000000100000000)
  eden space 22016K, 100% used [0x00000000eab00000,0x00000000ec080000,0x00000000ec080000)
  from space 2048K, 82% used [0x00000000ec200000,0x00000000ec3a8000,0x00000000ec400000)
  to   space 2048K, 0% used [0x00000000ec480000,0x00000000ec480000,0x00000000ec680000)
 ParOldGen       total 68608K, used 33628K [0x00000000c0000000, 0x00000000c4300000, 0x00000000eab00000)
  object space 68608K, 49% used [0x00000000c0000000,0x00000000c20d7190,0x00000000c4300000)
 Metaspace       used 53622K, committed 54656K, reserved 1114112K
  class space    used 5724K, committed 6144K, reserved 1048576K
}
Event: 27.481 GC heap after
{Heap after GC invocations=28 (full 2):
 PSYoungGen      total 21504K, used 2016K [0x00000000eab00000, 0x00000000ecd80000, 0x0000000100000000)
  eden space 19456K, 0% used [0x00000000eab00000,0x00000000eab00000,0x00000000ebe00000)
  from space 2048K, 98% used [0x00000000ec480000,0x00000000ec678020,0x00000000ec680000)
  to   space 6656K, 0% used [0x00000000ebe00000,0x00000000ebe00000,0x00000000ec480000)
 ParOldGen       total 68608K, used 37530K [0x00000000c0000000, 0x00000000c4300000, 0x00000000eab00000)
  object space 68608K, 54% used [0x00000000c0000000,0x00000000c24a6b50,0x00000000c4300000)
 Metaspace       used 53622K, committed 54656K, reserved 1114112K
  class space    used 5724K, committed 6144K, reserved 1048576K
}
Event: 27.850 GC heap before
{Heap before GC invocations=29 (full 2):
 PSYoungGen      total 21504K, used 21472K [0x00000000eab00000, 0x00000000ecd80000, 0x0000000100000000)
  eden space 19456K, 100% used [0x00000000eab00000,0x00000000ebe00000,0x00000000ebe00000)
  from space 2048K, 98% used [0x00000000ec480000,0x00000000ec678020,0x00000000ec680000)
  to   space 6656K, 0% used [0x00000000ebe00000,0x00000000ebe00000,0x00000000ec480000)
 ParOldGen       total 68608K, used 37530K [0x00000000c0000000, 0x00000000c4300000, 0x00000000eab00000)
  object space 68608K, 54% used [0x00000000c0000000,0x00000000c24a6b50,0x00000000c4300000)
 Metaspace       used 53873K, committed 54848K, reserved 1114112K
  class space    used 5758K, committed 6144K, reserved 1048576K
}
Event: 27.859 GC heap after
{Heap after GC invocations=29 (full 2):
 PSYoungGen      total 21504K, used 1856K [0x00000000eab00000, 0x00000000ec500000, 0x0000000100000000)
  eden space 19456K, 0% used [0x00000000eab00000,0x00000000eab00000,0x00000000ebe00000)
  from space 2048K, 90% used [0x00000000ebe00000,0x00000000ebfd0010,0x00000000ec000000)
  to   space 3584K, 0% used [0x00000000ec180000,0x00000000ec180000,0x00000000ec500000)
 ParOldGen       total 68608K, used 39538K [0x00000000c0000000, 0x00000000c4300000, 0x00000000eab00000)
  object space 68608K, 57% used [0x00000000c0000000,0x00000000c269cb60,0x00000000c4300000)
 Metaspace       used 53873K, committed 54848K, reserved 1114112K
  class space    used 5758K, committed 6144K, reserved 1048576K
}
Event: 28.165 GC heap before
{Heap before GC invocations=30 (full 2):
 PSYoungGen      total 21504K, used 20797K [0x00000000eab00000, 0x00000000ec500000, 0x0000000100000000)
  eden space 19456K, 97% used [0x00000000eab00000,0x00000000ebd7f740,0x00000000ebe00000)
  from space 2048K, 90% used [0x00000000ebe00000,0x00000000ebfd0010,0x00000000ec000000)
  to   space 3584K, 0% used [0x00000000ec180000,0x00000000ec180000,0x00000000ec500000)
 ParOldGen       total 68608K, used 39538K [0x00000000c0000000, 0x00000000c4300000, 0x00000000eab00000)
  object space 68608K, 57% used [0x00000000c0000000,0x00000000c269cb60,0x00000000c4300000)
 Metaspace       used 53948K, committed 54912K, reserved 1114112K
  class space    used 5761K, committed 6144K, reserved 1048576K
}
Event: 28.177 GC heap after
{Heap after GC invocations=30 (full 2):
 PSYoungGen      total 21504K, used 1824K [0x00000000eab00000, 0x00000000ec380000, 0x0000000100000000)
  eden space 19456K, 0% used [0x00000000eab00000,0x00000000eab00000,0x00000000ebe00000)
  from space 2048K, 89% used [0x00000000ec180000,0x00000000ec348010,0x00000000ec380000)
  to   space 2560K, 0% used [0x00000000ebe80000,0x00000000ebe80000,0x00000000ec100000)
 ParOldGen       total 68608K, used 41282K [0x00000000c0000000, 0x00000000c4300000, 0x00000000eab00000)
  object space 68608K, 60% used [0x00000000c0000000,0x00000000c2850b90,0x00000000c4300000)
 Metaspace       used 53948K, committed 54912K, reserved 1114112K
  class space    used 5761K, committed 6144K, reserved 1048576K
}
Event: 29.380 GC heap before
{Heap before GC invocations=31 (full 2):
 PSYoungGen      total 21504K, used 21280K [0x00000000eab00000, 0x00000000ec380000, 0x0000000100000000)
  eden space 19456K, 100% used [0x00000000eab00000,0x00000000ebe00000,0x00000000ebe00000)
  from space 2048K, 89% used [0x00000000ec180000,0x00000000ec348010,0x00000000ec380000)
  to   space 2560K, 0% used [0x00000000ebe80000,0x00000000ebe80000,0x00000000ec100000)
 ParOldGen       total 68608K, used 41282K [0x00000000c0000000, 0x00000000c4300000, 0x00000000eab00000)
  object space 68608K, 60% used [0x00000000c0000000,0x00000000c2850b90,0x00000000c4300000)
 Metaspace       used 54290K, committed 55296K, reserved 1114112K
  class space    used 5785K, committed 6208K, reserved 1048576K
}
Event: 29.386 GC heap after
{Heap after GC invocations=31 (full 2):
 PSYoungGen      total 21504K, used 1822K [0x00000000eab00000, 0x00000000ec200000, 0x0000000100000000)
  eden space 19456K, 0% used [0x00000000eab00000,0x00000000eab00000,0x00000000ebe00000)
  from space 2048K, 88% used [0x00000000ebe80000,0x00000000ec047880,0x00000000ec080000)
  to   space 1536K, 0% used [0x00000000ec080000,0x00000000ec080000,0x00000000ec200000)
 ParOldGen       total 68608K, used 42979K [0x00000000c0000000, 0x00000000c4300000, 0x00000000eab00000)
  object space 68608K, 62% used [0x00000000c0000000,0x00000000c29f8d98,0x00000000c4300000)
 Metaspace       used 54290K, committed 55296K, reserved 1114112K
  class space    used 5785K, committed 6208K, reserved 1048576K
}

Dll operation events (10 events):
Event: 0.053 Loaded shared library c:\Users\jhonn\.vscode\extensions\redhat.java-1.29.0-win32-x64\jre\17.0.10-win32-x86_64\bin\java.dll
Event: 0.842 Loaded shared library c:\Users\jhonn\.vscode\extensions\redhat.java-1.29.0-win32-x64\jre\17.0.10-win32-x86_64\bin\zip.dll
Event: 0.851 Loaded shared library C:\Users\jhonn\.vscode\extensions\redhat.java-1.29.0-win32-x64\jre\17.0.10-win32-x86_64\bin\instrument.dll
Event: 0.895 Loaded shared library C:\Users\jhonn\.vscode\extensions\redhat.java-1.29.0-win32-x64\jre\17.0.10-win32-x86_64\bin\net.dll
Event: 0.900 Loaded shared library C:\Users\jhonn\.vscode\extensions\redhat.java-1.29.0-win32-x64\jre\17.0.10-win32-x86_64\bin\nio.dll
Event: 0.926 Loaded shared library C:\Users\jhonn\.vscode\extensions\redhat.java-1.29.0-win32-x64\jre\17.0.10-win32-x86_64\bin\zip.dll
Event: 0.976 Loaded shared library C:\Users\jhonn\.vscode\extensions\redhat.java-1.29.0-win32-x64\jre\17.0.10-win32-x86_64\bin\jimage.dll
Event: 1.233 Loaded shared library c:\Users\jhonn\.vscode\extensions\redhat.java-1.29.0-win32-x64\jre\17.0.10-win32-x86_64\bin\verify.dll
Event: 5.695 Loaded shared library C:\Users\jhonn\AppData\Roaming\Code\User\globalStorage\redhat.java\1.29.0\config_win\org.eclipse.equinox.launcher\org.eclipse.equinox.launcher.win32.win32.x86_64_1.2.900.v20240213-1244\eclipse_11900.dll
Event: 20.963 Loaded shared library C:\Users\jhonn\AppData\Local\Temp\jna-101101681\jna7027609225851895699.dll

Deoptimization events (20 events):
Event: 30.309 Thread 0x000001e9c1263a90 Uncommon trap: trap_request=0xffffff6e fr.pc=0x000001e9b186b54c relative=0x00000000000003ac
Event: 30.309 Thread 0x000001e9c1263a90 Uncommon trap: reason=loop_limit_check action=maybe_recompile pc=0x000001e9b186b54c method=org.eclipse.jdt.internal.compiler.classfmt.ClassFileStruct.utf8At(II)[C @ 143 c2
Event: 30.309 Thread 0x000001e9c1263a90 DEOPT PACKING pc=0x000001e9b186b54c sp=0x0000009ca83fe760
Event: 30.311 Thread 0x000001e9c1263a90 DEOPT UNPACKING pc=0x000001e9b10b66a3 sp=0x0000009ca83fe6f8 mode 2
Event: 30.770 Thread 0x000001e9c1263580 Uncommon trap: trap_request=0xffffff45 fr.pc=0x000001e9b164e778 relative=0x0000000000000ab8
Event: 30.770 Thread 0x000001e9c1263580 Uncommon trap: reason=unstable_if action=reinterpret pc=0x000001e9b164e778 method=com.google.gson.stream.JsonReader.nextQuotedValue(C)Ljava/lang/String; @ 96 c2
Event: 30.770 Thread 0x000001e9c1263580 DEOPT PACKING pc=0x000001e9b164e778 sp=0x0000009ca88feb80
Event: 30.770 Thread 0x000001e9c1263580 DEOPT UNPACKING pc=0x000001e9b10b66a3 sp=0x0000009ca88feb28 mode 2
Event: 31.009 Thread 0x000001e9c1263a90 Uncommon trap: trap_request=0xffffff6e fr.pc=0x000001e9b188f6d8 relative=0x0000000000000d58
Event: 31.009 Thread 0x000001e9c1263a90 Uncommon trap: reason=loop_limit_check action=maybe_recompile pc=0x000001e9b188f6d8 method=org.eclipse.jdt.internal.core.util.SimpleWordSet.rehash()V @ 44 c2
Event: 31.009 Thread 0x000001e9c1263a90 DEOPT PACKING pc=0x000001e9b188f6d8 sp=0x0000009ca83fe540
Event: 31.010 Thread 0x000001e9c1263a90 DEOPT UNPACKING pc=0x000001e9b10b66a3 sp=0x0000009ca83fe480 mode 2
Event: 31.109 Thread 0x000001e9c1263a90 DEOPT PACKING pc=0x000001e9a9ba8389 sp=0x0000009ca83fe340
Event: 31.109 Thread 0x000001e9c1263a90 DEOPT UNPACKING pc=0x000001e9b10b6e43 sp=0x0000009ca83fd838 mode 0
Event: 31.462 Thread 0x000001e9c1263a90 DEOPT PACKING pc=0x000001e9a9ba8389 sp=0x0000009ca83fe340
Event: 31.462 Thread 0x000001e9c1263a90 DEOPT UNPACKING pc=0x000001e9b10b6e43 sp=0x0000009ca83fd838 mode 0
Event: 31.474 Thread 0x000001e9c1263a90 DEOPT PACKING pc=0x000001e9aa6de338 sp=0x0000009ca83fe600
Event: 31.474 Thread 0x000001e9c1263a90 DEOPT UNPACKING pc=0x000001e9b10b6e43 sp=0x0000009ca83fdba0 mode 0
Event: 31.533 Thread 0x000001e9c1263a90 DEOPT PACKING pc=0x000001e9a9ba8389 sp=0x0000009ca83fe350
Event: 31.534 Thread 0x000001e9c1263a90 DEOPT UNPACKING pc=0x000001e9b10b6e43 sp=0x0000009ca83fd848 mode 0

Classes unloaded (9 events):
Event: 17.647 Thread 0x000001e9a572fae0 Unloading class 0x000000010034f000 'java/lang/invoke/LambdaForm$MH+0x000000010034f000'
Event: 17.647 Thread 0x000001e9a572fae0 Unloading class 0x000000010034e800 'java/lang/invoke/LambdaForm$MH+0x000000010034e800'
Event: 17.647 Thread 0x000001e9a572fae0 Unloading class 0x000000010024c400 'java/lang/invoke/LambdaForm$MH+0x000000010024c400'
Event: 17.647 Thread 0x000001e9a572fae0 Unloading class 0x000000010024c000 'java/lang/invoke/LambdaForm$MH+0x000000010024c000'
Event: 17.647 Thread 0x000001e9a572fae0 Unloading class 0x000000010024bc00 'java/lang/invoke/LambdaForm$MH+0x000000010024bc00'
Event: 17.647 Thread 0x000001e9a572fae0 Unloading class 0x000000010024b800 'java/lang/invoke/LambdaForm$MH+0x000000010024b800'
Event: 17.647 Thread 0x000001e9a572fae0 Unloading class 0x000000010024b400 'java/lang/invoke/LambdaForm$BMH+0x000000010024b400'
Event: 17.647 Thread 0x000001e9a572fae0 Unloading class 0x000000010024b000 'java/lang/invoke/LambdaForm$DMH+0x000000010024b000'
Event: 17.647 Thread 0x000001e9a572fae0 Unloading class 0x0000000100248400 'java/lang/invoke/LambdaForm$DMH+0x0000000100248400'

Classes redefined (0 events):
No events

Internal exceptions (20 events):
Event: 27.389 Thread 0x000001e9c1263fa0 Exception <a 'sun/nio/fs/WindowsException'{0x00000000ebae74b0}> (0x00000000ebae74b0) 
thrown [s\src\hotspot\share\prims\jni.cpp, line 516]
Event: 27.392 Thread 0x000001e9c1263fa0 Exception <a 'sun/nio/fs/WindowsException'{0x00000000ebaea768}> (0x00000000ebaea768) 
thrown [s\src\hotspot\share\prims\jni.cpp, line 516]
Event: 27.393 Thread 0x000001e9c1263fa0 Exception <a 'sun/nio/fs/WindowsException'{0x00000000ebaee318}> (0x00000000ebaee318) 
thrown [s\src\hotspot\share\prims\jni.cpp, line 516]
Event: 27.395 Thread 0x000001e9c1263fa0 Exception <a 'sun/nio/fs/WindowsException'{0x00000000ebaf1470}> (0x00000000ebaf1470) 
thrown [s\src\hotspot\share\prims\jni.cpp, line 516]
Event: 27.397 Thread 0x000001e9c1263fa0 Exception <a 'sun/nio/fs/WindowsException'{0x00000000ebaf72a8}> (0x00000000ebaf72a8) 
thrown [s\src\hotspot\share\prims\jni.cpp, line 516]
Event: 27.399 Thread 0x000001e9c1263fa0 Exception <a 'sun/nio/fs/WindowsException'{0x00000000ebafa460}> (0x00000000ebafa460) 
thrown [s\src\hotspot\share\prims\jni.cpp, line 516]
Event: 27.400 Thread 0x000001e9c1263fa0 Exception <a 'sun/nio/fs/WindowsException'{0x00000000ebb02038}> (0x00000000ebb02038) 
thrown [s\src\hotspot\share\prims\jni.cpp, line 516]
Event: 27.406 Thread 0x000001e9c1263fa0 Exception <a 'sun/nio/fs/WindowsException'{0x00000000ebb050e8}> (0x00000000ebb050e8) 
thrown [s\src\hotspot\share\prims\jni.cpp, line 516]
Event: 27.408 Thread 0x000001e9c1263fa0 Exception <a 'sun/nio/fs/WindowsException'{0x00000000ebb083c0}> (0x00000000ebb083c0) 
thrown [s\src\hotspot\share\prims\jni.cpp, line 516]
Event: 27.411 Thread 0x000001e9c1263fa0 Exception <a 'sun/nio/fs/WindowsException'{0x00000000ebb0b938}> (0x00000000ebb0b938) 
thrown [s\src\hotspot\share\prims\jni.cpp, line 516]
Event: 27.413 Thread 0x000001e9c1263fa0 Exception <a 'sun/nio/fs/WindowsException'{0x00000000ebb0f420}> (0x00000000ebb0f420) 
thrown [s\src\hotspot\share\prims\jni.cpp, line 516]
Event: 27.414 Thread 0x000001e9c1263fa0 Exception <a 'sun/nio/fs/WindowsException'{0x00000000ebb129c0}> (0x00000000ebb129c0) 
thrown [s\src\hotspot\share\prims\jni.cpp, line 516]
Event: 27.416 Thread 0x000001e9c1263fa0 Exception <a 'sun/nio/fs/WindowsException'{0x00000000ebb15ba8}> (0x00000000ebb15ba8) 
thrown [s\src\hotspot\share\prims\jni.cpp, line 516]
Event: 27.555 Thread 0x000001e9c1263fa0 Exception <a 'java/lang/NoSuchMethodError'{0x00000000eaf2edd0}: 'void java.lang.invoke.DirectMethodHandle$Holder.invokeStatic(java.lang.Object, long)'> (0x00000000eaf2edd0) 
thrown [s\src\hotspot\share\interpreter\linkResolver.cpp, line 759]
Event: 27.557 Thread 0x000001e9c1263fa0 Exception <a 'java/lang/NoSuchMethodError'{0x00000000eaf34178}: 'java.lang.Object java.lang.invoke.DirectMethodHandle$Holder.newInvokeSpecial(java.lang.Object, long)'> (0x00000000eaf34178) 
thrown [s\src\hotspot\share\interpreter\linkResolver.cpp, line 759]
Event: 28.127 Thread 0x000001e9c12653e0 Exception <a 'java/io/FileNotFoundException'{0x00000000ebd13cc0}> (0x00000000ebd13cc0) 
thrown [s\src\hotspot\share\prims\jni.cpp, line 516]
Event: 28.530 Thread 0x000001e9c12653e0 Exception <a 'java/io/FileNotFoundException'{0x00000000eb4bacd8}> (0x00000000eb4bacd8) 
thrown [s\src\hotspot\share\prims\jni.cpp, line 516]
Event: 29.588 Thread 0x000001e9c12653e0 Exception <a 'java/io/FileNotFoundException'{0x00000000eb22cbf8}> (0x00000000eb22cbf8) 
thrown [s\src\hotspot\share\prims\jni.cpp, line 516]
Event: 29.591 Thread 0x000001e9c12653e0 Exception <a 'java/io/FileNotFoundException'{0x00000000eb22dc30}> (0x00000000eb22dc30) 
thrown [s\src\hotspot\share\prims\jni.cpp, line 516]
Event: 29.592 Thread 0x000001e9c12653e0 Exception <a 'java/io/FileNotFoundException'{0x00000000eb22e9b8}> (0x00000000eb22e9b8) 
thrown [s\src\hotspot\share\prims\jni.cpp, line 516]

VM Operations (20 events):
Event: 26.879 Executing VM operation: ParallelGCFailedAllocation
Event: 26.887 Executing VM operation: ParallelGCFailedAllocation done
Event: 27.046 Executing VM operation: ParallelGCFailedAllocation
Event: 27.055 Executing VM operation: ParallelGCFailedAllocation done
Event: 27.468 Executing VM operation: ParallelGCFailedAllocation
Event: 27.481 Executing VM operation: ParallelGCFailedAllocation done
Event: 27.559 Executing VM operation: HandshakeAllThreads
Event: 27.559 Executing VM operation: HandshakeAllThreads done
Event: 27.850 Executing VM operation: ParallelGCFailedAllocation
Event: 27.859 Executing VM operation: ParallelGCFailedAllocation done
Event: 28.165 Executing VM operation: ParallelGCFailedAllocation
Event: 28.177 Executing VM operation: ParallelGCFailedAllocation done
Event: 29.179 Executing VM operation: Cleanup
Event: 29.223 Executing VM operation: Cleanup done
Event: 29.373 Executing VM operation: ParallelGCFailedAllocation
Event: 29.386 Executing VM operation: ParallelGCFailedAllocation done
Event: 30.401 Executing VM operation: Cleanup
Event: 30.474 Executing VM operation: Cleanup done
Event: 31.475 Executing VM operation: Cleanup
Event: 31.477 Executing VM operation: Cleanup done

Events (20 events):
Event: 27.560 loading class jdk/internal/event/ProcessStartEvent done
Event: 27.641 Thread 0x000001e9c1263580 Thread added: 0x000001e9c1263580
Event: 27.742 loading class java/util/concurrent/CompletableFuture$Signaller
Event: 27.744 loading class java/util/concurrent/CompletableFuture$Signaller done
Event: 27.744 loading class java/util/concurrent/ForkJoinTask$Aux
Event: 27.783 loading class java/util/concurrent/ForkJoinTask$Aux done
Event: 28.530 Thread 0x000001e9c21f27e0 Thread added: 0x000001e9c21f27e0
Event: 28.566 loading class java/util/zip/ZipError
Event: 28.572 loading class java/util/zip/ZipError done
Event: 28.824 Thread 0x000001e9c21f5570 Thread added: 0x000001e9c21f5570
Event: 29.283 loading class java/lang/invoke/BoundMethodHandle$Species_LLLLLLLLLL
Event: 29.284 loading class java/lang/invoke/BoundMethodHandle$Species_LLLLLLLLLL done
Event: 29.287 loading class java/lang/invoke/BoundMethodHandle$Species_LLLLLLLLLLL
Event: 29.287 loading class java/lang/invoke/BoundMethodHandle$Species_LLLLLLLLLLL done
Event: 29.301 loading class java/lang/invoke/BoundMethodHandle$Species_LLLLLLLLLLLL
Event: 29.302 loading class java/lang/invoke/BoundMethodHandle$Species_LLLLLLLLLLLL done
Event: 29.306 loading class java/lang/invoke/BoundMethodHandle$Species_LLLLLLLLLLLLL
Event: 29.306 loading class java/lang/invoke/BoundMethodHandle$Species_LLLLLLLLLLLLL done
Event: 29.553 loading class java/util/WeakHashMap$KeyIterator
Event: 29.554 loading class java/util/WeakHashMap$KeyIterator done


Dynamic libraries:
0x00007ff6416b0000 - 0x00007ff6416be000 	c:\Users\jhonn\.vscode\extensions\redhat.java-1.29.0-win32-x64\jre\17.0.10-win32-x86_64\bin\java.exe
0x00007ff972450000 - 0x00007ff972648000 	C:\WINDOWS\SYSTEM32\ntdll.dll
0x00007ff971fa0000 - 0x00007ff97205d000 	C:\WINDOWS\System32\KERNEL32.DLL
0x00007ff96ffe0000 - 0x00007ff9702d6000 	C:\WINDOWS\System32\KERNELBASE.dll
0x00007ff970380000 - 0x00007ff970480000 	C:\WINDOWS\System32\ucrtbase.dll
0x00007ff968d70000 - 0x00007ff968d87000 	c:\Users\jhonn\.vscode\extensions\redhat.java-1.29.0-win32-x64\jre\17.0.10-win32-x86_64\bin\jli.dll
0x00007ff970480000 - 0x00007ff97061f000 	C:\WINDOWS\System32\USER32.dll
0x00007ff970350000 - 0x00007ff970372000 	C:\WINDOWS\System32\win32u.dll
0x00007ff971e10000 - 0x00007ff971e3b000 	C:\WINDOWS\System32\GDI32.dll
0x00007ff96fd60000 - 0x00007ff96fe77000 	C:\WINDOWS\System32\gdi32full.dll
0x00007ff96fc10000 - 0x00007ff96fcad000 	C:\WINDOWS\System32\msvcp_win.dll
0x00007ff968d50000 - 0x00007ff968d6b000 	c:\Users\jhonn\.vscode\extensions\redhat.java-1.29.0-win32-x64\jre\17.0.10-win32-x86_64\bin\VCRUNTIME140.dll
0x00007ff962a20000 - 0x00007ff962cba000 	C:\WINDOWS\WinSxS\amd64_microsoft.windows.common-controls_6595b64144ccf1df_6.0.19041.3636_none_60b6a03d71f818d5\COMCTL32.dll
0x00007ff972060000 - 0x00007ff9720fe000 	C:\WINDOWS\System32\msvcrt.dll
0x00007ff9707e0000 - 0x00007ff970812000 	C:\WINDOWS\System32\IMM32.DLL
0x00007ff968d40000 - 0x00007ff968d4c000 	c:\Users\jhonn\.vscode\extensions\redhat.java-1.29.0-win32-x64\jre\17.0.10-win32-x86_64\bin\vcruntime140_1.dll
0x00007ff968cb0000 - 0x00007ff968d3d000 	c:\Users\jhonn\.vscode\extensions\redhat.java-1.29.0-win32-x64\jre\17.0.10-win32-x86_64\bin\msvcp140.dll
0x00007ff925ae0000 - 0x00007ff926742000 	c:\Users\jhonn\.vscode\extensions\redhat.java-1.29.0-win32-x64\jre\17.0.10-win32-x86_64\bin\server\jvm.dll
0x00007ff9722c0000 - 0x00007ff972370000 	C:\WINDOWS\System32\ADVAPI32.dll
0x00007ff972100000 - 0x00007ff9721a0000 	C:\WINDOWS\System32\sechost.dll
0x00007ff971ce0000 - 0x00007ff971e03000 	C:\WINDOWS\System32\RPCRT4.dll
0x00007ff96fbe0000 - 0x00007ff96fc07000 	C:\WINDOWS\System32\bcrypt.dll
0x00007ff96f960000 - 0x00007ff96f9ab000 	C:\WINDOWS\SYSTEM32\POWRPROF.dll
0x00007ff952f90000 - 0x00007ff952f99000 	C:\WINDOWS\SYSTEM32\WSOCK32.dll
0x00007ff970620000 - 0x00007ff97068b000 	C:\WINDOWS\System32\WS2_32.dll
0x00007ff962fb0000 - 0x00007ff962fd7000 	C:\WINDOWS\SYSTEM32\WINMM.dll
0x00007ff962da0000 - 0x00007ff962daa000 	C:\WINDOWS\SYSTEM32\VERSION.dll
0x00007ff96f940000 - 0x00007ff96f952000 	C:\WINDOWS\SYSTEM32\UMPDC.dll
0x00007ff96d990000 - 0x00007ff96d9a2000 	C:\WINDOWS\SYSTEM32\kernel.appcore.dll
0x00007ff968ca0000 - 0x00007ff968caa000 	c:\Users\jhonn\.vscode\extensions\redhat.java-1.29.0-win32-x64\jre\17.0.10-win32-x86_64\bin\jimage.dll
0x00007ff962830000 - 0x00007ff962a14000 	C:\WINDOWS\SYSTEM32\DBGHELP.DLL
0x00007ff961480000 - 0x00007ff9614b4000 	C:\WINDOWS\SYSTEM32\dbgcore.DLL
0x00007ff96fb00000 - 0x00007ff96fb82000 	C:\WINDOWS\System32\bcryptPrimitives.dll
0x00007ff968c90000 - 0x00007ff968c9e000 	c:\Users\jhonn\.vscode\extensions\redhat.java-1.29.0-win32-x64\jre\17.0.10-win32-x86_64\bin\instrument.dll
0x00007ff968c60000 - 0x00007ff968c85000 	c:\Users\jhonn\.vscode\extensions\redhat.java-1.29.0-win32-x64\jre\17.0.10-win32-x86_64\bin\java.dll
0x00007ff968ab0000 - 0x00007ff968ac8000 	c:\Users\jhonn\.vscode\extensions\redhat.java-1.29.0-win32-x64\jre\17.0.10-win32-x86_64\bin\zip.dll
0x00007ff970e60000 - 0x00007ff9715cb000 	C:\WINDOWS\System32\SHELL32.dll
0x00007ff96db90000 - 0x00007ff96e32e000 	C:\WINDOWS\SYSTEM32\windows.storage.dll
0x00007ff970820000 - 0x00007ff970b73000 	C:\WINDOWS\System32\combase.dll
0x00007ff96f460000 - 0x00007ff96f48e000 	C:\WINDOWS\SYSTEM32\Wldp.dll
0x00007ff970710000 - 0x00007ff9707dd000 	C:\WINDOWS\System32\OLEAUT32.dll
0x00007ff971e40000 - 0x00007ff971eed000 	C:\WINDOWS\System32\SHCORE.dll
0x00007ff970b80000 - 0x00007ff970bd5000 	C:\WINDOWS\System32\shlwapi.dll
0x00007ff96fa30000 - 0x00007ff96fa53000 	C:\WINDOWS\SYSTEM32\profapi.dll
0x00007ff9689b0000 - 0x00007ff9689c9000 	C:\Users\jhonn\.vscode\extensions\redhat.java-1.29.0-win32-x64\jre\17.0.10-win32-x86_64\bin\net.dll
0x00007ff9672e0000 - 0x00007ff9673ea000 	C:\WINDOWS\SYSTEM32\WINHTTP.dll
0x00007ff96f1c0000 - 0x00007ff96f22a000 	C:\WINDOWS\system32\mswsock.dll
0x00007ff968a90000 - 0x00007ff968aa6000 	C:\Users\jhonn\.vscode\extensions\redhat.java-1.29.0-win32-x64\jre\17.0.10-win32-x86_64\bin\nio.dll
0x00007ff968a80000 - 0x00007ff968a90000 	c:\Users\jhonn\.vscode\extensions\redhat.java-1.29.0-win32-x64\jre\17.0.10-win32-x86_64\bin\verify.dll
0x00007ff940140000 - 0x00007ff94017e000 	C:\Users\jhonn\AppData\Roaming\Code\User\globalStorage\redhat.java\1.29.0\config_win\org.eclipse.equinox.launcher\org.eclipse.equinox.launcher.win32.win32.x86_64_1.2.900.v20240213-1244\eclipse_11900.dll
0x00007ff971710000 - 0x00007ff97183b000 	C:\WINDOWS\System32\ole32.dll
0x00007ff96f3c0000 - 0x00007ff96f3d8000 	C:\WINDOWS\SYSTEM32\CRYPTSP.dll
0x00007ff96eae0000 - 0x00007ff96eb14000 	C:\WINDOWS\system32\rsaenh.dll
0x00007ff96f9b0000 - 0x00007ff96f9de000 	C:\WINDOWS\SYSTEM32\USERENV.dll
0x00007ff96f3b0000 - 0x00007ff96f3bc000 	C:\WINDOWS\SYSTEM32\CRYPTBASE.dll
0x00007ff96eea0000 - 0x00007ff96eedb000 	C:\WINDOWS\SYSTEM32\IPHLPAPI.DLL
0x00007ff971840000 - 0x00007ff971848000 	C:\WINDOWS\System32\NSI.dll
0x00007ff966820000 - 0x00007ff966837000 	C:\WINDOWS\SYSTEM32\dhcpcsvc6.DLL
0x00007ff9673f0000 - 0x00007ff96740d000 	C:\WINDOWS\SYSTEM32\dhcpcsvc.DLL
0x00007ff96eee0000 - 0x00007ff96efab000 	C:\WINDOWS\SYSTEM32\DNSAPI.dll
0x00007ff93cea0000 - 0x00007ff93cee5000 	C:\Users\jhonn\AppData\Local\Temp\jna-101101681\jna7027609225851895699.dll
0x00007ff972400000 - 0x00007ff972408000 	C:\WINDOWS\System32\PSAPI.DLL

dbghelp: loaded successfully - version: 4.0.5 - missing functions: none
symbol engine: initialized successfully - sym options: 0x614 - pdb path: .;c:\Users\jhonn\.vscode\extensions\redhat.java-1.29.0-win32-x64\jre\17.0.10-win32-x86_64\bin;C:\WINDOWS\SYSTEM32;C:\WINDOWS\WinSxS\amd64_microsoft.windows.common-controls_6595b64144ccf1df_6.0.19041.3636_none_60b6a03d71f818d5;c:\Users\jhonn\.vscode\extensions\redhat.java-1.29.0-win32-x64\jre\17.0.10-win32-x86_64\bin\server;C:\Users\jhonn\AppData\Roaming\Code\User\globalStorage\redhat.java\1.29.0\config_win\org.eclipse.equinox.launcher\org.eclipse.equinox.launcher.win32.win32.x86_64_1.2.900.v20240213-1244;C:\Users\jhonn\AppData\Local\Temp\jna-101101681

VM Arguments:
jvm_args: --add-modules=ALL-SYSTEM --add-opens=java.base/java.util=ALL-UNNAMED --add-opens=java.base/java.lang=ALL-UNNAMED --add-opens=java.base/sun.nio.fs=ALL-UNNAMED -Declipse.application=org.eclipse.jdt.ls.core.id1 -Dosgi.bundles.defaultStartLevel=4 -Declipse.product=org.eclipse.jdt.ls.core.product -Djava.import.generatesMetadataFilesAtProjectRoot=false -DDetectVMInstallationsJob.disabled=true -Dfile.encoding=utf8 -XX:+UseParallelGC -XX:GCTimeRatio=4 -XX:AdaptiveSizePolicyWeight=90 -Dsun.zip.disableMemoryMapping=true -Xmx1G -Xms100m -Xlog:disable -javaagent:c:\Users\jhonn\.vscode\extensions\redhat.java-1.29.0-win32-x64\lombok\lombok-1.18.32.jar -XX:+HeapDumpOnOutOfMemoryError -XX:HeapDumpPath=c:\Users\jhonn\AppData\Roaming\Code\User\workspaceStorage\f926728e50f2738973d3538630756d0e\redhat.java -Daether.dependencyCollector.impl=bf 
java_command: c:\Users\jhonn\.vscode\extensions\redhat.java-1.29.0-win32-x64\server\plugins\org.eclipse.equinox.launcher_1.6.800.v20240304-1850.jar -configuration c:\Users\jhonn\AppData\Roaming\Code\User\globalStorage\redhat.java\1.29.0\config_win -data c:\Users\jhonn\AppData\Roaming\Code\User\workspaceStorage\f926728e50f2738973d3538630756d0e\redhat.java\jdt_ws --stdio
java_class_path (initial): c:\Users\jhonn\.vscode\extensions\redhat.java-1.29.0-win32-x64\server\plugins\org.eclipse.equinox.launcher_1.6.800.v20240304-1850.jar
Launcher Type: SUN_STANDARD

[Global flags]
    uintx AdaptiveSizePolicyWeight                 = 90                                        {product} {command line}
     intx CICompilerCount                          = 3                                         {product} {ergonomic}
    uintx GCTimeRatio                              = 4                                         {product} {command line}
     bool HeapDumpOnOutOfMemoryError               = true                                   {manageable} {command line}
    ccstr HeapDumpPath                             = c:\Users\jhonn\AppData\Roaming\Code\User\workspaceStorage\f926728e50f2738973d3538630756d0e\redhat.java         {manageable} {command line}
   size_t InitialHeapSize                          = 104857600                                 {product} {command line}
   size_t MaxHeapSize                              = 1073741824                                {product} {command line}
   size_t MaxNewSize                               = 357564416                                 {product} {ergonomic}
   size_t MinHeapDeltaBytes                        = 524288                                    {product} {ergonomic}
   size_t MinHeapSize                              = 104857600                                 {product} {command line}
   size_t NewSize                                  = 34603008                                  {product} {ergonomic}
    uintx NonNMethodCodeHeapSize                   = 5832780                                {pd product} {ergonomic}
    uintx NonProfiledCodeHeapSize                  = 122912730                              {pd product} {ergonomic}
   size_t OldSize                                  = 70254592                                  {product} {ergonomic}
    uintx ProfiledCodeHeapSize                     = 122912730                              {pd product} {ergonomic}
    uintx ReservedCodeCacheSize                    = 251658240                              {pd product} {ergonomic}
     bool SegmentedCodeCache                       = true                                      {product} {ergonomic}
   size_t SoftMaxHeapSize                          = 1073741824                             {manageable} {ergonomic}
     bool UseCompressedClassPointers               = true                           {product lp64_product} {ergonomic}
     bool UseCompressedOops                        = true                           {product lp64_product} {ergonomic}
     bool UseLargePagesIndividualAllocation        = false                                  {pd product} {ergonomic}
     bool UseParallelGC                            = true                                      {product} {command line}

Logging:
Log output configuration:
 #0: stdout all=off uptime,level,tags
 #1: stderr all=off uptime,level,tags

Environment Variables:
JAVA_HOME=C:\Program Files\Java\jdk-21
PATH=C:\Program Files\Common Files\Oracle\Java\javapath;C:\oraclexe\app\oracle\product\11.2.0\server\bin;C:\WINDOWS\system32;C:\WINDOWS;C:\WINDOWS\System32\Wbem;C:\WINDOWS\System32\WindowsPowerShell\v1.0\;C:\WINDOWS\System32\OpenSSH\;C:\Program Files\Microsoft VS Code\bin;C:\Program Files\Microsoft SQL Server\Client SDK\ODBC\170\Tools\Binn\;C:\Program Files (x86)\Microsoft SQL Server\150\Tools\Binn\;C:\Program Files\Microsoft SQL Server\150\Tools\Binn\;C:\Program Files\Microsoft SQL Server\150\DTS\Binn\;C:\Program Files (x86)\Microsoft SQL Server\150\DTS\Binn\;C:\Program Files\Azure Data Studio\bin;C:\Program Files\Git\cmd;C:\apache-maven-3.8.4\bin;C:\Automatizacion\gradle-8.7\bin;C:\Program Files\Java\jdk-21\bin;C:\Users\jhonn\AppData\Local\Microsoft\WindowsApps;;C:\Program Files\Azure Data Studio\bin
USERNAME=jhonn
OS=Windows_NT
PROCESSOR_IDENTIFIER=Intel64 Family 6 Model 58 Stepping 9, GenuineIntel
TMP=C:\Users\jhonn\AppData\Local\Temp
TEMP=C:\Users\jhonn\AppData\Local\Temp



Periodic native trim disabled


---------------  S Y S T E M  ---------------

OS:
 Windows 10 , 64 bit Build 19041 (10.0.19041.3636)
OS uptime: 0 days 0:16 hours

CPU: total 4 (initial active 4) (2 cores per cpu, 2 threads per core) family 6 model 58 stepping 9 microcode 0x21, cx8, cmov, fxsr, ht, mmx, sse, sse2, sse3, ssse3, sse4.1, sse4.2, popcnt, tsc, tscinvbit, avx, erms, clmul, vzeroupper, clflush
Processor Information for all 4 processors :
  Max Mhz: 1901, Current Mhz: 1901, Mhz Limit: 1901

Memory: 4k page, system-wide physical 1949M (140M free)
TotalPageFile size 7837M (AvailPageFile size 4M)
current process WorkingSet (physical memory assigned to process): 166M, peak: 178M
current process commit charge ("private bytes"): 274M, peak: 276M

vm_info: OpenJDK 64-Bit Server VM (17.0.10+7) for windows-amd64 JRE (17.0.10+7), built on Jan 16 2024 23:25:11 by "admin" with MS VC++ 16.10 / 16.11 (VS2019)

END.
