#
# There is insufficient memory for the Java Runtime Environment to continue.
# Native memory allocation (malloc) failed to allocate 231376 bytes for Chunk::new
# Possible reasons:
#   The system is out of physical RAM or swap space
#   The process is running with CompressedOops enabled, and the Java Heap may be blocking the growth of the native heap
# Possible solutions:
#   Reduce memory load on the system
#   Increase physical memory or swap space
#   Check if swap backing store is full
#   Decrease Java heap size (-Xmx/-Xms)
#   Decrease number of Java threads
#   Decrease Java thread stack sizes (-Xss)
#   Set larger code cache with -XX:ReservedCodeCacheSize=
#   JVM is running with Unscaled Compressed Oops mode in which the Java heap is
#     placed in the first 4GB address space. The Java Heap base address is the
#     maximum limit for the native heap growth. Please use -XX:HeapBaseMinAddress
#     to set the Java Heap base and to place the Java Heap above 4GB virtual address.
# This output file may be truncated or incomplete.
#
#  Out of Memory Error (arena.cpp:191), pid=6088, tid=9804
#
# JRE version: OpenJDK Runtime Environment Temurin-17.0.10+7 (17.0.10+7) (build 17.0.10+7)
# Java VM: OpenJDK 64-Bit Server VM Temurin-17.0.10+7 (17.0.10+7, mixed mode, tiered, compressed oops, compressed class ptrs, g1 gc, windows-amd64)
# No core dump will be written. Minidumps are not enabled by default on client versions of Windows
#

---------------  S U M M A R Y ------------

Command Line: --add-opens=java.base/java.lang=ALL-UNNAMED --add-opens=java.base/java.io=ALL-UNNAMED --add-opens=java.base/java.util=ALL-UNNAMED -Dplugin.dir=C:\Users\jhonn\.vscode\extensions\redhat.java-1.29.0-win32-x64\server\..\..\vscjava.vscode-gradle-3.13.5\server\plugins com.microsoft.java.bs.core.Launcher

Host: Intel(R) Core(TM) i3-3227U CPU @ 1.90GHz, 4 cores, 1G,  Windows 10 , 64 bit Build 19041 (10.0.19041.3636)
Time: Wed Apr 17 21:34:15 2024 Hora est. Pacífico, Sudamérica elapsed time: 3.994745 seconds (0d 0h 0m 3s)

---------------  T H R E A D  ---------------

Current thread (0x00000177b1edc910):  JavaThread "C2 CompilerThread0" daemon [_thread_in_native, id=9804, stack(0x0000002526d00000,0x0000002526e00000)]


Current CompileTask:
C2:   3994 1230  s!   4       jdk.internal.loader.URLClassPath::getLoader (196 bytes)

Stack: [0x0000002526d00000,0x0000002526e00000]
Native frames: (J=compiled Java code, j=interpreted, Vv=VM code, C=native code)
V  [jvm.dll+0x67d2c9]
V  [jvm.dll+0x834afa]
V  [jvm.dll+0x8365be]
V  [jvm.dll+0x836c23]
V  [jvm.dll+0x2477ff]
V  [jvm.dll+0xac514]
V  [jvm.dll+0xacb5c]
V  [jvm.dll+0x2aed1f]
V  [jvm.dll+0x584b67]
V  [jvm.dll+0x2228a2]
V  [jvm.dll+0x21b5cd]
V  [jvm.dll+0x219201]
V  [jvm.dll+0x1a502d]
V  [jvm.dll+0x2290de]
V  [jvm.dll+0x2272ac]
V  [jvm.dll+0x7e9bb7]
V  [jvm.dll+0x7e3fba]
V  [jvm.dll+0x67c1b5]
C  [ucrtbase.dll+0x21bb2]
C  [KERNEL32.DLL+0x17344]
C  [ntdll.dll+0x526b1]


---------------  P R O C E S S  ---------------

Threads class SMR info:
_java_thread_list=0x00000177b689c830, length=16, elements={
0x00000177b1ea9a60, 0x00000177b1eaa8e0, 0x00000177b1ed8ed0, 0x00000177b1eda8a0,
0x00000177b1edb260, 0x00000177b1edbc20, 0x00000177b1edc910, 0x00000177b1ee6af0,
0x00000177b1f5e4f0, 0x00000177b6235370, 0x00000177b6235c60, 0x00000177b67a1dc0,
0x000001779ac0ed90, 0x00000177b66752a0, 0x00000177b684bb60, 0x00000177b6887750
}

Java Threads: ( => current thread )
  0x00000177b1ea9a60 JavaThread "Reference Handler" daemon [_thread_blocked, id=2152, stack(0x0000002526700000,0x0000002526800000)]
  0x00000177b1eaa8e0 JavaThread "Finalizer" daemon [_thread_blocked, id=12680, stack(0x0000002526800000,0x0000002526900000)]
  0x00000177b1ed8ed0 JavaThread "Signal Dispatcher" daemon [_thread_blocked, id=11952, stack(0x0000002526900000,0x0000002526a00000)]
  0x00000177b1eda8a0 JavaThread "Attach Listener" daemon [_thread_blocked, id=1112, stack(0x0000002526a00000,0x0000002526b00000)]
  0x00000177b1edb260 JavaThread "Service Thread" daemon [_thread_blocked, id=11440, stack(0x0000002526b00000,0x0000002526c00000)]
  0x00000177b1edbc20 JavaThread "Monitor Deflation Thread" daemon [_thread_blocked, id=7640, stack(0x0000002526c00000,0x0000002526d00000)]
=>0x00000177b1edc910 JavaThread "C2 CompilerThread0" daemon [_thread_in_native, id=9804, stack(0x0000002526d00000,0x0000002526e00000)]
  0x00000177b1ee6af0 JavaThread "C1 CompilerThread0" daemon [_thread_blocked, id=11880, stack(0x0000002526e00000,0x0000002526f00000)]
  0x00000177b1f5e4f0 JavaThread "Sweeper thread" daemon [_thread_blocked, id=11732, stack(0x0000002526f00000,0x0000002527000000)]
  0x00000177b6235370 JavaThread "Common-Cleaner" daemon [_thread_blocked, id=1344, stack(0x0000002527000000,0x0000002527100000)]
  0x00000177b6235c60 JavaThread "Notification Thread" daemon [_thread_blocked, id=3248, stack(0x0000002527100000,0x0000002527200000)]
  0x00000177b67a1dc0 JavaThread "pool-1-thread-1" [_thread_blocked, id=11580, stack(0x0000002527300000,0x0000002527400000)]
  0x000001779ac0ed90 JavaThread "DestroyJavaVM" [_thread_blocked, id=13144, stack(0x0000002526000000,0x0000002526100000)]
  0x00000177b66752a0 JavaThread "ForkJoinPool.commonPool-worker-1" daemon [_thread_blocked, id=8684, stack(0x0000002527400000,0x0000002527500000)]
  0x00000177b684bb60 JavaThread "Connection worker" daemon [_thread_in_Java, id=10424, stack(0x0000002527900000,0x0000002527a00000)]
  0x00000177b6887750 JavaThread "ForkJoinPool.commonPool-worker-2" daemon [_thread_blocked, id=3952, stack(0x0000002527a00000,0x0000002527b00000)]

Other Threads:
  0x00000177b1e958c0 VMThread "VM Thread" [stack: 0x0000002526600000,0x0000002526700000] [id=9036]
  0x00000177b6231030 WatcherThread [stack: 0x0000002527200000,0x0000002527300000] [id=12424]
  0x000001779ac3b3c0 GCTaskThread "GC Thread#0" [stack: 0x0000002526100000,0x0000002526200000] [id=3684]
  0x00000177b6837440 GCTaskThread "GC Thread#1" [stack: 0x0000002527500000,0x0000002527600000] [id=6820]
  0x00000177b6837700 GCTaskThread "GC Thread#2" [stack: 0x0000002527600000,0x0000002527700000] [id=12340]
  0x00000177b68379c0 GCTaskThread "GC Thread#3" [stack: 0x0000002527700000,0x0000002527800000] [id=11692]
  0x000001779ac40010 ConcurrentGCThread "G1 Main Marker" [stack: 0x0000002526200000,0x0000002526300000] [id=12484]
  0x000001779ac41a40 ConcurrentGCThread "G1 Conc#0" [stack: 0x0000002526300000,0x0000002526400000] [id=11772]
  0x000001779ac77640 ConcurrentGCThread "G1 Refine#0" [stack: 0x0000002526400000,0x0000002526500000] [id=10768]
  0x00000177b684a860 ConcurrentGCThread "G1 Refine#1" [stack: 0x0000002527800000,0x0000002527900000] [id=2452]
  0x000001779ac78070 ConcurrentGCThread "G1 Service" [stack: 0x0000002526500000,0x0000002526600000] [id=8088]

Threads with active compile tasks:
C2 CompilerThread0     4047 1230  s!   4       jdk.internal.loader.URLClassPath::getLoader (196 bytes)

VM state: not at safepoint (normal execution)

VM Mutex/Monitor currently owned by a thread: None

Heap address: 0x00000000e1800000, size: 488 MB, Compressed Oops mode: 32-bit

CDS archive(s) not mapped
Compressed class space mapped at: 0x0000000100000000-0x0000000140000000, reserved size: 1073741824
Narrow klass base: 0x0000000000000000, Narrow klass shift: 3, Narrow klass range: 0x140000000

GC Precious Log:
 CPUs: 4 total, 4 available
 Memory: 1949M
 Large Page Support: Disabled
 NUMA Support: Disabled
 Compressed Oops: Enabled (32-bit)
 Heap Region Size: 1M
 Heap Min Capacity: 8M
 Heap Initial Capacity: 32M
 Heap Max Capacity: 488M
 Pre-touch: Disabled
 Parallel Workers: 4
 Concurrent Workers: 1
 Concurrent Refinement Workers: 4
 Periodic GC: Disabled

Heap:
 garbage-first heap   total 32768K, used 14771K [0x00000000e1800000, 0x0000000100000000)
  region size 1024K, 5 young (5120K), 2 survivors (2048K)
 Metaspace       used 14964K, committed 15168K, reserved 1114112K
  class space    used 1668K, committed 1792K, reserved 1048576K

Heap Regions: E=young(eden), S=young(survivor), O=old, HS=humongous(starts), HC=humongous(continues), CS=collection set, F=free, OA=open archive, CA=closed archive, TAMS=top-at-mark-start (previous, next)
|   0|0x00000000e1800000, 0x00000000e1900000, 0x00000000e1900000|100%| O|  |TAMS 0x00000000e1800000, 0x00000000e1800000| Untracked 
|   1|0x00000000e1900000, 0x00000000e1a00000, 0x00000000e1a00000|100%| O|  |TAMS 0x00000000e1900000, 0x00000000e1900000| Untracked 
|   2|0x00000000e1a00000, 0x00000000e1b00000, 0x00000000e1b00000|100%|HS|  |TAMS 0x00000000e1a00000, 0x00000000e1a00000| Complete 
|   3|0x00000000e1b00000, 0x00000000e1c00000, 0x00000000e1c00000|100%|HC|  |TAMS 0x00000000e1b00000, 0x00000000e1b00000| Complete 
|   4|0x00000000e1c00000, 0x00000000e1d00000, 0x00000000e1d00000|100%|HC|  |TAMS 0x00000000e1c00000, 0x00000000e1c00000| Complete 
|   5|0x00000000e1d00000, 0x00000000e1e00000, 0x00000000e1e00000|100%|HC|  |TAMS 0x00000000e1d00000, 0x00000000e1d00000| Complete 
|   6|0x00000000e1e00000, 0x00000000e1f00000, 0x00000000e1f00000|100%| O|  |TAMS 0x00000000e1e00000, 0x00000000e1e00000| Untracked 
|   7|0x00000000e1f00000, 0x00000000e2000000, 0x00000000e2000000|100%| O|  |TAMS 0x00000000e1f00000, 0x00000000e1f00000| Untracked 
|   8|0x00000000e2000000, 0x00000000e2100000, 0x00000000e2100000|100%| O|  |TAMS 0x00000000e2000000, 0x00000000e2000000| Untracked 
|   9|0x00000000e2100000, 0x00000000e2200000, 0x00000000e2200000|100%| O|  |TAMS 0x00000000e2100000, 0x00000000e2100000| Untracked 
|  10|0x00000000e2200000, 0x00000000e226ce00, 0x00000000e2300000| 42%| O|  |TAMS 0x00000000e2200000, 0x00000000e2200000| Untracked 
|  11|0x00000000e2300000, 0x00000000e2300000, 0x00000000e2400000|  0%| F|  |TAMS 0x00000000e2300000, 0x00000000e2300000| Untracked 
|  12|0x00000000e2400000, 0x00000000e2400000, 0x00000000e2500000|  0%| F|  |TAMS 0x00000000e2400000, 0x00000000e2400000| Untracked 
|  13|0x00000000e2500000, 0x00000000e2500000, 0x00000000e2600000|  0%| F|  |TAMS 0x00000000e2500000, 0x00000000e2500000| Untracked 
|  14|0x00000000e2600000, 0x00000000e2600000, 0x00000000e2700000|  0%| F|  |TAMS 0x00000000e2600000, 0x00000000e2600000| Untracked 
|  15|0x00000000e2700000, 0x00000000e2700000, 0x00000000e2800000|  0%| F|  |TAMS 0x00000000e2700000, 0x00000000e2700000| Untracked 
|  16|0x00000000e2800000, 0x00000000e2800000, 0x00000000e2900000|  0%| F|  |TAMS 0x00000000e2800000, 0x00000000e2800000| Untracked 
|  17|0x00000000e2900000, 0x00000000e2900000, 0x00000000e2a00000|  0%| F|  |TAMS 0x00000000e2900000, 0x00000000e2900000| Untracked 
|  18|0x00000000e2a00000, 0x00000000e2a00000, 0x00000000e2b00000|  0%| F|  |TAMS 0x00000000e2a00000, 0x00000000e2a00000| Untracked 
|  19|0x00000000e2b00000, 0x00000000e2b00000, 0x00000000e2c00000|  0%| F|  |TAMS 0x00000000e2b00000, 0x00000000e2b00000| Untracked 
|  20|0x00000000e2c00000, 0x00000000e2d00000, 0x00000000e2d00000|100%| S|CS|TAMS 0x00000000e2c00000, 0x00000000e2c00000| Complete 
|  21|0x00000000e2d00000, 0x00000000e2e00000, 0x00000000e2e00000|100%| S|CS|TAMS 0x00000000e2d00000, 0x00000000e2d00000| Complete 
|  22|0x00000000e2e00000, 0x00000000e2e00000, 0x00000000e2f00000|  0%| F|  |TAMS 0x00000000e2e00000, 0x00000000e2e00000| Untracked 
|  23|0x00000000e2f00000, 0x00000000e2f00000, 0x00000000e3000000|  0%| F|  |TAMS 0x00000000e2f00000, 0x00000000e2f00000| Untracked 
|  24|0x00000000e3000000, 0x00000000e3000000, 0x00000000e3100000|  0%| F|  |TAMS 0x00000000e3000000, 0x00000000e3000000| Untracked 
|  25|0x00000000e3100000, 0x00000000e3100000, 0x00000000e3200000|  0%| F|  |TAMS 0x00000000e3100000, 0x00000000e3100000| Untracked 
|  26|0x00000000e3200000, 0x00000000e3200000, 0x00000000e3300000|  0%| F|  |TAMS 0x00000000e3200000, 0x00000000e3200000| Untracked 
|  27|0x00000000e3300000, 0x00000000e3300000, 0x00000000e3400000|  0%| F|  |TAMS 0x00000000e3300000, 0x00000000e3300000| Untracked 
|  28|0x00000000e3400000, 0x00000000e3400000, 0x00000000e3500000|  0%| F|  |TAMS 0x00000000e3400000, 0x00000000e3400000| Untracked 
|  29|0x00000000e3500000, 0x00000000e35f21f8, 0x00000000e3600000| 94%| E|  |TAMS 0x00000000e3500000, 0x00000000e3500000| Complete 
|  30|0x00000000e3600000, 0x00000000e3700000, 0x00000000e3700000|100%| E|CS|TAMS 0x00000000e3600000, 0x00000000e3600000| Complete 
|  31|0x00000000e3700000, 0x00000000e3800000, 0x00000000e3800000|100%| E|CS|TAMS 0x00000000e3700000, 0x00000000e3700000| Complete 

Card table byte_map: [0x00000177ae7e0000,0x00000177ae8e0000] _byte_map_base: 0x00000177ae0d4000

Marking Bits (Prev, Next): (CMBitMap*) 0x000001779ac3b9e0, (CMBitMap*) 0x000001779ac3ba20
 Prev Bits: [0x00000177ae9e0000, 0x00000177af180000)
 Next Bits: [0x00000177af180000, 0x00000177af920000)

Polling page: 0x000001779aa30000

Metaspace:

Usage:
  Non-class:     12.99 MB used.
      Class:      1.63 MB used.
       Both:     14.62 MB used.

Virtual space:
  Non-class space:       64.00 MB reserved,      13.06 MB ( 20%) committed,  1 nodes.
      Class space:        1.00 GB reserved,       1.75 MB ( <1%) committed,  1 nodes.
             Both:        1.06 GB reserved,      14.81 MB (  1%) committed. 

Chunk freelists:
   Non-Class:  2.34 MB
       Class:  14.28 MB
        Both:  16.62 MB

MaxMetaspaceSize: unlimited
CompressedClassSpaceSize: 1.00 GB
Initial GC threshold: 21.00 MB
Current GC threshold: 21.00 MB
CDS: off
MetaspaceReclaimPolicy: balanced
 - commit_granule_bytes: 65536.
 - commit_granule_words: 8192.
 - virtual_space_node_default_size: 8388608.
 - enlarge_chunks_in_place: 1.
 - new_chunks_are_fully_committed: 0.
 - uncommit_free_chunks: 1.
 - use_allocation_guard: 0.
 - handle_deallocations: 1.


Internal statistics:

num_allocs_failed_limit: 0.
num_arena_births: 40.
num_arena_deaths: 0.
num_vsnodes_births: 2.
num_vsnodes_deaths: 0.
num_space_committed: 237.
num_space_uncommitted: 0.
num_chunks_returned_to_freelist: 0.
num_chunks_taken_from_freelist: 228.
num_chunk_merges: 0.
num_chunk_splits: 136.
num_chunks_enlarged: 106.
num_inconsistent_stats: 0.

CodeHeap 'non-profiled nmethods': size=120000Kb used=406Kb max_used=406Kb free=119593Kb
 bounds [0x00000177a6b80000, 0x00000177a6df0000, 0x00000177ae0b0000]
CodeHeap 'profiled nmethods': size=120000Kb used=2479Kb max_used=2479Kb free=117520Kb
 bounds [0x000001779f0b0000, 0x000001779f320000, 0x00000177a65e0000]
CodeHeap 'non-nmethods': size=5760Kb used=1168Kb max_used=1183Kb free=4591Kb
 bounds [0x00000177a65e0000, 0x00000177a6850000, 0x00000177a6b80000]
 total_blobs=1727 nmethods=1262 adapters=378
 compilation: enabled
              stopped_count=0, restarted_count=0
 full_count=0

Compilation events (20 events):
Event: 3.892 Thread 0x00000177b1ee6af0 1245       3       java.util.WeakHashMap$Entry::<init> (24 bytes)
Event: 3.893 Thread 0x00000177b1ee6af0 nmethod 1245 0x000001779f30c210 code [0x000001779f30c3c0, 0x000001779f30c7b8]
Event: 3.894 Thread 0x00000177b1ee6af0 1246       3       jdk.internal.perf.PerfCounter::addElapsedTimeFrom (10 bytes)
Event: 3.894 Thread 0x00000177b1ee6af0 nmethod 1246 0x000001779f30c910 code [0x000001779f30cac0, 0x000001779f30cc48]
Event: 3.894 Thread 0x00000177b1ee6af0 1247       3       java.util.WeakHashMap::put (160 bytes)
Event: 3.897 Thread 0x00000177b1ee6af0 nmethod 1247 0x000001779f30cd10 code [0x000001779f30cfa0, 0x000001779f30dfa8]
Event: 3.911 Thread 0x00000177b1ee6af0 1249       3       sun.invoke.util.Wrapper::forPrimitiveType (49 bytes)
Event: 3.914 Thread 0x00000177b1ee6af0 nmethod 1249 0x000001779f30e510 code [0x000001779f30e880, 0x000001779f30fc08]
Event: 3.914 Thread 0x00000177b1ee6af0 1252       3       java.util.jar.JavaUtilJarAccessImpl::getTrustedAttributes (6 bytes)
Event: 3.914 Thread 0x00000177b1ee6af0 nmethod 1252 0x000001779f310390 code [0x000001779f310540, 0x000001779f310688]
Event: 3.914 Thread 0x00000177b1ee6af0 1250       3       jdk.internal.org.objectweb.asm.MethodWriter::visitTryCatchBlock (67 bytes)
Event: 3.915 Thread 0x00000177b1ee6af0 nmethod 1250 0x000001779f310790 code [0x000001779f310980, 0x000001779f311008]
Event: 3.915 Thread 0x00000177b1ee6af0 1251       3       jdk.internal.org.objectweb.asm.Handler::<init> (32 bytes)
Event: 3.915 Thread 0x00000177b1ee6af0 nmethod 1251 0x000001779f311210 code [0x000001779f3113c0, 0x000001779f311698]
Event: 3.937 Thread 0x00000177b1ee6af0 1253 %     3       java.util.Properties$LineReader::readLine @ 53 (584 bytes)
Event: 3.943 Thread 0x00000177b1ee6af0 nmethod 1253% 0x000001779f311790 code [0x000001779f311b80, 0x000001779f314b38]
Event: 3.958 Thread 0x00000177b1edc910 nmethod 1229 0x00000177a6be2190 code [0x00000177a6be2440, 0x00000177a6be4040]
Event: 3.959 Thread 0x00000177b1edc910 1230  s!   4       jdk.internal.loader.URLClassPath::getLoader (196 bytes)
Event: 3.988 Thread 0x00000177b1ee6af0 1255       3       java.util.zip.ZipUtils::CENATX_PERMS (9 bytes)
Event: 3.989 Thread 0x00000177b1ee6af0 nmethod 1255 0x000001779f315990 code [0x000001779f315b20, 0x000001779f315cd8]

GC Heap History (4 events):
Event: 2.940 GC heap before
{Heap before GC invocations=0 (full 0):
 garbage-first heap   total 32768K, used 12288K [0x00000000e1800000, 0x0000000100000000)
  region size 1024K, 13 young (13312K), 0 survivors (0K)
 Metaspace       used 12681K, committed 12864K, reserved 1114112K
  class space    used 1334K, committed 1408K, reserved 1048576K
}
Event: 2.951 GC heap after
{Heap after GC invocations=1 (full 0):
 garbage-first heap   total 32768K, used 3621K [0x00000000e1800000, 0x0000000100000000)
  region size 1024K, 2 young (2048K), 2 survivors (2048K)
 Metaspace       used 12681K, committed 12864K, reserved 1114112K
  class space    used 1334K, committed 1408K, reserved 1048576K
}
Event: 3.810 GC heap before
{Heap before GC invocations=1 (full 0):
 garbage-first heap   total 32768K, used 16933K [0x00000000e1800000, 0x0000000100000000)
  region size 1024K, 12 young (12288K), 2 survivors (2048K)
 Metaspace       used 14215K, committed 14336K, reserved 1114112K
  class space    used 1544K, committed 1600K, reserved 1048576K
}
Event: 3.818 GC heap after
{Heap after GC invocations=2 (full 0):
 garbage-first heap   total 32768K, used 12723K [0x00000000e1800000, 0x0000000100000000)
  region size 1024K, 2 young (2048K), 2 survivors (2048K)
 Metaspace       used 14215K, committed 14336K, reserved 1114112K
  class space    used 1544K, committed 1600K, reserved 1048576K
}

Dll operation events (6 events):
Event: 0.047 Loaded shared library C:\Users\jhonn\.vscode\extensions\redhat.java-1.29.0-win32-x64\jre\17.0.10-win32-x86_64\bin\java.dll
Event: 0.936 Loaded shared library C:\Users\jhonn\.vscode\extensions\redhat.java-1.29.0-win32-x64\jre\17.0.10-win32-x86_64\bin\net.dll
Event: 0.946 Loaded shared library C:\Users\jhonn\.vscode\extensions\redhat.java-1.29.0-win32-x64\jre\17.0.10-win32-x86_64\bin\nio.dll
Event: 0.967 Loaded shared library C:\Users\jhonn\.vscode\extensions\redhat.java-1.29.0-win32-x64\jre\17.0.10-win32-x86_64\bin\zip.dll
Event: 1.356 Loaded shared library C:\Users\jhonn\.vscode\extensions\redhat.java-1.29.0-win32-x64\jre\17.0.10-win32-x86_64\bin\jimage.dll
Event: 2.859 Loaded shared library C:\Users\jhonn\.vscode\extensions\redhat.java-1.29.0-win32-x64\jre\17.0.10-win32-x86_64\bin\verify.dll

Deoptimization events (20 events):
Event: 3.727 Thread 0x00000177b684bb60 Uncommon trap: trap_request=0xffffff45 fr.pc=0x00000177a6b9a978 relative=0x00000000000004b8
Event: 3.727 Thread 0x00000177b684bb60 Uncommon trap: reason=unstable_if action=reinterpret pc=0x00000177a6b9a978 method=java.util.zip.ZipCoder$UTF8ZipCoder.checkedHash([BII)I @ 27 c2
Event: 3.727 Thread 0x00000177b684bb60 DEOPT PACKING pc=0x00000177a6b9a978 sp=0x00000025279fd890
Event: 3.727 Thread 0x00000177b684bb60 DEOPT UNPACKING pc=0x00000177a66369a3 sp=0x00000025279fd758 mode 2
Event: 3.727 Thread 0x00000177b684bb60 Uncommon trap: trap_request=0xffffff45 fr.pc=0x00000177a6ba9ba8 relative=0x0000000000000128
Event: 3.727 Thread 0x00000177b684bb60 Uncommon trap: reason=unstable_if action=reinterpret pc=0x00000177a6ba9ba8 method=java.lang.StringCoding.hasNegatives([BII)Z @ 12 c2
Event: 3.727 Thread 0x00000177b684bb60 DEOPT PACKING pc=0x00000177a6ba9ba8 sp=0x00000025279fd600
Event: 3.727 Thread 0x00000177b684bb60 DEOPT UNPACKING pc=0x00000177a66369a3 sp=0x00000025279fd590 mode 2
Event: 3.727 Thread 0x00000177b684bb60 Uncommon trap: trap_request=0xffffff45 fr.pc=0x00000177a6bd31f8 relative=0x0000000000000258
Event: 3.727 Thread 0x00000177b684bb60 Uncommon trap: reason=unstable_if action=reinterpret pc=0x00000177a6bd31f8 method=java.lang.String.hashCode()I @ 20 c2
Event: 3.727 Thread 0x00000177b684bb60 DEOPT PACKING pc=0x00000177a6bd31f8 sp=0x00000025279fd740
Event: 3.728 Thread 0x00000177b684bb60 DEOPT UNPACKING pc=0x00000177a66369a3 sp=0x00000025279fd678 mode 2
Event: 3.728 Thread 0x00000177b684bb60 Uncommon trap: trap_request=0xffffff45 fr.pc=0x00000177a6bd6298 relative=0x0000000000000178
Event: 3.728 Thread 0x00000177b684bb60 Uncommon trap: reason=unstable_if action=reinterpret pc=0x00000177a6bd6298 method=java.util.zip.ZipFile$Source.isMetaName([BII)Z @ 57 c2
Event: 3.728 Thread 0x00000177b684bb60 DEOPT PACKING pc=0x00000177a6bd6298 sp=0x00000025279fd8a0
Event: 3.728 Thread 0x00000177b684bb60 DEOPT UNPACKING pc=0x00000177a66369a3 sp=0x00000025279fd830 mode 2
Event: 3.749 Thread 0x00000177b684bb60 DEOPT PACKING pc=0x000001779f2acd3e sp=0x00000025279fd670
Event: 3.749 Thread 0x00000177b684bb60 DEOPT UNPACKING pc=0x00000177a6637143 sp=0x00000025279fcb10 mode 0
Event: 3.913 Thread 0x00000177b684bb60 DEOPT PACKING pc=0x000001779f2fde56 sp=0x00000025279fab60
Event: 3.913 Thread 0x00000177b684bb60 DEOPT UNPACKING pc=0x00000177a6637143 sp=0x00000025279f9fe8 mode 0

Classes unloaded (0 events):
No events

Classes redefined (0 events):
No events

Internal exceptions (8 events):
Event: 1.888 Thread 0x000001779ac0ed90 Exception <a 'java/lang/NoSuchMethodError'{0x00000000e32589d0}: 'void java.lang.invoke.DirectMethodHandle$Holder.invokeStatic(java.lang.Object, java.lang.Object, java.lang.Object)'> (0x00000000e32589d0) 
thrown [s\src\hotspot\share\interpreter\linkResolver.cpp, line 759]
Event: 1.961 Thread 0x000001779ac0ed90 Exception <a 'java/lang/NoSuchMethodError'{0x00000000e32c31a8}: 'void java.lang.invoke.DirectMethodHandle$Holder.invokeStatic(java.lang.Object, java.lang.Object, java.lang.Object, java.lang.Object)'> (0x00000000e32c31a8) 
thrown [s\src\hotspot\share\interpreter\linkResolver.cpp, line 759]
Event: 2.237 Thread 0x000001779ac0ed90 Exception <a 'java/lang/NoSuchMethodError'{0x00000000e2f607b8}: 'java.lang.Object java.lang.invoke.DirectMethodHandle$Holder.newInvokeSpecial(java.lang.Object, java.lang.Object, java.lang.Object, java.lang.Object, java.lang.Object)'> (0x00000000e2f607b8) 
thrown [s\src\hotspot\share\interpreter\linkResolver.cpp, line 759]
Event: 2.257 Thread 0x000001779ac0ed90 Exception <a 'java/lang/NoSuchMethodError'{0x00000000e2f94948}: 'void java.lang.invoke.DirectMethodHandle$Holder.invokeSpecial(java.lang.Object, java.lang.Object, java.lang.Object)'> (0x00000000e2f94948) 
thrown [s\src\hotspot\share\interpreter\linkResolver.cpp, line 759]
Event: 2.382 Thread 0x00000177b67a1dc0 Exception <a 'java/lang/NoSuchMethodError'{0x00000000e2ea50a0}: 'java.lang.Object java.lang.invoke.Invokers$Holder.linkToTargetMethod(java.lang.Object, long, java.lang.Object, java.lang.Object)'> (0x00000000e2ea50a0) 
thrown [s\src\hotspot\share\interpreter\linkResolver.cpp, line 759]
Event: 2.458 Thread 0x00000177b66752a0 Exception <a 'java/lang/NoSuchMethodError'{0x00000000e2d2ad98}: 'int java.lang.invoke.DirectMethodHandle$Holder.invokeStatic(java.lang.Object, java.lang.Object, int)'> (0x00000000e2d2ad98) 
thrown [s\src\hotspot\share\interpreter\linkResolver.cpp, line 759]
Event: 2.870 Thread 0x00000177b66752a0 Exception <a 'java/lang/NoClassDefFoundError'{0x00000000e2b5d878}: org/slf4j/impl/StaticLoggerBinder> (0x00000000e2b5d878) 
thrown [s\src\hotspot\share\classfile\systemDictionary.cpp, line 245]
Event: 3.291 Thread 0x00000177b684bb60 Exception <a 'java/lang/NoSuchMethodError'{0x00000000e34b2830}: 'void java.lang.invoke.DirectMethodHandle$Holder.invokeInterface(java.lang.Object, java.lang.Object, java.lang.Object)'> (0x00000000e34b2830) 
thrown [s\src\hotspot\share\interpreter\linkResolver.cpp, line 759]

VM Operations (18 events):
Event: 0.983 Executing VM operation: HandshakeAllThreads
Event: 0.984 Executing VM operation: HandshakeAllThreads done
Event: 1.992 Executing VM operation: Cleanup
Event: 1.993 Executing VM operation: Cleanup done
Event: 2.038 Executing VM operation: HandshakeAllThreads
Event: 2.039 Executing VM operation: HandshakeAllThreads done
Event: 2.779 Executing VM operation: HandshakeAllThreads
Event: 2.779 Executing VM operation: HandshakeAllThreads done
Event: 2.939 Executing VM operation: G1CollectForAllocation
Event: 2.951 Executing VM operation: G1CollectForAllocation done
Event: 2.972 Executing VM operation: HandshakeAllThreads
Event: 2.972 Executing VM operation: HandshakeAllThreads done
Event: 2.992 Executing VM operation: HandshakeAllThreads
Event: 2.992 Executing VM operation: HandshakeAllThreads done
Event: 3.810 Executing VM operation: G1CollectForAllocation
Event: 3.818 Executing VM operation: G1CollectForAllocation done
Event: 3.833 Executing VM operation: HandshakeAllThreads
Event: 3.833 Executing VM operation: HandshakeAllThreads done

Events (20 events):
Event: 3.560 loading class java/io/FilePermissionCollection
Event: 3.561 loading class java/io/FilePermissionCollection done
Event: 3.561 loading class java/io/FilePermissionCollection$1
Event: 3.561 loading class java/io/FilePermissionCollection$1 done
Event: 3.933 loading class java/net/URLClassLoader$2
Event: 3.933 loading class java/net/URLClassLoader$2 done
Event: 3.950 loading class java/util/concurrent/locks/ReentrantReadWriteLock
Event: 3.950 loading class java/util/concurrent/locks/ReadWriteLock
Event: 3.950 loading class java/util/concurrent/locks/ReadWriteLock done
Event: 3.950 loading class java/util/concurrent/locks/ReentrantReadWriteLock done
Event: 3.950 loading class java/util/concurrent/locks/ReentrantReadWriteLock$NonfairSync
Event: 3.950 loading class java/util/concurrent/locks/ReentrantReadWriteLock$Sync
Event: 3.950 loading class java/util/concurrent/locks/ReentrantReadWriteLock$Sync done
Event: 3.950 loading class java/util/concurrent/locks/ReentrantReadWriteLock$NonfairSync done
Event: 3.950 loading class java/util/concurrent/locks/ReentrantReadWriteLock$Sync$ThreadLocalHoldCounter
Event: 3.951 loading class java/util/concurrent/locks/ReentrantReadWriteLock$Sync$ThreadLocalHoldCounter done
Event: 3.951 loading class java/util/concurrent/locks/ReentrantReadWriteLock$ReadLock
Event: 3.951 loading class java/util/concurrent/locks/ReentrantReadWriteLock$ReadLock done
Event: 3.951 loading class java/util/concurrent/locks/ReentrantReadWriteLock$WriteLock
Event: 3.951 loading class java/util/concurrent/locks/ReentrantReadWriteLock$WriteLock done


Dynamic libraries:
0x00007ff6416b0000 - 0x00007ff6416be000 	C:\Users\jhonn\.vscode\extensions\redhat.java-1.29.0-win32-x64\jre\17.0.10-win32-x86_64\bin\java.exe
0x00007ff972450000 - 0x00007ff972648000 	C:\WINDOWS\SYSTEM32\ntdll.dll
0x00007ff971fa0000 - 0x00007ff97205d000 	C:\WINDOWS\System32\KERNEL32.DLL
0x00007ff96ffe0000 - 0x00007ff9702d6000 	C:\WINDOWS\System32\KERNELBASE.dll
0x00007ff970380000 - 0x00007ff970480000 	C:\WINDOWS\System32\ucrtbase.dll
0x00007ff968d70000 - 0x00007ff968d87000 	C:\Users\jhonn\.vscode\extensions\redhat.java-1.29.0-win32-x64\jre\17.0.10-win32-x86_64\bin\jli.dll
0x00007ff970480000 - 0x00007ff97061f000 	C:\WINDOWS\System32\USER32.dll
0x00007ff970350000 - 0x00007ff970372000 	C:\WINDOWS\System32\win32u.dll
0x00007ff971e10000 - 0x00007ff971e3b000 	C:\WINDOWS\System32\GDI32.dll
0x00007ff96fd60000 - 0x00007ff96fe77000 	C:\WINDOWS\System32\gdi32full.dll
0x00007ff96fc10000 - 0x00007ff96fcad000 	C:\WINDOWS\System32\msvcp_win.dll
0x00007ff968d50000 - 0x00007ff968d6b000 	C:\Users\jhonn\.vscode\extensions\redhat.java-1.29.0-win32-x64\jre\17.0.10-win32-x86_64\bin\VCRUNTIME140.dll
0x00007ff962a20000 - 0x00007ff962cba000 	C:\WINDOWS\WinSxS\amd64_microsoft.windows.common-controls_6595b64144ccf1df_6.0.19041.3636_none_60b6a03d71f818d5\COMCTL32.dll
0x00007ff972060000 - 0x00007ff9720fe000 	C:\WINDOWS\System32\msvcrt.dll
0x00007ff9707e0000 - 0x00007ff970812000 	C:\WINDOWS\System32\IMM32.DLL
0x00007ff968d40000 - 0x00007ff968d4c000 	C:\Users\jhonn\.vscode\extensions\redhat.java-1.29.0-win32-x64\jre\17.0.10-win32-x86_64\bin\vcruntime140_1.dll
0x00007ff968cb0000 - 0x00007ff968d3d000 	C:\Users\jhonn\.vscode\extensions\redhat.java-1.29.0-win32-x64\jre\17.0.10-win32-x86_64\bin\msvcp140.dll
0x00007ff925ae0000 - 0x00007ff926742000 	C:\Users\jhonn\.vscode\extensions\redhat.java-1.29.0-win32-x64\jre\17.0.10-win32-x86_64\bin\server\jvm.dll
0x00007ff9722c0000 - 0x00007ff972370000 	C:\WINDOWS\System32\ADVAPI32.dll
0x00007ff972100000 - 0x00007ff9721a0000 	C:\WINDOWS\System32\sechost.dll
0x00007ff971ce0000 - 0x00007ff971e03000 	C:\WINDOWS\System32\RPCRT4.dll
0x00007ff96fbe0000 - 0x00007ff96fc07000 	C:\WINDOWS\System32\bcrypt.dll
0x00007ff96f960000 - 0x00007ff96f9ab000 	C:\WINDOWS\SYSTEM32\POWRPROF.dll
0x00007ff952f90000 - 0x00007ff952f99000 	C:\WINDOWS\SYSTEM32\WSOCK32.dll
0x00007ff970620000 - 0x00007ff97068b000 	C:\WINDOWS\System32\WS2_32.dll
0x00007ff962fb0000 - 0x00007ff962fd7000 	C:\WINDOWS\SYSTEM32\WINMM.dll
0x00007ff962da0000 - 0x00007ff962daa000 	C:\WINDOWS\SYSTEM32\VERSION.dll
0x00007ff96f940000 - 0x00007ff96f952000 	C:\WINDOWS\SYSTEM32\UMPDC.dll
0x00007ff96d990000 - 0x00007ff96d9a2000 	C:\WINDOWS\SYSTEM32\kernel.appcore.dll
0x00007ff968ca0000 - 0x00007ff968caa000 	C:\Users\jhonn\.vscode\extensions\redhat.java-1.29.0-win32-x64\jre\17.0.10-win32-x86_64\bin\jimage.dll
0x00007ff962830000 - 0x00007ff962a14000 	C:\WINDOWS\SYSTEM32\DBGHELP.DLL
0x00007ff961480000 - 0x00007ff9614b4000 	C:\WINDOWS\SYSTEM32\dbgcore.DLL
0x00007ff96fb00000 - 0x00007ff96fb82000 	C:\WINDOWS\System32\bcryptPrimitives.dll
0x00007ff968c60000 - 0x00007ff968c85000 	C:\Users\jhonn\.vscode\extensions\redhat.java-1.29.0-win32-x64\jre\17.0.10-win32-x86_64\bin\java.dll
0x00007ff968ab0000 - 0x00007ff968ac8000 	C:\Users\jhonn\.vscode\extensions\redhat.java-1.29.0-win32-x64\jre\17.0.10-win32-x86_64\bin\zip.dll
0x00007ff970e60000 - 0x00007ff9715cb000 	C:\WINDOWS\System32\SHELL32.dll
0x00007ff96db90000 - 0x00007ff96e32e000 	C:\WINDOWS\SYSTEM32\windows.storage.dll
0x00007ff970820000 - 0x00007ff970b73000 	C:\WINDOWS\System32\combase.dll
0x00007ff96f460000 - 0x00007ff96f48e000 	C:\WINDOWS\SYSTEM32\Wldp.dll
0x00007ff970710000 - 0x00007ff9707dd000 	C:\WINDOWS\System32\OLEAUT32.dll
0x00007ff971e40000 - 0x00007ff971eed000 	C:\WINDOWS\System32\SHCORE.dll
0x00007ff970b80000 - 0x00007ff970bd5000 	C:\WINDOWS\System32\shlwapi.dll
0x00007ff96fa30000 - 0x00007ff96fa53000 	C:\WINDOWS\SYSTEM32\profapi.dll
0x00007ff9689b0000 - 0x00007ff9689c9000 	C:\Users\jhonn\.vscode\extensions\redhat.java-1.29.0-win32-x64\jre\17.0.10-win32-x86_64\bin\net.dll
0x00007ff9672e0000 - 0x00007ff9673ea000 	C:\WINDOWS\SYSTEM32\WINHTTP.dll
0x00007ff96f1c0000 - 0x00007ff96f22a000 	C:\WINDOWS\system32\mswsock.dll
0x00007ff968a90000 - 0x00007ff968aa6000 	C:\Users\jhonn\.vscode\extensions\redhat.java-1.29.0-win32-x64\jre\17.0.10-win32-x86_64\bin\nio.dll
0x00007ff968a80000 - 0x00007ff968a90000 	C:\Users\jhonn\.vscode\extensions\redhat.java-1.29.0-win32-x64\jre\17.0.10-win32-x86_64\bin\verify.dll

dbghelp: loaded successfully - version: 4.0.5 - missing functions: none
symbol engine: initialized successfully - sym options: 0x614 - pdb path: .;C:\Users\jhonn\.vscode\extensions\redhat.java-1.29.0-win32-x64\jre\17.0.10-win32-x86_64\bin;C:\WINDOWS\SYSTEM32;C:\WINDOWS\WinSxS\amd64_microsoft.windows.common-controls_6595b64144ccf1df_6.0.19041.3636_none_60b6a03d71f818d5;C:\Users\jhonn\.vscode\extensions\redhat.java-1.29.0-win32-x64\jre\17.0.10-win32-x86_64\bin\server

VM Arguments:
jvm_args: --add-opens=java.base/java.lang=ALL-UNNAMED --add-opens=java.base/java.io=ALL-UNNAMED --add-opens=java.base/java.util=ALL-UNNAMED -Dplugin.dir=C:\Users\jhonn\.vscode\extensions\redhat.java-1.29.0-win32-x64\server\..\..\vscjava.vscode-gradle-3.13.5\server\plugins 
java_command: com.microsoft.java.bs.core.Launcher
java_class_path (initial): C:\Users\jhonn\.vscode\extensions\redhat.java-1.29.0-win32-x64\server\..\..\vscjava.vscode-gradle-3.13.5\server\server.jar;C:\Users\jhonn\.vscode\extensions\redhat.java-1.29.0-win32-x64\server\..\..\vscjava.vscode-gradle-3.13.5\server\runtime\bsp4j-2.1.0-M4.jar;C:\Users\jhonn\.vscode\extensions\redhat.java-1.29.0-win32-x64\server\..\..\vscjava.vscode-gradle-3.13.5\server\runtime\checker-qual-3.5.0.jar;C:\Users\jhonn\.vscode\extensions\redhat.java-1.29.0-win32-x64\server\..\..\vscjava.vscode-gradle-3.13.5\server\runtime\commons-lang3-3.13.0.jar;C:\Users\jhonn\.vscode\extensions\redhat.java-1.29.0-win32-x64\server\..\..\vscjava.vscode-gradle-3.13.5\server\runtime\error_prone_annotations-2.3.4.jar;C:\Users\jhonn\.vscode\extensions\redhat.java-1.29.0-win32-x64\server\..\..\vscjava.vscode-gradle-3.13.5\server\runtime\failureaccess-1.0.1.jar;C:\Users\jhonn\.vscode\extensions\redhat.java-1.29.0-win32-x64\server\..\..\vscjava.vscode-gradle-3.13.5\server\runtime\gradle-tooling-api-8.1.1.jar;C:\Users\jhonn\.vscode\extensions\redhat.java-1.29.0-win32-x64\server\..\..\vscjava.vscode-gradle-3.13.5\server\runtime\gson-2.9.1.jar;C:\Users\jhonn\.vscode\extensions\redhat.java-1.29.0-win32-x64\server\..\..\vscjava.vscode-gradle-3.13.5\server\runtime\guava-30.1-jre.jar;C:\Users\jhonn\.vscode\extensions\redhat.java-1.29.0-win32-x64\server\..\..\vscjava.vscode-gradle-3.13.5\server\runtime\j2objc-annotations-1.3.jar;C:\Users\jhonn\.vscode\extensions\redhat.java-1.29.0-win32-x64\server\..\..\vscjava.vscode-gradle-3.13.5\server\runtime\jsr305-3.0.2.jar;C:\Users\jhonn\.vscode\extensions\redhat.java-1.29.0-win32-x64\server\..\..\vscjava.vscode-gradle-3.13.5\server\runtime\listenablefuture-9999.0-empty-to-avoid-conflict-with-guava.jar;C:\Users\jhonn\.vscode\extensions\redhat.java-1.29.0-win32-x64\server\..\..\vscjava.vscode-gradle-3.13.5\server\runtime\model.jar;C:\Users\jhonn\.vscode\extensions\redhat.java-1.29.0-win32-x64\server\..\..\vscjava.vscode-gradle-3.13.
Launcher Type: SUN_STANDARD

[Global flags]
     intx CICompilerCount                          = 3                                         {product} {ergonomic}
     uint ConcGCThreads                            = 1                                         {product} {ergonomic}
     uint G1ConcRefinementThreads                  = 4                                         {product} {ergonomic}
   size_t G1HeapRegionSize                         = 1048576                                   {product} {ergonomic}
    uintx GCDrainStackTargetSize                   = 64                                        {product} {ergonomic}
   size_t InitialHeapSize                          = 33554432                                  {product} {ergonomic}
   size_t MarkStackSize                            = 4194304                                   {product} {ergonomic}
   size_t MaxHeapSize                              = 511705088                                 {product} {ergonomic}
   size_t MaxNewSize                               = 306184192                                 {product} {ergonomic}
   size_t MinHeapDeltaBytes                        = 1048576                                   {product} {ergonomic}
   size_t MinHeapSize                              = 8388608                                   {product} {ergonomic}
    uintx NonNMethodCodeHeapSize                   = 5832780                                {pd product} {ergonomic}
    uintx NonProfiledCodeHeapSize                  = 122912730                              {pd product} {ergonomic}
    uintx ProfiledCodeHeapSize                     = 122912730                              {pd product} {ergonomic}
    uintx ReservedCodeCacheSize                    = 251658240                              {pd product} {ergonomic}
     bool SegmentedCodeCache                       = true                                      {product} {ergonomic}
   size_t SoftMaxHeapSize                          = 511705088                              {manageable} {ergonomic}
     bool UseCompressedClassPointers               = true                           {product lp64_product} {ergonomic}
     bool UseCompressedOops                        = true                           {product lp64_product} {ergonomic}
     bool UseG1GC                                  = true                                      {product} {ergonomic}
     bool UseLargePagesIndividualAllocation        = false                                  {pd product} {ergonomic}

Logging:
Log output configuration:
 #0: stdout all=warning uptime,level,tags
 #1: stderr all=off uptime,level,tags

Environment Variables:
JAVA_HOME=C:\Program Files\Java\jdk-21
PATH=C:\Program Files\Common Files\Oracle\Java\javapath;C:\oraclexe\app\oracle\product\11.2.0\server\bin;C:\WINDOWS\system32;C:\WINDOWS;C:\WINDOWS\System32\Wbem;C:\WINDOWS\System32\WindowsPowerShell\v1.0\;C:\WINDOWS\System32\OpenSSH\;C:\Program Files\Microsoft VS Code\bin;C:\Program Files\Microsoft SQL Server\Client SDK\ODBC\170\Tools\Binn\;C:\Program Files (x86)\Microsoft SQL Server\150\Tools\Binn\;C:\Program Files\Microsoft SQL Server\150\Tools\Binn\;C:\Program Files\Microsoft SQL Server\150\DTS\Binn\;C:\Program Files (x86)\Microsoft SQL Server\150\DTS\Binn\;C:\Program Files\Azure Data Studio\bin;C:\Program Files\Git\cmd;C:\apache-maven-3.8.4\bin;C:\Automatizacion\gradle-8.7\bin;C:\Program Files\Java\jdk-21\bin;C:\Users\jhonn\AppData\Local\Microsoft\WindowsApps;;C:\Program Files\Azure Data Studio\bin
USERNAME=jhonn
OS=Windows_NT
PROCESSOR_IDENTIFIER=Intel64 Family 6 Model 58 Stepping 9, GenuineIntel
TMP=C:\Users\jhonn\AppData\Local\Temp
TEMP=C:\Users\jhonn\AppData\Local\Temp



Periodic native trim disabled


---------------  S Y S T E M  ---------------

OS:
 Windows 10 , 64 bit Build 19041 (10.0.19041.3636)
OS uptime: 0 days 0:16 hours

CPU: total 4 (initial active 4) (2 cores per cpu, 2 threads per core) family 6 model 58 stepping 9 microcode 0x21, cx8, cmov, fxsr, ht, mmx, sse, sse2, sse3, ssse3, sse4.1, sse4.2, popcnt, tsc, tscinvbit, avx, erms, clmul, vzeroupper, clflush
Processor Information for all 4 processors :
  Max Mhz: 1901, Current Mhz: 1901, Mhz Limit: 1901

Memory: 4k page, system-wide physical 1949M (168M free)
TotalPageFile size 7837M (AvailPageFile size 3M)
current process WorkingSet (physical memory assigned to process): 81M, peak: 81M
current process commit charge ("private bytes"): 118M, peak: 119M

vm_info: OpenJDK 64-Bit Server VM (17.0.10+7) for windows-amd64 JRE (17.0.10+7), built on Jan 16 2024 23:25:11 by "admin" with MS VC++ 16.10 / 16.11 (VS2019)

END.
