#
# There is insufficient memory for the Java Runtime Environment to continue.
# Native memory allocation (malloc) failed to allocate 89936 bytes for Chunk::new
# Possible reasons:
#   The system is out of physical RAM or swap space
#   The process is running with CompressedOops enabled, and the Java Heap may be blocking the growth of the native heap
# Possible solutions:
#   Reduce memory load on the system
#   Increase physical memory or swap space
#   Check if swap backing store is full
#   Decrease Java heap size (-Xmx/-Xms)
#   Decrease number of Java threads
#   Decrease Java thread stack sizes (-Xss)
#   Set larger code cache with -XX:ReservedCodeCacheSize=
#   JVM is running with Unscaled Compressed Oops mode in which the Java heap is
#     placed in the first 4GB address space. The Java Heap base address is the
#     maximum limit for the native heap growth. Please use -XX:HeapBaseMinAddress
#     to set the Java Heap base and to place the Java Heap above 4GB virtual address.
# This output file may be truncated or incomplete.
#
#  Out of Memory Error (arena.cpp:191), pid=7552, tid=3212
#
# JRE version: OpenJDK Runtime Environment Temurin-17.0.10+7 (17.0.10+7) (build 17.0.10+7)
# Java VM: OpenJDK 64-Bit Server VM Temurin-17.0.10+7 (17.0.10+7, mixed mode, tiered, compressed oops, compressed class ptrs, parallel gc, windows-amd64)
# No core dump will be written. Minidumps are not enabled by default on client versions of Windows
#

---------------  S U M M A R Y ------------

Command Line: --add-modules=ALL-SYSTEM --add-opens=java.base/java.util=ALL-UNNAMED --add-opens=java.base/java.lang=ALL-UNNAMED --add-opens=java.base/sun.nio.fs=ALL-UNNAMED -Declipse.application=org.eclipse.jdt.ls.core.id1 -Dosgi.bundles.defaultStartLevel=4 -Declipse.product=org.eclipse.jdt.ls.core.product -Djava.import.generatesMetadataFilesAtProjectRoot=false -DDetectVMInstallationsJob.disabled=true -Dfile.encoding=utf8 -XX:+UseParallelGC -XX:GCTimeRatio=4 -XX:AdaptiveSizePolicyWeight=90 -Dsun.zip.disableMemoryMapping=true -Xmx1G -Xms100m -Xlog:disable -javaagent:c:\Users\jhonn\.vscode\extensions\redhat.java-1.29.0-win32-x64\lombok\lombok-1.18.32.jar c:\Users\jhonn\.vscode\extensions\redhat.java-1.29.0-win32-x64\server\plugins\org.eclipse.equinox.launcher_1.6.800.v20240304-1850.jar -configuration c:\Users\jhonn\AppData\Roaming\Code\User\globalStorage\redhat.java\1.29.0\config_ss_win -data c:\Users\jhonn\AppData\Roaming\Code\User\workspaceStorage\f926728e50f2738973d3538630756d0e\redhat.java\ss_ws --stdio

Host: Intel(R) Core(TM) i3-3227U CPU @ 1.90GHz, 4 cores, 1G,  Windows 10 , 64 bit Build 19041 (10.0.19041.3636)
Time: Mon Apr 15 21:13:29 2024 Hora est. Pacífico, Sudamérica elapsed time: 1.947538 seconds (0d 0h 0m 1s)

---------------  T H R E A D  ---------------

Current thread (0x0000021deba90c50):  JavaThread "C2 CompilerThread0" daemon [_thread_in_native, id=3212, stack(0x0000003e27100000,0x0000003e27200000)]


Current CompileTask:
C2:   1947  536       4       lombok.patcher.PatchScript::classMatches (41 bytes)

Stack: [0x0000003e27100000,0x0000003e27200000]
Native frames: (J=compiled Java code, j=interpreted, Vv=VM code, C=native code)
V  [jvm.dll+0x67d2c9]
V  [jvm.dll+0x834afa]
V  [jvm.dll+0x8365be]
V  [jvm.dll+0x836c23]
V  [jvm.dll+0x2477ff]
V  [jvm.dll+0xac514]
V  [jvm.dll+0xacb5c]
V  [jvm.dll+0x366782]
V  [jvm.dll+0x1bca1d]
V  [jvm.dll+0x21a049]
V  [jvm.dll+0x219311]
V  [jvm.dll+0x1a502d]
V  [jvm.dll+0x2290de]
V  [jvm.dll+0x2272ac]
V  [jvm.dll+0x7e9bb7]
V  [jvm.dll+0x7e3fba]
V  [jvm.dll+0x67c1b5]
C  [ucrtbase.dll+0x21bb2]
C  [KERNEL32.DLL+0x17344]
C  [ntdll.dll+0x526b1]


---------------  P R O C E S S  ---------------

Threads class SMR info:
_java_thread_list=0x0000021df0fb4de0, length=12, elements={
0x0000021dd5ccd8f0, 0x0000021deba5a390, 0x0000021deba5cec0, 0x0000021deba8a880,
0x0000021deba8b700, 0x0000021deba8c580, 0x0000021deba8ff60, 0x0000021deba90c50,
0x0000021df0d15970, 0x0000021df0d18730, 0x0000021df0da06f0, 0x0000021df0fb8d70
}

Java Threads: ( => current thread )
  0x0000021dd5ccd8f0 JavaThread "main" [_thread_in_vm, id=3604, stack(0x0000003e26800000,0x0000003e26900000)]
  0x0000021deba5a390 JavaThread "Reference Handler" daemon [_thread_blocked, id=2660, stack(0x0000003e26b00000,0x0000003e26c00000)]
  0x0000021deba5cec0 JavaThread "Finalizer" daemon [_thread_blocked, id=15552, stack(0x0000003e26c00000,0x0000003e26d00000)]
  0x0000021deba8a880 JavaThread "Signal Dispatcher" daemon [_thread_blocked, id=11088, stack(0x0000003e26d00000,0x0000003e26e00000)]
  0x0000021deba8b700 JavaThread "Attach Listener" daemon [_thread_blocked, id=14204, stack(0x0000003e26e00000,0x0000003e26f00000)]
  0x0000021deba8c580 JavaThread "Service Thread" daemon [_thread_blocked, id=2268, stack(0x0000003e26f00000,0x0000003e27000000)]
  0x0000021deba8ff60 JavaThread "Monitor Deflation Thread" daemon [_thread_blocked, id=8372, stack(0x0000003e27000000,0x0000003e27100000)]
=>0x0000021deba90c50 JavaThread "C2 CompilerThread0" daemon [_thread_in_native, id=3212, stack(0x0000003e27100000,0x0000003e27200000)]
  0x0000021df0d15970 JavaThread "C1 CompilerThread0" daemon [_thread_blocked, id=7556, stack(0x0000003e27200000,0x0000003e27300000)]
  0x0000021df0d18730 JavaThread "Sweeper thread" daemon [_thread_blocked, id=13648, stack(0x0000003e27300000,0x0000003e27400000)]
  0x0000021df0da06f0 JavaThread "Common-Cleaner" daemon [_thread_blocked, id=15888, stack(0x0000003e27400000,0x0000003e27500000)]
  0x0000021df0fb8d70 JavaThread "Notification Thread" daemon [_thread_blocked, id=10296, stack(0x0000003e27500000,0x0000003e27600000)]

Other Threads:
  0x0000021dd5d7b700 VMThread "VM Thread" [stack: 0x0000003e26a00000,0x0000003e26b00000] [id=3784]
  0x0000021df0fb9250 WatcherThread [stack: 0x0000003e27600000,0x0000003e27700000] [id=13304]
  0x0000021dd5ce2fe0 GCTaskThread "GC Thread#0" [stack: 0x0000003e26900000,0x0000003e26a00000] [id=1356]

Threads with active compile tasks:
C2 CompilerThread0     2024  536       4       lombok.patcher.PatchScript::classMatches (41 bytes)

VM state: not at safepoint (normal execution)

VM Mutex/Monitor currently owned by a thread:  ([mutex/lock_event])
[0x0000021dd5cc8100] Metaspace_lock - owner thread: 0x0000021dd5ccd8f0

Heap address: 0x00000000c0000000, size: 1024 MB, Compressed Oops mode: 32-bit

CDS archive(s) not mapped
Compressed class space mapped at: 0x0000000100000000-0x0000000140000000, reserved size: 1073741824
Narrow klass base: 0x0000000000000000, Narrow klass shift: 3, Narrow klass range: 0x140000000

GC Precious Log:
 CPUs: 4 total, 4 available
 Memory: 1949M
 Large Page Support: Disabled
 NUMA Support: Disabled
 Compressed Oops: Enabled (32-bit)
 Alignments: Space 512K, Generation 512K, Heap 2M
 Heap Min Capacity: 100M
 Heap Initial Capacity: 100M
 Heap Max Capacity: 1G
 Pre-touch: Disabled
 Parallel Workers: 4

Heap:
 PSYoungGen      total 29696K, used 13224K [0x00000000eab00000, 0x00000000ecc00000, 0x0000000100000000)
  eden space 25600K, 51% used [0x00000000eab00000,0x00000000eb7ea308,0x00000000ec400000)
  from space 4096K, 0% used [0x00000000ec800000,0x00000000ec800000,0x00000000ecc00000)
  to   space 4096K, 0% used [0x00000000ec400000,0x00000000ec400000,0x00000000ec800000)
 ParOldGen       total 68608K, used 0K [0x00000000c0000000, 0x00000000c4300000, 0x00000000eab00000)
  object space 68608K, 0% used [0x00000000c0000000,0x00000000c0000000,0x00000000c4300000)
 Metaspace       used 8862K, committed 8960K, reserved 1114112K
  class space    used 875K, committed 960K, reserved 1048576K

Card table byte_map: [0x0000021de9330000,0x0000021de9540000] _byte_map_base: 0x0000021de8d30000

Marking Bits: (ParMarkBitMap*) 0x00007ff86552d7d0
 Begin Bits: [0x0000021de96a0000, 0x0000021dea6a0000)
 End Bits:   [0x0000021dea6a0000, 0x0000021deb6a0000)

Polling page: 0x0000021dd5d90000

Metaspace:

Usage:
  Non-class:      7.80 MB used.
      Class:    875.52 KB used.
       Both:      8.65 MB used.

Virtual space:
  Non-class space:       64.00 MB reserved,       7.81 MB ( 12%) committed,  1 nodes.
      Class space:        1.00 GB reserved,     960.00 KB ( <1%) committed,  1 nodes.
             Both:        1.06 GB reserved,       8.75 MB ( <1%) committed. 

Chunk freelists:
   Non-Class:  8.00 MB
       Class:  15.09 MB
        Both:  23.09 MB

MaxMetaspaceSize: unlimited
CompressedClassSpaceSize: 1.00 GB
Initial GC threshold: 21.00 MB
Current GC threshold: 21.00 MB
CDS: off
MetaspaceReclaimPolicy: balanced
 - commit_granule_bytes: 65536.
 - commit_granule_words: 8192.
 - virtual_space_node_default_size: 8388608.
 - enlarge_chunks_in_place: 1.
 - new_chunks_are_fully_committed: 0.
 - uncommit_free_chunks: 1.
 - use_allocation_guard: 0.
 - handle_deallocations: 1.


Internal statistics:

num_allocs_failed_limit: 0.
num_arena_births: 10.
num_arena_deaths: 0.
num_vsnodes_births: 2.
num_vsnodes_deaths: 0.
num_space_committed: 140.
num_space_uncommitted: 0.
num_chunks_returned_to_freelist: 0.
num_chunks_taken_from_freelist: 41.
num_chunk_merges: 0.
num_chunk_splits: 23.
num_chunks_enlarged: 22.
num_inconsistent_stats: 0.

CodeHeap 'non-profiled nmethods': size=120000Kb used=198Kb max_used=198Kb free=119801Kb
 bounds [0x0000021de1c10000, 0x0000021de1e80000, 0x0000021de9140000]
CodeHeap 'profiled nmethods': size=120000Kb used=855Kb max_used=855Kb free=119144Kb
 bounds [0x0000021dda140000, 0x0000021dda3b0000, 0x0000021de1670000]
CodeHeap 'non-nmethods': size=5760Kb used=1130Kb max_used=1148Kb free=4629Kb
 bounds [0x0000021de1670000, 0x0000021de18e0000, 0x0000021de1c10000]
 total_blobs=999 nmethods=579 adapters=335
 compilation: enabled
              stopped_count=0, restarted_count=0
 full_count=0

Compilation events (20 events):
Event: 1.932 Thread 0x0000021df0d15970 nmethod 559 0x0000021dda208710 code [0x0000021dda2088e0, 0x0000021dda208d18]
Event: 1.932 Thread 0x0000021df0d15970  560       3       jdk.internal.misc.Unsafe::convEndian (16 bytes)
Event: 1.932 Thread 0x0000021df0d15970 nmethod 560 0x0000021dda208f90 code [0x0000021dda209120, 0x0000021dda2092f8]
Event: 1.932 Thread 0x0000021df0d15970  561       3       java.lang.Integer::reverseBytes (28 bytes)
Event: 1.932 Thread 0x0000021df0d15970 nmethod 561 0x0000021dda209390 code [0x0000021dda209520, 0x0000021dda209638]
Event: 1.932 Thread 0x0000021df0d15970  562       3       jdk.internal.misc.Unsafe::getIntUnaligned (12 bytes)
Event: 1.933 Thread 0x0000021df0d15970 nmethod 562 0x0000021dda209710 code [0x0000021dda2098c0, 0x0000021dda209b18]
Event: 1.933 Thread 0x0000021df0d15970  563       3       java.util.Arrays::equals (43 bytes)
Event: 1.934 Thread 0x0000021df0d15970 nmethod 563 0x0000021dda209c10 code [0x0000021dda209de0, 0x0000021dda20a0c8]
Event: 1.934 Thread 0x0000021df0d15970  567       3       java.lang.CharacterDataLatin1::isWhitespace (23 bytes)
Event: 1.934 Thread 0x0000021df0d15970 nmethod 567 0x0000021dda20a190 code [0x0000021dda20a340, 0x0000021dda20a558]
Event: 1.934 Thread 0x0000021df0d15970  565       3       java.lang.StringBuilder::append (8 bytes)
Event: 1.935 Thread 0x0000021df0d15970 nmethod 565 0x0000021dda20a690 code [0x0000021dda20a820, 0x0000021dda20a968]
Event: 1.935 Thread 0x0000021df0d15970  566       3       java.lang.AbstractStringBuilder::append (55 bytes)
Event: 1.935 Thread 0x0000021df0d15970 nmethod 566 0x0000021dda20aa10 code [0x0000021dda20abe0, 0x0000021dda20af18]
Event: 1.935 Thread 0x0000021df0d15970  568       3       java.lang.invoke.MethodType::checkPtypes (76 bytes)
Event: 1.937 Thread 0x0000021df0d15970 nmethod 568 0x0000021dda20b090 code [0x0000021dda20b300, 0x0000021dda20bc48]
Event: 1.937 Thread 0x0000021df0d15970  570       3       sun.security.provider.SHA5::lf_S (11 bytes)
Event: 1.937 Thread 0x0000021df0d15970 nmethod 570 0x0000021dda20c010 code [0x0000021dda20c1a0, 0x0000021dda20c298]
Event: 1.937 Thread 0x0000021df0d15970  564   !   3       java.lang.String::<init> (843 bytes)

GC Heap History (0 events):
No events

Dll operation events (8 events):
Event: 0.031 Loaded shared library c:\Users\jhonn\.vscode\extensions\redhat.java-1.29.0-win32-x64\jre\17.0.10-win32-x86_64\bin\java.dll
Event: 0.683 Loaded shared library c:\Users\jhonn\.vscode\extensions\redhat.java-1.29.0-win32-x64\jre\17.0.10-win32-x86_64\bin\zip.dll
Event: 0.693 Loaded shared library C:\Users\jhonn\.vscode\extensions\redhat.java-1.29.0-win32-x64\jre\17.0.10-win32-x86_64\bin\instrument.dll
Event: 0.750 Loaded shared library C:\Users\jhonn\.vscode\extensions\redhat.java-1.29.0-win32-x64\jre\17.0.10-win32-x86_64\bin\net.dll
Event: 0.755 Loaded shared library C:\Users\jhonn\.vscode\extensions\redhat.java-1.29.0-win32-x64\jre\17.0.10-win32-x86_64\bin\nio.dll
Event: 0.788 Loaded shared library C:\Users\jhonn\.vscode\extensions\redhat.java-1.29.0-win32-x64\jre\17.0.10-win32-x86_64\bin\zip.dll
Event: 0.851 Loaded shared library C:\Users\jhonn\.vscode\extensions\redhat.java-1.29.0-win32-x64\jre\17.0.10-win32-x86_64\bin\jimage.dll
Event: 1.098 Loaded shared library c:\Users\jhonn\.vscode\extensions\redhat.java-1.29.0-win32-x64\jre\17.0.10-win32-x86_64\bin\verify.dll

Deoptimization events (20 events):
Event: 1.492 Thread 0x0000021dd5ccd8f0 DEOPT PACKING pc=0x0000021dda174300 sp=0x0000003e268fa240
Event: 1.492 Thread 0x0000021dd5ccd8f0 DEOPT UNPACKING pc=0x0000021de16c6e43 sp=0x0000003e268f9700 mode 0
Event: 1.494 Thread 0x0000021dd5ccd8f0 DEOPT PACKING pc=0x0000021dda174300 sp=0x0000003e268fad90
Event: 1.494 Thread 0x0000021dd5ccd8f0 DEOPT UNPACKING pc=0x0000021de16c6e43 sp=0x0000003e268fa250 mode 0
Event: 1.506 Thread 0x0000021dd5ccd8f0 DEOPT PACKING pc=0x0000021dda174300 sp=0x0000003e268fa930
Event: 1.506 Thread 0x0000021dd5ccd8f0 DEOPT UNPACKING pc=0x0000021de16c6e43 sp=0x0000003e268f9df0 mode 0
Event: 1.509 Thread 0x0000021dd5ccd8f0 DEOPT PACKING pc=0x0000021dda174300 sp=0x0000003e268fb740
Event: 1.509 Thread 0x0000021dd5ccd8f0 DEOPT UNPACKING pc=0x0000021de16c6e43 sp=0x0000003e268fac00 mode 0
Event: 1.653 Thread 0x0000021dd5ccd8f0 Uncommon trap: trap_request=0xffffff45 fr.pc=0x0000021de1c269c0 relative=0x00000000000000c0
Event: 1.653 Thread 0x0000021dd5ccd8f0 Uncommon trap: reason=unstable_if action=reinterpret pc=0x0000021de1c269c0 method=java.net.URI.match(CJJ)Z @ 45 c2
Event: 1.653 Thread 0x0000021dd5ccd8f0 DEOPT PACKING pc=0x0000021de1c269c0 sp=0x0000003e268fc660
Event: 1.653 Thread 0x0000021dd5ccd8f0 DEOPT UNPACKING pc=0x0000021de16c66a3 sp=0x0000003e268fc5e8 mode 2
Event: 1.730 Thread 0x0000021dd5ccd8f0 Uncommon trap: trap_request=0xffffff45 fr.pc=0x0000021de1c391fc relative=0x000000000000061c
Event: 1.730 Thread 0x0000021dd5ccd8f0 Uncommon trap: reason=unstable_if action=reinterpret pc=0x0000021de1c391fc method=java.lang.String.replace(Ljava/lang/CharSequence;Ljava/lang/CharSequence;)Ljava/lang/String; @ 48 c2
Event: 1.730 Thread 0x0000021dd5ccd8f0 DEOPT PACKING pc=0x0000021de1c391fc sp=0x0000003e268fc5d0
Event: 1.730 Thread 0x0000021dd5ccd8f0 DEOPT UNPACKING pc=0x0000021de16c66a3 sp=0x0000003e268fc550 mode 2
Event: 1.859 Thread 0x0000021dd5ccd8f0 Uncommon trap: trap_request=0xffffff45 fr.pc=0x0000021de1c25858 relative=0x00000000000002d8
Event: 1.859 Thread 0x0000021dd5ccd8f0 Uncommon trap: reason=unstable_if action=reinterpret pc=0x0000021de1c25858 method=java.lang.StringUTF16.compress([CI[BII)I @ 20 c2
Event: 1.859 Thread 0x0000021dd5ccd8f0 DEOPT PACKING pc=0x0000021de1c25858 sp=0x0000003e268fb740
Event: 1.859 Thread 0x0000021dd5ccd8f0 DEOPT UNPACKING pc=0x0000021de16c66a3 sp=0x0000003e268fb6c0 mode 2

Classes unloaded (0 events):
No events

Classes redefined (0 events):
No events

Internal exceptions (2 events):
Event: 0.565 Thread 0x0000021dd5ccd8f0 Exception <a 'java/lang/NoSuchMethodError'{0x00000000eacb4ca0}: 'void java.lang.invoke.DirectMethodHandle$Holder.invokeStatic(java.lang.Object, java.lang.Object, java.lang.Object)'> (0x00000000eacb4ca0) 
thrown [s\src\hotspot\share\interpreter\linkResolver.cpp, line 759]
Event: 1.198 Thread 0x0000021dd5ccd8f0 Exception <a 'java/lang/reflect/InvocationTargetException'{0x00000000eafe9498}> (0x00000000eafe9498) 
thrown [s\src\hotspot\share\runtime\reflection.cpp, line 1121]

VM Operations (6 events):
Event: 0.576 Executing VM operation: HandshakeAllThreads
Event: 0.576 Executing VM operation: HandshakeAllThreads done
Event: 0.927 Executing VM operation: HandshakeAllThreads
Event: 0.927 Executing VM operation: HandshakeAllThreads done
Event: 1.938 Executing VM operation: Cleanup
Event: 1.939 Executing VM operation: Cleanup done

Events (20 events):
Event: 1.871 loading class java/util/concurrent/locks/ReentrantLock$Sync done
Event: 1.871 loading class java/util/concurrent/locks/ReentrantLock$NonfairSync done
Event: 1.872 loading class sun/security/rsa/RSAPadding
Event: 1.872 loading class sun/security/rsa/RSAPadding done
Event: 1.873 loading class java/math/MutableBigInteger
Event: 1.874 loading class java/math/MutableBigInteger done
Event: 1.929 loading class sun/security/provider/certpath/X509CertPath
Event: 1.929 loading class java/security/cert/CertPath
Event: 1.929 loading class java/security/cert/CertPath done
Event: 1.929 loading class sun/security/provider/certpath/X509CertPath done
Event: 1.930 loading class sun/security/timestamp/TimestampToken
Event: 1.930 loading class sun/security/timestamp/TimestampToken done
Event: 1.933 loading class java/security/Timestamp
Event: 1.933 loading class java/security/Timestamp done
Event: 1.934 loading class sun/security/rsa/RSASignature$SHA384withRSA
Event: 1.934 loading class sun/security/rsa/RSASignature$SHA384withRSA done
Event: 1.934 loading class sun/security/provider/SHA5$SHA384
Event: 1.935 loading class sun/security/provider/SHA5
Event: 1.935 loading class sun/security/provider/SHA5 done
Event: 1.935 loading class sun/security/provider/SHA5$SHA384 done


Dynamic libraries:
0x00007ff784fe0000 - 0x00007ff784fee000 	c:\Users\jhonn\.vscode\extensions\redhat.java-1.29.0-win32-x64\jre\17.0.10-win32-x86_64\bin\java.exe
0x00007ff8daef0000 - 0x00007ff8db0e8000 	C:\WINDOWS\SYSTEM32\ntdll.dll
0x00007ff8dac60000 - 0x00007ff8dad1d000 	C:\WINDOWS\System32\KERNEL32.DLL
0x00007ff8d87a0000 - 0x00007ff8d8a96000 	C:\WINDOWS\System32\KERNELBASE.dll
0x00007ff8d8af0000 - 0x00007ff8d8bf0000 	C:\WINDOWS\System32\ucrtbase.dll
0x00007ff8b6e50000 - 0x00007ff8b6e67000 	c:\Users\jhonn\.vscode\extensions\redhat.java-1.29.0-win32-x64\jre\17.0.10-win32-x86_64\bin\jli.dll
0x00007ff8da830000 - 0x00007ff8da9cf000 	C:\WINDOWS\System32\USER32.dll
0x00007ff8d8d20000 - 0x00007ff8d8d42000 	C:\WINDOWS\System32\win32u.dll
0x00007ff8da9d0000 - 0x00007ff8da9fb000 	C:\WINDOWS\System32\GDI32.dll
0x00007ff8d8680000 - 0x00007ff8d8797000 	C:\WINDOWS\System32\gdi32full.dll
0x00007ff8d8bf0000 - 0x00007ff8d8c8d000 	C:\WINDOWS\System32\msvcp_win.dll
0x00007ff8a8600000 - 0x00007ff8a861b000 	c:\Users\jhonn\.vscode\extensions\redhat.java-1.29.0-win32-x64\jre\17.0.10-win32-x86_64\bin\VCRUNTIME140.dll
0x00007ff8cb620000 - 0x00007ff8cb8ba000 	C:\WINDOWS\WinSxS\amd64_microsoft.windows.common-controls_6595b64144ccf1df_6.0.19041.3636_none_60b6a03d71f818d5\COMCTL32.dll
0x00007ff8d9690000 - 0x00007ff8d972e000 	C:\WINDOWS\System32\msvcrt.dll
0x00007ff8d9840000 - 0x00007ff8d9872000 	C:\WINDOWS\System32\IMM32.DLL
0x00007ff8d2df0000 - 0x00007ff8d2dfc000 	c:\Users\jhonn\.vscode\extensions\redhat.java-1.29.0-win32-x64\jre\17.0.10-win32-x86_64\bin\vcruntime140_1.dll
0x00007ff89c540000 - 0x00007ff89c5cd000 	c:\Users\jhonn\.vscode\extensions\redhat.java-1.29.0-win32-x64\jre\17.0.10-win32-x86_64\bin\msvcp140.dll
0x00007ff864990000 - 0x00007ff8655f2000 	c:\Users\jhonn\.vscode\extensions\redhat.java-1.29.0-win32-x64\jre\17.0.10-win32-x86_64\bin\server\jvm.dll
0x00007ff8daad0000 - 0x00007ff8dab80000 	C:\WINDOWS\System32\ADVAPI32.dll
0x00007ff8dae10000 - 0x00007ff8daeb0000 	C:\WINDOWS\System32\sechost.dll
0x00007ff8da700000 - 0x00007ff8da823000 	C:\WINDOWS\System32\RPCRT4.dll
0x00007ff8d8650000 - 0x00007ff8d8677000 	C:\WINDOWS\System32\bcrypt.dll
0x00007ff8d8400000 - 0x00007ff8d844b000 	C:\WINDOWS\SYSTEM32\POWRPROF.dll
0x00007ff8c6cd0000 - 0x00007ff8c6cd9000 	C:\WINDOWS\SYSTEM32\WSOCK32.dll
0x00007ff8daa60000 - 0x00007ff8daacb000 	C:\WINDOWS\System32\WS2_32.dll
0x00007ff8cb930000 - 0x00007ff8cb957000 	C:\WINDOWS\SYSTEM32\WINMM.dll
0x00007ff8cb8c0000 - 0x00007ff8cb8ca000 	C:\WINDOWS\SYSTEM32\VERSION.dll
0x00007ff8d83e0000 - 0x00007ff8d83f2000 	C:\WINDOWS\SYSTEM32\UMPDC.dll
0x00007ff8d6320000 - 0x00007ff8d6332000 	C:\WINDOWS\SYSTEM32\kernel.appcore.dll
0x00007ff8d2580000 - 0x00007ff8d258a000 	c:\Users\jhonn\.vscode\extensions\redhat.java-1.29.0-win32-x64\jre\17.0.10-win32-x86_64\bin\jimage.dll
0x00007ff8cb3e0000 - 0x00007ff8cb5c4000 	C:\WINDOWS\SYSTEM32\DBGHELP.DLL
0x00007ff8cad70000 - 0x00007ff8cada4000 	C:\WINDOWS\SYSTEM32\dbgcore.DLL
0x00007ff8d8c90000 - 0x00007ff8d8d12000 	C:\WINDOWS\System32\bcryptPrimitives.dll
0x00007ff8b6e40000 - 0x00007ff8b6e4e000 	c:\Users\jhonn\.vscode\extensions\redhat.java-1.29.0-win32-x64\jre\17.0.10-win32-x86_64\bin\instrument.dll
0x00007ff8a85d0000 - 0x00007ff8a85f5000 	c:\Users\jhonn\.vscode\extensions\redhat.java-1.29.0-win32-x64\jre\17.0.10-win32-x86_64\bin\java.dll
0x00007ff89c520000 - 0x00007ff89c538000 	c:\Users\jhonn\.vscode\extensions\redhat.java-1.29.0-win32-x64\jre\17.0.10-win32-x86_64\bin\zip.dll
0x00007ff8d8f20000 - 0x00007ff8d968b000 	C:\WINDOWS\System32\SHELL32.dll
0x00007ff8d6630000 - 0x00007ff8d6dce000 	C:\WINDOWS\SYSTEM32\windows.storage.dll
0x00007ff8da240000 - 0x00007ff8da593000 	C:\WINDOWS\System32\combase.dll
0x00007ff8d7f00000 - 0x00007ff8d7f2e000 	C:\WINDOWS\SYSTEM32\Wldp.dll
0x00007ff8dab80000 - 0x00007ff8dac4d000 	C:\WINDOWS\System32\OLEAUT32.dll
0x00007ff8da5a0000 - 0x00007ff8da64d000 	C:\WINDOWS\System32\SHCORE.dll
0x00007ff8daa00000 - 0x00007ff8daa55000 	C:\WINDOWS\System32\shlwapi.dll
0x00007ff8d84d0000 - 0x00007ff8d84f3000 	C:\WINDOWS\SYSTEM32\profapi.dll
0x00007ff89c4c0000 - 0x00007ff89c4d9000 	C:\Users\jhonn\.vscode\extensions\redhat.java-1.29.0-win32-x64\jre\17.0.10-win32-x86_64\bin\net.dll
0x00007ff8ceab0000 - 0x00007ff8cebba000 	C:\WINDOWS\SYSTEM32\WINHTTP.dll
0x00007ff8d7c60000 - 0x00007ff8d7cca000 	C:\WINDOWS\system32\mswsock.dll
0x00007ff89c4a0000 - 0x00007ff89c4b6000 	C:\Users\jhonn\.vscode\extensions\redhat.java-1.29.0-win32-x64\jre\17.0.10-win32-x86_64\bin\nio.dll
0x00007ff89c460000 - 0x00007ff89c470000 	c:\Users\jhonn\.vscode\extensions\redhat.java-1.29.0-win32-x64\jre\17.0.10-win32-x86_64\bin\verify.dll

dbghelp: loaded successfully - version: 4.0.5 - missing functions: none
symbol engine: initialized successfully - sym options: 0x614 - pdb path: .;c:\Users\jhonn\.vscode\extensions\redhat.java-1.29.0-win32-x64\jre\17.0.10-win32-x86_64\bin;C:\WINDOWS\SYSTEM32;C:\WINDOWS\WinSxS\amd64_microsoft.windows.common-controls_6595b64144ccf1df_6.0.19041.3636_none_60b6a03d71f818d5;c:\Users\jhonn\.vscode\extensions\redhat.java-1.29.0-win32-x64\jre\17.0.10-win32-x86_64\bin\server

VM Arguments:
jvm_args: --add-modules=ALL-SYSTEM --add-opens=java.base/java.util=ALL-UNNAMED --add-opens=java.base/java.lang=ALL-UNNAMED --add-opens=java.base/sun.nio.fs=ALL-UNNAMED -Declipse.application=org.eclipse.jdt.ls.core.id1 -Dosgi.bundles.defaultStartLevel=4 -Declipse.product=org.eclipse.jdt.ls.core.product -Djava.import.generatesMetadataFilesAtProjectRoot=false -DDetectVMInstallationsJob.disabled=true -Dfile.encoding=utf8 -XX:+UseParallelGC -XX:GCTimeRatio=4 -XX:AdaptiveSizePolicyWeight=90 -Dsun.zip.disableMemoryMapping=true -Xmx1G -Xms100m -Xlog:disable -javaagent:c:\Users\jhonn\.vscode\extensions\redhat.java-1.29.0-win32-x64\lombok\lombok-1.18.32.jar 
java_command: c:\Users\jhonn\.vscode\extensions\redhat.java-1.29.0-win32-x64\server\plugins\org.eclipse.equinox.launcher_1.6.800.v20240304-1850.jar -configuration c:\Users\jhonn\AppData\Roaming\Code\User\globalStorage\redhat.java\1.29.0\config_ss_win -data c:\Users\jhonn\AppData\Roaming\Code\User\workspaceStorage\f926728e50f2738973d3538630756d0e\redhat.java\ss_ws --stdio
java_class_path (initial): c:\Users\jhonn\.vscode\extensions\redhat.java-1.29.0-win32-x64\server\plugins\org.eclipse.equinox.launcher_1.6.800.v20240304-1850.jar
Launcher Type: SUN_STANDARD

[Global flags]
    uintx AdaptiveSizePolicyWeight                 = 90                                        {product} {command line}
     intx CICompilerCount                          = 3                                         {product} {ergonomic}
    uintx GCTimeRatio                              = 4                                         {product} {command line}
   size_t InitialHeapSize                          = 104857600                                 {product} {command line}
   size_t MaxHeapSize                              = 1073741824                                {product} {command line}
   size_t MaxNewSize                               = 357564416                                 {product} {ergonomic}
   size_t MinHeapDeltaBytes                        = 524288                                    {product} {ergonomic}
   size_t MinHeapSize                              = 104857600                                 {product} {command line}
   size_t NewSize                                  = 34603008                                  {product} {ergonomic}
    uintx NonNMethodCodeHeapSize                   = 5832780                                {pd product} {ergonomic}
    uintx NonProfiledCodeHeapSize                  = 122912730                              {pd product} {ergonomic}
   size_t OldSize                                  = 70254592                                  {product} {ergonomic}
    uintx ProfiledCodeHeapSize                     = 122912730                              {pd product} {ergonomic}
    uintx ReservedCodeCacheSize                    = 251658240                              {pd product} {ergonomic}
     bool SegmentedCodeCache                       = true                                      {product} {ergonomic}
   size_t SoftMaxHeapSize                          = 1073741824                             {manageable} {ergonomic}
     bool UseCompressedClassPointers               = true                           {product lp64_product} {ergonomic}
     bool UseCompressedOops                        = true                           {product lp64_product} {ergonomic}
     bool UseLargePagesIndividualAllocation        = false                                  {pd product} {ergonomic}
     bool UseParallelGC                            = true                                      {product} {command line}

Logging:
Log output configuration:
 #0: stdout all=off uptime,level,tags
 #1: stderr all=off uptime,level,tags

Environment Variables:
JAVA_HOME=C:\Program Files\Java\jdk-21
PATH=C:\Program Files\Common Files\Oracle\Java\javapath;C:\oraclexe\app\oracle\product\11.2.0\server\bin;C:\WINDOWS\system32;C:\WINDOWS;C:\WINDOWS\System32\Wbem;C:\WINDOWS\System32\WindowsPowerShell\v1.0\;C:\WINDOWS\System32\OpenSSH\;C:\Program Files\Microsoft VS Code\bin;C:\Program Files\Microsoft SQL Server\Client SDK\ODBC\170\Tools\Binn\;C:\Program Files (x86)\Microsoft SQL Server\150\Tools\Binn\;C:\Program Files\Microsoft SQL Server\150\Tools\Binn\;C:\Program Files\Microsoft SQL Server\150\DTS\Binn\;C:\Program Files (x86)\Microsoft SQL Server\150\DTS\Binn\;C:\Program Files\Azure Data Studio\bin;C:\Program Files\Git\cmd;C:\apache-maven-3.8.4\bin;C:\Automatizacion\gradle-8.7\bin;C:\Program Files\Java\jdk-21\bin;C:\Users\jhonn\AppData\Local\Microsoft\WindowsApps;;C:\Program Files\Azure Data Studio\bin
USERNAME=jhonn
OS=Windows_NT
PROCESSOR_IDENTIFIER=Intel64 Family 6 Model 58 Stepping 9, GenuineIntel
TMP=C:\Users\jhonn\AppData\Local\Temp
TEMP=C:\Users\jhonn\AppData\Local\Temp



Periodic native trim disabled


---------------  S Y S T E M  ---------------

OS:
 Windows 10 , 64 bit Build 19041 (10.0.19041.3636)
OS uptime: 0 days 0:10 hours

CPU: total 4 (initial active 4) (2 cores per cpu, 2 threads per core) family 6 model 58 stepping 9 microcode 0x21, cx8, cmov, fxsr, ht, mmx, sse, sse2, sse3, ssse3, sse4.1, sse4.2, popcnt, tsc, tscinvbit, avx, erms, clmul, vzeroupper, clflush
Processor Information for all 4 processors :
  Max Mhz: 1901, Current Mhz: 1901, Mhz Limit: 1901

Memory: 4k page, system-wide physical 1949M (57M free)
TotalPageFile size 7837M (AvailPageFile size 0M)
current process WorkingSet (physical memory assigned to process): 51M, peak: 51M
current process commit charge ("private bytes"): 179M, peak: 180M

vm_info: OpenJDK 64-Bit Server VM (17.0.10+7) for windows-amd64 JRE (17.0.10+7), built on Jan 16 2024 23:25:11 by "admin" with MS VC++ 16.10 / 16.11 (VS2019)

END.
