#
# There is insufficient memory for the Java Runtime Environment to continue.
# Native memory allocation (malloc) failed to allocate 1453776 bytes. Error detail: Chunk::new
# Possible reasons:
#   The system is out of physical RAM or swap space
#   This process is running with CompressedOops enabled, and the Java Heap may be blocking the growth of the native heap
# Possible solutions:
#   Reduce memory load on the system
#   Increase physical memory or swap space
#   Check if swap backing store is full
#   Decrease Java heap size (-Xmx/-Xms)
#   Decrease number of Java threads
#   Decrease Java thread stack sizes (-Xss)
#   Set larger code cache with -XX:ReservedCodeCacheSize=
#   JVM is running with Unscaled Compressed Oops mode in which the Java heap is
#     placed in the first 4GB address space. The Java Heap base address is the
#     maximum limit for the native heap growth. Please use -XX:HeapBaseMinAddress
#     to set the Java Heap base and to place the Java Heap above 4GB virtual address.
# This output file may be truncated or incomplete.
#
#  Out of Memory Error (arena.cpp:191), pid=9356, tid=3016
#
# JRE version: OpenJDK Runtime Environment Temurin-17.0.13+11 (17.0.13+11) (build 17.0.13+11)
# Java VM: OpenJDK 64-Bit Server VM Temurin-17.0.13+11 (17.0.13+11, mixed mode, tiered, compressed oops, compressed class ptrs, parallel gc, windows-amd64)
# No core dump will be written. Minidumps are not enabled by default on client versions of Windows
#

---------------  S U M M A R Y ------------

Command Line: --add-modules=ALL-SYSTEM --add-opens=java.base/java.util=ALL-UNNAMED --add-opens=java.base/java.lang=ALL-UNNAMED --add-opens=java.base/sun.nio.fs=ALL-UNNAMED -Declipse.application=org.eclipse.jdt.ls.core.id1 -Dosgi.bundles.defaultStartLevel=4 -Declipse.product=org.eclipse.jdt.ls.core.product -Djava.import.generatesMetadataFilesAtProjectRoot=false -DDetectVMInstallationsJob.disabled=true -Dfile.encoding=utf8 -XX:+UseParallelGC -XX:GCTimeRatio=4 -XX:AdaptiveSizePolicyWeight=90 -Dsun.zip.disableMemoryMapping=true -Xmx1G -Xms100m -Xlog:disable -javaagent:c:\Users\jhonn\.vscode\extensions\redhat.java-1.38.0-win32-x64\lombok\lombok-1.18.34.jar -XX:+HeapDumpOnOutOfMemoryError -XX:HeapDumpPath=c:\Users\jhonn\AppData\Roaming\Code\User\workspaceStorage\f926728e50f2738973d3538630756d0e\redhat.java -Daether.dependencyCollector.impl=bf c:\Users\jhonn\.vscode\extensions\redhat.java-1.38.0-win32-x64\server\plugins\org.eclipse.equinox.launcher_1.6.900.v20240613-2009.jar -configuration c:\Users\jhonn\AppData\Roaming\Code\User\globalStorage\redhat.java\1.38.0\config_win -data c:\Users\jhonn\AppData\Roaming\Code\User\workspaceStorage\f926728e50f2738973d3538630756d0e\redhat.java\jdt_ws --pipe=\\.\pipe\lsp-6ebcd93b3bdea448d690e5733c77dd34-sock

Host: Intel(R) Core(TM) i3-3227U CPU @ 1.90GHz, 4 cores, 1G,  Windows 10 , 64 bit Build 19041 (10.0.19041.5198)
Time: Wed Jan  8 21:45:43 2025 Hora est. Pacífico, Sudamérica elapsed time: 70.323051 seconds (0d 0h 1m 10s)

---------------  T H R E A D  ---------------

Current thread (0x000001ddfffdc3b0):  JavaThread "C2 CompilerThread0" daemon [_thread_in_native, id=3016, stack(0x0000008f79800000,0x0000008f79900000)]


Current CompileTask:
C2:  70323 8126   !   4       org.eclipse.jdt.internal.core.search.indexing.BinaryIndexer::indexDocument (1157 bytes)

Stack: [0x0000008f79800000,0x0000008f79900000]
Native frames: (J=compiled Java code, j=interpreted, Vv=VM code, C=native code)
V  [jvm.dll+0x682a19]
V  [jvm.dll+0x839538]
V  [jvm.dll+0x83afe3]
V  [jvm.dll+0x83b653]
V  [jvm.dll+0x24704f]
V  [jvm.dll+0xace34]
V  [jvm.dll+0xad4cc]
V  [jvm.dll+0x2ac84f]
V  [jvm.dll+0x588a79]
V  [jvm.dll+0x220ea2]
V  [jvm.dll+0x22129f]
V  [jvm.dll+0x21a2b0]
V  [jvm.dll+0x21738b]
V  [jvm.dll+0x1a3070]
V  [jvm.dll+0x22788c]
V  [jvm.dll+0x2259eb]
V  [jvm.dll+0x7eec98]
V  [jvm.dll+0x7e8ffc]
V  [jvm.dll+0x6818f7]
C  [ucrtbase.dll+0x21bb2]
C  [KERNEL32.DLL+0x17374]
C  [ntdll.dll+0x4cc91]


---------------  P R O C E S S  ---------------

Threads class SMR info:
_java_thread_list=0x000001dd99d184e0, length=36, elements={
0x000001ddfdd3f950, 0x000001ddfff9d400, 0x000001ddfff9e240, 0x000001ddfffcffd0,
0x000001ddfffd1330, 0x000001ddfffd2f00, 0x000001ddfffd4260, 0x000001ddfffdc3b0,
0x000001ddfffe5d20, 0x000001ddffff92e0, 0x000001ddffedc0e0, 0x000001dd970d05d0,
0x000001dd97688ec0, 0x000001dd976884a0, 0x000001dd9768a810, 0x000001dd976893d0,
0x000001dd9768b740, 0x000001dd9768a300, 0x000001dd976889b0, 0x000001dd97689df0,
0x000001dd9768bc50, 0x000001dd975a3430, 0x000001dd975a61c0, 0x000001dd975a57a0,
0x000001dd975a4870, 0x000001dd975a8530, 0x000001dd975a8a40, 0x000001dd975aa8a0,
0x000001dd975a3940, 0x000001dd975a9460, 0x000001dd975a9970, 0x000001dd975a7600,
0x000001dd975a5290, 0x000001dd975a7b10, 0x000001dd975a8f50, 0x000001dd975a9e80
}

Java Threads: ( => current thread )
  0x000001ddfdd3f950 JavaThread "main" [_thread_blocked, id=6032, stack(0x0000008f78f00000,0x0000008f79000000)]
  0x000001ddfff9d400 JavaThread "Reference Handler" daemon [_thread_blocked, id=7972, stack(0x0000008f79200000,0x0000008f79300000)]
  0x000001ddfff9e240 JavaThread "Finalizer" daemon [_thread_blocked, id=9652, stack(0x0000008f79300000,0x0000008f79400000)]
  0x000001ddfffcffd0 JavaThread "Signal Dispatcher" daemon [_thread_blocked, id=7480, stack(0x0000008f79400000,0x0000008f79500000)]
  0x000001ddfffd1330 JavaThread "Attach Listener" daemon [_thread_blocked, id=7856, stack(0x0000008f79500000,0x0000008f79600000)]
  0x000001ddfffd2f00 JavaThread "Service Thread" daemon [_thread_blocked, id=2280, stack(0x0000008f79600000,0x0000008f79700000)]
  0x000001ddfffd4260 JavaThread "Monitor Deflation Thread" daemon [_thread_blocked, id=6416, stack(0x0000008f79700000,0x0000008f79800000)]
=>0x000001ddfffdc3b0 JavaThread "C2 CompilerThread0" daemon [_thread_in_native, id=3016, stack(0x0000008f79800000,0x0000008f79900000)]
  0x000001ddfffe5d20 JavaThread "C1 CompilerThread0" daemon [_thread_blocked, id=4216, stack(0x0000008f79900000,0x0000008f79a00000)]
  0x000001ddffff92e0 JavaThread "Sweeper thread" daemon [_thread_blocked, id=8268, stack(0x0000008f79a00000,0x0000008f79b00000)]
  0x000001ddffedc0e0 JavaThread "Common-Cleaner" daemon [_thread_blocked, id=10604, stack(0x0000008f79b00000,0x0000008f79c00000)]
  0x000001dd970d05d0 JavaThread "Notification Thread" daemon [_thread_blocked, id=4492, stack(0x0000008f79c00000,0x0000008f79d00000)]
  0x000001dd97688ec0 JavaThread "Active Thread: Equinox Container: d8f213ca-9473-46f0-84ef-9fafc66c873b" [_thread_blocked, id=5752, stack(0x0000008f7a100000,0x0000008f7a200000)]
  0x000001dd976884a0 JavaThread "Refresh Thread: Equinox Container: d8f213ca-9473-46f0-84ef-9fafc66c873b" daemon [_thread_blocked, id=3928, stack(0x0000008f7a200000,0x0000008f7a300000)]
  0x000001dd9768a810 JavaThread "Framework Event Dispatcher: Equinox Container: d8f213ca-9473-46f0-84ef-9fafc66c873b" daemon [_thread_blocked, id=5024, stack(0x0000008f7a300000,0x0000008f7a400000)]
  0x000001dd976893d0 JavaThread "Start Level: Equinox Container: d8f213ca-9473-46f0-84ef-9fafc66c873b" daemon [_thread_blocked, id=8252, stack(0x0000008f7a400000,0x0000008f7a500000)]
  0x000001dd9768b740 JavaThread "Bundle File Closer" daemon [_thread_blocked, id=4656, stack(0x0000008f7a500000,0x0000008f7a600000)]
  0x000001dd9768a300 JavaThread "SCR Component Actor" daemon [_thread_blocked, id=2276, stack(0x0000008f7a600000,0x0000008f7a700000)]
  0x000001dd976889b0 JavaThread "Worker-JM" [_thread_blocked, id=10084, stack(0x0000008f7a800000,0x0000008f7a900000)]
  0x000001dd97689df0 JavaThread "JNA Cleaner" daemon [_thread_blocked, id=32, stack(0x0000008f7a700000,0x0000008f7a800000)]
  0x000001dd9768bc50 JavaThread "Worker-0" [_thread_blocked, id=2568, stack(0x0000008f7a900000,0x0000008f7aa00000)]
  0x000001dd975a3430 JavaThread "Worker-1" [_thread_blocked, id=3096, stack(0x0000008f7aa00000,0x0000008f7ab00000)]
  0x000001dd975a61c0 JavaThread "Worker-2" [_thread_blocked, id=5036, stack(0x0000008f7ac00000,0x0000008f7ad00000)]
  0x000001dd975a57a0 JavaThread "Worker-3: Initialize Workspace" [_thread_blocked, id=4812, stack(0x0000008f7ad00000,0x0000008f7ae00000)]
  0x000001dd975a4870 JavaThread "Java indexing" daemon [_thread_in_Java, id=3644, stack(0x0000008f7ae00000,0x0000008f7af00000)]
  0x000001dd975a8530 JavaThread "Thread-3" daemon [_thread_in_native, id=11048, stack(0x0000008f7af00000,0x0000008f7b000000)]
  0x000001dd975a8a40 JavaThread "Thread-4" daemon [_thread_in_native, id=1184, stack(0x0000008f7b000000,0x0000008f7b100000)]
  0x000001dd975aa8a0 JavaThread "Thread-5" daemon [_thread_in_native, id=10256, stack(0x0000008f7b100000,0x0000008f7b200000)]
  0x000001dd975a3940 JavaThread "Thread-6" daemon [_thread_in_native_trans, id=1512, stack(0x0000008f7b200000,0x0000008f7b300000)]
  0x000001dd975a9460 JavaThread "Thread-7" daemon [_thread_in_native, id=10660, stack(0x0000008f7b300000,0x0000008f7b400000)]
  0x000001dd975a9970 JavaThread "pool-2-thread-1" [_thread_blocked, id=11108, stack(0x0000008f7b400000,0x0000008f7b500000)]
  0x000001dd975a7600 JavaThread "Worker-4: Java indexing... " [_thread_blocked, id=5980, stack(0x0000008f7b500000,0x0000008f7b600000)]
  0x000001dd975a5290 JavaThread "WorkspaceEventsHandler" [_thread_blocked, id=8344, stack(0x0000008f7ab00000,0x0000008f7ac00000)]
  0x000001dd975a7b10 JavaThread "pool-1-thread-1" [_thread_in_vm, id=10248, stack(0x0000008f7b600000,0x0000008f7b700000)]
  0x000001dd975a8f50 JavaThread "Worker-5" [_thread_blocked, id=9700, stack(0x0000008f7b700000,0x0000008f7b800000)]
  0x000001dd975a9e80 JavaThread "Worker-6" [_thread_blocked, id=5900, stack(0x0000008f7b800000,0x0000008f7b900000)]

Other Threads:
  0x000001ddfff86910 VMThread "VM Thread" [stack: 0x0000008f79100000,0x0000008f79200000] [id=720]
  0x000001dd970d0ab0 WatcherThread [stack: 0x0000008f79d00000,0x0000008f79e00000] [id=8296]
  0x000001ddfdd566a0 GCTaskThread "GC Thread#0" [stack: 0x0000008f79000000,0x0000008f79100000] [id=8856]
  0x000001dd976909b0 GCTaskThread "GC Thread#1" [stack: 0x0000008f79e00000,0x0000008f79f00000] [id=9696]
  0x000001dd97690c70 GCTaskThread "GC Thread#2" [stack: 0x0000008f79f00000,0x0000008f7a000000] [id=10616]
  0x000001dd977d3420 GCTaskThread "GC Thread#3" [stack: 0x0000008f7a000000,0x0000008f7a100000] [id=9844]

Threads with active compile tasks:
C2 CompilerThread0    70817 8126   !   4       org.eclipse.jdt.internal.core.search.indexing.BinaryIndexer::indexDocument (1157 bytes)

VM state: not at safepoint (normal execution)

VM Mutex/Monitor currently owned by a thread: None

Heap address: 0x00000000c0000000, size: 1024 MB, Compressed Oops mode: 32-bit

CDS archive(s) not mapped
Compressed class space mapped at: 0x0000000100000000-0x0000000140000000, reserved size: 1073741824
Narrow klass base: 0x0000000000000000, Narrow klass shift: 3, Narrow klass range: 0x140000000

GC Precious Log:
 CPUs: 4 total, 4 available
 Memory: 1949M
 Large Page Support: Disabled
 NUMA Support: Disabled
 Compressed Oops: Enabled (32-bit)
 Alignments: Space 512K, Generation 512K, Heap 2M
 Heap Min Capacity: 100M
 Heap Initial Capacity: 100M
 Heap Max Capacity: 1G
 Pre-touch: Disabled
 Parallel Workers: 4

Heap:
 PSYoungGen      total 17920K, used 5390K [0x00000000eab00000, 0x00000000ec080000, 0x0000000100000000)
  eden space 15872K, 33% used [0x00000000eab00000,0x00000000eb043a78,0x00000000eba80000)
  from space 2048K, 0% used [0x00000000ebe80000,0x00000000ebe80000,0x00000000ec080000)
  to   space 3072K, 0% used [0x00000000eba80000,0x00000000eba80000,0x00000000ebd80000)
 ParOldGen       total 89600K, used 61787K [0x00000000c0000000, 0x00000000c5780000, 0x00000000eab00000)
  object space 89600K, 68% used [0x00000000c0000000,0x00000000c3c56f00,0x00000000c5780000)
 Metaspace       used 57731K, committed 58816K, reserved 1114112K
  class space    used 6104K, committed 6592K, reserved 1048576K

Card table byte_map: [0x000001ddfd6e0000,0x000001ddfd8f0000] _byte_map_base: 0x000001ddfd0e0000

Marking Bits: (ParMarkBitMap*) 0x00007ffb8fbd6940
 Begin Bits: [0x000001ddfde00000, 0x000001ddfee00000)
 End Bits:   [0x000001ddfee00000, 0x000001ddffe00000)

Polling page: 0x000001ddfbc00000

Metaspace:

Usage:
  Non-class:     50.42 MB used.
      Class:      5.96 MB used.
       Both:     56.38 MB used.

Virtual space:
  Non-class space:       64.00 MB reserved,      51.00 MB ( 80%) committed,  1 nodes.
      Class space:        1.00 GB reserved,       6.44 MB ( <1%) committed,  1 nodes.
             Both:        1.06 GB reserved,      57.44 MB (  5%) committed. 

Chunk freelists:
   Non-Class:  12.47 MB
       Class:  9.61 MB
        Both:  22.08 MB

MaxMetaspaceSize: unlimited
CompressedClassSpaceSize: 1.00 GB
Initial GC threshold: 21.00 MB
Current GC threshold: 95.75 MB
CDS: off
MetaspaceReclaimPolicy: balanced
 - commit_granule_bytes: 65536.
 - commit_granule_words: 8192.
 - virtual_space_node_default_size: 8388608.
 - enlarge_chunks_in_place: 1.
 - new_chunks_are_fully_committed: 0.
 - uncommit_free_chunks: 1.
 - use_allocation_guard: 0.
 - handle_deallocations: 1.


Internal statistics:

num_allocs_failed_limit: 6.
num_arena_births: 616.
num_arena_deaths: 24.
num_vsnodes_births: 2.
num_vsnodes_deaths: 0.
num_space_committed: 919.
num_space_uncommitted: 0.
num_chunks_returned_to_freelist: 30.
num_chunks_taken_from_freelist: 2968.
num_chunk_merges: 11.
num_chunk_splits: 1783.
num_chunks_enlarged: 975.
num_inconsistent_stats: 0.

CodeHeap 'non-profiled nmethods': size=120000Kb used=3864Kb max_used=3864Kb free=116136Kb
 bounds [0x000001dd8a6b0000, 0x000001dd8aa80000, 0x000001dd91be0000]
CodeHeap 'profiled nmethods': size=120000Kb used=14599Kb max_used=14599Kb free=105400Kb
 bounds [0x000001dd82be0000, 0x000001dd83a30000, 0x000001dd8a110000]
CodeHeap 'non-nmethods': size=5760Kb used=1327Kb max_used=1377Kb free=4432Kb
 bounds [0x000001dd8a110000, 0x000001dd8a380000, 0x000001dd8a6b0000]
 total_blobs=7911 nmethods=7247 adapters=578
 compilation: enabled
              stopped_count=0, restarted_count=0
 full_count=0

Compilation events (20 events):
Event: 68.583 Thread 0x000001ddfffe5d20 8136       2       org.eclipse.jdt.internal.compiler.parser.Scanner::internalScanIdentifierOrKeyword (4943 bytes)
Event: 68.608 Thread 0x000001ddfffe5d20 nmethod 8136 0x000001dd83a0a410 code [0x000001dd83a0af20, 0x000001dd83a11348]
Event: 68.608 Thread 0x000001ddfffe5d20 8137       3       org.eclipse.jdt.internal.compiler.impl.IrritantSet::clear (22 bytes)
Event: 68.608 Thread 0x000001ddfffe5d20 nmethod 8137 0x000001dd83a13590 code [0x000001dd83a13720, 0x000001dd83a13878]
Event: 68.608 Thread 0x000001ddfffe5d20 8139       3       java.util.stream.StreamSupport::intStream (14 bytes)
Event: 68.610 Thread 0x000001ddfffe5d20 nmethod 8139 0x000001dd83a13990 code [0x000001dd83a13b40, 0x000001dd83a13df8]
Event: 68.610 Thread 0x000001ddfffe5d20 8140       3       java.util.stream.IntPipeline$Head::<init> (8 bytes)
Event: 68.610 Thread 0x000001ddfffe5d20 nmethod 8140 0x000001dd83a13f90 code [0x000001dd83a14140, 0x000001dd83a142c8]
Event: 68.610 Thread 0x000001ddfffe5d20 8141       3       java.util.stream.IntPipeline::<init> (8 bytes)
Event: 68.610 Thread 0x000001ddfffe5d20 nmethod 8141 0x000001dd83a14390 code [0x000001dd83a14520, 0x000001dd83a14668]
Event: 68.610 Thread 0x000001ddfffe5d20 8138       3       java.lang.StringLatin1$CharsSpliterator::<init> (10 bytes)
Event: 68.611 Thread 0x000001ddfffe5d20 nmethod 8138 0x000001dd83a14710 code [0x000001dd83a148c0, 0x000001dd83a14a08]
Event: 68.616 Thread 0x000001ddfffe5d20 8142   !   3       com.microsoft.java.builder.jdtbuilder.ClasspathJar::cleanup (307 bytes)
Event: 68.625 Thread 0x000001ddfffe5d20 nmethod 8142 0x000001dd83a14b10 code [0x000001dd83a14fa0, 0x000001dd83a16238]
Event: 68.625 Thread 0x000001ddfffe5d20 8143   !   3       org.eclipse.jdt.internal.core.search.indexing.BinaryContainer::isValidPackageNameForClassOrisModule (158 bytes)
Event: 68.627 Thread 0x000001ddfffe5d20 nmethod 8143 0x000001dd83a16d90 code [0x000001dd83a17020, 0x000001dd83a17a78]
Event: 68.641 Thread 0x000001ddfffe5d20 8144   !   3       org.eclipse.jdt.internal.core.search.JavaSearchDocument::getByteContents (41 bytes)
Event: 68.642 Thread 0x000001ddfffe5d20 nmethod 8144 0x000001dd83a17e90 code [0x000001dd83a18080, 0x000001dd83a18408]
Event: 68.642 Thread 0x000001ddfffe5d20 8145   !   3       org.eclipse.jdt.internal.core.search.indexing.BinaryIndexer::toUri (51 bytes)
Event: 68.645 Thread 0x000001ddfffe5d20 nmethod 8145 0x000001dd83a18590 code [0x000001dd83a188c0, 0x000001dd83a19918]

GC Heap History (20 events):
Event: 57.121 GC heap before
{Heap before GC invocations=43 (full 2):
 PSYoungGen      total 19968K, used 19537K [0x00000000eab00000, 0x00000000ec000000, 0x0000000100000000)
  eden space 18944K, 100% used [0x00000000eab00000,0x00000000ebd80000,0x00000000ebd80000)
  from space 1024K, 57% used [0x00000000ebf00000,0x00000000ebf945f8,0x00000000ec000000)
  to   space 1024K, 0% used [0x00000000ebe00000,0x00000000ebe00000,0x00000000ebf00000)
 ParOldGen       total 68608K, used 54313K [0x00000000c0000000, 0x00000000c4300000, 0x00000000eab00000)
  object space 68608K, 79% used [0x00000000c0000000,0x00000000c350a598,0x00000000c4300000)
 Metaspace       used 56075K, committed 57152K, reserved 1114112K
  class space    used 5939K, committed 6400K, reserved 1048576K
}
Event: 57.125 GC heap after
{Heap after GC invocations=43 (full 2):
 PSYoungGen      total 19968K, used 678K [0x00000000eab00000, 0x00000000ebf80000, 0x0000000100000000)
  eden space 18944K, 0% used [0x00000000eab00000,0x00000000eab00000,0x00000000ebd80000)
  from space 1024K, 66% used [0x00000000ebe00000,0x00000000ebea9948,0x00000000ebf00000)
  to   space 512K, 0% used [0x00000000ebf00000,0x00000000ebf00000,0x00000000ebf80000)
 ParOldGen       total 68608K, used 54733K [0x00000000c0000000, 0x00000000c4300000, 0x00000000eab00000)
  object space 68608K, 79% used [0x00000000c0000000,0x00000000c3573790,0x00000000c4300000)
 Metaspace       used 56075K, committed 57152K, reserved 1114112K
  class space    used 5939K, committed 6400K, reserved 1048576K
}
Event: 57.262 GC heap before
{Heap before GC invocations=44 (full 2):
 PSYoungGen      total 19968K, used 19622K [0x00000000eab00000, 0x00000000ebf80000, 0x0000000100000000)
  eden space 18944K, 100% used [0x00000000eab00000,0x00000000ebd80000,0x00000000ebd80000)
  from space 1024K, 66% used [0x00000000ebe00000,0x00000000ebea9948,0x00000000ebf00000)
  to   space 512K, 0% used [0x00000000ebf00000,0x00000000ebf00000,0x00000000ebf80000)
 ParOldGen       total 68608K, used 54733K [0x00000000c0000000, 0x00000000c4300000, 0x00000000eab00000)
  object space 68608K, 79% used [0x00000000c0000000,0x00000000c3573790,0x00000000c4300000)
 Metaspace       used 56075K, committed 57152K, reserved 1114112K
  class space    used 5939K, committed 6400K, reserved 1048576K
}
Event: 57.264 GC heap after
{Heap after GC invocations=44 (full 2):
 PSYoungGen      total 18432K, used 485K [0x00000000eab00000, 0x00000000ec280000, 0x0000000100000000)
  eden space 17920K, 0% used [0x00000000eab00000,0x00000000eab00000,0x00000000ebc80000)
  from space 512K, 94% used [0x00000000ebf00000,0x00000000ebf79468,0x00000000ebf80000)
  to   space 2560K, 0% used [0x00000000ebc80000,0x00000000ebc80000,0x00000000ebf00000)
 ParOldGen       total 68608K, used 56162K [0x00000000c0000000, 0x00000000c4300000, 0x00000000eab00000)
  object space 68608K, 81% used [0x00000000c0000000,0x00000000c36d8be8,0x00000000c4300000)
 Metaspace       used 56075K, committed 57152K, reserved 1114112K
  class space    used 5939K, committed 6400K, reserved 1048576K
}
Event: 57.372 GC heap before
{Heap before GC invocations=45 (full 2):
 PSYoungGen      total 18432K, used 18405K [0x00000000eab00000, 0x00000000ec280000, 0x0000000100000000)
  eden space 17920K, 100% used [0x00000000eab00000,0x00000000ebc80000,0x00000000ebc80000)
  from space 512K, 94% used [0x00000000ebf00000,0x00000000ebf79468,0x00000000ebf80000)
  to   space 2560K, 0% used [0x00000000ebc80000,0x00000000ebc80000,0x00000000ebf00000)
 ParOldGen       total 68608K, used 56162K [0x00000000c0000000, 0x00000000c4300000, 0x00000000eab00000)
  object space 68608K, 81% used [0x00000000c0000000,0x00000000c36d8be8,0x00000000c4300000)
 Metaspace       used 56075K, committed 57152K, reserved 1114112K
  class space    used 5939K, committed 6400K, reserved 1048576K
}
Event: 57.375 GC heap after
{Heap after GC invocations=45 (full 2):
 PSYoungGen      total 18944K, used 800K [0x00000000eab00000, 0x00000000ebf80000, 0x0000000100000000)
  eden space 17920K, 0% used [0x00000000eab00000,0x00000000eab00000,0x00000000ebc80000)
  from space 1024K, 78% used [0x00000000ebc80000,0x00000000ebd48000,0x00000000ebd80000)
  to   space 1536K, 0% used [0x00000000ebe00000,0x00000000ebe00000,0x00000000ebf80000)
 ParOldGen       total 68608K, used 56653K [0x00000000c0000000, 0x00000000c4300000, 0x00000000eab00000)
  object space 68608K, 82% used [0x00000000c0000000,0x00000000c37537b8,0x00000000c4300000)
 Metaspace       used 56075K, committed 57152K, reserved 1114112K
  class space    used 5939K, committed 6400K, reserved 1048576K
}
Event: 57.543 GC heap before
{Heap before GC invocations=46 (full 2):
 PSYoungGen      total 18944K, used 18720K [0x00000000eab00000, 0x00000000ebf80000, 0x0000000100000000)
  eden space 17920K, 100% used [0x00000000eab00000,0x00000000ebc80000,0x00000000ebc80000)
  from space 1024K, 78% used [0x00000000ebc80000,0x00000000ebd48000,0x00000000ebd80000)
  to   space 1536K, 0% used [0x00000000ebe00000,0x00000000ebe00000,0x00000000ebf80000)
 ParOldGen       total 68608K, used 56653K [0x00000000c0000000, 0x00000000c4300000, 0x00000000eab00000)
  object space 68608K, 82% used [0x00000000c0000000,0x00000000c37537b8,0x00000000c4300000)
 Metaspace       used 56075K, committed 57152K, reserved 1114112K
  class space    used 5939K, committed 6400K, reserved 1048576K
}
Event: 57.546 GC heap after
{Heap after GC invocations=46 (full 2):
 PSYoungGen      total 18944K, used 789K [0x00000000eab00000, 0x00000000ebf00000, 0x0000000100000000)
  eden space 17920K, 0% used [0x00000000eab00000,0x00000000eab00000,0x00000000ebc80000)
  from space 1024K, 77% used [0x00000000ebe00000,0x00000000ebec56a0,0x00000000ebf00000)
  to   space 1024K, 0% used [0x00000000ebc80000,0x00000000ebc80000,0x00000000ebd80000)
 ParOldGen       total 68608K, used 57384K [0x00000000c0000000, 0x00000000c4300000, 0x00000000eab00000)
  object space 68608K, 83% used [0x00000000c0000000,0x00000000c380a008,0x00000000c4300000)
 Metaspace       used 56075K, committed 57152K, reserved 1114112K
  class space    used 5939K, committed 6400K, reserved 1048576K
}
Event: 57.654 GC heap before
{Heap before GC invocations=47 (full 2):
 PSYoungGen      total 18944K, used 18709K [0x00000000eab00000, 0x00000000ebf00000, 0x0000000100000000)
  eden space 17920K, 100% used [0x00000000eab00000,0x00000000ebc80000,0x00000000ebc80000)
  from space 1024K, 77% used [0x00000000ebe00000,0x00000000ebec56a0,0x00000000ebf00000)
  to   space 1024K, 0% used [0x00000000ebc80000,0x00000000ebc80000,0x00000000ebd80000)
 ParOldGen       total 68608K, used 57384K [0x00000000c0000000, 0x00000000c4300000, 0x00000000eab00000)
  object space 68608K, 83% used [0x00000000c0000000,0x00000000c380a008,0x00000000c4300000)
 Metaspace       used 56078K, committed 57152K, reserved 1114112K
  class space    used 5939K, committed 6400K, reserved 1048576K
}
Event: 57.656 GC heap after
{Heap after GC invocations=47 (full 2):
 PSYoungGen      total 18944K, used 577K [0x00000000eab00000, 0x00000000ebe80000, 0x0000000100000000)
  eden space 17920K, 0% used [0x00000000eab00000,0x00000000eab00000,0x00000000ebc80000)
  from space 1024K, 56% used [0x00000000ebc80000,0x00000000ebd106e8,0x00000000ebd80000)
  to   space 1024K, 0% used [0x00000000ebd80000,0x00000000ebd80000,0x00000000ebe80000)
 ParOldGen       total 68608K, used 57846K [0x00000000c0000000, 0x00000000c4300000, 0x00000000eab00000)
  object space 68608K, 84% used [0x00000000c0000000,0x00000000c387d890,0x00000000c4300000)
 Metaspace       used 56078K, committed 57152K, reserved 1114112K
  class space    used 5939K, committed 6400K, reserved 1048576K
}
Event: 58.331 GC heap before
{Heap before GC invocations=48 (full 2):
 PSYoungGen      total 18944K, used 18497K [0x00000000eab00000, 0x00000000ebe80000, 0x0000000100000000)
  eden space 17920K, 100% used [0x00000000eab00000,0x00000000ebc80000,0x00000000ebc80000)
  from space 1024K, 56% used [0x00000000ebc80000,0x00000000ebd106e8,0x00000000ebd80000)
  to   space 1024K, 0% used [0x00000000ebd80000,0x00000000ebd80000,0x00000000ebe80000)
 ParOldGen       total 68608K, used 57846K [0x00000000c0000000, 0x00000000c4300000, 0x00000000eab00000)
  object space 68608K, 84% used [0x00000000c0000000,0x00000000c387d890,0x00000000c4300000)
 Metaspace       used 56083K, committed 57152K, reserved 1114112K
  class space    used 5939K, committed 6400K, reserved 1048576K
}
Event: 58.335 GC heap after
{Heap after GC invocations=48 (full 2):
 PSYoungGen      total 16896K, used 1006K [0x00000000eab00000, 0x00000000ec280000, 0x0000000100000000)
  eden space 15872K, 0% used [0x00000000eab00000,0x00000000eab00000,0x00000000eba80000)
  from space 1024K, 98% used [0x00000000ebd80000,0x00000000ebe7b9a0,0x00000000ebe80000)
  to   space 3072K, 0% used [0x00000000eba80000,0x00000000eba80000,0x00000000ebd80000)
 ParOldGen       total 68608K, used 59460K [0x00000000c0000000, 0x00000000c4300000, 0x00000000eab00000)
  object space 68608K, 86% used [0x00000000c0000000,0x00000000c3a111e0,0x00000000c4300000)
 Metaspace       used 56083K, committed 57152K, reserved 1114112K
  class space    used 5939K, committed 6400K, reserved 1048576K
}
Event: 59.897 GC heap before
{Heap before GC invocations=49 (full 2):
 PSYoungGen      total 16896K, used 16878K [0x00000000eab00000, 0x00000000ec280000, 0x0000000100000000)
  eden space 15872K, 100% used [0x00000000eab00000,0x00000000eba80000,0x00000000eba80000)
  from space 1024K, 98% used [0x00000000ebd80000,0x00000000ebe7b9a0,0x00000000ebe80000)
  to   space 3072K, 0% used [0x00000000eba80000,0x00000000eba80000,0x00000000ebd80000)
 ParOldGen       total 68608K, used 59460K [0x00000000c0000000, 0x00000000c4300000, 0x00000000eab00000)
  object space 68608K, 86% used [0x00000000c0000000,0x00000000c3a111e0,0x00000000c4300000)
 Metaspace       used 56108K, committed 57152K, reserved 1114112K
  class space    used 5941K, committed 6400K, reserved 1048576K
}
Event: 59.903 GC heap after
{Heap after GC invocations=49 (full 2):
 PSYoungGen      total 18944K, used 3042K [0x00000000eab00000, 0x00000000ec580000, 0x0000000100000000)
  eden space 15872K, 0% used [0x00000000eab00000,0x00000000eab00000,0x00000000eba80000)
  from space 3072K, 99% used [0x00000000eba80000,0x00000000ebd78b80,0x00000000ebd80000)
  to   space 5632K, 0% used [0x00000000ec000000,0x00000000ec000000,0x00000000ec580000)
 ParOldGen       total 68608K, used 61230K [0x00000000c0000000, 0x00000000c4300000, 0x00000000eab00000)
  object space 68608K, 89% used [0x00000000c0000000,0x00000000c3bcb810,0x00000000c4300000)
 Metaspace       used 56108K, committed 57152K, reserved 1114112K
  class space    used 5941K, committed 6400K, reserved 1048576K
}
Event: 63.224 GC heap before
{Heap before GC invocations=50 (full 2):
 PSYoungGen      total 18944K, used 18914K [0x00000000eab00000, 0x00000000ec580000, 0x0000000100000000)
  eden space 15872K, 100% used [0x00000000eab00000,0x00000000eba80000,0x00000000eba80000)
  from space 3072K, 99% used [0x00000000eba80000,0x00000000ebd78b80,0x00000000ebd80000)
  to   space 5632K, 0% used [0x00000000ec000000,0x00000000ec000000,0x00000000ec580000)
 ParOldGen       total 68608K, used 61230K [0x00000000c0000000, 0x00000000c4300000, 0x00000000eab00000)
  object space 68608K, 89% used [0x00000000c0000000,0x00000000c3bcb810,0x00000000c4300000)
 Metaspace       used 56138K, committed 57280K, reserved 1114112K
  class space    used 5944K, committed 6464K, reserved 1048576K
}
Event: 63.385 GC heap after
{Heap after GC invocations=50 (full 2):
 PSYoungGen      total 18944K, used 2669K [0x00000000eab00000, 0x00000000ec300000, 0x0000000100000000)
  eden space 15872K, 0% used [0x00000000eab00000,0x00000000eab00000,0x00000000eba80000)
  from space 3072K, 86% used [0x00000000ec000000,0x00000000ec29b7f8,0x00000000ec300000)
  to   space 3584K, 0% used [0x00000000ebc00000,0x00000000ebc00000,0x00000000ebf80000)
 ParOldGen       total 68608K, used 64230K [0x00000000c0000000, 0x00000000c4300000, 0x00000000eab00000)
  object space 68608K, 93% used [0x00000000c0000000,0x00000000c3eb9a90,0x00000000c4300000)
 Metaspace       used 56138K, committed 57280K, reserved 1114112K
  class space    used 5944K, committed 6464K, reserved 1048576K
}
Event: 68.005 GC heap before
{Heap before GC invocations=51 (full 2):
 PSYoungGen      total 18944K, used 18541K [0x00000000eab00000, 0x00000000ec300000, 0x0000000100000000)
  eden space 15872K, 100% used [0x00000000eab00000,0x00000000eba80000,0x00000000eba80000)
  from space 3072K, 86% used [0x00000000ec000000,0x00000000ec29b7f8,0x00000000ec300000)
  to   space 3584K, 0% used [0x00000000ebc00000,0x00000000ebc00000,0x00000000ebf80000)
 ParOldGen       total 68608K, used 64230K [0x00000000c0000000, 0x00000000c4300000, 0x00000000eab00000)
  object space 68608K, 93% used [0x00000000c0000000,0x00000000c3eb9a90,0x00000000c4300000)
 Metaspace       used 57349K, committed 58432K, reserved 1114112K
  class space    used 6070K, committed 6528K, reserved 1048576K
}
Event: 68.023 GC heap after
{Heap after GC invocations=51 (full 2):
 PSYoungGen      total 18432K, used 2293K [0x00000000eab00000, 0x00000000ec080000, 0x0000000100000000)
  eden space 15872K, 0% used [0x00000000eab00000,0x00000000eab00000,0x00000000eba80000)
  from space 2560K, 89% used [0x00000000ebc00000,0x00000000ebe3d430,0x00000000ebe80000)
  to   space 2048K, 0% used [0x00000000ebe80000,0x00000000ebe80000,0x00000000ec080000)
 ParOldGen       total 68608K, used 66709K [0x00000000c0000000, 0x00000000c4300000, 0x00000000eab00000)
  object space 68608K, 97% used [0x00000000c0000000,0x00000000c41254a8,0x00000000c4300000)
 Metaspace       used 57349K, committed 58432K, reserved 1114112K
  class space    used 6070K, committed 6528K, reserved 1048576K
}
Event: 68.706 GC heap before
{Heap before GC invocations=52 (full 3):
 PSYoungGen      total 18432K, used 18165K [0x00000000eab00000, 0x00000000ec080000, 0x0000000100000000)
  eden space 15872K, 100% used [0x00000000eab00000,0x00000000eba80000,0x00000000eba80000)
  from space 2560K, 89% used [0x00000000ebc00000,0x00000000ebe3d430,0x00000000ebe80000)
  to   space 2048K, 0% used [0x00000000ebe80000,0x00000000ebe80000,0x00000000ec080000)
 ParOldGen       total 68608K, used 66709K [0x00000000c0000000, 0x00000000c4300000, 0x00000000eab00000)
  object space 68608K, 97% used [0x00000000c0000000,0x00000000c41254a8,0x00000000c4300000)
 Metaspace       used 57716K, committed 58816K, reserved 1114112K
  class space    used 6103K, committed 6592K, reserved 1048576K
}
Event: 69.896 GC heap after
{Heap after GC invocations=52 (full 3):
 PSYoungGen      total 17920K, used 0K [0x00000000eab00000, 0x00000000ec080000, 0x0000000100000000)
  eden space 15872K, 0% used [0x00000000eab00000,0x00000000eab00000,0x00000000eba80000)
  from space 2048K, 0% used [0x00000000ebe80000,0x00000000ebe80000,0x00000000ec080000)
  to   space 3072K, 0% used [0x00000000eba80000,0x00000000eba80000,0x00000000ebd80000)
 ParOldGen       total 89600K, used 61787K [0x00000000c0000000, 0x00000000c5780000, 0x00000000eab00000)
  object space 89600K, 68% used [0x00000000c0000000,0x00000000c3c56f00,0x00000000c5780000)
 Metaspace       used 57716K, committed 58816K, reserved 1114112K
  class space    used 6103K, committed 6592K, reserved 1048576K
}

Dll operation events (10 events):
Event: 0.110 Loaded shared library c:\Users\jhonn\.vscode\extensions\redhat.java-1.38.0-win32-x64\jre\17.0.13-win32-x86_64\bin\java.dll
Event: 0.596 Loaded shared library c:\Users\jhonn\.vscode\extensions\redhat.java-1.38.0-win32-x64\jre\17.0.13-win32-x86_64\bin\zip.dll
Event: 0.608 Loaded shared library C:\Users\jhonn\.vscode\extensions\redhat.java-1.38.0-win32-x64\jre\17.0.13-win32-x86_64\bin\instrument.dll
Event: 0.668 Loaded shared library C:\Users\jhonn\.vscode\extensions\redhat.java-1.38.0-win32-x64\jre\17.0.13-win32-x86_64\bin\net.dll
Event: 0.685 Loaded shared library C:\Users\jhonn\.vscode\extensions\redhat.java-1.38.0-win32-x64\jre\17.0.13-win32-x86_64\bin\nio.dll
Event: 0.711 Loaded shared library C:\Users\jhonn\.vscode\extensions\redhat.java-1.38.0-win32-x64\jre\17.0.13-win32-x86_64\bin\zip.dll
Event: 0.782 Loaded shared library C:\Users\jhonn\.vscode\extensions\redhat.java-1.38.0-win32-x64\jre\17.0.13-win32-x86_64\bin\jimage.dll
Event: 1.034 Loaded shared library c:\Users\jhonn\.vscode\extensions\redhat.java-1.38.0-win32-x64\jre\17.0.13-win32-x86_64\bin\verify.dll
Event: 7.939 Loaded shared library C:\Users\jhonn\AppData\Roaming\Code\User\globalStorage\redhat.java\1.38.0\config_win\org.eclipse.equinox.launcher\org.eclipse.equinox.launcher.win32.win32.x86_64_1.2.1100.v20240722-2106\eclipse_11904.dll
Event: 24.694 Loaded shared library C:\Users\jhonn\AppData\Local\Temp\jna-101101681\jna190339352797188131.dll

Deoptimization events (20 events):
Event: 66.463 Thread 0x000001dd975a3430 DEOPT PACKING pc=0x000001dd835eb431 sp=0x0000008f7aafdcb0
Event: 66.463 Thread 0x000001dd975a3430 DEOPT UNPACKING pc=0x000001dd8a166e43 sp=0x0000008f7aafd190 mode 0
Event: 66.464 Thread 0x000001dd975a3430 DEOPT PACKING pc=0x000001dd835eb67e sp=0x0000008f7aafdcb0
Event: 66.464 Thread 0x000001dd975a3430 DEOPT UNPACKING pc=0x000001dd8a166e43 sp=0x0000008f7aafd1a0 mode 0
Event: 66.465 Thread 0x000001dd975a3430 DEOPT PACKING pc=0x000001dd835eb67e sp=0x0000008f7aafdcb0
Event: 66.465 Thread 0x000001dd975a3430 DEOPT UNPACKING pc=0x000001dd8a166e43 sp=0x0000008f7aafd1a0 mode 0
Event: 66.483 Thread 0x000001dd975a3430 DEOPT PACKING pc=0x000001dd835eb67e sp=0x0000008f7aafdcb0
Event: 66.484 Thread 0x000001dd975a3430 DEOPT UNPACKING pc=0x000001dd8a166e43 sp=0x0000008f7aafd1a0 mode 0
Event: 66.485 Thread 0x000001dd975a3430 DEOPT PACKING pc=0x000001dd835eb67e sp=0x0000008f7aafdcb0
Event: 66.485 Thread 0x000001dd975a3430 DEOPT UNPACKING pc=0x000001dd8a166e43 sp=0x0000008f7aafd1a0 mode 0
Event: 66.487 Thread 0x000001dd975a3430 DEOPT PACKING pc=0x000001dd835eb67e sp=0x0000008f7aafdcb0
Event: 66.487 Thread 0x000001dd975a3430 DEOPT UNPACKING pc=0x000001dd8a166e43 sp=0x0000008f7aafd1a0 mode 0
Event: 66.488 Thread 0x000001dd975a3430 DEOPT PACKING pc=0x000001dd835eb431 sp=0x0000008f7aafdcb0
Event: 66.488 Thread 0x000001dd975a3430 DEOPT UNPACKING pc=0x000001dd8a166e43 sp=0x0000008f7aafd190 mode 0
Event: 66.489 Thread 0x000001dd975a3430 DEOPT PACKING pc=0x000001dd835eb67e sp=0x0000008f7aafdcb0
Event: 66.489 Thread 0x000001dd975a3430 DEOPT UNPACKING pc=0x000001dd8a166e43 sp=0x0000008f7aafd1a0 mode 0
Event: 68.344 Thread 0x000001dd975a4870 Uncommon trap: trap_request=0xfffffff4 fr.pc=0x000001dd8aa3f4a8 relative=0x00000000000089a8
Event: 68.344 Thread 0x000001dd975a4870 Uncommon trap: reason=null_check action=make_not_entrant pc=0x000001dd8aa3f4a8 method=org.eclipse.jdt.internal.core.search.indexing.BinaryIndexer.indexDocument()V @ 568 c2
Event: 68.344 Thread 0x000001dd975a4870 DEOPT PACKING pc=0x000001dd8aa3f4a8 sp=0x0000008f7aefecf0
Event: 68.344 Thread 0x000001dd975a4870 DEOPT UNPACKING pc=0x000001dd8a1666a3 sp=0x0000008f7aefec80 mode 2

Classes loaded (20 events):
Event: 37.087 Loading class java/util/concurrent/CompletableFuture$AltResult
Event: 37.087 Loading class java/util/concurrent/CompletableFuture$AltResult done
Event: 37.087 Loading class java/util/concurrent/CompletableFuture$Completion
Event: 37.092 Loading class java/util/concurrent/CompletableFuture$AsynchronousCompletionTask
Event: 37.092 Loading class java/util/concurrent/CompletableFuture$AsynchronousCompletionTask done
Event: 37.092 Loading class java/util/concurrent/ForkJoinTask
Event: 37.136 Loading class java/util/concurrent/ForkJoinTask done
Event: 37.136 Loading class java/util/concurrent/CompletableFuture$Completion done
Event: 37.149 Loading class sun/nio/ch/WindowsAsynchronousFileChannelImpl$WriteTask
Event: 37.149 Loading class sun/nio/ch/WindowsAsynchronousFileChannelImpl$WriteTask done
Event: 37.184 Loading class jdk/internal/math/FormattedFloatingDecimal$Form
Event: 37.184 Loading class jdk/internal/math/FormattedFloatingDecimal$Form done
Event: 37.184 Loading class jdk/internal/math/FormattedFloatingDecimal
Event: 37.185 Loading class jdk/internal/math/FormattedFloatingDecimal done
Event: 37.185 Loading class jdk/internal/math/FormattedFloatingDecimal$1
Event: 37.185 Loading class jdk/internal/math/FormattedFloatingDecimal$1 done
Event: 37.188 Loading class jdk/internal/math/FormattedFloatingDecimal$2
Event: 37.188 Loading class jdk/internal/math/FormattedFloatingDecimal$2 done
Event: 63.010 Loading class java/util/zip/CheckedInputStream
Event: 63.850 Loading class java/util/zip/CheckedInputStream done

Classes unloaded (12 events):
Event: 30.260 Thread 0x000001ddfff86910 Unloading class 0x0000000100367400 'java/lang/invoke/LambdaForm$MH+0x0000000100367400'
Event: 30.260 Thread 0x000001ddfff86910 Unloading class 0x0000000100366c00 'java/lang/invoke/LambdaForm$MH+0x0000000100366c00'
Event: 30.260 Thread 0x000001ddfff86910 Unloading class 0x0000000100366000 'java/lang/invoke/LambdaForm$MH+0x0000000100366000'
Event: 30.260 Thread 0x000001ddfff86910 Unloading class 0x0000000100365800 'java/lang/invoke/LambdaForm$MH+0x0000000100365800'
Event: 30.260 Thread 0x000001ddfff86910 Unloading class 0x0000000100365000 'java/lang/invoke/LambdaForm$MH+0x0000000100365000'
Event: 30.260 Thread 0x000001ddfff86910 Unloading class 0x000000010025c000 'java/lang/invoke/LambdaForm$MH+0x000000010025c000'
Event: 30.260 Thread 0x000001ddfff86910 Unloading class 0x000000010025bc00 'java/lang/invoke/LambdaForm$MH+0x000000010025bc00'
Event: 30.260 Thread 0x000001ddfff86910 Unloading class 0x000000010025b800 'java/lang/invoke/LambdaForm$MH+0x000000010025b800'
Event: 30.260 Thread 0x000001ddfff86910 Unloading class 0x000000010025b400 'java/lang/invoke/LambdaForm$MH+0x000000010025b400'
Event: 30.260 Thread 0x000001ddfff86910 Unloading class 0x000000010025b000 'java/lang/invoke/LambdaForm$BMH+0x000000010025b000'
Event: 30.260 Thread 0x000001ddfff86910 Unloading class 0x000000010025ac00 'java/lang/invoke/LambdaForm$DMH+0x000000010025ac00'
Event: 30.260 Thread 0x000001ddfff86910 Unloading class 0x0000000100258400 'java/lang/invoke/LambdaForm$DMH+0x0000000100258400'

Classes redefined (0 events):
No events

Internal exceptions (20 events):
Event: 36.655 Thread 0x000001dd975a57a0 Exception <a 'java/io/FileNotFoundException'{0x00000000ebe4f558}> (0x00000000ebe4f558) 
thrown [s\src\hotspot\share\prims\jni.cpp, line 516]
Event: 36.655 Thread 0x000001dd975a57a0 Exception <a 'java/io/FileNotFoundException'{0x00000000ebe502e0}> (0x00000000ebe502e0) 
thrown [s\src\hotspot\share\prims\jni.cpp, line 516]
Event: 36.842 Thread 0x000001dd975a3430 Exception <a 'sun/nio/fs/WindowsException'{0x00000000eae87650}> (0x00000000eae87650) 
thrown [s\src\hotspot\share\prims\jni.cpp, line 516]
Event: 36.842 Thread 0x000001dd975a3430 Exception <a 'sun/nio/fs/WindowsException'{0x00000000eae87c88}> (0x00000000eae87c88) 
thrown [s\src\hotspot\share\prims\jni.cpp, line 516]
Event: 36.952 Thread 0x000001dd975a3430 Exception <a 'sun/nio/fs/WindowsException'{0x00000000eb0fe8e0}> (0x00000000eb0fe8e0) 
thrown [s\src\hotspot\share\prims\jni.cpp, line 516]
Event: 36.952 Thread 0x000001dd975a3430 Exception <a 'sun/nio/fs/WindowsException'{0x00000000eb0ff1c0}> (0x00000000eb0ff1c0) 
thrown [s\src\hotspot\share\prims\jni.cpp, line 516]
Event: 36.964 Thread 0x000001dd975a61c0 Exception <a 'java/lang/NoSuchMethodError'{0x00000000eb13f178}: 'void java.lang.invoke.DirectMethodHandle$Holder.invokeStaticInit(java.lang.Object, java.lang.Object, java.lang.Object, java.lang.Object)'> (0x00000000eb13f178) 
thrown [s\src\hotspot\share\interpreter\linkResolver.cpp, line 759]
Event: 37.064 Thread 0x000001dd975a7b10 Exception <a 'java/io/FileNotFoundException'{0x00000000eb3b2fe8}> (0x00000000eb3b2fe8) 
thrown [s\src\hotspot\share\prims\jni.cpp, line 516]
Event: 37.166 Thread 0x000001dd975a3430 Exception <a 'java/lang/NoSuchMethodError'{0x00000000eb55d2b8}: 'int java.lang.invoke.DirectMethodHandle$Holder.invokeSpecialIFC(java.lang.Object, java.lang.Object, java.lang.Object, java.lang.Object)'> (0x00000000eb55d2b8) 
thrown [s\src\hotspot\share\interpreter\linkResolver.cpp, line 759]
Event: 37.405 Thread 0x000001dd975a3430 Exception <a 'java/lang/NoSuchMethodError'{0x00000000eb9ce020}: 'java.lang.Object java.lang.invoke.DirectMethodHandle$Holder.newInvokeSpecial(java.lang.Object, java.lang.Object, java.lang.Object, java.lang.Object, java.lang.Object, java.lang.Object)'> (0x00000000eb9ce020) 
thrown [s\src\hotspot\share\interpreter\linkResolver.cpp, line 759]
Event: 37.589 Thread 0x000001dd975a3430 Exception <a 'java/io/FileNotFoundException'{0x00000000ebc75648}> (0x00000000ebc75648) 
thrown [s\src\hotspot\share\prims\jni.cpp, line 516]
Event: 37.590 Thread 0x000001dd975a3430 Exception <a 'java/io/FileNotFoundException'{0x00000000ebc76668}> (0x00000000ebc76668) 
thrown [s\src\hotspot\share\prims\jni.cpp, line 516]
Event: 37.591 Thread 0x000001dd975a3430 Exception <a 'java/io/FileNotFoundException'{0x00000000ebc82b00}> (0x00000000ebc82b00) 
thrown [s\src\hotspot\share\prims\jni.cpp, line 516]
Event: 37.605 Thread 0x000001dd975a3430 Exception <a 'java/io/FileNotFoundException'{0x00000000ebc83df0}> (0x00000000ebc83df0) 
thrown [s\src\hotspot\share\prims\jni.cpp, line 516]
Event: 37.606 Thread 0x000001dd975a3430 Exception <a 'java/io/FileNotFoundException'{0x00000000ebc84e30}> (0x00000000ebc84e30) 
thrown [s\src\hotspot\share\prims\jni.cpp, line 516]
Event: 43.952 Thread 0x000001dd975a3430 Implicit null exception at 0x000001dd8a926c5a to 0x000001dd8a926d75
Event: 49.014 Thread 0x000001dd975a4870 Implicit null exception at 0x000001dd8a6e512c to 0x000001dd8a6e521c
Event: 60.201 Thread 0x000001dd975a3430 Exception <a 'java/lang/NoSuchMethodError'{0x00000000eb368f48}: 'int java.lang.invoke.DirectMethodHandle$Holder.invokeInterface(java.lang.Object, java.lang.Object)'> (0x00000000eb368f48) 
thrown [s\src\hotspot\share\interpreter\linkResolver.cpp, line 759]
Event: 60.226 Thread 0x000001dd975a3430 Exception <a 'java/lang/IncompatibleClassChangeError'{0x00000000eb36c4d8}: Found class java.lang.Object, but interface was expected> (0x00000000eb36c4d8) 
thrown [s\src\hotspot\share\interpreter\linkResolver.cpp, line 826]
Event: 68.344 Thread 0x000001dd975a4870 Implicit null exception at 0x000001dd8aa38486 to 0x000001dd8aa3f484

VM Operations (20 events):
Event: 61.422 Executing VM operation: Cleanup
Event: 61.468 Executing VM operation: Cleanup done
Event: 62.472 Executing VM operation: Cleanup
Event: 62.550 Executing VM operation: Cleanup done
Event: 63.055 Executing VM operation: ParallelGCFailedAllocation
Event: 63.385 Executing VM operation: ParallelGCFailedAllocation done
Event: 64.400 Executing VM operation: Cleanup
Event: 65.234 Executing VM operation: Cleanup done
Event: 66.239 Executing VM operation: Cleanup
Event: 66.240 Executing VM operation: Cleanup done
Event: 67.245 Executing VM operation: Cleanup
Event: 67.576 Executing VM operation: Cleanup done
Event: 68.005 Executing VM operation: ParallelGCFailedAllocation
Event: 68.023 Executing VM operation: ParallelGCFailedAllocation done
Event: 68.561 Executing VM operation: HandshakeAllThreads
Event: 68.561 Executing VM operation: HandshakeAllThreads done
Event: 68.679 Executing VM operation: HandshakeAllThreads
Event: 68.679 Executing VM operation: HandshakeAllThreads done
Event: 68.706 Executing VM operation: ParallelGCFailedAllocation
Event: 69.897 Executing VM operation: ParallelGCFailedAllocation done

Memory protections (0 events):
No events

Nmethod flushes (20 events):
Event: 34.924 Thread 0x000001ddffff92e0 flushing osr nmethod 0x000001dd83690790
Event: 34.924 Thread 0x000001ddffff92e0 flushing  nmethod 0x000001dd83691c10
Event: 34.924 Thread 0x000001ddffff92e0 flushing  nmethod 0x000001dd83693210
Event: 34.924 Thread 0x000001ddffff92e0 flushing  nmethod 0x000001dd83693c10
Event: 34.924 Thread 0x000001ddffff92e0 flushing  nmethod 0x000001dd83694210
Event: 34.924 Thread 0x000001ddffff92e0 flushing  nmethod 0x000001dd83694790
Event: 34.924 Thread 0x000001ddffff92e0 flushing  nmethod 0x000001dd83695910
Event: 34.924 Thread 0x000001ddffff92e0 flushing  nmethod 0x000001dd83696590
Event: 34.924 Thread 0x000001ddffff92e0 flushing  nmethod 0x000001dd83698f10
Event: 34.924 Thread 0x000001ddffff92e0 flushing  nmethod 0x000001dd8369a010
Event: 34.924 Thread 0x000001ddffff92e0 flushing  nmethod 0x000001dd836a0410
Event: 34.924 Thread 0x000001ddffff92e0 flushing  nmethod 0x000001dd836a1710
Event: 34.924 Thread 0x000001ddffff92e0 flushing  nmethod 0x000001dd836a1b90
Event: 34.924 Thread 0x000001ddffff92e0 flushing  nmethod 0x000001dd836a6310
Event: 34.924 Thread 0x000001ddffff92e0 flushing  nmethod 0x000001dd836aa090
Event: 34.924 Thread 0x000001ddffff92e0 flushing  nmethod 0x000001dd836c9610
Event: 50.561 Thread 0x000001ddffff92e0 flushing  nmethod 0x000001dd8a80a810
Event: 50.562 Thread 0x000001ddffff92e0 flushing  nmethod 0x000001dd8a81a790
Event: 50.735 Thread 0x000001ddffff92e0 flushing  nmethod 0x000001dd834c6810
Event: 50.743 Thread 0x000001ddffff92e0 flushing  nmethod 0x000001dd8353ec90

Events (20 events):
Event: 20.466 Thread 0x000001dd9768bc50 Thread exited: 0x000001dd9768bc50
Event: 25.054 Thread 0x000001dd976893d0 Thread added: 0x000001dd97689df0
Event: 25.598 Thread 0x000001dd976893d0 Thread added: 0x000001dd9768bc50
Event: 25.824 Thread 0x000001dd976893d0 Thread added: 0x000001dd975a3430
Event: 25.836 Thread 0x000001dd976893d0 Thread added: 0x000001dd975a8f50
Event: 29.267 Thread 0x000001dd9768bc50 Thread added: 0x000001dd975a61c0
Event: 29.396 Thread 0x000001dd975a61c0 Thread added: 0x000001dd975a57a0
Event: 31.481 Thread 0x000001dd976893d0 Thread added: 0x000001dd975a4870
Event: 32.681 Thread 0x000001ddfdd3f950 Thread added: 0x000001dd975a8530
Event: 32.682 Thread 0x000001ddfdd3f950 Thread added: 0x000001dd975a8a40
Event: 32.682 Thread 0x000001ddfdd3f950 Thread added: 0x000001dd975aa8a0
Event: 32.682 Thread 0x000001ddfdd3f950 Thread added: 0x000001dd975a3940
Event: 32.682 Thread 0x000001ddfdd3f950 Thread added: 0x000001dd975a9460
Event: 32.714 Thread 0x000001ddfdd3f950 Thread added: 0x000001dd975a9970
Event: 32.996 Thread 0x000001dd975a61c0 Thread added: 0x000001dd975a7600
Event: 33.264 Thread 0x000001dd975a8f50 Thread exited: 0x000001dd975a8f50
Event: 33.369 Thread 0x000001ddfdd3f950 Thread added: 0x000001dd975a5290
Event: 33.370 Thread 0x000001ddfdd3f950 Thread added: 0x000001dd975a7b10
Event: 34.107 Thread 0x000001dd975a61c0 Thread added: 0x000001dd975a8f50
Event: 34.343 Thread 0x000001dd975a61c0 Thread added: 0x000001dd975a9e80


Dynamic libraries:
0x00007ff66e0f0000 - 0x00007ff66e0fe000 	c:\Users\jhonn\.vscode\extensions\redhat.java-1.38.0-win32-x64\jre\17.0.13-win32-x86_64\bin\java.exe
0x00007ffc0d0f0000 - 0x00007ffc0d2e8000 	C:\WINDOWS\SYSTEM32\ntdll.dll
0x00007ffc0ce80000 - 0x00007ffc0cf42000 	C:\WINDOWS\System32\KERNEL32.DLL
0x00007ffc0acc0000 - 0x00007ffc0afbe000 	C:\WINDOWS\System32\KERNELBASE.dll
0x00007ffc0ab10000 - 0x00007ffc0ac10000 	C:\WINDOWS\System32\ucrtbase.dll
0x00007ffbe9130000 - 0x00007ffbe914e000 	c:\Users\jhonn\.vscode\extensions\redhat.java-1.38.0-win32-x64\jre\17.0.13-win32-x86_64\bin\VCRUNTIME140.dll
0x00007ffbeebf0000 - 0x00007ffbeec07000 	c:\Users\jhonn\.vscode\extensions\redhat.java-1.38.0-win32-x64\jre\17.0.13-win32-x86_64\bin\jli.dll
0x00007ffc0be10000 - 0x00007ffc0bfad000 	C:\WINDOWS\System32\USER32.dll
0x00007ffbfd4b0000 - 0x00007ffbfd74a000 	C:\WINDOWS\WinSxS\amd64_microsoft.windows.common-controls_6595b64144ccf1df_6.0.19041.4355_none_60b8b9eb71f62e16\COMCTL32.dll
0x00007ffc0a9f0000 - 0x00007ffc0aa12000 	C:\WINDOWS\System32\win32u.dll
0x00007ffc0cfb0000 - 0x00007ffc0d04e000 	C:\WINDOWS\System32\msvcrt.dll
0x00007ffc0ce50000 - 0x00007ffc0ce7b000 	C:\WINDOWS\System32\GDI32.dll
0x00007ffc0afc0000 - 0x00007ffc0b0d7000 	C:\WINDOWS\System32\gdi32full.dll
0x00007ffc0aa20000 - 0x00007ffc0aabd000 	C:\WINDOWS\System32\msvcp_win.dll
0x00007ffc0ce20000 - 0x00007ffc0ce4f000 	C:\WINDOWS\System32\IMM32.DLL
0x00007ffc07df0000 - 0x00007ffc07dfc000 	c:\Users\jhonn\.vscode\extensions\redhat.java-1.38.0-win32-x64\jre\17.0.13-win32-x86_64\bin\vcruntime140_1.dll
0x00007ffbad750000 - 0x00007ffbad7dd000 	c:\Users\jhonn\.vscode\extensions\redhat.java-1.38.0-win32-x64\jre\17.0.13-win32-x86_64\bin\msvcp140.dll
0x00007ffb8f030000 - 0x00007ffb8fc9b000 	c:\Users\jhonn\.vscode\extensions\redhat.java-1.38.0-win32-x64\jre\17.0.13-win32-x86_64\bin\server\jvm.dll
0x00007ffc0b670000 - 0x00007ffc0b721000 	C:\WINDOWS\System32\ADVAPI32.dll
0x00007ffc0c4e0000 - 0x00007ffc0c57f000 	C:\WINDOWS\System32\sechost.dll
0x00007ffc0b3c0000 - 0x00007ffc0b4e3000 	C:\WINDOWS\System32\RPCRT4.dll
0x00007ffc0b0e0000 - 0x00007ffc0b107000 	C:\WINDOWS\System32\bcrypt.dll
0x00007ffc0bbf0000 - 0x00007ffc0bc5b000 	C:\WINDOWS\System32\WS2_32.dll
0x00007ffc0a5f0000 - 0x00007ffc0a63b000 	C:\WINDOWS\SYSTEM32\POWRPROF.dll
0x00007ffbfd8c0000 - 0x00007ffbfd8e7000 	C:\WINDOWS\SYSTEM32\WINMM.dll
0x00007ffbfdc10000 - 0x00007ffbfdc1a000 	C:\WINDOWS\SYSTEM32\VERSION.dll
0x00007ffc0a5d0000 - 0x00007ffc0a5e2000 	C:\WINDOWS\SYSTEM32\UMPDC.dll
0x00007ffc08610000 - 0x00007ffc08622000 	C:\WINDOWS\SYSTEM32\kernel.appcore.dll
0x00007ffc06b70000 - 0x00007ffc06b7a000 	c:\Users\jhonn\.vscode\extensions\redhat.java-1.38.0-win32-x64\jre\17.0.13-win32-x86_64\bin\jimage.dll
0x00007ffbfd2c0000 - 0x00007ffbfd4a4000 	C:\WINDOWS\SYSTEM32\DBGHELP.DLL
0x00007ffbfc6b0000 - 0x00007ffbfc6e4000 	C:\WINDOWS\SYSTEM32\dbgcore.DLL
0x00007ffc0a800000 - 0x00007ffc0a882000 	C:\WINDOWS\System32\bcryptPrimitives.dll
0x00007ffbee730000 - 0x00007ffbee73e000 	c:\Users\jhonn\.vscode\extensions\redhat.java-1.38.0-win32-x64\jre\17.0.13-win32-x86_64\bin\instrument.dll
0x00007ffbd6740000 - 0x00007ffbd6765000 	c:\Users\jhonn\.vscode\extensions\redhat.java-1.38.0-win32-x64\jre\17.0.13-win32-x86_64\bin\java.dll
0x00007ffbe6480000 - 0x00007ffbe6498000 	c:\Users\jhonn\.vscode\extensions\redhat.java-1.38.0-win32-x64\jre\17.0.13-win32-x86_64\bin\zip.dll
0x00007ffc0c580000 - 0x00007ffc0cced000 	C:\WINDOWS\System32\SHELL32.dll
0x00007ffc08810000 - 0x00007ffc08fb4000 	C:\WINDOWS\SYSTEM32\windows.storage.dll
0x00007ffc0b820000 - 0x00007ffc0bb73000 	C:\WINDOWS\System32\combase.dll
0x00007ffc0a0f0000 - 0x00007ffc0a11e000 	C:\WINDOWS\SYSTEM32\Wldp.dll
0x00007ffc0b4f0000 - 0x00007ffc0b5bd000 	C:\WINDOWS\System32\OLEAUT32.dll
0x00007ffc0b5c0000 - 0x00007ffc0b66d000 	C:\WINDOWS\System32\SHCORE.dll
0x00007ffc0d050000 - 0x00007ffc0d0a5000 	C:\WINDOWS\System32\shlwapi.dll
0x00007ffc0a6c0000 - 0x00007ffc0a6e4000 	C:\WINDOWS\SYSTEM32\profapi.dll
0x00007ffbe5970000 - 0x00007ffbe5989000 	C:\Users\jhonn\.vscode\extensions\redhat.java-1.38.0-win32-x64\jre\17.0.13-win32-x86_64\bin\net.dll
0x00007ffc02ce0000 - 0x00007ffc02ded000 	C:\WINDOWS\SYSTEM32\WINHTTP.dll
0x00007ffc09e50000 - 0x00007ffc09eba000 	C:\WINDOWS\system32\mswsock.dll
0x00007ffbdf790000 - 0x00007ffbdf7a6000 	C:\Users\jhonn\.vscode\extensions\redhat.java-1.38.0-win32-x64\jre\17.0.13-win32-x86_64\bin\nio.dll
0x00007ffbecd70000 - 0x00007ffbecd80000 	c:\Users\jhonn\.vscode\extensions\redhat.java-1.38.0-win32-x64\jre\17.0.13-win32-x86_64\bin\verify.dll
0x00007ffbdd5d0000 - 0x00007ffbdd615000 	C:\Users\jhonn\AppData\Roaming\Code\User\globalStorage\redhat.java\1.38.0\config_win\org.eclipse.equinox.launcher\org.eclipse.equinox.launcher.win32.win32.x86_64_1.2.1100.v20240722-2106\eclipse_11904.dll
0x00007ffc0ccf0000 - 0x00007ffc0ce1b000 	C:\WINDOWS\System32\ole32.dll
0x00007ffc0a050000 - 0x00007ffc0a068000 	C:\WINDOWS\SYSTEM32\CRYPTSP.dll
0x00007ffc09770000 - 0x00007ffc097a4000 	C:\WINDOWS\system32\rsaenh.dll
0x00007ffc0a680000 - 0x00007ffc0a6ae000 	C:\WINDOWS\SYSTEM32\USERENV.dll
0x00007ffc0a040000 - 0x00007ffc0a04c000 	C:\WINDOWS\SYSTEM32\CRYPTBASE.dll
0x00007ffc09b30000 - 0x00007ffc09b6b000 	C:\WINDOWS\SYSTEM32\IPHLPAPI.DLL
0x00007ffc0b230000 - 0x00007ffc0b238000 	C:\WINDOWS\System32\NSI.dll
0x00007ffc035d0000 - 0x00007ffc035e7000 	C:\WINDOWS\SYSTEM32\dhcpcsvc6.DLL
0x00007ffc03d40000 - 0x00007ffc03d5d000 	C:\WINDOWS\SYSTEM32\dhcpcsvc.DLL
0x00007ffc09b70000 - 0x00007ffc09c3a000 	C:\WINDOWS\SYSTEM32\DNSAPI.dll
0x00007ffbdcfe0000 - 0x00007ffbdd029000 	C:\Users\jhonn\AppData\Local\Temp\jna-101101681\jna190339352797188131.dll
0x00007ffc0bbe0000 - 0x00007ffc0bbe8000 	C:\WINDOWS\System32\PSAPI.DLL

dbghelp: loaded successfully - version: 4.0.5 - missing functions: none
symbol engine: initialized successfully - sym options: 0x614 - pdb path: .;c:\Users\jhonn\.vscode\extensions\redhat.java-1.38.0-win32-x64\jre\17.0.13-win32-x86_64\bin;C:\WINDOWS\SYSTEM32;C:\WINDOWS\WinSxS\amd64_microsoft.windows.common-controls_6595b64144ccf1df_6.0.19041.4355_none_60b8b9eb71f62e16;c:\Users\jhonn\.vscode\extensions\redhat.java-1.38.0-win32-x64\jre\17.0.13-win32-x86_64\bin\server;C:\Users\jhonn\AppData\Roaming\Code\User\globalStorage\redhat.java\1.38.0\config_win\org.eclipse.equinox.launcher\org.eclipse.equinox.launcher.win32.win32.x86_64_1.2.1100.v20240722-2106;C:\Users\jhonn\AppData\Local\Temp\jna-101101681

VM Arguments:
jvm_args: --add-modules=ALL-SYSTEM --add-opens=java.base/java.util=ALL-UNNAMED --add-opens=java.base/java.lang=ALL-UNNAMED --add-opens=java.base/sun.nio.fs=ALL-UNNAMED -Declipse.application=org.eclipse.jdt.ls.core.id1 -Dosgi.bundles.defaultStartLevel=4 -Declipse.product=org.eclipse.jdt.ls.core.product -Djava.import.generatesMetadataFilesAtProjectRoot=false -DDetectVMInstallationsJob.disabled=true -Dfile.encoding=utf8 -XX:+UseParallelGC -XX:GCTimeRatio=4 -XX:AdaptiveSizePolicyWeight=90 -Dsun.zip.disableMemoryMapping=true -Xmx1G -Xms100m -Xlog:disable -javaagent:c:\Users\jhonn\.vscode\extensions\redhat.java-1.38.0-win32-x64\lombok\lombok-1.18.34.jar -XX:+HeapDumpOnOutOfMemoryError -XX:HeapDumpPath=c:\Users\jhonn\AppData\Roaming\Code\User\workspaceStorage\f926728e50f2738973d3538630756d0e\redhat.java -Daether.dependencyCollector.impl=bf 
java_command: c:\Users\jhonn\.vscode\extensions\redhat.java-1.38.0-win32-x64\server\plugins\org.eclipse.equinox.launcher_1.6.900.v20240613-2009.jar -configuration c:\Users\jhonn\AppData\Roaming\Code\User\globalStorage\redhat.java\1.38.0\config_win -data c:\Users\jhonn\AppData\Roaming\Code\User\workspaceStorage\f926728e50f2738973d3538630756d0e\redhat.java\jdt_ws --pipe=\\.\pipe\lsp-6ebcd93b3bdea448d690e5733c77dd34-sock
java_class_path (initial): c:\Users\jhonn\.vscode\extensions\redhat.java-1.38.0-win32-x64\server\plugins\org.eclipse.equinox.launcher_1.6.900.v20240613-2009.jar
Launcher Type: SUN_STANDARD

[Global flags]
    uintx AdaptiveSizePolicyWeight                 = 90                                        {product} {command line}
     intx CICompilerCount                          = 3                                         {product} {ergonomic}
    uintx GCTimeRatio                              = 4                                         {product} {command line}
     bool HeapDumpOnOutOfMemoryError               = true                                   {manageable} {command line}
    ccstr HeapDumpPath                             = c:\Users\jhonn\AppData\Roaming\Code\User\workspaceStorage\f926728e50f2738973d3538630756d0e\redhat.java         {manageable} {command line}
   size_t InitialHeapSize                          = 104857600                                 {product} {command line}
   size_t MaxHeapSize                              = 1073741824                                {product} {command line}
   size_t MaxNewSize                               = 357564416                                 {product} {ergonomic}
   size_t MinHeapDeltaBytes                        = 524288                                    {product} {ergonomic}
   size_t MinHeapSize                              = 104857600                                 {product} {command line}
   size_t NewSize                                  = 34603008                                  {product} {ergonomic}
    uintx NonNMethodCodeHeapSize                   = 5832780                                {pd product} {ergonomic}
    uintx NonProfiledCodeHeapSize                  = 122912730                              {pd product} {ergonomic}
   size_t OldSize                                  = 70254592                                  {product} {ergonomic}
    uintx ProfiledCodeHeapSize                     = 122912730                              {pd product} {ergonomic}
    uintx ReservedCodeCacheSize                    = 251658240                              {pd product} {ergonomic}
     bool SegmentedCodeCache                       = true                                      {product} {ergonomic}
   size_t SoftMaxHeapSize                          = 1073741824                             {manageable} {ergonomic}
     bool UseCompressedClassPointers               = true                           {product lp64_product} {ergonomic}
     bool UseCompressedOops                        = true                           {product lp64_product} {ergonomic}
     bool UseLargePagesIndividualAllocation        = false                                  {pd product} {ergonomic}
     bool UseParallelGC                            = true                                      {product} {command line}

Logging:
Log output configuration:
 #0: stdout all=off uptime,level,tags
 #1: stderr all=off uptime,level,tags

Environment Variables:
JAVA_HOME=C:\Program Files\Java\jdk-21
PATH=C:\Program Files\Common Files\Oracle\Java\javapath;C:\oraclexe\app\oracle\product\11.2.0\server\bin;C:\WINDOWS\system32;C:\WINDOWS;C:\WINDOWS\System32\Wbem;C:\WINDOWS\System32\WindowsPowerShell\v1.0\;C:\WINDOWS\System32\OpenSSH\;C:\Program Files\Microsoft VS Code\bin;C:\Program Files\Microsoft SQL Server\Client SDK\ODBC\170\Tools\Binn\;C:\Program Files (x86)\Microsoft SQL Server\150\Tools\Binn\;C:\Program Files\Microsoft SQL Server\150\Tools\Binn\;C:\Program Files\Microsoft SQL Server\150\DTS\Binn\;C:\Program Files (x86)\Microsoft SQL Server\150\DTS\Binn\;C:\Program Files\Azure Data Studio\bin;C:\Program Files\Git\cmd;C:\apache-maven-3.8.4\bin;C:\Automatizacion\gradle-8.7\bin;C:\Program Files\Java\jdk-21\bin;C:\Users\jhonn\AppData\Local\Microsoft\WindowsApps;;C:\Program Files\Azure Data Studio\bin
USERNAME=jhonn
OS=Windows_NT
PROCESSOR_IDENTIFIER=Intel64 Family 6 Model 58 Stepping 9, GenuineIntel
TMP=C:\Users\jhonn\AppData\Local\Temp
TEMP=C:\Users\jhonn\AppData\Local\Temp



Periodic native trim disabled


---------------  S Y S T E M  ---------------

OS:
 Windows 10 , 64 bit Build 19041 (10.0.19041.5198)
OS uptime: 0 days 0:22 hours

CPU: total 4 (initial active 4) (2 cores per cpu, 2 threads per core) family 6 model 58 stepping 9 microcode 0x21, cx8, cmov, fxsr, ht, mmx, sse, sse2, sse3, ssse3, sse4.1, sse4.2, popcnt, tsc, tscinvbit, avx, erms, clmul, vzeroupper, clflush
Processor Information for all 4 processors :
  Max Mhz: 1901, Current Mhz: 1901, Mhz Limit: 1901

Memory: 4k page, system-wide physical 1949M (166M free)
TotalPageFile size 7837M (AvailPageFile size 6M)
current process WorkingSet (physical memory assigned to process): 169M, peak: 192M
current process commit charge ("private bytes"): 297M, peak: 298M

vm_info: OpenJDK 64-Bit Server VM (17.0.13+11) for windows-amd64 JRE (17.0.13+11), built on Oct 16 2024 00:10:08 by "admin" with MS VC++ 17.7 (VS2022)

END.
