#
# There is insufficient memory for the Java Runtime Environment to continue.
# Native memory allocation (malloc) failed to allocate 2722384 bytes for Chunk::new
# Possible reasons:
#   The system is out of physical RAM or swap space
#   The process is running with CompressedOops enabled, and the Java Heap may be blocking the growth of the native heap
# Possible solutions:
#   Reduce memory load on the system
#   Increase physical memory or swap space
#   Check if swap backing store is full
#   Decrease Java heap size (-Xmx/-Xms)
#   Decrease number of Java threads
#   Decrease Java thread stack sizes (-Xss)
#   Set larger code cache with -XX:ReservedCodeCacheSize=
#   JVM is running with Unscaled Compressed Oops mode in which the Java heap is
#     placed in the first 4GB address space. The Java Heap base address is the
#     maximum limit for the native heap growth. Please use -XX:HeapBaseMinAddress
#     to set the Java Heap base and to place the Java Heap above 4GB virtual address.
# This output file may be truncated or incomplete.
#
#  Out of Memory Error (arena.cpp:191), pid=7604, tid=11256
#
# JRE version: OpenJDK Runtime Environment Temurin-17.0.10+7 (17.0.10+7) (build 17.0.10+7)
# Java VM: OpenJDK 64-Bit Server VM Temurin-17.0.10+7 (17.0.10+7, mixed mode, tiered, compressed oops, compressed class ptrs, parallel gc, windows-amd64)
# No core dump will be written. Minidumps are not enabled by default on client versions of Windows
#

---------------  S U M M A R Y ------------

Command Line: --add-modules=ALL-SYSTEM --add-opens=java.base/java.util=ALL-UNNAMED --add-opens=java.base/java.lang=ALL-UNNAMED --add-opens=java.base/sun.nio.fs=ALL-UNNAMED -Declipse.application=org.eclipse.jdt.ls.core.id1 -Dosgi.bundles.defaultStartLevel=4 -Declipse.product=org.eclipse.jdt.ls.core.product -Djava.import.generatesMetadataFilesAtProjectRoot=false -DDetectVMInstallationsJob.disabled=true -Dfile.encoding=utf8 -XX:+UseParallelGC -XX:GCTimeRatio=4 -XX:AdaptiveSizePolicyWeight=90 -Dsun.zip.disableMemoryMapping=true -Xmx1G -Xms100m -Xlog:disable -javaagent:c:\Users\jhonn\.vscode\extensions\redhat.java-1.29.0-win32-x64\lombok\lombok-1.18.32.jar -XX:+HeapDumpOnOutOfMemoryError -XX:HeapDumpPath=c:\Users\jhonn\AppData\Roaming\Code\User\workspaceStorage\f926728e50f2738973d3538630756d0e\redhat.java -Daether.dependencyCollector.impl=bf c:\Users\jhonn\.vscode\extensions\redhat.java-1.29.0-win32-x64\server\plugins\org.eclipse.equinox.launcher_1.6.800.v20240304-1850.jar -configuration c:\Users\jhonn\AppData\Roaming\Code\User\globalStorage\redhat.java\1.29.0\config_win -data c:\Users\jhonn\AppData\Roaming\Code\User\workspaceStorage\f926728e50f2738973d3538630756d0e\redhat.java\jdt_ws --stdio

Host: Intel(R) Core(TM) i3-3227U CPU @ 1.90GHz, 4 cores, 1G,  Windows 10 , 64 bit Build 19041 (10.0.19041.3636)
Time: Wed Apr 17 21:28:23 2024 Hora est. Pacífico, Sudamérica elapsed time: 13.130000 seconds (0d 0h 0m 13s)

---------------  T H R E A D  ---------------

Current thread (0x00000223abe192e0):  JavaThread "C2 CompilerThread0" daemon [_thread_in_native, id=11256, stack(0x000000bc0b800000,0x000000bc0b900000)]


Current CompileTask:
C2:  13130 3675       4       org.lombokweb.asm.ClassReader::readMethod (1066 bytes)

Stack: [0x000000bc0b800000,0x000000bc0b900000]
Native frames: (J=compiled Java code, j=interpreted, Vv=VM code, C=native code)
V  [jvm.dll+0x67d2c9]
V  [jvm.dll+0x834afa]
V  [jvm.dll+0x8365be]
V  [jvm.dll+0x836c23]
V  [jvm.dll+0x2477ff]
V  [jvm.dll+0xac514]
V  [jvm.dll+0xacb5c]
V  [jvm.dll+0x3667d7]
V  [jvm.dll+0x1bcf72]
V  [jvm.dll+0x21a049]
V  [jvm.dll+0x219311]
V  [jvm.dll+0x1a502d]
V  [jvm.dll+0x2290de]
V  [jvm.dll+0x2272ac]
V  [jvm.dll+0x7e9bb7]
V  [jvm.dll+0x7e3fba]
V  [jvm.dll+0x67c1b5]
C  [ucrtbase.dll+0x21bb2]
C  [KERNEL32.DLL+0x17344]
C  [ntdll.dll+0x526b1]


---------------  P R O C E S S  ---------------

Threads class SMR info:
_java_thread_list=0x00000223b137f680, length=22, elements={
0x0000022397fa1b90, 0x00000223abde6ad0, 0x00000223abde7ae0, 0x00000223abe0ca60,
0x00000223abe0de90, 0x00000223abe0f3c0, 0x00000223abe11280, 0x00000223abe192e0,
0x00000223abe1bfb0, 0x00000223b1018070, 0x00000223b10e9660, 0x00000223b13e5c10,
0x00000223b17c4c20, 0x00000223b1dd23e0, 0x00000223b1ec7ae0, 0x00000223b223af30,
0x00000223b11aa0d0, 0x00000223b1bd9570, 0x00000223b1abdf90, 0x00000223b1abf8e0,
0x00000223b1abda80, 0x00000223b1abe4a0
}

Java Threads: ( => current thread )
  0x0000022397fa1b90 JavaThread "main" [_thread_blocked, id=12232, stack(0x000000bc0ae00000,0x000000bc0af00000)]
  0x00000223abde6ad0 JavaThread "Reference Handler" daemon [_thread_blocked, id=7596, stack(0x000000bc0b100000,0x000000bc0b200000)]
  0x00000223abde7ae0 JavaThread "Finalizer" daemon [_thread_blocked, id=1620, stack(0x000000bc0b200000,0x000000bc0b300000)]
  0x00000223abe0ca60 JavaThread "Signal Dispatcher" daemon [_thread_blocked, id=11028, stack(0x000000bc0b400000,0x000000bc0b500000)]
  0x00000223abe0de90 JavaThread "Attach Listener" daemon [_thread_blocked, id=11780, stack(0x000000bc0b500000,0x000000bc0b600000)]
  0x00000223abe0f3c0 JavaThread "Service Thread" daemon [_thread_blocked, id=7508, stack(0x000000bc0b600000,0x000000bc0b700000)]
  0x00000223abe11280 JavaThread "Monitor Deflation Thread" daemon [_thread_blocked, id=8904, stack(0x000000bc0b700000,0x000000bc0b800000)]
=>0x00000223abe192e0 JavaThread "C2 CompilerThread0" daemon [_thread_in_native, id=11256, stack(0x000000bc0b800000,0x000000bc0b900000)]
  0x00000223abe1bfb0 JavaThread "C1 CompilerThread0" daemon [_thread_blocked, id=6288, stack(0x000000bc0b900000,0x000000bc0ba00000)]
  0x00000223b1018070 JavaThread "Sweeper thread" daemon [_thread_blocked, id=11900, stack(0x000000bc0ba00000,0x000000bc0bb00000)]
  0x00000223b10e9660 JavaThread "Common-Cleaner" daemon [_thread_blocked, id=7676, stack(0x000000bc0bb00000,0x000000bc0bc00000)]
  0x00000223b13e5c10 JavaThread "Notification Thread" daemon [_thread_blocked, id=12348, stack(0x000000bc0bc00000,0x000000bc0bd00000)]
  0x00000223b17c4c20 JavaThread "Active Thread: Equinox Container: bf11101e-81b3-4e35-822c-cb8bdd9c0522" [_thread_blocked, id=11640, stack(0x000000bc0c100000,0x000000bc0c200000)]
  0x00000223b1dd23e0 JavaThread "Framework Event Dispatcher: Equinox Container: bf11101e-81b3-4e35-822c-cb8bdd9c0522" daemon [_thread_blocked, id=888, stack(0x000000bc0c200000,0x000000bc0c300000)]
  0x00000223b1ec7ae0 JavaThread "Start Level: Equinox Container: bf11101e-81b3-4e35-822c-cb8bdd9c0522" daemon [_thread_in_vm, id=5820, stack(0x000000bc0c300000,0x000000bc0c400000)]
  0x00000223b223af30 JavaThread "Bundle File Closer" daemon [_thread_blocked, id=11324, stack(0x000000bc0c400000,0x000000bc0c500000)]
  0x00000223b11aa0d0 JavaThread "SCR Component Actor" daemon [_thread_blocked, id=11152, stack(0x000000bc0c500000,0x000000bc0c600000)]
  0x00000223b1bd9570 JavaThread "SCR Component Registry" daemon [_thread_blocked, id=9816, stack(0x000000bc0c600000,0x000000bc0c700000)]
  0x00000223b1abdf90 JavaThread "Worker-JM" [_thread_blocked, id=11208, stack(0x000000bc0c700000,0x000000bc0c800000)]
  0x00000223b1abf8e0 JavaThread "Worker-0: Updating Maven Dependencies" [_thread_blocked, id=13228, stack(0x000000bc0c800000,0x000000bc0c900000)]
  0x00000223b1abda80 JavaThread "Worker-1: Repository registry initialization" [_thread_in_vm, id=2928, stack(0x000000bc0c900000,0x000000bc0ca00000)]
  0x00000223b1abe4a0 JavaThread "Worker-2" [_thread_blocked, id=4344, stack(0x000000bc0ca00000,0x000000bc0cb00000)]

Other Threads:
  0x00000223abdd0b00 VMThread "VM Thread" [stack: 0x000000bc0b000000,0x000000bc0b100000] [id=8916]
  0x00000223b135d460 WatcherThread [stack: 0x000000bc0bd00000,0x000000bc0be00000] [id=11232]
  0x0000022397fb7530 GCTaskThread "GC Thread#0" [stack: 0x000000bc0af00000,0x000000bc0b000000] [id=11052]
  0x00000223b1bf1ba0 GCTaskThread "GC Thread#1" [stack: 0x000000bc0be00000,0x000000bc0bf00000] [id=10808]
  0x00000223b18a3430 GCTaskThread "GC Thread#2" [stack: 0x000000bc0bf00000,0x000000bc0c000000] [id=11088]
  0x00000223b18a36f0 GCTaskThread "GC Thread#3" [stack: 0x000000bc0c000000,0x000000bc0c100000] [id=11332]

Threads with active compile tasks:
C2 CompilerThread0    13234 3675       4       org.lombokweb.asm.ClassReader::readMethod (1066 bytes)

VM state: not at safepoint (normal execution)

VM Mutex/Monitor currently owned by a thread: None

Heap address: 0x00000000c0000000, size: 1024 MB, Compressed Oops mode: 32-bit

CDS archive(s) not mapped
Compressed class space mapped at: 0x0000000100000000-0x0000000140000000, reserved size: 1073741824
Narrow klass base: 0x0000000000000000, Narrow klass shift: 3, Narrow klass range: 0x140000000

GC Precious Log:
 CPUs: 4 total, 4 available
 Memory: 1949M
 Large Page Support: Disabled
 NUMA Support: Disabled
 Compressed Oops: Enabled (32-bit)
 Alignments: Space 512K, Generation 512K, Heap 2M
 Heap Min Capacity: 100M
 Heap Initial Capacity: 100M
 Heap Max Capacity: 1G
 Pre-touch: Disabled
 Parallel Workers: 4

Heap:
 PSYoungGen      total 27136K, used 8241K [0x00000000eab00000, 0x00000000eca80000, 0x0000000100000000)
  eden space 24064K, 22% used [0x00000000eab00000,0x00000000eb05a380,0x00000000ec280000)
  from space 3072K, 89% used [0x00000000ec780000,0x00000000eca321b8,0x00000000eca80000)
  to   space 3072K, 0% used [0x00000000ec480000,0x00000000ec480000,0x00000000ec780000)
 ParOldGen       total 68608K, used 11240K [0x00000000c0000000, 0x00000000c4300000, 0x00000000eab00000)
  object space 68608K, 16% used [0x00000000c0000000,0x00000000c0afa3f0,0x00000000c4300000)
 Metaspace       used 30860K, committed 31616K, reserved 1114112K
  class space    used 3053K, committed 3392K, reserved 1048576K

Card table byte_map: [0x0000022397940000,0x0000022397b50000] _byte_map_base: 0x0000022397340000

Marking Bits: (ParMarkBitMap*) 0x00007ff92667d7d0
 Begin Bits: [0x00000223a9c40000, 0x00000223aac40000)
 End Bits:   [0x00000223aac40000, 0x00000223abc40000)

Polling page: 0x0000022395e10000

Metaspace:

Usage:
  Non-class:     27.16 MB used.
      Class:      2.98 MB used.
       Both:     30.14 MB used.

Virtual space:
  Non-class space:       64.00 MB reserved,      27.56 MB ( 43%) committed,  1 nodes.
      Class space:        1.00 GB reserved,       3.31 MB ( <1%) committed,  1 nodes.
             Both:        1.06 GB reserved,      30.88 MB (  3%) committed. 

Chunk freelists:
   Non-Class:  4.03 MB
       Class:  12.55 MB
        Both:  16.58 MB

MaxMetaspaceSize: unlimited
CompressedClassSpaceSize: 1.00 GB
Initial GC threshold: 21.00 MB
Current GC threshold: 35.00 MB
CDS: off
MetaspaceReclaimPolicy: balanced
 - commit_granule_bytes: 65536.
 - commit_granule_words: 8192.
 - virtual_space_node_default_size: 8388608.
 - enlarge_chunks_in_place: 1.
 - new_chunks_are_fully_committed: 0.
 - uncommit_free_chunks: 1.
 - use_allocation_guard: 0.
 - handle_deallocations: 1.


Internal statistics:

num_allocs_failed_limit: 3.
num_arena_births: 436.
num_arena_deaths: 0.
num_vsnodes_births: 2.
num_vsnodes_deaths: 0.
num_space_committed: 494.
num_space_uncommitted: 0.
num_chunks_returned_to_freelist: 3.
num_chunks_taken_from_freelist: 1342.
num_chunk_merges: 0.
num_chunk_splits: 861.
num_chunks_enlarged: 595.
num_inconsistent_stats: 0.

CodeHeap 'non-profiled nmethods': size=120000Kb used=1507Kb max_used=1507Kb free=118492Kb
 bounds [0x00000223a2710000, 0x00000223a2980000, 0x00000223a9c40000]
CodeHeap 'profiled nmethods': size=120000Kb used=7984Kb max_used=7984Kb free=112015Kb
 bounds [0x000002239ac40000, 0x000002239b410000, 0x00000223a2170000]
CodeHeap 'non-nmethods': size=5760Kb used=1237Kb max_used=1237Kb free=4522Kb
 bounds [0x00000223a2170000, 0x00000223a23e0000, 0x00000223a2710000]
 total_blobs=4308 nmethods=3760 adapters=462
 compilation: enabled
              stopped_count=0, restarted_count=0
 full_count=0

Compilation events (20 events):
Event: 12.573 Thread 0x00000223abe1bfb0 3756       3       java.lang.invoke.MethodType::dropParameterTypes (164 bytes)
Event: 12.575 Thread 0x00000223abe1bfb0 nmethod 3756 0x000002239b406990 code [0x000002239b406c80, 0x000002239b407ba8]
Event: 12.577 Thread 0x00000223abe1bfb0 3757       3       jdk.internal.org.objectweb.asm.SymbolTable::putBootstrapMethods (56 bytes)
Event: 12.577 Thread 0x00000223abe1bfb0 nmethod 3757 0x000002239b408090 code [0x000002239b408280, 0x000002239b408588]
Event: 12.578 Thread 0x00000223abe1bfb0 3758       3       java.lang.invoke.MethodHandles$Lookup$ClassFile::<init> (20 bytes)
Event: 12.579 Thread 0x00000223abe1bfb0 nmethod 3758 0x000002239b408790 code [0x000002239b408920, 0x000002239b408ab8]
Event: 12.579 Thread 0x00000223abe1bfb0 3759       3       java.lang.invoke.MethodHandles$Lookup$ClassOption::optionsToFlag (40 bytes)
Event: 12.579 Thread 0x00000223abe1bfb0 nmethod 3759 0x000002239b408b90 code [0x000002239b408d60, 0x000002239b409228]
Event: 12.579 Thread 0x00000223abe1bfb0 3760       3       java.lang.invoke.MethodHandles$Lookup$ClassDefiner::<init> (58 bytes)
Event: 12.580 Thread 0x00000223abe1bfb0 nmethod 3760 0x000002239b409390 code [0x000002239b409520, 0x000002239b4096f8]
Event: 12.580 Thread 0x00000223abe1bfb0 3761       3       java.lang.System$2::defineClass (21 bytes)
Event: 12.580 Thread 0x00000223abe1bfb0 nmethod 3761 0x000002239b409810 code [0x000002239b4099c0, 0x000002239b409b48]
Event: 12.581 Thread 0x00000223abe1bfb0 3763       3       jdk.internal.org.objectweb.asm.Frame::setInputFrameFromDescriptor (175 bytes)
Event: 12.582 Thread 0x00000223abe1bfb0 nmethod 3763 0x000002239b409c10 code [0x000002239b409e20, 0x000002239b40a578]
Event: 12.582 Thread 0x00000223abe1bfb0 3764       3       jdk.internal.org.objectweb.asm.FieldWriter::computeFieldInfoSize (86 bytes)
Event: 12.583 Thread 0x00000223abe1bfb0 nmethod 3764 0x000002239b40a990 code [0x000002239b40ab60, 0x000002239b40ae38]
Event: 12.583 Thread 0x00000223abe1bfb0 3765       3       jdk.internal.org.objectweb.asm.FieldWriter::putFieldInfo (269 bytes)
Event: 12.584 Thread 0x00000223abe1bfb0 nmethod 3765 0x000002239b40af90 code [0x000002239b40b200, 0x000002239b40bb48]
Event: 12.585 Thread 0x00000223abe1bfb0 3766       3       java.util.stream.ReduceOps$3ReducingSink::accept (15 bytes)
Event: 12.585 Thread 0x00000223abe1bfb0 nmethod 3766 0x000002239b40bf10 code [0x000002239b40c0c0, 0x000002239b40c2a8]

GC Heap History (18 events):
Event: 2.694 GC heap before
{Heap before GC invocations=1 (full 0):
 PSYoungGen      total 29696K, used 25600K [0x00000000eab00000, 0x00000000ecc00000, 0x0000000100000000)
  eden space 25600K, 100% used [0x00000000eab00000,0x00000000ec400000,0x00000000ec400000)
  from space 4096K, 0% used [0x00000000ec800000,0x00000000ec800000,0x00000000ecc00000)
  to   space 4096K, 0% used [0x00000000ec400000,0x00000000ec400000,0x00000000ec800000)
 ParOldGen       total 68608K, used 0K [0x00000000c0000000, 0x00000000c4300000, 0x00000000eab00000)
  object space 68608K, 0% used [0x00000000c0000000,0x00000000c0000000,0x00000000c4300000)
 Metaspace       used 11015K, committed 11200K, reserved 1114112K
  class space    used 1098K, committed 1216K, reserved 1048576K
}
Event: 2.713 GC heap after
{Heap after GC invocations=1 (full 0):
 PSYoungGen      total 29696K, used 3156K [0x00000000eab00000, 0x00000000ecc00000, 0x0000000100000000)
  eden space 25600K, 0% used [0x00000000eab00000,0x00000000eab00000,0x00000000ec400000)
  from space 4096K, 77% used [0x00000000ec400000,0x00000000ec715278,0x00000000ec800000)
  to   space 4096K, 0% used [0x00000000ec800000,0x00000000ec800000,0x00000000ecc00000)
 ParOldGen       total 68608K, used 0K [0x00000000c0000000, 0x00000000c4300000, 0x00000000eab00000)
  object space 68608K, 0% used [0x00000000c0000000,0x00000000c0000000,0x00000000c4300000)
 Metaspace       used 11015K, committed 11200K, reserved 1114112K
  class space    used 1098K, committed 1216K, reserved 1048576K
}
Event: 4.680 GC heap before
{Heap before GC invocations=2 (full 0):
 PSYoungGen      total 29696K, used 28756K [0x00000000eab00000, 0x00000000ecc00000, 0x0000000100000000)
  eden space 25600K, 100% used [0x00000000eab00000,0x00000000ec400000,0x00000000ec400000)
  from space 4096K, 77% used [0x00000000ec400000,0x00000000ec715278,0x00000000ec800000)
  to   space 4096K, 0% used [0x00000000ec800000,0x00000000ec800000,0x00000000ecc00000)
 ParOldGen       total 68608K, used 0K [0x00000000c0000000, 0x00000000c4300000, 0x00000000eab00000)
  object space 68608K, 0% used [0x00000000c0000000,0x00000000c0000000,0x00000000c4300000)
 Metaspace       used 14564K, committed 14784K, reserved 1114112K
  class space    used 1456K, committed 1600K, reserved 1048576K
}
Event: 4.691 GC heap after
{Heap after GC invocations=2 (full 0):
 PSYoungGen      total 29696K, used 4067K [0x00000000eab00000, 0x00000000ecc00000, 0x0000000100000000)
  eden space 25600K, 0% used [0x00000000eab00000,0x00000000eab00000,0x00000000ec400000)
  from space 4096K, 99% used [0x00000000ec800000,0x00000000ecbf8f38,0x00000000ecc00000)
  to   space 4096K, 0% used [0x00000000ec400000,0x00000000ec400000,0x00000000ec800000)
 ParOldGen       total 68608K, used 1481K [0x00000000c0000000, 0x00000000c4300000, 0x00000000eab00000)
  object space 68608K, 2% used [0x00000000c0000000,0x00000000c0172698,0x00000000c4300000)
 Metaspace       used 14564K, committed 14784K, reserved 1114112K
  class space    used 1456K, committed 1600K, reserved 1048576K
}
Event: 6.213 GC heap before
{Heap before GC invocations=3 (full 0):
 PSYoungGen      total 29696K, used 29667K [0x00000000eab00000, 0x00000000ecc00000, 0x0000000100000000)
  eden space 25600K, 100% used [0x00000000eab00000,0x00000000ec400000,0x00000000ec400000)
  from space 4096K, 99% used [0x00000000ec800000,0x00000000ecbf8f38,0x00000000ecc00000)
  to   space 4096K, 0% used [0x00000000ec400000,0x00000000ec400000,0x00000000ec800000)
 ParOldGen       total 68608K, used 1481K [0x00000000c0000000, 0x00000000c4300000, 0x00000000eab00000)
  object space 68608K, 2% used [0x00000000c0000000,0x00000000c0172698,0x00000000c4300000)
 Metaspace       used 16110K, committed 16384K, reserved 1114112K
  class space    used 1613K, committed 1728K, reserved 1048576K
}
Event: 6.230 GC heap after
{Heap after GC invocations=3 (full 0):
 PSYoungGen      total 29696K, used 4068K [0x00000000eab00000, 0x00000000ecc00000, 0x0000000100000000)
  eden space 25600K, 0% used [0x00000000eab00000,0x00000000eab00000,0x00000000ec400000)
  from space 4096K, 99% used [0x00000000ec400000,0x00000000ec7f9258,0x00000000ec800000)
  to   space 4096K, 0% used [0x00000000ec800000,0x00000000ec800000,0x00000000ecc00000)
 ParOldGen       total 68608K, used 5244K [0x00000000c0000000, 0x00000000c4300000, 0x00000000eab00000)
  object space 68608K, 7% used [0x00000000c0000000,0x00000000c051f0b0,0x00000000c4300000)
 Metaspace       used 16110K, committed 16384K, reserved 1114112K
  class space    used 1613K, committed 1728K, reserved 1048576K
}
Event: 7.766 GC heap before
{Heap before GC invocations=4 (full 0):
 PSYoungGen      total 29696K, used 29668K [0x00000000eab00000, 0x00000000ecc00000, 0x0000000100000000)
  eden space 25600K, 100% used [0x00000000eab00000,0x00000000ec400000,0x00000000ec400000)
  from space 4096K, 99% used [0x00000000ec400000,0x00000000ec7f9258,0x00000000ec800000)
  to   space 4096K, 0% used [0x00000000ec800000,0x00000000ec800000,0x00000000ecc00000)
 ParOldGen       total 68608K, used 5244K [0x00000000c0000000, 0x00000000c4300000, 0x00000000eab00000)
  object space 68608K, 7% used [0x00000000c0000000,0x00000000c051f0b0,0x00000000c4300000)
 Metaspace       used 19620K, committed 19904K, reserved 1114112K
  class space    used 1977K, committed 2112K, reserved 1048576K
}
Event: 7.774 GC heap after
{Heap after GC invocations=4 (full 0):
 PSYoungGen      total 29696K, used 4084K [0x00000000eab00000, 0x00000000ecc00000, 0x0000000100000000)
  eden space 25600K, 0% used [0x00000000eab00000,0x00000000eab00000,0x00000000ec400000)
  from space 4096K, 99% used [0x00000000ec800000,0x00000000ecbfd3e0,0x00000000ecc00000)
  to   space 4096K, 0% used [0x00000000ec400000,0x00000000ec400000,0x00000000ec800000)
 ParOldGen       total 68608K, used 6460K [0x00000000c0000000, 0x00000000c4300000, 0x00000000eab00000)
  object space 68608K, 9% used [0x00000000c0000000,0x00000000c064f2b0,0x00000000c4300000)
 Metaspace       used 19620K, committed 19904K, reserved 1114112K
  class space    used 1977K, committed 2112K, reserved 1048576K
}
Event: 8.233 GC heap before
{Heap before GC invocations=5 (full 0):
 PSYoungGen      total 29696K, used 11782K [0x00000000eab00000, 0x00000000ecc00000, 0x0000000100000000)
  eden space 25600K, 30% used [0x00000000eab00000,0x00000000eb284648,0x00000000ec400000)
  from space 4096K, 99% used [0x00000000ec800000,0x00000000ecbfd3e0,0x00000000ecc00000)
  to   space 4096K, 0% used [0x00000000ec400000,0x00000000ec400000,0x00000000ec800000)
 ParOldGen       total 68608K, used 6460K [0x00000000c0000000, 0x00000000c4300000, 0x00000000eab00000)
  object space 68608K, 9% used [0x00000000c0000000,0x00000000c064f2b0,0x00000000c4300000)
 Metaspace       used 21097K, committed 21504K, reserved 1114112K
  class space    used 2121K, committed 2304K, reserved 1048576K
}
Event: 8.243 GC heap after
{Heap after GC invocations=5 (full 0):
 PSYoungGen      total 29696K, used 4087K [0x00000000eab00000, 0x00000000ece00000, 0x0000000100000000)
  eden space 25600K, 0% used [0x00000000eab00000,0x00000000eab00000,0x00000000ec400000)
  from space 4096K, 99% used [0x00000000ec400000,0x00000000ec7fdf50,0x00000000ec800000)
  to   space 5120K, 0% used [0x00000000ec900000,0x00000000ec900000,0x00000000ece00000)
 ParOldGen       total 68608K, used 6822K [0x00000000c0000000, 0x00000000c4300000, 0x00000000eab00000)
  object space 68608K, 9% used [0x00000000c0000000,0x00000000c06a9b58,0x00000000c4300000)
 Metaspace       used 21097K, committed 21504K, reserved 1114112K
  class space    used 2121K, committed 2304K, reserved 1048576K
}
Event: 8.243 GC heap before
{Heap before GC invocations=6 (full 1):
 PSYoungGen      total 29696K, used 4087K [0x00000000eab00000, 0x00000000ece00000, 0x0000000100000000)
  eden space 25600K, 0% used [0x00000000eab00000,0x00000000eab00000,0x00000000ec400000)
  from space 4096K, 99% used [0x00000000ec400000,0x00000000ec7fdf50,0x00000000ec800000)
  to   space 5120K, 0% used [0x00000000ec900000,0x00000000ec900000,0x00000000ece00000)
 ParOldGen       total 68608K, used 6822K [0x00000000c0000000, 0x00000000c4300000, 0x00000000eab00000)
  object space 68608K, 9% used [0x00000000c0000000,0x00000000c06a9b58,0x00000000c4300000)
 Metaspace       used 21097K, committed 21504K, reserved 1114112K
  class space    used 2121K, committed 2304K, reserved 1048576K
}
Event: 8.314 GC heap after
{Heap after GC invocations=6 (full 1):
 PSYoungGen      total 29696K, used 0K [0x00000000eab00000, 0x00000000ece00000, 0x0000000100000000)
  eden space 25600K, 0% used [0x00000000eab00000,0x00000000eab00000,0x00000000ec400000)
  from space 4096K, 0% used [0x00000000ec400000,0x00000000ec400000,0x00000000ec800000)
  to   space 5120K, 0% used [0x00000000ec900000,0x00000000ec900000,0x00000000ece00000)
 ParOldGen       total 68608K, used 10570K [0x00000000c0000000, 0x00000000c4300000, 0x00000000eab00000)
  object space 68608K, 15% used [0x00000000c0000000,0x00000000c0a52bc0,0x00000000c4300000)
 Metaspace       used 21097K, committed 21504K, reserved 1114112K
  class space    used 2121K, committed 2304K, reserved 1048576K
}
Event: 10.001 GC heap before
{Heap before GC invocations=7 (full 1):
 PSYoungGen      total 29696K, used 25600K [0x00000000eab00000, 0x00000000ece00000, 0x0000000100000000)
  eden space 25600K, 100% used [0x00000000eab00000,0x00000000ec400000,0x00000000ec400000)
  from space 4096K, 0% used [0x00000000ec400000,0x00000000ec400000,0x00000000ec800000)
  to   space 5120K, 0% used [0x00000000ec900000,0x00000000ec900000,0x00000000ece00000)
 ParOldGen       total 68608K, used 10570K [0x00000000c0000000, 0x00000000c4300000, 0x00000000eab00000)
  object space 68608K, 15% used [0x00000000c0000000,0x00000000c0a52bc0,0x00000000c4300000)
 Metaspace       used 24429K, committed 24960K, reserved 1114112K
  class space    used 2472K, committed 2688K, reserved 1048576K
}
Event: 10.006 GC heap after
{Heap after GC invocations=7 (full 1):
 PSYoungGen      total 26112K, used 752K [0x00000000eab00000, 0x00000000eca00000, 0x0000000100000000)
  eden space 25088K, 0% used [0x00000000eab00000,0x00000000eab00000,0x00000000ec380000)
  from space 1024K, 73% used [0x00000000ec900000,0x00000000ec9bc290,0x00000000eca00000)
  to   space 2560K, 0% used [0x00000000ec500000,0x00000000ec500000,0x00000000ec780000)
 ParOldGen       total 68608K, used 10578K [0x00000000c0000000, 0x00000000c4300000, 0x00000000eab00000)
  object space 68608K, 15% used [0x00000000c0000000,0x00000000c0a54bc0,0x00000000c4300000)
 Metaspace       used 24429K, committed 24960K, reserved 1114112K
  class space    used 2472K, committed 2688K, reserved 1048576K
}
Event: 11.385 GC heap before
{Heap before GC invocations=8 (full 1):
 PSYoungGen      total 26112K, used 25840K [0x00000000eab00000, 0x00000000eca00000, 0x0000000100000000)
  eden space 25088K, 100% used [0x00000000eab00000,0x00000000ec380000,0x00000000ec380000)
  from space 1024K, 73% used [0x00000000ec900000,0x00000000ec9bc290,0x00000000eca00000)
  to   space 2560K, 0% used [0x00000000ec500000,0x00000000ec500000,0x00000000ec780000)
 ParOldGen       total 68608K, used 10578K [0x00000000c0000000, 0x00000000c4300000, 0x00000000eab00000)
  object space 68608K, 15% used [0x00000000c0000000,0x00000000c0a54bc0,0x00000000c4300000)
 Metaspace       used 27499K, committed 28032K, reserved 1114112K
  class space    used 2797K, committed 3008K, reserved 1048576K
}
Event: 11.389 GC heap after
{Heap after GC invocations=8 (full 1):
 PSYoungGen      total 27136K, used 2543K [0x00000000eab00000, 0x00000000ecb00000, 0x0000000100000000)
  eden space 24576K, 0% used [0x00000000eab00000,0x00000000eab00000,0x00000000ec300000)
  from space 2560K, 99% used [0x00000000ec500000,0x00000000ec77bf28,0x00000000ec780000)
  to   space 3584K, 0% used [0x00000000ec780000,0x00000000ec780000,0x00000000ecb00000)
 ParOldGen       total 68608K, used 11232K [0x00000000c0000000, 0x00000000c4300000, 0x00000000eab00000)
  object space 68608K, 16% used [0x00000000c0000000,0x00000000c0af83f0,0x00000000c4300000)
 Metaspace       used 27499K, committed 28032K, reserved 1114112K
  class space    used 2797K, committed 3008K, reserved 1048576K
}
Event: 12.214 GC heap before
{Heap before GC invocations=9 (full 1):
 PSYoungGen      total 27136K, used 27119K [0x00000000eab00000, 0x00000000ecb00000, 0x0000000100000000)
  eden space 24576K, 100% used [0x00000000eab00000,0x00000000ec300000,0x00000000ec300000)
  from space 2560K, 99% used [0x00000000ec500000,0x00000000ec77bf28,0x00000000ec780000)
  to   space 3584K, 0% used [0x00000000ec780000,0x00000000ec780000,0x00000000ecb00000)
 ParOldGen       total 68608K, used 11232K [0x00000000c0000000, 0x00000000c4300000, 0x00000000eab00000)
  object space 68608K, 16% used [0x00000000c0000000,0x00000000c0af83f0,0x00000000c4300000)
 Metaspace       used 30079K, committed 30720K, reserved 1114112K
  class space    used 2977K, committed 3264K, reserved 1048576K
}
Event: 12.218 GC heap after
{Heap after GC invocations=9 (full 1):
 PSYoungGen      total 27136K, used 2760K [0x00000000eab00000, 0x00000000eca80000, 0x0000000100000000)
  eden space 24064K, 0% used [0x00000000eab00000,0x00000000eab00000,0x00000000ec280000)
  from space 3072K, 89% used [0x00000000ec780000,0x00000000eca321b8,0x00000000eca80000)
  to   space 3072K, 0% used [0x00000000ec480000,0x00000000ec480000,0x00000000ec780000)
 ParOldGen       total 68608K, used 11240K [0x00000000c0000000, 0x00000000c4300000, 0x00000000eab00000)
  object space 68608K, 16% used [0x00000000c0000000,0x00000000c0afa3f0,0x00000000c4300000)
 Metaspace       used 30079K, committed 30720K, reserved 1114112K
  class space    used 2977K, committed 3264K, reserved 1048576K
}

Dll operation events (9 events):
Event: 0.026 Loaded shared library c:\Users\jhonn\.vscode\extensions\redhat.java-1.29.0-win32-x64\jre\17.0.10-win32-x86_64\bin\java.dll
Event: 0.365 Loaded shared library c:\Users\jhonn\.vscode\extensions\redhat.java-1.29.0-win32-x64\jre\17.0.10-win32-x86_64\bin\zip.dll
Event: 0.370 Loaded shared library C:\Users\jhonn\.vscode\extensions\redhat.java-1.29.0-win32-x64\jre\17.0.10-win32-x86_64\bin\instrument.dll
Event: 0.392 Loaded shared library C:\Users\jhonn\.vscode\extensions\redhat.java-1.29.0-win32-x64\jre\17.0.10-win32-x86_64\bin\net.dll
Event: 0.396 Loaded shared library C:\Users\jhonn\.vscode\extensions\redhat.java-1.29.0-win32-x64\jre\17.0.10-win32-x86_64\bin\nio.dll
Event: 0.408 Loaded shared library C:\Users\jhonn\.vscode\extensions\redhat.java-1.29.0-win32-x64\jre\17.0.10-win32-x86_64\bin\zip.dll
Event: 0.440 Loaded shared library C:\Users\jhonn\.vscode\extensions\redhat.java-1.29.0-win32-x64\jre\17.0.10-win32-x86_64\bin\jimage.dll
Event: 0.592 Loaded shared library c:\Users\jhonn\.vscode\extensions\redhat.java-1.29.0-win32-x64\jre\17.0.10-win32-x86_64\bin\verify.dll
Event: 4.522 Loaded shared library C:\Users\jhonn\AppData\Roaming\Code\User\globalStorage\redhat.java\1.29.0\config_win\org.eclipse.equinox.launcher\org.eclipse.equinox.launcher.win32.win32.x86_64_1.2.900.v20240213-1244\eclipse_11900.dll

Deoptimization events (20 events):
Event: 10.779 Thread 0x00000223b1ec7ae0 Uncommon trap: trap_request=0xffffff45 fr.pc=0x00000223a28630ac relative=0x00000000000000ac
Event: 10.779 Thread 0x00000223b1ec7ae0 Uncommon trap: reason=unstable_if action=reinterpret pc=0x00000223a28630ac method=java.util.concurrent.locks.AbstractQueuedSynchronizer.signalNext(Ljava/util/concurrent/locks/AbstractQueuedSynchronizer$Node;)V @ 10 c2
Event: 10.779 Thread 0x00000223b1ec7ae0 DEOPT PACKING pc=0x00000223a28630ac sp=0x000000bc0c3f4e70
Event: 10.779 Thread 0x00000223b1ec7ae0 DEOPT UNPACKING pc=0x00000223a21c66a3 sp=0x000000bc0c3f4d50 mode 2
Event: 11.087 Thread 0x00000223b1ec7ae0 Uncommon trap: trap_request=0xffffff45 fr.pc=0x00000223a281cdb8 relative=0x0000000000000038
Event: 11.087 Thread 0x00000223b1ec7ae0 Uncommon trap: reason=unstable_if action=reinterpret pc=0x00000223a281cdb8 method=java.util.concurrent.locks.AbstractQueuedSynchronizer.signalNext(Ljava/util/concurrent/locks/AbstractQueuedSynchronizer$Node;)V @ 10 c2
Event: 11.087 Thread 0x00000223b1ec7ae0 DEOPT PACKING pc=0x00000223a281cdb8 sp=0x000000bc0c3fa140
Event: 11.087 Thread 0x00000223b1ec7ae0 DEOPT UNPACKING pc=0x00000223a21c66a3 sp=0x000000bc0c3fa0c0 mode 2
Event: 12.172 Thread 0x00000223b1abda80 Uncommon trap: trap_request=0xffffffde fr.pc=0x00000223a286a2a4 relative=0x0000000000000c84
Event: 12.172 Thread 0x00000223b1abda80 Uncommon trap: reason=class_check action=maybe_recompile pc=0x00000223a286a2a4 method=java.util.concurrent.ConcurrentHashMap.putVal(Ljava/lang/Object;Ljava/lang/Object;Z)Ljava/lang/Object; @ 159 c2
Event: 12.172 Thread 0x00000223b1abda80 DEOPT PACKING pc=0x00000223a286a2a4 sp=0x000000bc0c9fda50
Event: 12.172 Thread 0x00000223b1abda80 DEOPT UNPACKING pc=0x00000223a21c66a3 sp=0x000000bc0c9fd9d0 mode 2
Event: 12.194 Thread 0x00000223b1abf8e0 Uncommon trap: trap_request=0xffffff45 fr.pc=0x00000223a2819968 relative=0x00000000000000e8
Event: 12.194 Thread 0x00000223b1abf8e0 Uncommon trap: reason=unstable_if action=reinterpret pc=0x00000223a2819968 method=jdk.internal.org.objectweb.asm.ByteVector.putShort(I)Ljdk/internal/org/objectweb/asm/ByteVector; @ 13 c2
Event: 12.194 Thread 0x00000223b1abf8e0 DEOPT PACKING pc=0x00000223a2819968 sp=0x000000bc0c8fd020
Event: 12.194 Thread 0x00000223b1abf8e0 DEOPT UNPACKING pc=0x00000223a21c66a3 sp=0x000000bc0c8fcfb8 mode 2
Event: 12.201 Thread 0x00000223b1ec7ae0 DEOPT PACKING pc=0x000002239b0206dc sp=0x000000bc0c3f4b20
Event: 12.201 Thread 0x00000223b1ec7ae0 DEOPT UNPACKING pc=0x00000223a21c6e43 sp=0x000000bc0c3f4070 mode 0
Event: 12.427 Thread 0x00000223b1abda80 DEOPT PACKING pc=0x000002239afd4d56 sp=0x000000bc0c9fe1b0
Event: 12.427 Thread 0x00000223b1abda80 DEOPT UNPACKING pc=0x00000223a21c6e43 sp=0x000000bc0c9fd650 mode 0

Classes unloaded (0 events):
No events

Classes redefined (0 events):
No events

Internal exceptions (20 events):
Event: 11.879 Thread 0x00000223b1ec7ae0 Exception <a 'java/io/FileNotFoundException'{0x00000000eb823c98}> (0x00000000eb823c98) 
thrown [s\src\hotspot\share\prims\jni.cpp, line 516]
Event: 11.879 Thread 0x00000223b1ec7ae0 Exception <a 'java/io/FileNotFoundException'{0x00000000eb824c38}> (0x00000000eb824c38) 
thrown [s\src\hotspot\share\prims\jni.cpp, line 516]
Event: 12.078 Thread 0x00000223b1abf8e0 Exception <a 'java/lang/NoSuchMethodError'{0x00000000eab6ad68}: 'void java.lang.invoke.DirectMethodHandle$Holder.invokeStatic(java.lang.Object, java.lang.Object, java.lang.Object, java.lang.Object)'> (0x00000000eab6ad68) 
thrown [s\src\hotspot\share\interpreter\linkResolver.cpp, line 759]
Event: 12.117 Thread 0x00000223b1abda80 Exception <a 'java/lang/NoSuchMethodError'{0x00000000ebee7610}: 'java.lang.Object java.lang.invoke.DirectMethodHandle$Holder.invokeStaticInit(java.lang.Object, java.lang.Object, java.lang.Object, java.lang.Object, java.lang.Object, java.lang.Object, java.lang.Object)'> (0x00000000ebee7610) 
thrown [s\src\hotspot\share\interpreter\linkResolver.cpp, line 759]
Event: 12.119 Thread 0x00000223b1abda80 Exception <a 'java/lang/NoSuchMethodError'{0x00000000ebef0318}: 'java.lang.Object java.lang.invoke.DirectMethodHandle$Holder.invokeSpecial(java.lang.Object, java.lang.Object, java.lang.Object, java.lang.Object, java.lang.Object, java.lang.Object, java.lang.Object, java.lang.Object, java.lang.Object)'> (0x00000000ebef0318) 
thrown [s\src\hotspot\share\interpreter\linkResolver.cpp, line 759]
Event: 12.120 Thread 0x00000223b1abda80 Exception <a 'java/lang/NoSuchMethodError'{0x00000000ebef4d10}: 'java.lang.Object java.lang.invoke.Invokers$Holder.invoke_MT(java.lang.Object, java.lang.Object, java.lang.Object, java.lang.Object, java.lang.Object, java.lang.Object, java.lang.Object, java.lang.Object, java.lang.Object)'> (0x00000000ebef4d10) 
thrown [s\src\hotspot\share\interpreter\linkResolver.cpp, line 759]
Event: 12.139 Thread 0x00000223b1abda80 Exception <a 'java/lang/NoSuchMethodError'{0x00000000ebfbd630}: 'int java.lang.invoke.DirectMethodHandle$Holder.invokeVirtual(java.lang.Object, java.lang.Object, java.lang.Object)'> (0x00000000ebfbd630) 
thrown [s\src\hotspot\share\interpreter\linkResolver.cpp, line 759]
Event: 12.140 Thread 0x00000223b1abda80 Exception <a 'java/lang/NoSuchMethodError'{0x00000000ec02f080}: 'int java.lang.invoke.DirectMethodHandle$Holder.invokeVirtual(java.lang.Object, java.lang.Object)'> (0x00000000ec02f080) 
thrown [s\src\hotspot\share\interpreter\linkResolver.cpp, line 759]
Event: 12.141 Thread 0x00000223b1abda80 Exception <a 'java/lang/NoSuchMethodError'{0x00000000ec033318}: 'int java.lang.invoke.DirectMethodHandle$Holder.invokeStaticInit(java.lang.Object, int, int)'> (0x00000000ec033318) 
thrown [s\src\hotspot\share\interpreter\linkResolver.cpp, line 759]
Event: 12.143 Thread 0x00000223b1abda80 Exception <a 'java/lang/NoSuchMethodError'{0x00000000ec03ad58}: 'int java.lang.invoke.DirectMethodHandle$Holder.invokeStaticInit(java.lang.Object, long, long)'> (0x00000000ec03ad58) 
thrown [s\src\hotspot\share\interpreter\linkResolver.cpp, line 759]
Event: 12.145 Thread 0x00000223b1abda80 Exception <a 'java/lang/NoSuchMethodError'{0x00000000ec041df8}: 'int java.lang.invoke.DirectMethodHandle$Holder.invokeStaticInit(java.lang.Object, float, float)'> (0x00000000ec041df8) 
thrown [s\src\hotspot\share\interpreter\linkResolver.cpp, line 759]
Event: 12.146 Thread 0x00000223b1abda80 Exception <a 'java/lang/NoSuchMethodError'{0x00000000ec048e90}: 'int java.lang.invoke.DirectMethodHandle$Holder.invokeStaticInit(java.lang.Object, double, double)'> (0x00000000ec048e90) 
thrown [s\src\hotspot\share\interpreter\linkResolver.cpp, line 759]
Event: 12.148 Thread 0x00000223b1abda80 Exception <a 'java/lang/NoSuchMethodError'{0x00000000ec04d498}: 'int java.lang.invoke.DirectMethodHandle$Holder.invokeStatic(java.lang.Object, long)'> (0x00000000ec04d498) 
thrown [s\src\hotspot\share\interpreter\linkResolver.cpp, line 759]
Event: 12.177 Thread 0x00000223b1abda80 Exception <a 'java/lang/NoSuchMethodError'{0x00000000ec0ae1f0}: 'int java.lang.invoke.Invokers$Holder.linkToTargetMethod(java.lang.Object, java.lang.Object)'> (0x00000000ec0ae1f0) 
thrown [s\src\hotspot\share\interpreter\linkResolver.cpp, line 759]
Event: 12.177 Thread 0x00000223b1abf8e0 Exception <a 'java/lang/NoSuchMethodError'{0x00000000ec090b90}: 'int java.lang.invoke.Invokers$Holder.linkToTargetMethod(java.lang.Object, java.lang.Object)'> (0x00000000ec090b90) 
thrown [s\src\hotspot\share\interpreter\linkResolver.cpp, line 759]
Event: 12.181 Thread 0x00000223b1abf8e0 Exception <a 'java/lang/NoSuchMethodError'{0x00000000ec128598}: 'int java.lang.invoke.DirectMethodHandle$Holder.invokeSpecial(java.lang.Object, java.lang.Object, java.lang.Object, java.lang.Object)'> (0x00000000ec128598) 
thrown [s\src\hotspot\share\interpreter\linkResolver.cpp, line 759]
Event: 12.188 Thread 0x00000223b1abf8e0 Exception <a 'java/lang/NoSuchMethodError'{0x00000000ec14d720}: 'java.lang.Object java.lang.invoke.DirectMethodHandle$Holder.invokeStatic(java.lang.Object, int, java.lang.Object, java.lang.Object)'> (0x00000000ec14d720) 
thrown [s\src\hotspot\share\interpreter\linkResolver.cpp, line 759]
Event: 12.189 Thread 0x00000223b1abf8e0 Exception <a 'java/lang/NoSuchMethodError'{0x00000000ec1511d8}: 'java.lang.Object java.lang.invoke.DelegatingMethodHandle$Holder.delegate(java.lang.Object, int, java.lang.Object, java.lang.Object)'> (0x00000000ec1511d8) 
thrown [s\src\hotspot\share\interpreter\linkResolver.cpp, line 759]
Event: 12.195 Thread 0x00000223b1abf8e0 Exception <a 'java/lang/NoSuchMethodError'{0x00000000ec1926c0}: 'int java.lang.invoke.Invokers$Holder.linkToTargetMethod(java.lang.Object, java.lang.Object, java.lang.Object)'> (0x00000000ec1926c0) 
thrown [s\src\hotspot\share\interpreter\linkResolver.cpp, line 759]
Event: 12.580 Thread 0x00000223b1abda80 Exception <a 'java/lang/NoSuchMethodError'{0x00000000eae21d60}: 'java.lang.Object java.lang.invoke.DirectMethodHandle$Holder.invokeSpecialIFC(java.lang.Object, java.lang.Object, java.lang.Object, java.lang.Object)'> (0x00000000eae21d60) 
thrown [s\src\hotspot\share\interpreter\linkResolver.cpp, line 759]

VM Operations (20 events):
Event: 9.313 Executing VM operation: HandshakeAllThreads
Event: 9.313 Executing VM operation: HandshakeAllThreads done
Event: 9.432 Executing VM operation: HandshakeAllThreads
Event: 9.432 Executing VM operation: HandshakeAllThreads done
Event: 9.432 Executing VM operation: Cleanup
Event: 9.432 Executing VM operation: Cleanup done
Event: 9.446 Executing VM operation: HandshakeAllThreads
Event: 9.446 Executing VM operation: HandshakeAllThreads done
Event: 10.000 Executing VM operation: ParallelGCFailedAllocation
Event: 10.006 Executing VM operation: ParallelGCFailedAllocation done
Event: 10.883 Executing VM operation: HandshakeAllThreads
Event: 10.884 Executing VM operation: HandshakeAllThreads done
Event: 11.385 Executing VM operation: ParallelGCFailedAllocation
Event: 11.389 Executing VM operation: ParallelGCFailedAllocation done
Event: 12.186 Executing VM operation: HandshakeAllThreads
Event: 12.186 Executing VM operation: HandshakeAllThreads done
Event: 12.201 Executing VM operation: HandshakeAllThreads
Event: 12.201 Executing VM operation: HandshakeAllThreads done
Event: 12.214 Executing VM operation: ParallelGCFailedAllocation
Event: 12.218 Executing VM operation: ParallelGCFailedAllocation done

Events (20 events):
Event: 12.125 loading class java/lang/invoke/MethodHandleImpl$Makers$3
Event: 12.125 loading class java/lang/invoke/MethodHandleImpl$Makers$3 done
Event: 12.134 loading class java/lang/invoke/DirectMethodHandle$EnsureInitialized
Event: 12.134 loading class java/lang/invoke/DirectMethodHandle$EnsureInitialized done
Event: 12.135 loading class java/lang/invoke/BoundMethodHandle$Species_I
Event: 12.136 loading class java/lang/invoke/BoundMethodHandle$Species_I done
Event: 12.138 loading class java/lang/runtime/ObjectMethods$1
Event: 12.138 loading class java/lang/runtime/ObjectMethods$1 done
Event: 12.166 loading class java/lang/invoke/DirectMethodHandle$1
Event: 12.166 loading class java/lang/invoke/DirectMethodHandle$1 done
Event: 12.183 loading class java/util/AbstractList$RandomAccessSubList
Event: 12.184 loading class java/util/AbstractList$SubList
Event: 12.184 loading class java/util/AbstractList$SubList done
Event: 12.184 loading class java/util/AbstractList$RandomAccessSubList done
Event: 12.185 loading class java/util/AbstractList$ListItr
Event: 12.185 loading class java/util/AbstractList$ListItr done
Event: 12.187 loading class java/util/AbstractList$SubList$1
Event: 12.187 loading class java/util/AbstractList$SubList$1 done
Event: 12.190 loading class java/lang/invoke/MethodHandleImpl$CountingWrapper
Event: 12.191 loading class java/lang/invoke/MethodHandleImpl$CountingWrapper done


Dynamic libraries:
0x00007ff6416b0000 - 0x00007ff6416be000 	c:\Users\jhonn\.vscode\extensions\redhat.java-1.29.0-win32-x64\jre\17.0.10-win32-x86_64\bin\java.exe
0x00007ff972450000 - 0x00007ff972648000 	C:\WINDOWS\SYSTEM32\ntdll.dll
0x00007ff971fa0000 - 0x00007ff97205d000 	C:\WINDOWS\System32\KERNEL32.DLL
0x00007ff96ffe0000 - 0x00007ff9702d6000 	C:\WINDOWS\System32\KERNELBASE.dll
0x00007ff970380000 - 0x00007ff970480000 	C:\WINDOWS\System32\ucrtbase.dll
0x00007ff968d70000 - 0x00007ff968d87000 	c:\Users\jhonn\.vscode\extensions\redhat.java-1.29.0-win32-x64\jre\17.0.10-win32-x86_64\bin\jli.dll
0x00007ff970480000 - 0x00007ff97061f000 	C:\WINDOWS\System32\USER32.dll
0x00007ff970350000 - 0x00007ff970372000 	C:\WINDOWS\System32\win32u.dll
0x00007ff971e10000 - 0x00007ff971e3b000 	C:\WINDOWS\System32\GDI32.dll
0x00007ff96fd60000 - 0x00007ff96fe77000 	C:\WINDOWS\System32\gdi32full.dll
0x00007ff96fc10000 - 0x00007ff96fcad000 	C:\WINDOWS\System32\msvcp_win.dll
0x00007ff968d50000 - 0x00007ff968d6b000 	c:\Users\jhonn\.vscode\extensions\redhat.java-1.29.0-win32-x64\jre\17.0.10-win32-x86_64\bin\VCRUNTIME140.dll
0x00007ff962a20000 - 0x00007ff962cba000 	C:\WINDOWS\WinSxS\amd64_microsoft.windows.common-controls_6595b64144ccf1df_6.0.19041.3636_none_60b6a03d71f818d5\COMCTL32.dll
0x00007ff972060000 - 0x00007ff9720fe000 	C:\WINDOWS\System32\msvcrt.dll
0x00007ff9707e0000 - 0x00007ff970812000 	C:\WINDOWS\System32\IMM32.DLL
0x00007ff968d40000 - 0x00007ff968d4c000 	c:\Users\jhonn\.vscode\extensions\redhat.java-1.29.0-win32-x64\jre\17.0.10-win32-x86_64\bin\vcruntime140_1.dll
0x00007ff968cb0000 - 0x00007ff968d3d000 	c:\Users\jhonn\.vscode\extensions\redhat.java-1.29.0-win32-x64\jre\17.0.10-win32-x86_64\bin\msvcp140.dll
0x00007ff925ae0000 - 0x00007ff926742000 	c:\Users\jhonn\.vscode\extensions\redhat.java-1.29.0-win32-x64\jre\17.0.10-win32-x86_64\bin\server\jvm.dll
0x00007ff9722c0000 - 0x00007ff972370000 	C:\WINDOWS\System32\ADVAPI32.dll
0x00007ff972100000 - 0x00007ff9721a0000 	C:\WINDOWS\System32\sechost.dll
0x00007ff971ce0000 - 0x00007ff971e03000 	C:\WINDOWS\System32\RPCRT4.dll
0x00007ff96fbe0000 - 0x00007ff96fc07000 	C:\WINDOWS\System32\bcrypt.dll
0x00007ff96f960000 - 0x00007ff96f9ab000 	C:\WINDOWS\SYSTEM32\POWRPROF.dll
0x00007ff952f90000 - 0x00007ff952f99000 	C:\WINDOWS\SYSTEM32\WSOCK32.dll
0x00007ff970620000 - 0x00007ff97068b000 	C:\WINDOWS\System32\WS2_32.dll
0x00007ff962fb0000 - 0x00007ff962fd7000 	C:\WINDOWS\SYSTEM32\WINMM.dll
0x00007ff962da0000 - 0x00007ff962daa000 	C:\WINDOWS\SYSTEM32\VERSION.dll
0x00007ff96f940000 - 0x00007ff96f952000 	C:\WINDOWS\SYSTEM32\UMPDC.dll
0x00007ff96d990000 - 0x00007ff96d9a2000 	C:\WINDOWS\SYSTEM32\kernel.appcore.dll
0x00007ff968ca0000 - 0x00007ff968caa000 	c:\Users\jhonn\.vscode\extensions\redhat.java-1.29.0-win32-x64\jre\17.0.10-win32-x86_64\bin\jimage.dll
0x00007ff962830000 - 0x00007ff962a14000 	C:\WINDOWS\SYSTEM32\DBGHELP.DLL
0x00007ff961480000 - 0x00007ff9614b4000 	C:\WINDOWS\SYSTEM32\dbgcore.DLL
0x00007ff96fb00000 - 0x00007ff96fb82000 	C:\WINDOWS\System32\bcryptPrimitives.dll
0x00007ff968c90000 - 0x00007ff968c9e000 	c:\Users\jhonn\.vscode\extensions\redhat.java-1.29.0-win32-x64\jre\17.0.10-win32-x86_64\bin\instrument.dll
0x00007ff968c60000 - 0x00007ff968c85000 	c:\Users\jhonn\.vscode\extensions\redhat.java-1.29.0-win32-x64\jre\17.0.10-win32-x86_64\bin\java.dll
0x00007ff968ab0000 - 0x00007ff968ac8000 	c:\Users\jhonn\.vscode\extensions\redhat.java-1.29.0-win32-x64\jre\17.0.10-win32-x86_64\bin\zip.dll
0x00007ff970e60000 - 0x00007ff9715cb000 	C:\WINDOWS\System32\SHELL32.dll
0x00007ff96db90000 - 0x00007ff96e32e000 	C:\WINDOWS\SYSTEM32\windows.storage.dll
0x00007ff970820000 - 0x00007ff970b73000 	C:\WINDOWS\System32\combase.dll
0x00007ff96f460000 - 0x00007ff96f48e000 	C:\WINDOWS\SYSTEM32\Wldp.dll
0x00007ff970710000 - 0x00007ff9707dd000 	C:\WINDOWS\System32\OLEAUT32.dll
0x00007ff971e40000 - 0x00007ff971eed000 	C:\WINDOWS\System32\SHCORE.dll
0x00007ff970b80000 - 0x00007ff970bd5000 	C:\WINDOWS\System32\shlwapi.dll
0x00007ff96fa30000 - 0x00007ff96fa53000 	C:\WINDOWS\SYSTEM32\profapi.dll
0x00007ff968a80000 - 0x00007ff968a99000 	C:\Users\jhonn\.vscode\extensions\redhat.java-1.29.0-win32-x64\jre\17.0.10-win32-x86_64\bin\net.dll
0x00007ff9672e0000 - 0x00007ff9673ea000 	C:\WINDOWS\SYSTEM32\WINHTTP.dll
0x00007ff96f1c0000 - 0x00007ff96f22a000 	C:\WINDOWS\system32\mswsock.dll
0x00007ff968a60000 - 0x00007ff968a76000 	C:\Users\jhonn\.vscode\extensions\redhat.java-1.29.0-win32-x64\jre\17.0.10-win32-x86_64\bin\nio.dll
0x00007ff968a50000 - 0x00007ff968a60000 	c:\Users\jhonn\.vscode\extensions\redhat.java-1.29.0-win32-x64\jre\17.0.10-win32-x86_64\bin\verify.dll
0x00007ff93cd70000 - 0x00007ff93cdae000 	C:\Users\jhonn\AppData\Roaming\Code\User\globalStorage\redhat.java\1.29.0\config_win\org.eclipse.equinox.launcher\org.eclipse.equinox.launcher.win32.win32.x86_64_1.2.900.v20240213-1244\eclipse_11900.dll
0x00007ff971710000 - 0x00007ff97183b000 	C:\WINDOWS\System32\ole32.dll

dbghelp: loaded successfully - version: 4.0.5 - missing functions: none
symbol engine: initialized successfully - sym options: 0x614 - pdb path: .;c:\Users\jhonn\.vscode\extensions\redhat.java-1.29.0-win32-x64\jre\17.0.10-win32-x86_64\bin;C:\WINDOWS\SYSTEM32;C:\WINDOWS\WinSxS\amd64_microsoft.windows.common-controls_6595b64144ccf1df_6.0.19041.3636_none_60b6a03d71f818d5;c:\Users\jhonn\.vscode\extensions\redhat.java-1.29.0-win32-x64\jre\17.0.10-win32-x86_64\bin\server;C:\Users\jhonn\AppData\Roaming\Code\User\globalStorage\redhat.java\1.29.0\config_win\org.eclipse.equinox.launcher\org.eclipse.equinox.launcher.win32.win32.x86_64_1.2.900.v20240213-1244

VM Arguments:
jvm_args: --add-modules=ALL-SYSTEM --add-opens=java.base/java.util=ALL-UNNAMED --add-opens=java.base/java.lang=ALL-UNNAMED --add-opens=java.base/sun.nio.fs=ALL-UNNAMED -Declipse.application=org.eclipse.jdt.ls.core.id1 -Dosgi.bundles.defaultStartLevel=4 -Declipse.product=org.eclipse.jdt.ls.core.product -Djava.import.generatesMetadataFilesAtProjectRoot=false -DDetectVMInstallationsJob.disabled=true -Dfile.encoding=utf8 -XX:+UseParallelGC -XX:GCTimeRatio=4 -XX:AdaptiveSizePolicyWeight=90 -Dsun.zip.disableMemoryMapping=true -Xmx1G -Xms100m -Xlog:disable -javaagent:c:\Users\jhonn\.vscode\extensions\redhat.java-1.29.0-win32-x64\lombok\lombok-1.18.32.jar -XX:+HeapDumpOnOutOfMemoryError -XX:HeapDumpPath=c:\Users\jhonn\AppData\Roaming\Code\User\workspaceStorage\f926728e50f2738973d3538630756d0e\redhat.java -Daether.dependencyCollector.impl=bf 
java_command: c:\Users\jhonn\.vscode\extensions\redhat.java-1.29.0-win32-x64\server\plugins\org.eclipse.equinox.launcher_1.6.800.v20240304-1850.jar -configuration c:\Users\jhonn\AppData\Roaming\Code\User\globalStorage\redhat.java\1.29.0\config_win -data c:\Users\jhonn\AppData\Roaming\Code\User\workspaceStorage\f926728e50f2738973d3538630756d0e\redhat.java\jdt_ws --stdio
java_class_path (initial): c:\Users\jhonn\.vscode\extensions\redhat.java-1.29.0-win32-x64\server\plugins\org.eclipse.equinox.launcher_1.6.800.v20240304-1850.jar
Launcher Type: SUN_STANDARD

[Global flags]
    uintx AdaptiveSizePolicyWeight                 = 90                                        {product} {command line}
     intx CICompilerCount                          = 3                                         {product} {ergonomic}
    uintx GCTimeRatio                              = 4                                         {product} {command line}
     bool HeapDumpOnOutOfMemoryError               = true                                   {manageable} {command line}
    ccstr HeapDumpPath                             = c:\Users\jhonn\AppData\Roaming\Code\User\workspaceStorage\f926728e50f2738973d3538630756d0e\redhat.java         {manageable} {command line}
   size_t InitialHeapSize                          = 104857600                                 {product} {command line}
   size_t MaxHeapSize                              = 1073741824                                {product} {command line}
   size_t MaxNewSize                               = 357564416                                 {product} {ergonomic}
   size_t MinHeapDeltaBytes                        = 524288                                    {product} {ergonomic}
   size_t MinHeapSize                              = 104857600                                 {product} {command line}
   size_t NewSize                                  = 34603008                                  {product} {ergonomic}
    uintx NonNMethodCodeHeapSize                   = 5832780                                {pd product} {ergonomic}
    uintx NonProfiledCodeHeapSize                  = 122912730                              {pd product} {ergonomic}
   size_t OldSize                                  = 70254592                                  {product} {ergonomic}
    uintx ProfiledCodeHeapSize                     = 122912730                              {pd product} {ergonomic}
    uintx ReservedCodeCacheSize                    = 251658240                              {pd product} {ergonomic}
     bool SegmentedCodeCache                       = true                                      {product} {ergonomic}
   size_t SoftMaxHeapSize                          = 1073741824                             {manageable} {ergonomic}
     bool UseCompressedClassPointers               = true                           {product lp64_product} {ergonomic}
     bool UseCompressedOops                        = true                           {product lp64_product} {ergonomic}
     bool UseLargePagesIndividualAllocation        = false                                  {pd product} {ergonomic}
     bool UseParallelGC                            = true                                      {product} {command line}

Logging:
Log output configuration:
 #0: stdout all=off uptime,level,tags
 #1: stderr all=off uptime,level,tags

Environment Variables:
JAVA_HOME=C:\Program Files\Java\jdk-21
PATH=C:\Program Files\Common Files\Oracle\Java\javapath;C:\oraclexe\app\oracle\product\11.2.0\server\bin;C:\WINDOWS\system32;C:\WINDOWS;C:\WINDOWS\System32\Wbem;C:\WINDOWS\System32\WindowsPowerShell\v1.0\;C:\WINDOWS\System32\OpenSSH\;C:\Program Files\Microsoft VS Code\bin;C:\Program Files\Microsoft SQL Server\Client SDK\ODBC\170\Tools\Binn\;C:\Program Files (x86)\Microsoft SQL Server\150\Tools\Binn\;C:\Program Files\Microsoft SQL Server\150\Tools\Binn\;C:\Program Files\Microsoft SQL Server\150\DTS\Binn\;C:\Program Files (x86)\Microsoft SQL Server\150\DTS\Binn\;C:\Program Files\Azure Data Studio\bin;C:\Program Files\Git\cmd;C:\apache-maven-3.8.4\bin;C:\Automatizacion\gradle-8.7\bin;C:\Program Files\Java\jdk-21\bin;C:\Users\jhonn\AppData\Local\Microsoft\WindowsApps;;C:\Program Files\Azure Data Studio\bin
USERNAME=jhonn
OS=Windows_NT
PROCESSOR_IDENTIFIER=Intel64 Family 6 Model 58 Stepping 9, GenuineIntel
TMP=C:\Users\jhonn\AppData\Local\Temp
TEMP=C:\Users\jhonn\AppData\Local\Temp



Periodic native trim disabled


---------------  S Y S T E M  ---------------

OS:
 Windows 10 , 64 bit Build 19041 (10.0.19041.3636)
OS uptime: 0 days 0:11 hours

CPU: total 4 (initial active 4) (2 cores per cpu, 2 threads per core) family 6 model 58 stepping 9 microcode 0x21, cx8, cmov, fxsr, ht, mmx, sse, sse2, sse3, ssse3, sse4.1, sse4.2, popcnt, tsc, tscinvbit, avx, erms, clmul, vzeroupper, clflush
Processor Information for all 4 processors :
  Max Mhz: 1901, Current Mhz: 1901, Mhz Limit: 1901

Memory: 4k page, system-wide physical 1949M (106M free)
TotalPageFile size 7837M (AvailPageFile size 2M)
current process WorkingSet (physical memory assigned to process): 132M, peak: 138M
current process commit charge ("private bytes"): 243M, peak: 246M

vm_info: OpenJDK 64-Bit Server VM (17.0.10+7) for windows-amd64 JRE (17.0.10+7), built on Jan 16 2024 23:25:11 by "admin" with MS VC++ 16.10 / 16.11 (VS2019)

END.
