#
# There is insufficient memory for the Java Runtime Environment to continue.
# Native memory allocation (malloc) failed to allocate 1244496 bytes for Chunk::new
# Possible reasons:
#   The system is out of physical RAM or swap space
#   The process is running with CompressedOops enabled, and the Java Heap may be blocking the growth of the native heap
# Possible solutions:
#   Reduce memory load on the system
#   Increase physical memory or swap space
#   Check if swap backing store is full
#   Decrease Java heap size (-Xmx/-Xms)
#   Decrease number of Java threads
#   Decrease Java thread stack sizes (-Xss)
#   Set larger code cache with -XX:ReservedCodeCacheSize=
#   JVM is running with Unscaled Compressed Oops mode in which the Java heap is
#     placed in the first 4GB address space. The Java Heap base address is the
#     maximum limit for the native heap growth. Please use -XX:HeapBaseMinAddress
#     to set the Java Heap base and to place the Java Heap above 4GB virtual address.
# This output file may be truncated or incomplete.
#
#  Out of Memory Error (arena.cpp:191), pid=12788, tid=9280
#
# JRE version: OpenJDK Runtime Environment Temurin-17.0.10+7 (17.0.10+7) (build 17.0.10+7)
# Java VM: OpenJDK 64-Bit Server VM Temurin-17.0.10+7 (17.0.10+7, mixed mode, tiered, compressed oops, compressed class ptrs, parallel gc, windows-amd64)
# No core dump will be written. Minidumps are not enabled by default on client versions of Windows
#

---------------  S U M M A R Y ------------

Command Line: --add-modules=ALL-SYSTEM --add-opens=java.base/java.util=ALL-UNNAMED --add-opens=java.base/java.lang=ALL-UNNAMED --add-opens=java.base/sun.nio.fs=ALL-UNNAMED -Declipse.application=org.eclipse.jdt.ls.core.id1 -Dosgi.bundles.defaultStartLevel=4 -Declipse.product=org.eclipse.jdt.ls.core.product -Djava.import.generatesMetadataFilesAtProjectRoot=false -DDetectVMInstallationsJob.disabled=true -Dfile.encoding=utf8 -XX:+UseParallelGC -XX:GCTimeRatio=4 -XX:AdaptiveSizePolicyWeight=90 -Dsun.zip.disableMemoryMapping=true -Xmx1G -Xms100m -Xlog:disable -javaagent:c:\Users\jhonn\.vscode\extensions\redhat.java-1.29.0-win32-x64\lombok\lombok-1.18.32.jar -XX:+HeapDumpOnOutOfMemoryError -XX:HeapDumpPath=c:\Users\jhonn\AppData\Roaming\Code\User\workspaceStorage\f926728e50f2738973d3538630756d0e\redhat.java -Daether.dependencyCollector.impl=bf c:\Users\jhonn\.vscode\extensions\redhat.java-1.29.0-win32-x64\server\plugins\org.eclipse.equinox.launcher_1.6.800.v20240304-1850.jar -configuration c:\Users\jhonn\AppData\Roaming\Code\User\globalStorage\redhat.java\1.29.0\config_win -data c:\Users\jhonn\AppData\Roaming\Code\User\workspaceStorage\f926728e50f2738973d3538630756d0e\redhat.java\jdt_ws --stdio

Host: Intel(R) Core(TM) i3-3227U CPU @ 1.90GHz, 4 cores, 1G,  Windows 10 , 64 bit Build 19041 (10.0.19041.3636)
Time: Wed Apr 17 21:32:09 2024 Hora est. Pacífico, Sudamérica elapsed time: 94.030249 seconds (0d 0h 1m 34s)

---------------  T H R E A D  ---------------

Current thread (0x0000029d98e52990):  JavaThread "C2 CompilerThread0" daemon [_thread_in_native, id=9280, stack(0x000000af15800000,0x000000af15900000)]


Current CompileTask:
C2:  94030 7880   !   4       org.eclipse.jdt.internal.core.search.indexing.BinaryIndexer::indexDocument (1157 bytes)

Stack: [0x000000af15800000,0x000000af15900000]
Native frames: (J=compiled Java code, j=interpreted, Vv=VM code, C=native code)
V  [jvm.dll+0x67d2c9]
V  [jvm.dll+0x834afa]
V  [jvm.dll+0x8365be]
V  [jvm.dll+0x836c23]
V  [jvm.dll+0x2477ff]
V  [jvm.dll+0xac514]
V  [jvm.dll+0xacb5c]
V  [jvm.dll+0x2aed1f]
V  [jvm.dll+0x584b67]
V  [jvm.dll+0x2228a2]
V  [jvm.dll+0x222c8f]
V  [jvm.dll+0x21bdb6]
V  [jvm.dll+0x219201]
V  [jvm.dll+0x1a502d]
V  [jvm.dll+0x2290de]
V  [jvm.dll+0x2272ac]
V  [jvm.dll+0x7e9bb7]
V  [jvm.dll+0x7e3fba]
V  [jvm.dll+0x67c1b5]
C  [ucrtbase.dll+0x21bb2]
C  [KERNEL32.DLL+0x17344]
C  [ntdll.dll+0x526b1]


---------------  P R O C E S S  ---------------

Threads class SMR info:
_java_thread_list=0x0000029da0324970, length=30, elements={
0x0000029d84fe1b90, 0x0000029d98e26b00, 0x0000029d98e27d90, 0x0000029d98e4c720,
0x0000029d98e4d3b0, 0x0000029d98e4e140, 0x0000029d98e4fd80, 0x0000029d98e52990,
0x0000029d9e046d90, 0x0000029d9e04ba60, 0x0000029d9e0bd170, 0x0000029d9e3da2d0,
0x0000029d9e5a7820, 0x0000029d9e509770, 0x0000029d9e3cc360, 0x0000029d9eb9ded0,
0x0000029d9f1e1580, 0x0000029d9e1a1180, 0x0000029d9e1a20b0, 0x0000029d9e1a0760,
0x0000029d9e1a25c0, 0x0000029d9e1a3f10, 0x0000029d9e1a2fe0, 0x0000029d9e1a34f0,
0x0000029d9e1a1ba0, 0x0000029d9e1a3a00, 0x0000029d9e1a0c70, 0x0000029d9fccb4d0,
0x0000029d9fcc8740, 0x0000029d9fcc54a0
}

Java Threads: ( => current thread )
  0x0000029d84fe1b90 JavaThread "main" [_thread_blocked, id=6300, stack(0x000000af14f00000,0x000000af15000000)]
  0x0000029d98e26b00 JavaThread "Reference Handler" daemon [_thread_blocked, id=10420, stack(0x000000af15200000,0x000000af15300000)]
  0x0000029d98e27d90 JavaThread "Finalizer" daemon [_thread_blocked, id=7524, stack(0x000000af15300000,0x000000af15400000)]
  0x0000029d98e4c720 JavaThread "Signal Dispatcher" daemon [_thread_blocked, id=12816, stack(0x000000af15400000,0x000000af15500000)]
  0x0000029d98e4d3b0 JavaThread "Attach Listener" daemon [_thread_blocked, id=10728, stack(0x000000af15500000,0x000000af15600000)]
  0x0000029d98e4e140 JavaThread "Service Thread" daemon [_thread_blocked, id=6716, stack(0x000000af15600000,0x000000af15700000)]
  0x0000029d98e4fd80 JavaThread "Monitor Deflation Thread" daemon [_thread_blocked, id=8180, stack(0x000000af15700000,0x000000af15800000)]
=>0x0000029d98e52990 JavaThread "C2 CompilerThread0" daemon [_thread_in_native, id=9280, stack(0x000000af15800000,0x000000af15900000)]
  0x0000029d9e046d90 JavaThread "C1 CompilerThread0" daemon [_thread_blocked, id=6304, stack(0x000000af15900000,0x000000af15a00000)]
  0x0000029d9e04ba60 JavaThread "Sweeper thread" daemon [_thread_blocked, id=11124, stack(0x000000af15a00000,0x000000af15b00000)]
  0x0000029d9e0bd170 JavaThread "Common-Cleaner" daemon [_thread_blocked, id=11700, stack(0x000000af15b00000,0x000000af15c00000)]
  0x0000029d9e3da2d0 JavaThread "Notification Thread" daemon [_thread_blocked, id=12356, stack(0x000000af15c00000,0x000000af15d00000)]
  0x0000029d9e5a7820 JavaThread "Active Thread: Equinox Container: 8a31e20b-ed18-4a95-8246-054995d45b62" [_thread_blocked, id=10460, stack(0x000000af16100000,0x000000af16200000)]
  0x0000029d9e509770 JavaThread "Framework Event Dispatcher: Equinox Container: 8a31e20b-ed18-4a95-8246-054995d45b62" daemon [_thread_blocked, id=9696, stack(0x000000af16200000,0x000000af16300000)]
  0x0000029d9e3cc360 JavaThread "Start Level: Equinox Container: 8a31e20b-ed18-4a95-8246-054995d45b62" daemon [_thread_blocked, id=3032, stack(0x000000af16300000,0x000000af16400000)]
  0x0000029d9eb9ded0 JavaThread "Bundle File Closer" daemon [_thread_blocked, id=5244, stack(0x000000af16400000,0x000000af16500000)]
  0x0000029d9f1e1580 JavaThread "SCR Component Actor" daemon [_thread_blocked, id=1156, stack(0x000000af16500000,0x000000af16600000)]
  0x0000029d9e1a1180 JavaThread "Worker-JM" [_thread_blocked, id=6136, stack(0x000000af16700000,0x000000af16800000)]
  0x0000029d9e1a20b0 JavaThread "Worker-0" [_thread_blocked, id=6356, stack(0x000000af16800000,0x000000af16900000)]
  0x0000029d9e1a0760 JavaThread "Worker-1" [_thread_blocked, id=624, stack(0x000000af16900000,0x000000af16a00000)]
  0x0000029d9e1a25c0 JavaThread "Worker-2: Initialize Workspace" [_thread_blocked, id=6320, stack(0x000000af16a00000,0x000000af16b00000)]
  0x0000029d9e1a3f10 JavaThread "Java indexing" daemon [_thread_in_Java, id=7564, stack(0x000000af16600000,0x000000af16700000)]
  0x0000029d9e1a2fe0 JavaThread "Worker-3: Java indexing... " [_thread_blocked, id=8368, stack(0x000000af16b00000,0x000000af16c00000)]
  0x0000029d9e1a34f0 JavaThread "JNA Cleaner" daemon [_thread_blocked, id=10272, stack(0x000000af16c00000,0x000000af16d00000)]
  0x0000029d9e1a1ba0 JavaThread "pool-2-thread-1" [_thread_blocked, id=12748, stack(0x000000af16d00000,0x000000af16e00000)]
  0x0000029d9e1a3a00 JavaThread "WorkspaceEventsHandler" [_thread_blocked, id=6200, stack(0x000000af16e00000,0x000000af16f00000)]
  0x0000029d9e1a0c70 JavaThread "pool-1-thread-1" [_thread_blocked, id=8848, stack(0x000000af16f00000,0x000000af17000000)]
  0x0000029d9fccb4d0 JavaThread "pool-3-thread-1" [_thread_in_native, id=604, stack(0x000000af17000000,0x000000af17100000)]
  0x0000029d9fcc8740 JavaThread "Worker-4" [_thread_blocked, id=10488, stack(0x000000af17100000,0x000000af17200000)]
  0x0000029d9fcc54a0 JavaThread "Worker-5" [_thread_blocked, id=11120, stack(0x000000af17200000,0x000000af17300000)]

Other Threads:
  0x0000029d98e10a30 VMThread "VM Thread" [stack: 0x000000af15100000,0x000000af15200000] [id=3912]
  0x0000029d9e2ff3d0 WatcherThread [stack: 0x000000af15d00000,0x000000af15e00000] [id=7812]
  0x0000029d84ff7530 GCTaskThread "GC Thread#0" [stack: 0x000000af15000000,0x000000af15100000] [id=6152]
  0x0000029d9e70fd90 GCTaskThread "GC Thread#1" [stack: 0x000000af15e00000,0x000000af15f00000] [id=8212]
  0x0000029d9e60b8e0 GCTaskThread "GC Thread#2" [stack: 0x000000af15f00000,0x000000af16000000] [id=7848]
  0x0000029d9e60bba0 GCTaskThread "GC Thread#3" [stack: 0x000000af16000000,0x000000af16100000] [id=9012]

Threads with active compile tasks:
C2 CompilerThread0    94129 7880   !   4       org.eclipse.jdt.internal.core.search.indexing.BinaryIndexer::indexDocument (1157 bytes)

VM state: not at safepoint (normal execution)

VM Mutex/Monitor currently owned by a thread: None

Heap address: 0x00000000c0000000, size: 1024 MB, Compressed Oops mode: 32-bit

CDS archive(s) not mapped
Compressed class space mapped at: 0x0000000100000000-0x0000000140000000, reserved size: 1073741824
Narrow klass base: 0x0000000000000000, Narrow klass shift: 3, Narrow klass range: 0x140000000

GC Precious Log:
 CPUs: 4 total, 4 available
 Memory: 1949M
 Large Page Support: Disabled
 NUMA Support: Disabled
 Compressed Oops: Enabled (32-bit)
 Alignments: Space 512K, Generation 512K, Heap 2M
 Heap Min Capacity: 100M
 Heap Initial Capacity: 100M
 Heap Max Capacity: 1G
 Pre-touch: Disabled
 Parallel Workers: 4

Heap:
 PSYoungGen      total 16384K, used 9507K [0x00000000eab00000, 0x00000000ebd80000, 0x0000000100000000)
  eden space 13824K, 51% used [0x00000000eab00000,0x00000000eb200630,0x00000000eb880000)
  from space 2560K, 91% used [0x00000000eb880000,0x00000000ebac8640,0x00000000ebb00000)
  to   space 2560K, 0% used [0x00000000ebb00000,0x00000000ebb00000,0x00000000ebd80000)
 ParOldGen       total 68608K, used 65117K [0x00000000c0000000, 0x00000000c4300000, 0x00000000eab00000)
  object space 68608K, 94% used [0x00000000c0000000,0x00000000c3f97790,0x00000000c4300000)
 Metaspace       used 55563K, committed 56576K, reserved 1114112K
  class space    used 5885K, committed 6336K, reserved 1048576K

Card table byte_map: [0x0000029d84980000,0x0000029d84b90000] _byte_map_base: 0x0000029d84380000

Marking Bits: (ParMarkBitMap*) 0x00007ff92667d7d0
 Begin Bits: [0x0000029d96c80000, 0x0000029d97c80000)
 End Bits:   [0x0000029d97c80000, 0x0000029d98c80000)

Polling page: 0x0000029d82f00000

Metaspace:

Usage:
  Non-class:     48.51 MB used.
      Class:      5.75 MB used.
       Both:     54.26 MB used.

Virtual space:
  Non-class space:       64.00 MB reserved,      49.06 MB ( 77%) committed,  1 nodes.
      Class space:        1.00 GB reserved,       6.19 MB ( <1%) committed,  1 nodes.
             Both:        1.06 GB reserved,      55.25 MB (  5%) committed. 

Chunk freelists:
   Non-Class:  14.64 MB
       Class:  9.81 MB
        Both:  24.45 MB

MaxMetaspaceSize: unlimited
CompressedClassSpaceSize: 1.00 GB
Initial GC threshold: 21.00 MB
Current GC threshold: 58.38 MB
CDS: off
MetaspaceReclaimPolicy: balanced
 - commit_granule_bytes: 65536.
 - commit_granule_words: 8192.
 - virtual_space_node_default_size: 8388608.
 - enlarge_chunks_in_place: 1.
 - new_chunks_are_fully_committed: 0.
 - uncommit_free_chunks: 1.
 - use_allocation_guard: 0.
 - handle_deallocations: 1.


Internal statistics:

num_allocs_failed_limit: 6.
num_arena_births: 582.
num_arena_deaths: 16.
num_vsnodes_births: 2.
num_vsnodes_deaths: 0.
num_space_committed: 884.
num_space_uncommitted: 0.
num_chunks_returned_to_freelist: 23.
num_chunks_taken_from_freelist: 2734.
num_chunk_merges: 8.
num_chunk_splits: 1678.
num_chunks_enlarged: 1009.
num_inconsistent_stats: 0.

CodeHeap 'non-profiled nmethods': size=120000Kb used=4668Kb max_used=4668Kb free=115331Kb
 bounds [0x0000029d8f750000, 0x0000029d8fbe0000, 0x0000029d96c80000]
CodeHeap 'profiled nmethods': size=120000Kb used=14924Kb max_used=14924Kb free=105075Kb
 bounds [0x0000029d87c80000, 0x0000029d88b20000, 0x0000029d8f1b0000]
CodeHeap 'non-nmethods': size=5760Kb used=1308Kb max_used=1361Kb free=4451Kb
 bounds [0x0000029d8f1b0000, 0x0000029d8f420000, 0x0000029d8f750000]
 total_blobs=7702 nmethods=7058 adapters=558
 compilation: enabled
              stopped_count=0, restarted_count=0
 full_count=0

Compilation events (20 events):
Event: 92.758 Thread 0x0000029d98e52990 nmethod 7871 0x0000029d8fbd8390 code [0x0000029d8fbd8520, 0x0000029d8fbd85e8]
Event: 92.758 Thread 0x0000029d98e52990 7872       4       jdk.internal.jrtfs.JrtFileSystem$$Lambda$387/0x0000000100603b18::test (12 bytes)
Event: 92.763 Thread 0x0000029d98e52990 nmethod 7872 0x0000029d8fbd8690 code [0x0000029d8fbd8820, 0x0000029d8fbd88f8]
Event: 92.766 Thread 0x0000029d98e52990 7873  s    4       sun.nio.ch.ChannelInputStream::read (77 bytes)
Event: 92.779 Thread 0x0000029d98e52990 nmethod 7873 0x0000029d8fbd8a10 code [0x0000029d8fbd8bc0, 0x0000029d8fbd9208]
Event: 93.188 Thread 0x0000029d9e046d90 7874       3       com.google.gson.stream.JsonWriter::peek (29 bytes)
Event: 93.190 Thread 0x0000029d9e046d90 nmethod 7874 0x0000029d88b10590 code [0x0000029d88b10740, 0x0000029d88b10988]
Event: 93.192 Thread 0x0000029d9e046d90 7875   !   3       java.io.StringReader::read (105 bytes)
Event: 93.194 Thread 0x0000029d9e046d90 nmethod 7875 0x0000029d88b10b10 code [0x0000029d88b10d40, 0x0000029d88b114e8]
Event: 93.194 Thread 0x0000029d9e046d90 7877       3       com.google.gson.stream.JsonReader::push (76 bytes)
Event: 93.196 Thread 0x0000029d9e046d90 nmethod 7877 0x0000029d88b11910 code [0x0000029d88b11ae0, 0x0000029d88b11ee8]
Event: 93.196 Thread 0x0000029d9e046d90 7876       3       java.io.StringReader::ensureOpen (18 bytes)
Event: 93.196 Thread 0x0000029d9e046d90 nmethod 7876 0x0000029d88b12110 code [0x0000029d88b122c0, 0x0000029d88b124c8]
Event: 93.236 Thread 0x0000029d9e046d90 7878       3       com.google.gson.stream.JsonWriter::newline (47 bytes)
Event: 93.237 Thread 0x0000029d9e046d90 nmethod 7878 0x0000029d88b12590 code [0x0000029d88b12760, 0x0000029d88b12b38]
Event: 93.357 Thread 0x0000029d98e52990 7879   !   4       java.nio.file.FileTreeWalker::next (144 bytes)
Event: 93.433 Thread 0x0000029d9e046d90 7883       3       org.eclipse.jdt.internal.compiler.classfmt.ClassFileReader::getInnerSourceName (17 bytes)
Event: 93.434 Thread 0x0000029d9e046d90 nmethod 7883 0x0000029d88b12c90 code [0x0000029d88b12e40, 0x0000029d88b12fe8]
Event: 93.593 Thread 0x0000029d98e52990 nmethod 7879 0x0000029d8fbd9610 code [0x0000029d8fbd9a20, 0x0000029d8fbdc8a0]
Event: 93.593 Thread 0x0000029d98e52990 7880   !   4       org.eclipse.jdt.internal.core.search.indexing.BinaryIndexer::indexDocument (1157 bytes)

GC Heap History (20 events):
Event: 71.949 GC heap before
{Heap before GC invocations=32 (full 2):
 PSYoungGen      total 18944K, used 18701K [0x00000000eab00000, 0x00000000ec280000, 0x0000000100000000)
  eden space 16896K, 100% used [0x00000000eab00000,0x00000000ebb80000,0x00000000ebb80000)
  from space 2048K, 88% used [0x00000000ebb80000,0x00000000ebd43510,0x00000000ebd80000)
  to   space 3584K, 0% used [0x00000000ebf00000,0x00000000ebf00000,0x00000000ec280000)
 ParOldGen       total 68608K, used 42185K [0x00000000c0000000, 0x00000000c4300000, 0x00000000eab00000)
  object space 68608K, 61% used [0x00000000c0000000,0x00000000c29326d0,0x00000000c4300000)
 Metaspace       used 54885K, committed 56000K, reserved 1114112K
  class space    used 5827K, committed 6336K, reserved 1048576K
}
Event: 71.953 GC heap after
{Heap after GC invocations=32 (full 2):
 PSYoungGen      total 18432K, used 1357K [0x00000000eab00000, 0x00000000ec080000, 0x0000000100000000)
  eden space 16896K, 0% used [0x00000000eab00000,0x00000000eab00000,0x00000000ebb80000)
  from space 1536K, 88% used [0x00000000ebf00000,0x00000000ec053530,0x00000000ec080000)
  to   space 2048K, 0% used [0x00000000ebc80000,0x00000000ebc80000,0x00000000ebe80000)
 ParOldGen       total 68608K, used 43113K [0x00000000c0000000, 0x00000000c4300000, 0x00000000eab00000)
  object space 68608K, 62% used [0x00000000c0000000,0x00000000c2a1a610,0x00000000c4300000)
 Metaspace       used 54885K, committed 56000K, reserved 1114112K
  class space    used 5827K, committed 6336K, reserved 1048576K
}
Event: 77.489 GC heap before
{Heap before GC invocations=33 (full 2):
 PSYoungGen      total 18432K, used 18253K [0x00000000eab00000, 0x00000000ec080000, 0x0000000100000000)
  eden space 16896K, 100% used [0x00000000eab00000,0x00000000ebb80000,0x00000000ebb80000)
  from space 1536K, 88% used [0x00000000ebf00000,0x00000000ec053530,0x00000000ec080000)
  to   space 2048K, 0% used [0x00000000ebc80000,0x00000000ebc80000,0x00000000ebe80000)
 ParOldGen       total 68608K, used 43113K [0x00000000c0000000, 0x00000000c4300000, 0x00000000eab00000)
  object space 68608K, 62% used [0x00000000c0000000,0x00000000c2a1a610,0x00000000c4300000)
 Metaspace       used 55397K, committed 56448K, reserved 1114112K
  class space    used 5870K, committed 6336K, reserved 1048576K
}
Event: 77.500 GC heap after
{Heap after GC invocations=33 (full 2):
 PSYoungGen      total 18944K, used 2016K [0x00000000eab00000, 0x00000000ec480000, 0x0000000100000000)
  eden space 16896K, 0% used [0x00000000eab00000,0x00000000eab00000,0x00000000ebb80000)
  from space 2048K, 98% used [0x00000000ebc80000,0x00000000ebe780e8,0x00000000ebe80000)
  to   space 4608K, 0% used [0x00000000ec000000,0x00000000ec000000,0x00000000ec480000)
 ParOldGen       total 68608K, used 44846K [0x00000000c0000000, 0x00000000c4300000, 0x00000000eab00000)
  object space 68608K, 65% used [0x00000000c0000000,0x00000000c2bcbb40,0x00000000c4300000)
 Metaspace       used 55397K, committed 56448K, reserved 1114112K
  class space    used 5870K, committed 6336K, reserved 1048576K
}
Event: 78.371 GC heap before
{Heap before GC invocations=34 (full 2):
 PSYoungGen      total 18944K, used 18912K [0x00000000eab00000, 0x00000000ec480000, 0x0000000100000000)
  eden space 16896K, 100% used [0x00000000eab00000,0x00000000ebb80000,0x00000000ebb80000)
  from space 2048K, 98% used [0x00000000ebc80000,0x00000000ebe780e8,0x00000000ebe80000)
  to   space 4608K, 0% used [0x00000000ec000000,0x00000000ec000000,0x00000000ec480000)
 ParOldGen       total 68608K, used 44846K [0x00000000c0000000, 0x00000000c4300000, 0x00000000eab00000)
  object space 68608K, 65% used [0x00000000c0000000,0x00000000c2bcbb40,0x00000000c4300000)
 Metaspace       used 55531K, committed 56576K, reserved 1114112K
  class space    used 5884K, committed 6336K, reserved 1048576K
}
Event: 78.378 GC heap after
{Heap after GC invocations=34 (full 2):
 PSYoungGen      total 19968K, used 2846K [0x00000000eab00000, 0x00000000ec300000, 0x0000000100000000)
  eden space 16896K, 0% used [0x00000000eab00000,0x00000000eab00000,0x00000000ebb80000)
  from space 3072K, 92% used [0x00000000ec000000,0x00000000ec2c7a08,0x00000000ec300000)
  to   space 3584K, 0% used [0x00000000ebc00000,0x00000000ebc00000,0x00000000ebf80000)
 ParOldGen       total 68608K, used 46766K [0x00000000c0000000, 0x00000000c4300000, 0x00000000eab00000)
  object space 68608K, 68% used [0x00000000c0000000,0x00000000c2dabb58,0x00000000c4300000)
 Metaspace       used 55531K, committed 56576K, reserved 1114112K
  class space    used 5884K, committed 6336K, reserved 1048576K
}
Event: 78.726 GC heap before
{Heap before GC invocations=35 (full 2):
 PSYoungGen      total 19968K, used 19742K [0x00000000eab00000, 0x00000000ec300000, 0x0000000100000000)
  eden space 16896K, 100% used [0x00000000eab00000,0x00000000ebb80000,0x00000000ebb80000)
  from space 3072K, 92% used [0x00000000ec000000,0x00000000ec2c7a08,0x00000000ec300000)
  to   space 3584K, 0% used [0x00000000ebc00000,0x00000000ebc00000,0x00000000ebf80000)
 ParOldGen       total 68608K, used 46766K [0x00000000c0000000, 0x00000000c4300000, 0x00000000eab00000)
  object space 68608K, 68% used [0x00000000c0000000,0x00000000c2dabb58,0x00000000c4300000)
 Metaspace       used 55543K, committed 56576K, reserved 1114112K
  class space    used 5884K, committed 6336K, reserved 1048576K
}
Event: 78.734 GC heap after
{Heap after GC invocations=35 (full 2):
 PSYoungGen      total 19968K, used 3028K [0x00000000eab00000, 0x00000000ec280000, 0x0000000100000000)
  eden space 16896K, 0% used [0x00000000eab00000,0x00000000eab00000,0x00000000ebb80000)
  from space 3072K, 98% used [0x00000000ebc00000,0x00000000ebef53f0,0x00000000ebf00000)
  to   space 3584K, 0% used [0x00000000ebf00000,0x00000000ebf00000,0x00000000ec280000)
 ParOldGen       total 68608K, used 49332K [0x00000000c0000000, 0x00000000c4300000, 0x00000000eab00000)
  object space 68608K, 71% used [0x00000000c0000000,0x00000000c302d1d0,0x00000000c4300000)
 Metaspace       used 55543K, committed 56576K, reserved 1114112K
  class space    used 5884K, committed 6336K, reserved 1048576K
}
Event: 79.099 GC heap before
{Heap before GC invocations=36 (full 2):
 PSYoungGen      total 19968K, used 19924K [0x00000000eab00000, 0x00000000ec280000, 0x0000000100000000)
  eden space 16896K, 100% used [0x00000000eab00000,0x00000000ebb80000,0x00000000ebb80000)
  from space 3072K, 98% used [0x00000000ebc00000,0x00000000ebef53f0,0x00000000ebf00000)
  to   space 3584K, 0% used [0x00000000ebf00000,0x00000000ebf00000,0x00000000ec280000)
 ParOldGen       total 68608K, used 49332K [0x00000000c0000000, 0x00000000c4300000, 0x00000000eab00000)
  object space 68608K, 71% used [0x00000000c0000000,0x00000000c302d1d0,0x00000000c4300000)
 Metaspace       used 55543K, committed 56576K, reserved 1114112K
  class space    used 5884K, committed 6336K, reserved 1048576K
}
Event: 79.105 GC heap after
{Heap after GC invocations=36 (full 2):
 PSYoungGen      total 19968K, used 2776K [0x00000000eab00000, 0x00000000ec200000, 0x0000000100000000)
  eden space 16896K, 0% used [0x00000000eab00000,0x00000000eab00000,0x00000000ebb80000)
  from space 3072K, 90% used [0x00000000ebf00000,0x00000000ec1b63d0,0x00000000ec200000)
  to   space 3072K, 0% used [0x00000000ebc00000,0x00000000ebc00000,0x00000000ebf00000)
 ParOldGen       total 68608K, used 52201K [0x00000000c0000000, 0x00000000c4300000, 0x00000000eab00000)
  object space 68608K, 76% used [0x00000000c0000000,0x00000000c32fa7d0,0x00000000c4300000)
 Metaspace       used 55543K, committed 56576K, reserved 1114112K
  class space    used 5884K, committed 6336K, reserved 1048576K
}
Event: 79.494 GC heap before
{Heap before GC invocations=37 (full 2):
 PSYoungGen      total 19968K, used 19672K [0x00000000eab00000, 0x00000000ec200000, 0x0000000100000000)
  eden space 16896K, 100% used [0x00000000eab00000,0x00000000ebb80000,0x00000000ebb80000)
  from space 3072K, 90% used [0x00000000ebf00000,0x00000000ec1b63d0,0x00000000ec200000)
  to   space 3072K, 0% used [0x00000000ebc00000,0x00000000ebc00000,0x00000000ebf00000)
 ParOldGen       total 68608K, used 52201K [0x00000000c0000000, 0x00000000c4300000, 0x00000000eab00000)
  object space 68608K, 76% used [0x00000000c0000000,0x00000000c32fa7d0,0x00000000c4300000)
 Metaspace       used 55546K, committed 56576K, reserved 1114112K
  class space    used 5884K, committed 6336K, reserved 1048576K
}
Event: 79.501 GC heap after
{Heap after GC invocations=37 (full 2):
 PSYoungGen      total 19968K, used 2829K [0x00000000eab00000, 0x00000000ec180000, 0x0000000100000000)
  eden space 16896K, 0% used [0x00000000eab00000,0x00000000eab00000,0x00000000ebb80000)
  from space 3072K, 92% used [0x00000000ebc00000,0x00000000ebec3658,0x00000000ebf00000)
  to   space 2560K, 0% used [0x00000000ebf00000,0x00000000ebf00000,0x00000000ec180000)
 ParOldGen       total 68608K, used 54823K [0x00000000c0000000, 0x00000000c4300000, 0x00000000eab00000)
  object space 68608K, 79% used [0x00000000c0000000,0x00000000c3589f38,0x00000000c4300000)
 Metaspace       used 55546K, committed 56576K, reserved 1114112K
  class space    used 5884K, committed 6336K, reserved 1048576K
}
Event: 80.173 GC heap before
{Heap before GC invocations=38 (full 2):
 PSYoungGen      total 19968K, used 19725K [0x00000000eab00000, 0x00000000ec180000, 0x0000000100000000)
  eden space 16896K, 100% used [0x00000000eab00000,0x00000000ebb80000,0x00000000ebb80000)
  from space 3072K, 92% used [0x00000000ebc00000,0x00000000ebec3658,0x00000000ebf00000)
  to   space 2560K, 0% used [0x00000000ebf00000,0x00000000ebf00000,0x00000000ec180000)
 ParOldGen       total 68608K, used 54823K [0x00000000c0000000, 0x00000000c4300000, 0x00000000eab00000)
  object space 68608K, 79% used [0x00000000c0000000,0x00000000c3589f38,0x00000000c4300000)
 Metaspace       used 55547K, committed 56576K, reserved 1114112K
  class space    used 5884K, committed 6336K, reserved 1048576K
}
Event: 80.181 GC heap after
{Heap after GC invocations=38 (full 2):
 PSYoungGen      total 16384K, used 2545K [0x00000000eab00000, 0x00000000ec880000, 0x0000000100000000)
  eden space 13824K, 0% used [0x00000000eab00000,0x00000000eab00000,0x00000000eb880000)
  from space 2560K, 99% used [0x00000000ebf00000,0x00000000ec17c500,0x00000000ec180000)
  to   space 6656K, 0% used [0x00000000eb880000,0x00000000eb880000,0x00000000ebf00000)
 ParOldGen       total 68608K, used 58186K [0x00000000c0000000, 0x00000000c4300000, 0x00000000eab00000)
  object space 68608K, 84% used [0x00000000c0000000,0x00000000c38d2b90,0x00000000c4300000)
 Metaspace       used 55547K, committed 56576K, reserved 1114112K
  class space    used 5884K, committed 6336K, reserved 1048576K
}
Event: 82.591 GC heap before
{Heap before GC invocations=39 (full 2):
 PSYoungGen      total 16384K, used 16369K [0x00000000eab00000, 0x00000000ec880000, 0x0000000100000000)
  eden space 13824K, 100% used [0x00000000eab00000,0x00000000eb880000,0x00000000eb880000)
  from space 2560K, 99% used [0x00000000ebf00000,0x00000000ec17c500,0x00000000ec180000)
  to   space 6656K, 0% used [0x00000000eb880000,0x00000000eb880000,0x00000000ebf00000)
 ParOldGen       total 68608K, used 58186K [0x00000000c0000000, 0x00000000c4300000, 0x00000000eab00000)
  object space 68608K, 84% used [0x00000000c0000000,0x00000000c38d2b90,0x00000000c4300000)
 Metaspace       used 55549K, committed 56576K, reserved 1114112K
  class space    used 5884K, committed 6336K, reserved 1048576K
}
Event: 82.600 GC heap after
{Heap after GC invocations=39 (full 2):
 PSYoungGen      total 16384K, used 2332K [0x00000000eab00000, 0x00000000ec080000, 0x0000000100000000)
  eden space 13824K, 0% used [0x00000000eab00000,0x00000000eab00000,0x00000000eb880000)
  from space 2560K, 91% used [0x00000000eb880000,0x00000000ebac7340,0x00000000ebb00000)
  to   space 4096K, 0% used [0x00000000ebc80000,0x00000000ebc80000,0x00000000ec080000)
 ParOldGen       total 68608K, used 60656K [0x00000000c0000000, 0x00000000c4300000, 0x00000000eab00000)
  object space 68608K, 88% used [0x00000000c0000000,0x00000000c3b3c278,0x00000000c4300000)
 Metaspace       used 55549K, committed 56576K, reserved 1114112K
  class space    used 5884K, committed 6336K, reserved 1048576K
}
Event: 88.540 GC heap before
{Heap before GC invocations=40 (full 2):
 PSYoungGen      total 16384K, used 16156K [0x00000000eab00000, 0x00000000ec080000, 0x0000000100000000)
  eden space 13824K, 100% used [0x00000000eab00000,0x00000000eb880000,0x00000000eb880000)
  from space 2560K, 91% used [0x00000000eb880000,0x00000000ebac7340,0x00000000ebb00000)
  to   space 4096K, 0% used [0x00000000ebc80000,0x00000000ebc80000,0x00000000ec080000)
 ParOldGen       total 68608K, used 60656K [0x00000000c0000000, 0x00000000c4300000, 0x00000000eab00000)
  object space 68608K, 88% used [0x00000000c0000000,0x00000000c3b3c278,0x00000000c4300000)
 Metaspace       used 55560K, committed 56576K, reserved 1114112K
  class space    used 5885K, committed 6336K, reserved 1048576K
}
Event: 88.554 GC heap after
{Heap after GC invocations=40 (full 2):
 PSYoungGen      total 16384K, used 2339K [0x00000000eab00000, 0x00000000ebf00000, 0x0000000100000000)
  eden space 13824K, 0% used [0x00000000eab00000,0x00000000eab00000,0x00000000eb880000)
  from space 2560K, 91% used [0x00000000ebc80000,0x00000000ebec8f60,0x00000000ebf00000)
  to   space 2560K, 0% used [0x00000000eb880000,0x00000000eb880000,0x00000000ebb00000)
 ParOldGen       total 68608K, used 62877K [0x00000000c0000000, 0x00000000c4300000, 0x00000000eab00000)
  object space 68608K, 91% used [0x00000000c0000000,0x00000000c3d67610,0x00000000c4300000)
 Metaspace       used 55560K, committed 56576K, reserved 1114112K
  class space    used 5885K, committed 6336K, reserved 1048576K
}
Event: 92.779 GC heap before
{Heap before GC invocations=41 (full 2):
 PSYoungGen      total 16384K, used 16163K [0x00000000eab00000, 0x00000000ebf00000, 0x0000000100000000)
  eden space 13824K, 100% used [0x00000000eab00000,0x00000000eb880000,0x00000000eb880000)
  from space 2560K, 91% used [0x00000000ebc80000,0x00000000ebec8f60,0x00000000ebf00000)
  to   space 2560K, 0% used [0x00000000eb880000,0x00000000eb880000,0x00000000ebb00000)
 ParOldGen       total 68608K, used 62877K [0x00000000c0000000, 0x00000000c4300000, 0x00000000eab00000)
  object space 68608K, 91% used [0x00000000c0000000,0x00000000c3d67610,0x00000000c4300000)
 Metaspace       used 55560K, committed 56576K, reserved 1114112K
  class space    used 5885K, committed 6336K, reserved 1048576K
}
Event: 92.788 GC heap after
{Heap after GC invocations=41 (full 2):
 PSYoungGen      total 16384K, used 2337K [0x00000000eab00000, 0x00000000ebd80000, 0x0000000100000000)
  eden space 13824K, 0% used [0x00000000eab00000,0x00000000eab00000,0x00000000eb880000)
  from space 2560K, 91% used [0x00000000eb880000,0x00000000ebac8640,0x00000000ebb00000)
  to   space 2560K, 0% used [0x00000000ebb00000,0x00000000ebb00000,0x00000000ebd80000)
 ParOldGen       total 68608K, used 65117K [0x00000000c0000000, 0x00000000c4300000, 0x00000000eab00000)
  object space 68608K, 94% used [0x00000000c0000000,0x00000000c3f97790,0x00000000c4300000)
 Metaspace       used 55560K, committed 56576K, reserved 1114112K
  class space    used 5885K, committed 6336K, reserved 1048576K
}

Dll operation events (10 events):
Event: 0.068 Loaded shared library c:\Users\jhonn\.vscode\extensions\redhat.java-1.29.0-win32-x64\jre\17.0.10-win32-x86_64\bin\java.dll
Event: 3.181 Loaded shared library c:\Users\jhonn\.vscode\extensions\redhat.java-1.29.0-win32-x64\jre\17.0.10-win32-x86_64\bin\zip.dll
Event: 3.564 Loaded shared library C:\Users\jhonn\.vscode\extensions\redhat.java-1.29.0-win32-x64\jre\17.0.10-win32-x86_64\bin\instrument.dll
Event: 3.916 Loaded shared library C:\Users\jhonn\.vscode\extensions\redhat.java-1.29.0-win32-x64\jre\17.0.10-win32-x86_64\bin\net.dll
Event: 3.922 Loaded shared library C:\Users\jhonn\.vscode\extensions\redhat.java-1.29.0-win32-x64\jre\17.0.10-win32-x86_64\bin\nio.dll
Event: 4.038 Loaded shared library C:\Users\jhonn\.vscode\extensions\redhat.java-1.29.0-win32-x64\jre\17.0.10-win32-x86_64\bin\zip.dll
Event: 4.452 Loaded shared library C:\Users\jhonn\.vscode\extensions\redhat.java-1.29.0-win32-x64\jre\17.0.10-win32-x86_64\bin\jimage.dll
Event: 6.350 Loaded shared library c:\Users\jhonn\.vscode\extensions\redhat.java-1.29.0-win32-x64\jre\17.0.10-win32-x86_64\bin\verify.dll
Event: 29.378 Loaded shared library C:\Users\jhonn\AppData\Roaming\Code\User\globalStorage\redhat.java\1.29.0\config_win\org.eclipse.equinox.launcher\org.eclipse.equinox.launcher.win32.win32.x86_64_1.2.900.v20240213-1244\eclipse_11900.dll
Event: 57.339 Loaded shared library C:\Users\jhonn\AppData\Local\Temp\jna-101101681\jna3396208713512200667.dll

Deoptimization events (20 events):
Event: 80.171 Thread 0x0000029d9e1a3f10 DEOPT PACKING pc=0x0000029d88a46363 sp=0x000000af166fe750
Event: 80.172 Thread 0x0000029d9e1a3f10 DEOPT UNPACKING pc=0x0000029d8f206e43 sp=0x000000af166fdcb8 mode 0
Event: 80.257 Thread 0x0000029d9e1a3f10 DEOPT PACKING pc=0x0000029d88a46363 sp=0x000000af166fe750
Event: 80.257 Thread 0x0000029d9e1a3f10 DEOPT UNPACKING pc=0x0000029d8f206e43 sp=0x000000af166fdcb8 mode 0
Event: 80.519 Thread 0x0000029d9e1a3f10 DEOPT PACKING pc=0x0000029d88a463e3 sp=0x000000af166fe750
Event: 80.519 Thread 0x0000029d9e1a3f10 DEOPT UNPACKING pc=0x0000029d8f206e43 sp=0x000000af166fdcb8 mode 0
Event: 82.557 Thread 0x0000029d9e1a3f10 DEOPT PACKING pc=0x0000029d88a3bf5d sp=0x000000af166fe6b0
Event: 82.557 Thread 0x0000029d9e1a3f10 DEOPT UNPACKING pc=0x0000029d8f206e43 sp=0x000000af166fdc50 mode 0
Event: 82.630 Thread 0x0000029d9e1a3f10 DEOPT PACKING pc=0x0000029d88a3bf5d sp=0x000000af166fe6b0
Event: 82.630 Thread 0x0000029d9e1a3f10 DEOPT UNPACKING pc=0x0000029d8f206e43 sp=0x000000af166fdc50 mode 0
Event: 82.661 Thread 0x0000029d9e1a3f10 DEOPT PACKING pc=0x0000029d88a3bf5d sp=0x000000af166fe6b0
Event: 82.661 Thread 0x0000029d9e1a3f10 DEOPT UNPACKING pc=0x0000029d8f206e43 sp=0x000000af166fdc50 mode 0
Event: 82.695 Thread 0x0000029d9e1a3f10 DEOPT PACKING pc=0x0000029d88a3bf5d sp=0x000000af166fe6b0
Event: 82.695 Thread 0x0000029d9e1a3f10 DEOPT UNPACKING pc=0x0000029d8f206e43 sp=0x000000af166fdc50 mode 0
Event: 89.478 Thread 0x0000029d9e1a3f10 DEOPT PACKING pc=0x0000029d88293f4b sp=0x000000af166fe480
Event: 89.478 Thread 0x0000029d9e1a3f10 DEOPT UNPACKING pc=0x0000029d8f206e43 sp=0x000000af166fd930 mode 0
Event: 92.765 Thread 0x0000029d9e1a3f10 Uncommon trap: trap_request=0xfffffff4 fr.pc=0x0000029d8fbc1e04 relative=0x0000000000007b64
Event: 92.765 Thread 0x0000029d9e1a3f10 Uncommon trap: reason=null_check action=make_not_entrant pc=0x0000029d8fbc1e04 method=org.eclipse.jdt.internal.core.search.indexing.BinaryIndexer.indexDocument()V @ 568 c2
Event: 92.766 Thread 0x0000029d9e1a3f10 DEOPT PACKING pc=0x0000029d8fbc1e04 sp=0x000000af166fea40
Event: 92.766 Thread 0x0000029d9e1a3f10 DEOPT UNPACKING pc=0x0000029d8f2066a3 sp=0x000000af166fe9a0 mode 2

Classes unloaded (8 events):
Event: 45.909 Thread 0x0000029d98e10a30 Unloading class 0x0000000100314c00 'java/lang/invoke/LambdaForm$DMH+0x0000000100314c00'
Event: 45.909 Thread 0x0000029d98e10a30 Unloading class 0x000000010024b400 'java/lang/invoke/LambdaForm$MH+0x000000010024b400'
Event: 45.909 Thread 0x0000029d98e10a30 Unloading class 0x000000010024b000 'java/lang/invoke/LambdaForm$MH+0x000000010024b000'
Event: 45.909 Thread 0x0000029d98e10a30 Unloading class 0x000000010024ac00 'java/lang/invoke/LambdaForm$MH+0x000000010024ac00'
Event: 45.909 Thread 0x0000029d98e10a30 Unloading class 0x000000010024a800 'java/lang/invoke/LambdaForm$MH+0x000000010024a800'
Event: 45.909 Thread 0x0000029d98e10a30 Unloading class 0x000000010024a400 'java/lang/invoke/LambdaForm$BMH+0x000000010024a400'
Event: 45.909 Thread 0x0000029d98e10a30 Unloading class 0x000000010024a000 'java/lang/invoke/LambdaForm$DMH+0x000000010024a000'
Event: 45.909 Thread 0x0000029d98e10a30 Unloading class 0x0000000100244400 'java/lang/invoke/LambdaForm$DMH+0x0000000100244400'

Classes redefined (0 events):
No events

Internal exceptions (20 events):
Event: 69.341 Thread 0x0000029d9e1a25c0 Exception <a 'sun/nio/fs/WindowsException'{0x00000000eadcd788}> (0x00000000eadcd788) 
thrown [s\src\hotspot\share\prims\jni.cpp, line 516]
Event: 69.355 Thread 0x0000029d9e1a25c0 Exception <a 'sun/nio/fs/WindowsException'{0x00000000eadd1350}> (0x00000000eadd1350) 
thrown [s\src\hotspot\share\prims\jni.cpp, line 516]
Event: 69.359 Thread 0x0000029d9e1a25c0 Exception <a 'sun/nio/fs/WindowsException'{0x00000000eadd44c0}> (0x00000000eadd44c0) 
thrown [s\src\hotspot\share\prims\jni.cpp, line 516]
Event: 69.373 Thread 0x0000029d9e1a25c0 Exception <a 'sun/nio/fs/WindowsException'{0x00000000eade63d0}> (0x00000000eade63d0) 
thrown [s\src\hotspot\share\prims\jni.cpp, line 516]
Event: 69.415 Thread 0x0000029d9e1a25c0 Exception <a 'sun/nio/fs/WindowsException'{0x00000000eade95a0}> (0x00000000eade95a0) 
thrown [s\src\hotspot\share\prims\jni.cpp, line 516]
Event: 69.418 Thread 0x0000029d9e1a25c0 Exception <a 'sun/nio/fs/WindowsException'{0x00000000eadefa20}> (0x00000000eadefa20) 
thrown [s\src\hotspot\share\prims\jni.cpp, line 516]
Event: 69.420 Thread 0x0000029d9e1a25c0 Exception <a 'sun/nio/fs/WindowsException'{0x00000000eadf2ae8}> (0x00000000eadf2ae8) 
thrown [s\src\hotspot\share\prims\jni.cpp, line 516]
Event: 69.422 Thread 0x0000029d9e1a25c0 Exception <a 'sun/nio/fs/WindowsException'{0x00000000eadf5dd8}> (0x00000000eadf5dd8) 
thrown [s\src\hotspot\share\prims\jni.cpp, line 516]
Event: 69.423 Thread 0x0000029d9e1a25c0 Exception <a 'sun/nio/fs/WindowsException'{0x00000000eadf9368}> (0x00000000eadf9368) 
thrown [s\src\hotspot\share\prims\jni.cpp, line 516]
Event: 69.426 Thread 0x0000029d9e1a25c0 Exception <a 'sun/nio/fs/WindowsException'{0x00000000eadfce68}> (0x00000000eadfce68) 
thrown [s\src\hotspot\share\prims\jni.cpp, line 516]
Event: 69.428 Thread 0x0000029d9e1a25c0 Exception <a 'sun/nio/fs/WindowsException'{0x00000000eae00420}> (0x00000000eae00420) 
thrown [s\src\hotspot\share\prims\jni.cpp, line 516]
Event: 69.429 Thread 0x0000029d9e1a25c0 Exception <a 'sun/nio/fs/WindowsException'{0x00000000eae03620}> (0x00000000eae03620) 
thrown [s\src\hotspot\share\prims\jni.cpp, line 516]
Event: 69.604 Thread 0x0000029d9e1a25c0 Exception <a 'java/lang/NoSuchMethodError'{0x00000000eaf22088}: 'void java.lang.invoke.DirectMethodHandle$Holder.invokeStatic(java.lang.Object, long)'> (0x00000000eaf22088) 
thrown [s\src\hotspot\share\interpreter\linkResolver.cpp, line 759]
Event: 69.605 Thread 0x0000029d9e1a25c0 Exception <a 'java/lang/NoSuchMethodError'{0x00000000eaf27430}: 'java.lang.Object java.lang.invoke.DirectMethodHandle$Holder.newInvokeSpecial(java.lang.Object, long)'> (0x00000000eaf27430) 
thrown [s\src\hotspot\share\interpreter\linkResolver.cpp, line 759]
Event: 69.855 Thread 0x0000029d9e1a20b0 Exception <a 'java/io/FileNotFoundException'{0x00000000eb89de70}> (0x00000000eb89de70) 
thrown [s\src\hotspot\share\prims\jni.cpp, line 516]
Event: 71.666 Thread 0x0000029d9e1a20b0 Exception <a 'java/io/FileNotFoundException'{0x00000000eb9ce888}> (0x00000000eb9ce888) 
thrown [s\src\hotspot\share\prims\jni.cpp, line 516]
Event: 71.668 Thread 0x0000029d9e1a20b0 Exception <a 'java/io/FileNotFoundException'{0x00000000eb9cf8c0}> (0x00000000eb9cf8c0) 
thrown [s\src\hotspot\share\prims\jni.cpp, line 516]
Event: 71.668 Thread 0x0000029d9e1a20b0 Exception <a 'java/io/FileNotFoundException'{0x00000000eb9d0648}> (0x00000000eb9d0648) 
thrown [s\src\hotspot\share\prims\jni.cpp, line 516]
Event: 78.191 Thread 0x0000029d9e1a3f10 Implicit null exception at 0x0000029d8faffeac to 0x0000029d8fafff9c
Event: 92.765 Thread 0x0000029d9e1a3f10 Implicit null exception at 0x0000029d8fbbc231 to 0x0000029d8fbc1df0

VM Operations (20 events):
Event: 80.181 Executing VM operation: ParallelGCFailedAllocation done
Event: 81.192 Executing VM operation: Cleanup
Event: 81.523 Executing VM operation: Cleanup done
Event: 82.535 Executing VM operation: Cleanup
Event: 82.552 Executing VM operation: Cleanup done
Event: 82.591 Executing VM operation: ParallelGCFailedAllocation
Event: 82.600 Executing VM operation: ParallelGCFailedAllocation done
Event: 85.614 Executing VM operation: Cleanup
Event: 85.655 Executing VM operation: Cleanup done
Event: 88.540 Executing VM operation: ParallelGCFailedAllocation
Event: 88.554 Executing VM operation: ParallelGCFailedAllocation done
Event: 89.568 Executing VM operation: Cleanup
Event: 90.241 Executing VM operation: Cleanup done
Event: 91.243 Executing VM operation: Cleanup
Event: 91.620 Executing VM operation: Cleanup done
Event: 92.633 Executing VM operation: Cleanup
Event: 92.669 Executing VM operation: Cleanup done
Event: 92.779 Executing VM operation: ParallelGCFailedAllocation
Event: 92.788 Executing VM operation: ParallelGCFailedAllocation done
Event: 93.788 Executing VM operation: Cleanup

Events (20 events):
Event: 69.877 loading class java/util/zip/ZipError
Event: 69.877 loading class java/util/zip/ZipError done
Event: 69.958 loading class java/util/concurrent/CompletableFuture$Signaller
Event: 69.959 loading class java/util/concurrent/CompletableFuture$Signaller done
Event: 69.959 loading class java/util/concurrent/ForkJoinTask$Aux
Event: 69.960 loading class java/util/concurrent/ForkJoinTask$Aux done
Event: 70.365 Thread 0x0000029d9fcc54a0 Thread added: 0x0000029d9fcc54a0
Event: 70.721 loading class java/lang/invoke/BoundMethodHandle$Species_LLLLLLLLLL
Event: 70.768 loading class java/lang/invoke/BoundMethodHandle$Species_LLLLLLLLLL done
Event: 70.847 loading class java/lang/invoke/BoundMethodHandle$Species_LLLLLLLLLLL
Event: 70.852 loading class java/lang/invoke/BoundMethodHandle$Species_LLLLLLLLLLL done
Event: 70.868 loading class java/lang/invoke/BoundMethodHandle$Species_LLLLLLLLLLLL
Event: 70.868 loading class java/lang/invoke/BoundMethodHandle$Species_LLLLLLLLLLLL done
Event: 70.871 loading class java/lang/invoke/BoundMethodHandle$Species_LLLLLLLLLLLLL
Event: 70.871 loading class java/lang/invoke/BoundMethodHandle$Species_LLLLLLLLLLLLL done
Event: 71.659 loading class java/util/WeakHashMap$KeyIterator
Event: 71.659 loading class java/util/WeakHashMap$KeyIterator done
Event: 71.971 Thread 0x0000029d9e04ba60 flushing nmethod 0x0000029d87d0bd10
Event: 71.978 Thread 0x0000029d9e04ba60 flushing nmethod 0x0000029d87e45510
Event: 72.013 Thread 0x0000029d9e04ba60 flushing nmethod 0x0000029d88743610


Dynamic libraries:
0x00007ff6416b0000 - 0x00007ff6416be000 	c:\Users\jhonn\.vscode\extensions\redhat.java-1.29.0-win32-x64\jre\17.0.10-win32-x86_64\bin\java.exe
0x00007ff972450000 - 0x00007ff972648000 	C:\WINDOWS\SYSTEM32\ntdll.dll
0x00007ff971fa0000 - 0x00007ff97205d000 	C:\WINDOWS\System32\KERNEL32.DLL
0x00007ff96ffe0000 - 0x00007ff9702d6000 	C:\WINDOWS\System32\KERNELBASE.dll
0x00007ff970380000 - 0x00007ff970480000 	C:\WINDOWS\System32\ucrtbase.dll
0x00007ff968d70000 - 0x00007ff968d87000 	c:\Users\jhonn\.vscode\extensions\redhat.java-1.29.0-win32-x64\jre\17.0.10-win32-x86_64\bin\jli.dll
0x00007ff970480000 - 0x00007ff97061f000 	C:\WINDOWS\System32\USER32.dll
0x00007ff970350000 - 0x00007ff970372000 	C:\WINDOWS\System32\win32u.dll
0x00007ff971e10000 - 0x00007ff971e3b000 	C:\WINDOWS\System32\GDI32.dll
0x00007ff96fd60000 - 0x00007ff96fe77000 	C:\WINDOWS\System32\gdi32full.dll
0x00007ff96fc10000 - 0x00007ff96fcad000 	C:\WINDOWS\System32\msvcp_win.dll
0x00007ff968d50000 - 0x00007ff968d6b000 	c:\Users\jhonn\.vscode\extensions\redhat.java-1.29.0-win32-x64\jre\17.0.10-win32-x86_64\bin\VCRUNTIME140.dll
0x00007ff962a20000 - 0x00007ff962cba000 	C:\WINDOWS\WinSxS\amd64_microsoft.windows.common-controls_6595b64144ccf1df_6.0.19041.3636_none_60b6a03d71f818d5\COMCTL32.dll
0x00007ff972060000 - 0x00007ff9720fe000 	C:\WINDOWS\System32\msvcrt.dll
0x00007ff9707e0000 - 0x00007ff970812000 	C:\WINDOWS\System32\IMM32.DLL
0x00007ff968d40000 - 0x00007ff968d4c000 	c:\Users\jhonn\.vscode\extensions\redhat.java-1.29.0-win32-x64\jre\17.0.10-win32-x86_64\bin\vcruntime140_1.dll
0x00007ff968cb0000 - 0x00007ff968d3d000 	c:\Users\jhonn\.vscode\extensions\redhat.java-1.29.0-win32-x64\jre\17.0.10-win32-x86_64\bin\msvcp140.dll
0x00007ff925ae0000 - 0x00007ff926742000 	c:\Users\jhonn\.vscode\extensions\redhat.java-1.29.0-win32-x64\jre\17.0.10-win32-x86_64\bin\server\jvm.dll
0x00007ff9722c0000 - 0x00007ff972370000 	C:\WINDOWS\System32\ADVAPI32.dll
0x00007ff972100000 - 0x00007ff9721a0000 	C:\WINDOWS\System32\sechost.dll
0x00007ff971ce0000 - 0x00007ff971e03000 	C:\WINDOWS\System32\RPCRT4.dll
0x00007ff96fbe0000 - 0x00007ff96fc07000 	C:\WINDOWS\System32\bcrypt.dll
0x00007ff96f960000 - 0x00007ff96f9ab000 	C:\WINDOWS\SYSTEM32\POWRPROF.dll
0x00007ff952f90000 - 0x00007ff952f99000 	C:\WINDOWS\SYSTEM32\WSOCK32.dll
0x00007ff970620000 - 0x00007ff97068b000 	C:\WINDOWS\System32\WS2_32.dll
0x00007ff962fb0000 - 0x00007ff962fd7000 	C:\WINDOWS\SYSTEM32\WINMM.dll
0x00007ff962da0000 - 0x00007ff962daa000 	C:\WINDOWS\SYSTEM32\VERSION.dll
0x00007ff96f940000 - 0x00007ff96f952000 	C:\WINDOWS\SYSTEM32\UMPDC.dll
0x00007ff96d990000 - 0x00007ff96d9a2000 	C:\WINDOWS\SYSTEM32\kernel.appcore.dll
0x00007ff968ca0000 - 0x00007ff968caa000 	c:\Users\jhonn\.vscode\extensions\redhat.java-1.29.0-win32-x64\jre\17.0.10-win32-x86_64\bin\jimage.dll
0x00007ff962830000 - 0x00007ff962a14000 	C:\WINDOWS\SYSTEM32\DBGHELP.DLL
0x00007ff961480000 - 0x00007ff9614b4000 	C:\WINDOWS\SYSTEM32\dbgcore.DLL
0x00007ff96fb00000 - 0x00007ff96fb82000 	C:\WINDOWS\System32\bcryptPrimitives.dll
0x00007ff968c90000 - 0x00007ff968c9e000 	c:\Users\jhonn\.vscode\extensions\redhat.java-1.29.0-win32-x64\jre\17.0.10-win32-x86_64\bin\instrument.dll
0x00007ff968c60000 - 0x00007ff968c85000 	c:\Users\jhonn\.vscode\extensions\redhat.java-1.29.0-win32-x64\jre\17.0.10-win32-x86_64\bin\java.dll
0x00007ff968ab0000 - 0x00007ff968ac8000 	c:\Users\jhonn\.vscode\extensions\redhat.java-1.29.0-win32-x64\jre\17.0.10-win32-x86_64\bin\zip.dll
0x00007ff970e60000 - 0x00007ff9715cb000 	C:\WINDOWS\System32\SHELL32.dll
0x00007ff96db90000 - 0x00007ff96e32e000 	C:\WINDOWS\SYSTEM32\windows.storage.dll
0x00007ff970820000 - 0x00007ff970b73000 	C:\WINDOWS\System32\combase.dll
0x00007ff96f460000 - 0x00007ff96f48e000 	C:\WINDOWS\SYSTEM32\Wldp.dll
0x00007ff970710000 - 0x00007ff9707dd000 	C:\WINDOWS\System32\OLEAUT32.dll
0x00007ff971e40000 - 0x00007ff971eed000 	C:\WINDOWS\System32\SHCORE.dll
0x00007ff970b80000 - 0x00007ff970bd5000 	C:\WINDOWS\System32\shlwapi.dll
0x00007ff96fa30000 - 0x00007ff96fa53000 	C:\WINDOWS\SYSTEM32\profapi.dll
0x00007ff9689b0000 - 0x00007ff9689c9000 	C:\Users\jhonn\.vscode\extensions\redhat.java-1.29.0-win32-x64\jre\17.0.10-win32-x86_64\bin\net.dll
0x00007ff9672e0000 - 0x00007ff9673ea000 	C:\WINDOWS\SYSTEM32\WINHTTP.dll
0x00007ff96f1c0000 - 0x00007ff96f22a000 	C:\WINDOWS\system32\mswsock.dll
0x00007ff968a90000 - 0x00007ff968aa6000 	C:\Users\jhonn\.vscode\extensions\redhat.java-1.29.0-win32-x64\jre\17.0.10-win32-x86_64\bin\nio.dll
0x00007ff968a80000 - 0x00007ff968a90000 	c:\Users\jhonn\.vscode\extensions\redhat.java-1.29.0-win32-x64\jre\17.0.10-win32-x86_64\bin\verify.dll
0x00007ff940870000 - 0x00007ff9408ae000 	C:\Users\jhonn\AppData\Roaming\Code\User\globalStorage\redhat.java\1.29.0\config_win\org.eclipse.equinox.launcher\org.eclipse.equinox.launcher.win32.win32.x86_64_1.2.900.v20240213-1244\eclipse_11900.dll
0x00007ff971710000 - 0x00007ff97183b000 	C:\WINDOWS\System32\ole32.dll
0x00007ff96f3c0000 - 0x00007ff96f3d8000 	C:\WINDOWS\SYSTEM32\CRYPTSP.dll
0x00007ff96eae0000 - 0x00007ff96eb14000 	C:\WINDOWS\system32\rsaenh.dll
0x00007ff96f9b0000 - 0x00007ff96f9de000 	C:\WINDOWS\SYSTEM32\USERENV.dll
0x00007ff96f3b0000 - 0x00007ff96f3bc000 	C:\WINDOWS\SYSTEM32\CRYPTBASE.dll
0x00007ff96eea0000 - 0x00007ff96eedb000 	C:\WINDOWS\SYSTEM32\IPHLPAPI.DLL
0x00007ff971840000 - 0x00007ff971848000 	C:\WINDOWS\System32\NSI.dll
0x00007ff966820000 - 0x00007ff966837000 	C:\WINDOWS\SYSTEM32\dhcpcsvc6.DLL
0x00007ff9673f0000 - 0x00007ff96740d000 	C:\WINDOWS\SYSTEM32\dhcpcsvc.DLL
0x00007ff96eee0000 - 0x00007ff96efab000 	C:\WINDOWS\SYSTEM32\DNSAPI.dll
0x00007ff93cea0000 - 0x00007ff93cee5000 	C:\Users\jhonn\AppData\Local\Temp\jna-101101681\jna3396208713512200667.dll
0x00007ff972400000 - 0x00007ff972408000 	C:\WINDOWS\System32\PSAPI.DLL

dbghelp: loaded successfully - version: 4.0.5 - missing functions: none
symbol engine: initialized successfully - sym options: 0x614 - pdb path: .;c:\Users\jhonn\.vscode\extensions\redhat.java-1.29.0-win32-x64\jre\17.0.10-win32-x86_64\bin;C:\WINDOWS\SYSTEM32;C:\WINDOWS\WinSxS\amd64_microsoft.windows.common-controls_6595b64144ccf1df_6.0.19041.3636_none_60b6a03d71f818d5;c:\Users\jhonn\.vscode\extensions\redhat.java-1.29.0-win32-x64\jre\17.0.10-win32-x86_64\bin\server;C:\Users\jhonn\AppData\Roaming\Code\User\globalStorage\redhat.java\1.29.0\config_win\org.eclipse.equinox.launcher\org.eclipse.equinox.launcher.win32.win32.x86_64_1.2.900.v20240213-1244;C:\Users\jhonn\AppData\Local\Temp\jna-101101681

VM Arguments:
jvm_args: --add-modules=ALL-SYSTEM --add-opens=java.base/java.util=ALL-UNNAMED --add-opens=java.base/java.lang=ALL-UNNAMED --add-opens=java.base/sun.nio.fs=ALL-UNNAMED -Declipse.application=org.eclipse.jdt.ls.core.id1 -Dosgi.bundles.defaultStartLevel=4 -Declipse.product=org.eclipse.jdt.ls.core.product -Djava.import.generatesMetadataFilesAtProjectRoot=false -DDetectVMInstallationsJob.disabled=true -Dfile.encoding=utf8 -XX:+UseParallelGC -XX:GCTimeRatio=4 -XX:AdaptiveSizePolicyWeight=90 -Dsun.zip.disableMemoryMapping=true -Xmx1G -Xms100m -Xlog:disable -javaagent:c:\Users\jhonn\.vscode\extensions\redhat.java-1.29.0-win32-x64\lombok\lombok-1.18.32.jar -XX:+HeapDumpOnOutOfMemoryError -XX:HeapDumpPath=c:\Users\jhonn\AppData\Roaming\Code\User\workspaceStorage\f926728e50f2738973d3538630756d0e\redhat.java -Daether.dependencyCollector.impl=bf 
java_command: c:\Users\jhonn\.vscode\extensions\redhat.java-1.29.0-win32-x64\server\plugins\org.eclipse.equinox.launcher_1.6.800.v20240304-1850.jar -configuration c:\Users\jhonn\AppData\Roaming\Code\User\globalStorage\redhat.java\1.29.0\config_win -data c:\Users\jhonn\AppData\Roaming\Code\User\workspaceStorage\f926728e50f2738973d3538630756d0e\redhat.java\jdt_ws --stdio
java_class_path (initial): c:\Users\jhonn\.vscode\extensions\redhat.java-1.29.0-win32-x64\server\plugins\org.eclipse.equinox.launcher_1.6.800.v20240304-1850.jar
Launcher Type: SUN_STANDARD

[Global flags]
    uintx AdaptiveSizePolicyWeight                 = 90                                        {product} {command line}
     intx CICompilerCount                          = 3                                         {product} {ergonomic}
    uintx GCTimeRatio                              = 4                                         {product} {command line}
     bool HeapDumpOnOutOfMemoryError               = true                                   {manageable} {command line}
    ccstr HeapDumpPath                             = c:\Users\jhonn\AppData\Roaming\Code\User\workspaceStorage\f926728e50f2738973d3538630756d0e\redhat.java         {manageable} {command line}
   size_t InitialHeapSize                          = 104857600                                 {product} {command line}
   size_t MaxHeapSize                              = 1073741824                                {product} {command line}
   size_t MaxNewSize                               = 357564416                                 {product} {ergonomic}
   size_t MinHeapDeltaBytes                        = 524288                                    {product} {ergonomic}
   size_t MinHeapSize                              = 104857600                                 {product} {command line}
   size_t NewSize                                  = 34603008                                  {product} {ergonomic}
    uintx NonNMethodCodeHeapSize                   = 5832780                                {pd product} {ergonomic}
    uintx NonProfiledCodeHeapSize                  = 122912730                              {pd product} {ergonomic}
   size_t OldSize                                  = 70254592                                  {product} {ergonomic}
    uintx ProfiledCodeHeapSize                     = 122912730                              {pd product} {ergonomic}
    uintx ReservedCodeCacheSize                    = 251658240                              {pd product} {ergonomic}
     bool SegmentedCodeCache                       = true                                      {product} {ergonomic}
   size_t SoftMaxHeapSize                          = 1073741824                             {manageable} {ergonomic}
     bool UseCompressedClassPointers               = true                           {product lp64_product} {ergonomic}
     bool UseCompressedOops                        = true                           {product lp64_product} {ergonomic}
     bool UseLargePagesIndividualAllocation        = false                                  {pd product} {ergonomic}
     bool UseParallelGC                            = true                                      {product} {command line}

Logging:
Log output configuration:
 #0: stdout all=off uptime,level,tags
 #1: stderr all=off uptime,level,tags

Environment Variables:
JAVA_HOME=C:\Program Files\Java\jdk-21
PATH=C:\Program Files\Common Files\Oracle\Java\javapath;C:\oraclexe\app\oracle\product\11.2.0\server\bin;C:\WINDOWS\system32;C:\WINDOWS;C:\WINDOWS\System32\Wbem;C:\WINDOWS\System32\WindowsPowerShell\v1.0\;C:\WINDOWS\System32\OpenSSH\;C:\Program Files\Microsoft VS Code\bin;C:\Program Files\Microsoft SQL Server\Client SDK\ODBC\170\Tools\Binn\;C:\Program Files (x86)\Microsoft SQL Server\150\Tools\Binn\;C:\Program Files\Microsoft SQL Server\150\Tools\Binn\;C:\Program Files\Microsoft SQL Server\150\DTS\Binn\;C:\Program Files (x86)\Microsoft SQL Server\150\DTS\Binn\;C:\Program Files\Azure Data Studio\bin;C:\Program Files\Git\cmd;C:\apache-maven-3.8.4\bin;C:\Automatizacion\gradle-8.7\bin;C:\Program Files\Java\jdk-21\bin;C:\Users\jhonn\AppData\Local\Microsoft\WindowsApps;;C:\Program Files\Azure Data Studio\bin
USERNAME=jhonn
OS=Windows_NT
PROCESSOR_IDENTIFIER=Intel64 Family 6 Model 58 Stepping 9, GenuineIntel
TMP=C:\Users\jhonn\AppData\Local\Temp
TEMP=C:\Users\jhonn\AppData\Local\Temp



Periodic native trim disabled


---------------  S Y S T E M  ---------------

OS:
 Windows 10 , 64 bit Build 19041 (10.0.19041.3636)
OS uptime: 0 days 0:14 hours

CPU: total 4 (initial active 4) (2 cores per cpu, 2 threads per core) family 6 model 58 stepping 9 microcode 0x21, cx8, cmov, fxsr, ht, mmx, sse, sse2, sse3, ssse3, sse4.1, sse4.2, popcnt, tsc, tscinvbit, avx, erms, clmul, vzeroupper, clflush
Processor Information for all 4 processors :
  Max Mhz: 1901, Current Mhz: 1901, Mhz Limit: 1901

Memory: 4k page, system-wide physical 1949M (125M free)
TotalPageFile size 7837M (AvailPageFile size 1M)
current process WorkingSet (physical memory assigned to process): 107M, peak: 165M
current process commit charge ("private bytes"): 278M, peak: 289M

vm_info: OpenJDK 64-Bit Server VM (17.0.10+7) for windows-amd64 JRE (17.0.10+7), built on Jan 16 2024 23:25:11 by "admin" with MS VC++ 16.10 / 16.11 (VS2019)

END.
