#
# There is insufficient memory for the Java Runtime Environment to continue.
# Native memory allocation (mmap) failed to map 33554432 bytes for G1 virtual space
# Possible reasons:
#   The system is out of physical RAM or swap space
#   The process is running with CompressedOops enabled, and the Java Heap may be blocking the growth of the native heap
# Possible solutions:
#   Reduce memory load on the system
#   Increase physical memory or swap space
#   Check if swap backing store is full
#   Decrease Java heap size (-Xmx/-Xms)
#   Decrease number of Java threads
#   Decrease Java thread stack sizes (-Xss)
#   Set larger code cache with -XX:ReservedCodeCacheSize=
#   JVM is running with Unscaled Compressed Oops mode in which the Java heap is
#     placed in the first 4GB address space. The Java Heap base address is the
#     maximum limit for the native heap growth. Please use -XX:HeapBaseMinAddress
#     to set the Java Heap base and to place the Java Heap above 4GB virtual address.
# This output file may be truncated or incomplete.
#
#  Out of Memory Error (os_windows.cpp:3600), pid=10924, tid=2836
#
# JRE version:  (21.0.2+13) (build )
# Java VM: Java HotSpot(TM) 64-Bit Server VM (21.0.2+13-LTS-58, mixed mode, sharing, tiered, compressed oops, compressed class ptrs, g1 gc, windows-amd64)
# No core dump will be written. Minidumps are not enabled by default on client versions of Windows
#

---------------  S U M M A R Y ------------

Command Line: -Dcucumber.filter.tags=@Course -Dcucumber.options -Dfile.separator=\ -Djava.class.version=65.0 -Djava.home=C:\Program Files\Java\jdk-21 -Djava.library.path=C:\Program Files\Java\jdk-21\bin;C:\WINDOWS\Sun\Java\bin;C:\WINDOWS\system32;C:\WINDOWS;C:\Users\jhonn\bin;C:\Program Files\Git\mingw64\bin;C:\Program Files\Git\usr\local\bin;C:\Program Files\Git\usr\bin;C:\Program Files\Git\usr\bin;C:\Program Files\Git\mingw64\bin;C:\Program Files\Git\usr\bin;C:\Users\jhonn\bin;C:\Program Files\Common Files\Oracle\Java\javapath;C:\oraclexe\app\oracle\product\11.2.0\server\bin;C:\WINDOWS\system32;C:\WINDOWS;C:\WINDOWS\System32\Wbem;C:\WINDOWS\System32\WindowsPowerShell\v1.0;C:\WINDOWS\System32\OpenSSH;C:\Program Files\Microsoft VS Code\bin;C:\Program Files\Microsoft SQL Server\Client SDK\ODBC\170\Tools\Binn;C:\Program Files (x86)\Microsoft SQL Server\150\Tools\Binn;C:\Program Files\Microsoft SQL Server\150\Tools\Binn;C:\Program Files\Microsoft SQL Server\150\DTS\Binn;C:\Program Files (x86)\Microsoft SQL Server\150\DTS\Binn;C:\Program Files\Azure Data Studio\bin;C:\Program Files\Git\cmd;C:\apache-maven-3.8.4\bin;C:\Automatizacion\gradle-8.7\bin;C:\Program Files\Java\jdk-21\bin;C:\Users\jhonn\AppData\Local\Microsoft\WindowsApps;C:\Program Files\Azure Data Studio\bin;C:\Program Files\Git\usr\bin\vendor_perl;C:\Program Files\Git\usr\bin\core_perl;. -Djava.runtime.name=Java(TM) SE Runtime Environment -Djava.runtime.version=21.0.2+13-LTS-58 -Djava.specification.name=Java Platform API Specification -Djava.specification.vendor=Oracle Corporation -Djava.specification.version=21 -Djava.vendor=Oracle Corporation -Djava.vendor.url=https://java.oracle.com/ -Djava.vendor.url.bug=https://bugreport.java.com/bugreport/ -Djava.version=21.0.2 -Djava.version.date=2024-01-16 -Djava.vm.compressedOopsMode=32-bit -Djava.vm.info=mixed mode, sharing -Djava.vm.name=Java HotSpot(TM) 64-Bit Server VM -Djava.vm.specification.name=Java Virtual Machine Specification -Djava.vm.specification.vendor=Oracle Corporation -Djava.vm.specification.version=21 -Djava.vm.vendor=Oracle Corporation -Djava.vm.version=21.0.2+13-LTS-58 -Djdk.debug=release -Dlibrary.jansi.path=C:\Users\jhonn\.gradle\native\jansi\1.18\windows64 -Dline.separator=
 -Dnative.encoding=Cp1252 -Dorg.gradle.appname=gradle -Dorg.gradle.internal.worker.tmpdir=D:\Selenium\SeleniumFree\build\tmp\test\work -Dorg.gradle.native=false -Dos.arch=amd64 -Dos.name=Windows 10 -Dos.version=10.0 -Dpath.separator=; -Dstderr.encoding=cp850 -Dstdout.encoding=cp850 -Dsun.arch.data.model=64 -Dsun.boot.library.path=C:\Program Files\Java\jdk-21\bin -Dsun.cpu.endian=little -Dsun.cpu.isalist=amd64 -Dsun.io.unicode.encoding=UnicodeLittle -Dsun.jnu.encoding=Cp1252 -Dsun.management.compiler=HotSpot 64-Bit Tiered Compilers -Dsun.os.patch.level -Duser.dir=D:\Selenium\SeleniumFree -Duser.home=C:\Users\jhonn -Duser.name=jhonn -Duser.script -Duser.timezone=America/Lima -Xmx512m -Dfile.encoding=UTF-8 -Djava.io.tmpdir=C:\Users\jhonn\AppData\Local\Temp\ -Duser.country=PE -Duser.language=es -Duser.variant -ea worker.org.gradle.process.internal.worker.GradleWorkerMain 'Gradle Test Executor 1'

Host: Intel(R) Core(TM) i3-3227U CPU @ 1.90GHz, 4 cores, 1G,  Windows 10 , 64 bit Build 19041 (10.0.19041.3636)
Time: Wed May 29 22:59:26 2024 Hora est. Pacífico, Sudamérica elapsed time: 0.091264 seconds (0d 0h 0m 0s)

---------------  T H R E A D  ---------------

Current thread (0x0000029e021f88c0):  JavaThread "Unknown thread" [_thread_in_vm, id=2836, stack(0x000000b4c1800000,0x000000b4c1900000) (1024K)]

Stack: [0x000000b4c1800000,0x000000b4c1900000]
Native frames: (J=compiled Java code, j=interpreted, Vv=VM code, C=native code)
V  [jvm.dll+0x6cade9]
V  [jvm.dll+0x8569c1]
V  [jvm.dll+0x858d2e]
V  [jvm.dll+0x859413]
V  [jvm.dll+0x280e56]
V  [jvm.dll+0x6c74d5]
V  [jvm.dll+0x6bbeca]
V  [jvm.dll+0x355bca]
V  [jvm.dll+0x35d816]
V  [jvm.dll+0x3ae67e]
V  [jvm.dll+0x3ae928]
V  [jvm.dll+0x3295dc]
V  [jvm.dll+0x32a16b]
V  [jvm.dll+0x81efa9]
V  [jvm.dll+0x3bba01]
V  [jvm.dll+0x807928]
V  [jvm.dll+0x44f50e]
V  [jvm.dll+0x450e11]
C  [jli.dll+0x52a3]
C  [ucrtbase.dll+0x21bb2]
C  [KERNEL32.DLL+0x17344]
C  [ntdll.dll+0x526b1]


---------------  P R O C E S S  ---------------

Threads class SMR info:
_java_thread_list=0x00007ffd654dbb88, length=0, elements={
}

Java Threads: ( => current thread )
Total: 0

Other Threads:
  0x0000029e043ad6d0 WorkerThread "GC Thread#0"                     [id=9368, stack(0x000000b4c1900000,0x000000b4c1a00000) (1024K)]
  0x0000029e043b2460 ConcurrentGCThread "G1 Main Marker"            [id=12068, stack(0x000000b4c1a00000,0x000000b4c1b00000) (1024K)]
  0x0000029e043b2d10 WorkerThread "G1 Conc#0"                       [id=3300, stack(0x000000b4c1b00000,0x000000b4c1c00000) (1024K)]

[error occurred during error reporting (printing all threads), id 0xc0000005, EXCEPTION_ACCESS_VIOLATION (0xc0000005) at pc=0x00007ffd64c4c6a7]
VM state: not at safepoint (not fully initialized)

VM Mutex/Monitor currently owned by a thread:  ([mutex/lock_event])
[0x00007ffd6554ce68] Heap_lock - owner thread: 0x0000029e021f88c0

Heap address: 0x00000000e0000000, size: 512 MB, Compressed Oops mode: 32-bit

CDS archive(s) mapped at: [0x0000000000000000-0x0000000000000000-0x0000000000000000), size 0, SharedBaseAddress: 0x0000000800000000, ArchiveRelocationMode: 1.
Narrow klass base: 0x0000000000000000, Narrow klass shift: 0, Narrow klass range: 0x0

GC Precious Log:
 CardTable entry size: 512
 Card Set container configuration: InlinePtr #cards 5 size 8 Array Of Cards #cards 12 size 40 Howl #buckets 4 coarsen threshold 1843 Howl Bitmap #cards 512 size 80 coarsen threshold 460 Card regions per heap region 1 cards per card region 2048

Heap:
 garbage-first heap   total 0K, used 0K [0x00000000e0000000, 0x0000000100000000)
  region size 1024K, 0 young (0K), 0 survivors (0K)

[error occurred during error reporting (printing heap information), id 0xc0000005, EXCEPTION_ACCESS_VIOLATION (0xc0000005) at pc=0x00007ffd650339f9]
GC Heap History (0 events):
No events

Dll operation events (1 events):
Event: 0.055 Loaded shared library C:\Program Files\Java\jdk-21\bin\java.dll

Deoptimization events (0 events):
No events

Classes loaded (0 events):
No events

Classes unloaded (0 events):
No events

Classes redefined (0 events):
No events

Internal exceptions (0 events):
No events

ZGC Phase Switch (0 events):
No events

VM Operations (0 events):
No events

Events (0 events):
No events


Dynamic libraries:
0x00007ff6bc4c0000 - 0x00007ff6bc4d0000 	C:\Program Files\Java\jdk-21\bin\java.exe
0x00007ffde1750000 - 0x00007ffde1948000 	C:\WINDOWS\SYSTEM32\ntdll.dll
0x00007ffddfd80000 - 0x00007ffddfe3d000 	C:\WINDOWS\System32\KERNEL32.DLL
0x00007ffddf150000 - 0x00007ffddf446000 	C:\WINDOWS\System32\KERNELBASE.dll
0x00007ffddc5e0000 - 0x00007ffddc670000 	C:\WINDOWS\SYSTEM32\apphelp.dll
0x00007ffddee00000 - 0x00007ffddef00000 	C:\WINDOWS\System32\ucrtbase.dll
0x00007ffdbe030000 - 0x00007ffdbe049000 	C:\Program Files\Java\jdk-21\bin\jli.dll
0x00007ffdd7b80000 - 0x00007ffdd7b9b000 	C:\Program Files\Java\jdk-21\bin\VCRUNTIME140.dll
0x00007ffde0fd0000 - 0x00007ffde1080000 	C:\WINDOWS\System32\ADVAPI32.dll
0x00007ffde01f0000 - 0x00007ffde028e000 	C:\WINDOWS\System32\msvcrt.dll
0x00007ffde0c70000 - 0x00007ffde0d10000 	C:\WINDOWS\System32\sechost.dll
0x00007ffddfeb0000 - 0x00007ffddffd3000 	C:\WINDOWS\System32\RPCRT4.dll
0x00007ffddef00000 - 0x00007ffddef27000 	C:\WINDOWS\System32\bcrypt.dll
0x00007ffddfbd0000 - 0x00007ffddfd6f000 	C:\WINDOWS\System32\USER32.dll
0x00007ffddf0b0000 - 0x00007ffddf0d2000 	C:\WINDOWS\System32\win32u.dll
0x00007ffdd1ce0000 - 0x00007ffdd1f7a000 	C:\WINDOWS\WinSxS\amd64_microsoft.windows.common-controls_6595b64144ccf1df_6.0.19041.4355_none_60b8b9eb71f62e16\COMCTL32.dll
0x00007ffde0c40000 - 0x00007ffde0c6b000 	C:\WINDOWS\System32\GDI32.dll
0x00007ffddf660000 - 0x00007ffddf777000 	C:\WINDOWS\System32\gdi32full.dll
0x00007ffddf010000 - 0x00007ffddf0ad000 	C:\WINDOWS\System32\msvcp_win.dll
0x00007ffdd1f80000 - 0x00007ffdd1f8a000 	C:\WINDOWS\SYSTEM32\VERSION.dll
0x00007ffddfb90000 - 0x00007ffddfbc2000 	C:\WINDOWS\System32\IMM32.DLL
0x00007ffdd9e50000 - 0x00007ffdd9e5c000 	C:\Program Files\Java\jdk-21\bin\vcruntime140_1.dll
0x00007ffdb4880000 - 0x00007ffdb490e000 	C:\Program Files\Java\jdk-21\bin\msvcp140.dll
0x00007ffd64910000 - 0x00007ffd65627000 	C:\Program Files\Java\jdk-21\bin\server\jvm.dll
0x00007ffddfe40000 - 0x00007ffddfeab000 	C:\WINDOWS\System32\WS2_32.dll
0x00007ffddec50000 - 0x00007ffddec9b000 	C:\WINDOWS\SYSTEM32\POWRPROF.dll
0x00007ffdd24f0000 - 0x00007ffdd2517000 	C:\WINDOWS\SYSTEM32\WINMM.dll
0x00007ffddec30000 - 0x00007ffddec42000 	C:\WINDOWS\SYSTEM32\UMPDC.dll
0x00007ffddcc80000 - 0x00007ffddcc92000 	C:\WINDOWS\SYSTEM32\kernel.appcore.dll
0x00007ffdd8220000 - 0x00007ffdd822a000 	C:\Program Files\Java\jdk-21\bin\jimage.dll
0x00007ffdd1240000 - 0x00007ffdd1424000 	C:\WINDOWS\SYSTEM32\DBGHELP.DLL
0x00007ffdd0cc0000 - 0x00007ffdd0cf4000 	C:\WINDOWS\SYSTEM32\dbgcore.DLL
0x00007ffddef80000 - 0x00007ffddf002000 	C:\WINDOWS\System32\bcryptPrimitives.dll
0x00007ffdbd0e0000 - 0x00007ffdbd0ff000 	C:\Program Files\Java\jdk-21\bin\java.dll

dbghelp: loaded successfully - version: 4.0.5 - missing functions: none
symbol engine: initialized successfully - sym options: 0x614 - pdb path: .;C:\Program Files\Java\jdk-21\bin;C:\WINDOWS\SYSTEM32;C:\WINDOWS\WinSxS\amd64_microsoft.windows.common-controls_6595b64144ccf1df_6.0.19041.4355_none_60b8b9eb71f62e16;C:\Program Files\Java\jdk-21\bin\server

VM Arguments:
jvm_args: -Dcucumber.filter.tags=@Course -Dcucumber.options -Dfile.separator=\ -Djava.class.version=65.0 -Djava.home=C:\Program Files\Java\jdk-21 -Djava.library.path=C:\Program Files\Java\jdk-21\bin;C:\WINDOWS\Sun\Java\bin;C:\WINDOWS\system32;C:\WINDOWS;C:\Users\jhonn\bin;C:\Program Files\Git\mingw64\bin;C:\Program Files\Git\usr\local\bin;C:\Program Files\Git\usr\bin;C:\Program Files\Git\usr\bin;C:\Program Files\Git\mingw64\bin;C:\Program Files\Git\usr\bin;C:\Users\jhonn\bin;C:\Program Files\Common Files\Oracle\Java\javapath;C:\oraclexe\app\oracle\product\11.2.0\server\bin;C:\WINDOWS\system32;C:\WINDOWS;C:\WINDOWS\System32\Wbem;C:\WINDOWS\System32\WindowsPowerShell\v1.0;C:\WINDOWS\System32\OpenSSH;C:\Program Files\Microsoft VS Code\bin;C:\Program Files\Microsoft SQL Server\Client SDK\ODBC\170\Tools\Binn;C:\Program Files (x86)\Microsoft SQL Server\150\Tools\Binn;C:\Program Files\Microsoft SQL Server\150\Tools\Binn;C:\Program Files\Microsoft SQL Server\150\DTS\Binn;C:\Program Files (x86)\Microsoft SQL Server\150\DTS\Binn;C:\Program Files\Azure Data Studio\bin;C:\Program Files\Git\cmd;C:\apache-maven-3.8.4\bin;C:\Automatizacion\gradle-8.7\bin;C:\Program Files\Java\jdk-21\bin;C:\Users\jhonn\AppData\Local\Microsoft\WindowsApps;C:\Program Files\Azure Data Studio\bin;C:\Program Files\Git\usr\bin\vendor_perl;C:\Program Files\Git\usr\bin\core_perl;. -Djava.runtime.name=Java(TM) SE Runtime Environment -Djava.runtime.version=21.0.2+13-LTS-58 -Djava.specification.name=Java Platform API Specification -Djava.specification.vendor=Oracle Corporation -Djava.specification.version=21 -Djava.vendor=Oracle Corporation -Djava.vendor.url=https://java.oracle.com/ -Djava.vendor.url.bug=https://bugreport.java.com/bugreport/ -Djava.version=21.0.2 -Djava.version.date=2024-01-16 -Djava.vm.compressedOopsMode=32-bit -Djava.vm.info=mixed mode, sharing -Djava.vm.name=Java HotSpot(TM) 64-Bit Server VM -Djava.vm.specification.name=Java Virtual Machine Specification -Djava.vm.specification.vendor=Oracle Corporation -Djava.vm.specification.version=21 -Djava.vm.vendor=Oracle Corporation -Djava.vm.version=21.0.2+13-LTS-58 -Djdk.debug=release -Dlibrary.jansi.path=C:\Users\jhonn\.gradle\native\jansi\1.18\windows64 -Dline.separator=
 -Dnative.encoding=Cp1252 -Dorg.gradle.appname=gradle -Dorg.gradle.internal.worker.tmpdir=D:\Selenium\SeleniumFree\build\tmp\test\work -Dorg.gradle.native=false -Dos.arch=amd64 -Dos.name=Windows 10 -Dos.version=10.0 -Dpath.separator=; -Dstderr.encoding=cp850 -Dstdout.encoding=cp850 -Dsun.arch.data.model=64 -Dsun.boot.library.path=C:\Program Files\Java\jdk-21\bin -Dsun.cpu.endian=little -Dsun.cpu.isalist=amd64 -Dsun.io.unicode.encoding=UnicodeLittle -Dsun.jnu.encoding=Cp1252 -Dsun.management.compiler=HotSpot 64-Bit Tiered Compilers -Dsun.os.patch.level -Duser.dir=D:\Selenium\SeleniumFree -Duser.home=C:\Users\jhonn -Duser.name=jhonn -Duser.script -Duser.timezone=America/Lima -Xmx512m -Dfile.encoding=UTF-8 -Djava.io.tmpdir=C:\Users\jhonn\AppData\Local\Temp\ -Duser.country=PE -Duser.language=es -Duser.variant -ea 
java_command: worker.org.gradle.process.internal.worker.GradleWorkerMain 'Gradle Test Executor 1'
java_class_path (initial): C:\\Users\\jhonn\\.gradle\\caches\\8.7\\workerMain\\gradle-worker.jar;D:\\Selenium\\SeleniumFree\\build\\classes\\java\\test;D:\\Selenium\\SeleniumFree\\build\\resources\\test;C:\\Users\\jhonn\\.gradle\\caches\\modules-2\\files-2.1\\org.seleniumhq.selenium\\selenium-java\\4.19.1\\2cc38c8dbef9d6e8774f05c2d2e8088180858ed4\\selenium-java-4.19.1.jar;C:\\Users\\jhonn\\.gradle\\caches\\modules-2\\files-2.1\\io.cucumber\\cucumber-java\\7.16.1\\d9432323a6ba5f6b9de4cb9c190884e52cbdd47f\\cucumber-java-7.16.1.jar;C:\\Users\\jhonn\\.gradle\\caches\\modules-2\\files-2.1\\io.github.bonigarcia\\webdrivermanager\\5.8.0\\7f80f4f267d38b9eedfd5327f142164e48939dd8\\webdrivermanager-5.8.0.jar;C:\\Users\\jhonn\\.gradle\\caches\\modules-2\\files-2.1\\org.junit.jupiter\\junit-jupiter-params\\5.9.1\\ffcd1013edaeee112be11fcddeb38882d79238de\\junit-jupiter-params-5.9.1.jar;C:\\Users\\jhonn\\.gradle\\caches\\modules-2\\files-2.1\\org.junit.jupiter\\junit-jupiter-engine\\5.9.1\\1bf771097bde296c3ab174861954e8aafaaf2e94\\junit-jupiter-engine-5.9.1.jar;C:\\Users\\jhonn\\.gradle\\caches\\modules-2\\files-2.1\\org.junit.jupiter\\junit-jupiter-api\\5.9.1\\7bb53fbc0173e9f6a9d21d58297af94b1f2f9ce1\\junit-jupiter-api-5.9.1.jar;C:\\Users\\jhonn\\.gradle\\caches\\modules-2\\files-2.1\\org.junit.platform\\junit-platform-engine\\1.9.1\\83591e5089d6cea5f324aa3ecca9b19d5a275803\\junit-platform-engine-1.9.1.jar;C:\\Users\\jhonn\\.gradle\\caches\\modules-2\\files-2.1\\org.junit.platform\\junit-platform-commons\\1.9.1\\3145f821b5cd10abcdc5f925baa5fffa6f1b628f\\junit-platform-commons-1.9.1.jar;C:\\Users\\jhonn\\.gradle\\caches\\modules-2\\files-2.1\\org.junit.jupiter\\junit-jupiter\\5.9.1\\9274d3757e224bc02eae367bd481062a263c150b\\junit-jupiter-5.9.1.jar;C:\\Users\\jhonn\\.gradle\\caches\\modules-2\\files-2.1\\org.testng\\testng\\7.10.1\\8aac02ce5ef528c74169c8e3706d3099088af9f5\\testng-7.10.1.jar;C:\\Users\\jhonn\\.gradle\\caches\\modules-2\\files-2.1\\io.cucumber\\cucumber-junit\\7.16.1\\5eb3dc9ce3f52bd36a12dc1a9b1a49a7ee4fc179\\cucumber-junit-7.16.1.jar;C:\\Users\\jhonn\\.gradle\\caches\\modules-2\\files-2.1\\org.seleniumhq.selenium\\selenium-chrome-driver\\4.19.1\\514183dac94c637664a6930b3524e9acfdda3333\\selenium-chrome-driver-4.19.1.jar;C:\\Users\\jhonn\\.gradle\\caches\\modules-2\\files-2.1\\org.seleniumhq.selenium\\selenium-devtools-v121\\4.19.1\\78d379d19eb9088b80d3f2845c9114b64ce3fbf7\\selenium-devtools-v121-4.19.1.jar;C:\\Users\\jhonn\\.gradle\\caches\\modules-2\\files-2.1\\org.seleniumhq.selenium\\selenium-devtools-v122\\4.19.1\\e44f02970e38a364a07a4e4366c19c88e3e86268\\selenium-devtools-v122-4.19.1.jar;C:\\Users\\jhonn\\.gradle\\caches\\modules-2\\files-2.1\\org.seleniumhq.selenium\\selenium-devtools-v123\\4.19.1\\640316a429f958e7965ed6e8105696171de3eba7\\selenium-devtools-v123-4.19.1.jar;C:\\Users\\jhonn\\.gradle\\caches\\modules-2\\files-2.1\\org.seleniumhq.selenium\\selenium-firefox-driver\\4.19.1\\25dd354676b8d3fdd40f36a6a689f0d40e848ad\\selenium-firefox-driver-4.19.1.jar;C:\\Users\\jhonn\\.gradle\\caches\\modules-2\\files-2.1\\org.seleniumhq.selenium\\selenium-devtools-v85\\4.19.1\\d0a67f642e3bed25aa15d7a0f86e29a1d2f45079\\selenium-devtools-v85-4.19.1.jar;C:\\Users\\jhonn\\.gradle\\caches\\modules-2\\files-2.1\\org.seleniumhq.selenium\\selenium-edge-driver\\4.19.1\\4eb8d3bb8c2c2ad0cc683d5eff5762f9b64b8c0f\\selenium-edge-driver-4.19.1.jar;C:\\Users\\jhonn\\.gradle\\caches\\modules-2\\files-2.1\\org.seleniumhq.selenium\\selenium-ie-driver\\4.19.1\\6cf7b3e46dee0afd683d6406e974d96c3f0502cc\\selenium-ie-driver-4.19.1.jar;C:\\Users\\jhonn\\.gradle\\caches\\modules-2\\files-2.1\\org.seleniumhq.selenium\\selenium-safari-driver\\4.19.1\\f8dc417b6431d351455d7e4bc47708527f6617a8\\selenium-safari-driver-4.19.1.jar;C:\\Users\\jhonn\\.gradle\\caches\\modules-2\\files-2.1\\org.seleniumhq.selenium\\selenium-support\\4.19.1\\996e3758c85d590492564d040546690522117f1b\\selenium-support-4.19.1.jar;C:\\Users\\jhonn\\.gradle\\caches\\modules-2\\files-2.1\\org.seleniumhq.selenium\\selenium-chromium-driver\\4.19.1\\2a5a34c7a05a0c0a927cfef564ab398cb0604179\\selenium-chromium-driver-4.19.1.jar;C:\\Users\\jhonn\\.gradle\\caches\\modules-2\\files-2.1\\org.seleniumhq.selenium\\selenium-remote-driver\\4.19.1\\b4b4509c876e71727c4204657a4d94859f595a28\\selenium-remote-driver-4.19.1.jar;C:\\Users\\jhonn\\.gradle\\caches\\modules-2\\files-2.1\\org.seleniumhq.selenium\\selenium-manager\\4.19.1\\8e84df7bcd413146606c1b402bf7802cdb01b547\\selenium-manager-4.19.1.jar;C:\\Users\\jhonn\\.gradle\\caches\\modules-2\\files-2.1\\org.seleniumhq.selenium\\selenium-http\\4.19.1\\8b9e38017ebdc216e3da9adcfe57fa88d779e115\\selenium-http-4.19.1.jar;C:\\Users\\jhonn\\.gradle\\caches\\modules-2\\files-2.1\\org.seleniumhq.selenium\\selenium-json\\4.19.1\\1fda7186bc73c1b50cece7107ad5d9ec230d89c4\\selenium-json-4.19.1.jar;C:\\Users\\jhonn\\.gradle\\caches\\modules-2\\files-2.1\\org.seleniumhq.selenium\\selenium-os\\4.19.1\\785fcb223ba3ddbbd01144dc03c5da47eb458e2a\\selenium-os-4.19.1.jar;C:\\Users\\jhonn\\.gradle\\caches\\modules-2\\files-2.1\\org.seleniumhq.selenium\\selenium-api\\4.19.1\\21d2e581f2809152a7aca79c8a15ebdc0ffcc6e3\\selenium-api-4.19.1.jar;C:\\Users\\jhonn\\.gradle\\caches\\modules-2\\files-2.1\\io.cucumber\\cucumber-core\\7.16.1\\e35276967470f5857c157fd71031fec5a5395694\\cucumber-core-7.16.1.jar;C:\\Users\\jhonn\\.gradle\\caches\\modules-2\\files-2.1\\io.cucumber\\cucumber-expressions\\17.1.0\\ebe23b3f172ea9ae8217e55545b90b45df43c1ce\\cucumber-expressions-17.1.0.jar;C:\\Users\\jhonn\\.gradle\\caches\\modules-2\\files-2.1\\io.cucumber\\datatable\\7.16.1\\ff287277f7c13639881ec1f30fbd1c37ccc801fa\\datatable-7.16.1.jar;C:\\Users\\jhonn\\.gradle\\caches\\modules-2\\files-2.1\\io.cucumber\\cucumber-gherkin-messages\\7.16.1\\a43f4dc9b8b093f10e23f5c93cae74e67f4082ed\\cucumber-gherkin-messages-7.16.1.jar;C:\\Users\\jhonn\\.gradle\\caches\\modules-2\\files-2.1\\io.cucumber\\cucumber-gherkin\\7.16.1\\6b08bb38f03efd8fbc9935024c79d05a91797132\\cucumber-gherkin-7.16.1.jar;C:\\Users\\jhonn\\.gradle\\caches\\modules-2\\files-2.1\\io.cucumber\\cucumber-plugin\\7.16.1\\95885b684ba29709d85479f00c03b2110d3f7c17\\cucumber-plugin-7.16.1.jar;C:\\Users\\jhonn\\.gradle\\caches\\modules-2\\files-2.1\\io.cucumber\\docstring\\7.16.1\\6ea14ca7a674d80d9fde17f207ea2caa28293769\\docstring-7.16.1.jar;C:\\Users\\jhonn\\.gradle\\caches\\modules-2\\files-2.1\\org.apiguardian\\apiguardian-api\\1.1.2\\a231e0d844d2721b0fa1b238006d15c6ded6842a\\apiguardian-api-1.1.2.jar;C:\\Users\\jhonn\\.gradle\\caches\\modules-2\\files-2.1\\com.github.docker-java\\docker-java-transport-httpclient5\\3.3.6\\4ab63a97382b2d1db3144512f2a182cad6a1713e\\docker-java-transport-httpclient5-3.3.6.jar;C:\\Users\\jhonn\\.gradle\\caches\\modules-2\\files-2.1\\org.apache.httpcomponents.client5\\httpclient5\\5.2.1\\c900514d3446d9ce5d9dbd90c21192048125440\\httpclient5-5.2.1.jar;C:\\Users\\jhonn\\.gradle\\caches\\modules-2\\files-2.1\\com.github.docker-java\\docker-java\\3.3.6\\1a48fee9da600c8a6a76d4e7e8e74d7f85b65b74\\docker-java-3.3.6.jar;C:\\Users\\jhonn\\.gradle\\caches\\modules-2\\files-2.1\\com.github.docker-java\\docker-java-core\\3.3.6\\5914c06fd3c5070954abe2327dd7ab22b39ad134\\docker-java-core-3.3.6.jar;C:\\Users\\jhonn\\.gradle\\caches\\modules-2\\files-2.1\\org.slf4j\\jcl-over-slf4j\\1.7.30\\cd92524ea19d27e5b94ecd251e1af729cffdfe15\\jcl-over-slf4j-1.7.30.jar;C:\\Users\\jhonn\\.gradle\\caches\\modules-2\\files-2.1\\com.github.docker-java\\docker-java-api\\3.3.6\\8e152880bfe595c81a25501e21a6d7b1d4df97be\\docker-java-api-3.3.6.jar;C:\\Users\\jhonn\\.gradle\\caches\\modules-2\\files-2.1\\org.slf4j\\slf4j-api\\2.0.12\\48f109a2a6d8f446c794f3e3fa0d86df0cdfa312\\slf4j-api-2.0.12.jar;C:\\Users\\jhonn\\.gradle\\caches\\modules-2\\files-2.1\\com.google.code.gson\\gson\\2.10.1\\b3add478d4382b78ea20b1671390a858002feb6c\\gson-2.10.1.jar;C:\\Users\\jhonn\\.gradle\\caches\\modules-2\\files-2.1\\org.brotli\\dec\\0.1.2\\c26a897ae0d524809eef1c786cc6183b4ddcc3b\\dec-0.1.2.jar;C:\\Users\\jhonn\\.gradle\\caches\\modules-2\\files-2.1\\org.apache.commons\\commons-compress\\1.26.1\\44331c1130c370e726a2e1a3e6fba6d2558ef04a\\commons-compress-1.26.1.jar;C:\\Users\\jhonn\\.gradle\\caches\\modules-2\\files-2.1\\org.apache.commons\\commons-lang3\\3.14.0\\1ed471194b02f2c6cb734a0cd6f6f107c673afae\\commons-lang3-3.14.0.jar;C:\\Users\\jhonn\\.gradle\\caches\\modules-2\\files-2.1\\com.beust\\jcommander\\1.82\\a7c5fef184d238065de38f81bbc6ee50cca2e21\\jcommander-1.82.jar;C:\\Users\\jhonn\\.gradle\\caches\\modules-2\\files-2.1\\org.webjars\\jquery\\3.7.1\\42088e652462c40a369b64d87e18e825644acfab\\jquery-3.7.1.jar;C:\\Users\\jhonn\\.gradle\\caches\\modules-2\\files-2.1\\junit\\junit\\4.13.2\\8ac9e16d933b6fb43bc7f576336b8f4d7eb5ba12\\junit-4.13.2.jar;C:\\Users\\jhonn\\.gradle\\caches\\modules-2\\files-2.1\\com.google.auto.service\\auto-service-annotations\\1.1.1\\da12a15cd058ba90a0ff55357fb521161af4736d\\auto-service-annotations-1.1.1.jar;C:\\Users\\jhonn\\.gradle\\caches\\modules-2\\files-2.1\\com.google.guava\\guava\\33.1.0-jre\\9b7ed39143d59e8eabcc6f91ffe4d23db2efe558\\guava-33.1.0-jre.jar;C:\\Users\\jhonn\\.gradle\\caches\\modules-2\\files-2.1\\io.opentelemetry.semconv\\opentelemetry-semconv\\1.23.1-alpha\\218e361772670212a46be5940010222d68e66f2a\\opentelemetry-semconv-1.23.1-alpha.jar;C:\\Users\\jhonn\\.gradle\\caches\\modules-2\\files-2.1\\io.opentelemetry\\opentelemetry-exporter-logging\\1.36.0\\bc045cae89ff6f18071760f6e4659dd880e88a1b\\opentelemetry-exporter-logging-1.36.0.jar;C:\\Users\\jhonn\\.gradle\\caches\\modules-2\\files-2.1\\io.opentelemetry\\opentelemetry-sdk-extension-autoconfigure\\1.36.0\\20c8309c313d4e063122e241acea162f4d4826c1\\opentelemetry-sdk-extension-autoconfigure-1.36.0.jar;C:\\Users\\jhonn\\.gradle\\caches\\modules-2\\files-2.1\\io.opentelemetry\\opentelemetry-sdk-extension-autoconfigure-spi\\1.36.0\\fb875c07f1ee9200eab4226a1d1f39be287ef89\\opentelemetry-sdk-extension-autoconfigure-spi-1.36.0.jar;C:\\Users\\jhonn\\.gradle\\caches\\modules-2\\files-2.1\\io.opentelemetry\\opentelemetry-sdk\\1.36.0\\4056d1b562b4da7720817d8af15d1d3ccdf4b776\\opentelemetry-sdk-1.36.0.jar;C:\\Users\\jhonn\\.gradle\\caches\\modules-2\\files-2.1\\io.opentelemetry\\opentelemetry-sdk-trace\\1.36.0\\e3068cbaedfac6a28c6483923982b2efb861d3f4\\opentelemetry-sdk-trace-1.36.0.jar;C:\\Users\\jhonn\\.gradle\\caches\\modules-2\\files-2.1\\io.opentelemetry\\opentelemetry-sdk-metrics\\1.36.0\\4f8f5d30c3eeede7b2260d979d9f403cfa381c3d\\opentelemetry-sdk-metrics-1.36.0.jar;C:\\Users\\jhonn\\.gradle\\caches\\modules-2\\files-2.1\\io.opentelemetry\\opentelemetry-sdk-logs\\1.36.0\\98e94479db1e68c4779efc44bf6b4fca83e98b54\\opentelemetry-sdk-logs-1.36.0.jar;C:\\Users\\jhonn\\.gradle\\caches\\modules-2\\files-2.1\\io.opentelemetry\\opentelemetry-sdk-common\\1.36.0\\11d6f8c7b029efcb5c6c449cadef155b781afb78\\opentelemetry-sdk-common-1.36.0.jar;C:\\Users\\jhonn\\.gradle\\caches\\modules-2\\files-2.1\\io.opentelemetry\\opentelemetry-api-events\\1.36.0-alpha\\a986920d7efca4fd1b806470c12c142bc94e7852\\opentelemetry-api-events-1.36.0-alpha.jar;C:\\Users\\jhonn\\.gradle\\caches\\modules-2\\files-2.1\\io.opentelemetry\\opentelemetry-extension-incubator\\1.36.0-alpha\\d58f7c669e371f6ff61b705770af9a3c1f31df52\\opentelemetry-extension-incubator-1.36.0-alpha.jar;C:\\Users\\jhonn\\.gradle\\caches\\modules-2\\files-2.1\\io.opentelemetry\\opentelemetry-api\\1.36.0\\59470f4aa3a9207f21936461b8fdcb36d46455ab\\opentelemetry-api-1.36.0.jar;C:\\Users\\jhonn\\.gradle\\caches\\modules-2\\files-2.1\\io.opentelemetry\\opentelemetry-context\\1.36.0\\8850bc4c65d0fd22ff987b4683206ec4e69f2689\\opentelemetry-context-1.36.0.jar;C:\\Users\\jhonn\\.gradle\\caches\\modules-2\\files-2.1\\net.bytebuddy\\byte-buddy\\1.14.12\\6e37f743dc15a8d7a4feb3eb0025cbc612d5b9e1\\byte-buddy-1.14.12.jar;C:\\Users\\jhonn\\.gradle\\caches\\modules-2\\files-2.1\\io.cucumber\\html-formatter\\21.3.0\\a4fd2019b16ec2ba1c22137fffa57eac830a2a98\\html-formatter-21.3.0.jar;C:\\Users\\jhonn\\.gradle\\caches\\modules-2\\files-2.1\\io.cucumber\\junit-xml-formatter\\0.3.0\\d9452cd2e0828341a7bd870d0b9cdef2776ea01e\\junit-xml-formatter-0.3.0.jar;C:\\Users\\jhonn\\.gradle\\caches\\modules-2\\files-2.1\\io.cucumber\\gherkin\\28.0.0\\3bcbf23f3940f8f2c8cdb42c13356d230c2b40b5\\gherkin-28.0.0.jar;C:\\Users\\jhonn\\.gradle\\caches\\modules-2\\files-2.1\\io.cucumber\\messages\\24.1.0\\bbf2037b6254713bb72fe384fbaf472e6e50eb9a\\messages-24.1.0.jar;C:\\Users\\jhonn\\.gradle\\caches\\modules-2\\files-2.1\\io.cucumber\\tag-expressions\\6.1.0\\af582eba20203fd376466b657f703932dcbe3d56\\tag-expressions-6.1.0.jar;C:\\Users\\jhonn\\.gradle\\caches\\modules-2\\files-2.1\\io.cucumber\\ci-environment\\10.0.1\\222cecc535529f093d3364856bfe5f8d343c4248\\ci-environment-10.0.1.jar;C:\\Users\\jhonn\\.gradle\\caches\\modules-2\\files-2.1\\com.github.docker-java\\docker-java-transport\\3.3.6\\d536d16a297f9139b833955390a3d581e336e67\\docker-java-transport-3.3.6.jar;C:\\Users\\jhonn\\.gradle\\caches\\modules-2\\files-2.1\\net.java.dev.jna\\jna\\5.13.0\\1200e7ebeedbe0d10062093f32925a912020e747\\jna-5.13.0.jar;C:\\Users\\jhonn\\.gradle\\caches\\modules-2\\files-2.1\\commons-codec\\commons-codec\\1.16.1\\47bd4d333fba53406f6c6c51884ddbca435c8862\\commons-codec-1.16.1.jar;C:\\Users\\jhonn\\.gradle\\caches\\modules-2\\files-2.1\\commons-io\\commons-io\\2.15.1\\f11560da189ab563a5c8e351941415430e9304ea\\commons-io-2.15.1.jar;C:\\Users\\jhonn\\.gradle\\caches\\modules-2\\files-2.1\\org.apache.httpcomponents.core5\\httpcore5-h2\\5.2\\698bd8c759ccc7fd7398f3179ff45d0e5a7ccc16\\httpcore5-h2-5.2.jar;C:\\Users\\jhonn\\.gradle\\caches\\modules-2\\files-2.1\\org.apache.httpcomponents.core5\\httpcore5\\5.2\\ab7d251b8dfa3f2878f1eefbcca0e1fc0ebeba27\\httpcore5-5.2.jar;C:\\Users\\jhonn\\.gradle\\caches\\modules-2\\files-2.1\\org.opentest4j\\opentest4j\\1.2.0\\28c11eb91f9b6d8e200631d46e20a7f407f2a046\\opentest4j-1.2.0.jar;C:\\Users\\jhonn\\.gradle\\caches\\modules-2\\files-2.1\\org.hamcrest\\hamcrest-core\\1.3\\42a25dc3219429f0e5d060061f71acb49bf010a0\\hamcrest-core-1.3.jar;C:\\Users\\jhonn\\.gradle\\caches\\modules-2\\files-2.1\\dev.failsafe\\failsafe\\3.3.2\\738a986f1f0e4b6c6a49d351dddc772d1378c5a8\\failsafe-3.3.2.jar;C:\\Users\\jhonn\\.gradle\\caches\\modules-2\\files-2.1\\com.google.guava\\failureaccess\\1.0.2\\c4a06a64e650562f30b7bf9aaec1bfed43aca12b\\failureaccess-1.0.2.jar;C:\\Users\\jhonn\\.gradle\\caches\\modules-2\\files-2.1\\com.google.guava\\listenablefuture\\9999.0-empty-to-avoid-conflict-with-guava\\b421526c5f297295adef1c886e5246c39d4ac629\\listenablefuture-9999.0-empty-to-avoid-conflict-with-guava.jar;C:\\Users\\jhonn\\.gradle\\caches\\modules-2\\files-2.1\\com.google.code.findbugs\\jsr305\\3.0.2\\25ea2e8b0c338a877313bd4672d3fe056ea78f0d\\jsr305-3.0.2.jar;C:\\Users\\jhonn\\.gradle\\caches\\modules-2\\files-2.1\\org.checkerframework\\checker-qual\\3.42.0\\638ec33f363a94d41a4f03c3e7d3dcfba64e402d\\checker-qual-3.42.0.jar;C:\\Users\\jhonn\\.gradle\\caches\\modules-2\\files-2.1\\com.google.errorprone\\error_prone_annotations\\2.26.1\\c1fde57694bdc14e8618899aaa6e857d9465d7de\\error_prone_annotations-2.26.1.jar;C:\\Users\\jhonn\\.gradle\\caches\\modules-2\\files-2.1\\org.apache.commons\\commons-exec\\1.3\\8dfb9facd0830a27b1b5f29f84593f0aeee7773b\\commons-exec-1.3.jar;C:\\Users\\jhonn\\.gradle\\caches\\modules-2\\files-2.1\\com.fasterxml.jackson.core\\jackson-databind\\2.10.3\\aae92628b5447fa25af79871ca98668da6edd439\\jackson-databind-2.10.3.jar;C:\\Users\\jhonn\\.gradle\\caches\\modules-2\\files-2.1\\org.bouncycastle\\bcpkix-jdk18on\\1.76\\10c9cf5c1b4d64abeda28ee32fbade3b74373622\\bcpkix-jdk18on-1.76.jar;C:\\Users\\jhonn\\.gradle\\caches\\modules-2\\files-2.1\\com.fasterxml.jackson.core\\jackson-annotations\\2.10.3\\f63b3b1da563767d04d2e4d3fc1ae0cdeffebe7\\jackson-annotations-2.10.3.jar;C:\\Users\\jhonn\\.gradle\\caches\\modules-2\\files-2.1\\com.fasterxml.jackson.core\\jackson-core\\2.10.3\\f7ee7b55c7d292ac72fbaa7648c089f069c938d2\\jackson-core-2.10.3.jar;C:\\Users\\jhonn\\.gradle\\caches\\modules-2\\files-2.1\\org.bouncycastle\\bcutil-jdk18on\\1.76\\8c7594e651a278bcde18e038d8ab55b1f97f4d31\\bcutil-jdk18on-1.76.jar;C:\\Users\\jhonn\\.gradle\\caches\\modules-2\\files-2.1\\org.bouncycastle\\bcprov-jdk18on\\1.76\\3a785d0b41806865ad7e311162bfa3fa60b3965b\\bcprov-jdk18on-1.76.jar
Launcher Type: SUN_STANDARD

[Global flags]
     intx CICompilerCount                          = 3                                         {product} {ergonomic}
     uint ConcGCThreads                            = 1                                         {product} {ergonomic}
     uint G1ConcRefinementThreads                  = 4                                         {product} {ergonomic}
   size_t G1HeapRegionSize                         = 1048576                                   {product} {ergonomic}
    uintx GCDrainStackTargetSize                   = 64                                        {product} {ergonomic}
   size_t InitialHeapSize                          = 33554432                                  {product} {ergonomic}
   size_t MarkStackSize                            = 4194304                                   {product} {ergonomic}
   size_t MaxHeapSize                              = 536870912                                 {product} {command line}
   size_t MinHeapDeltaBytes                        = 1048576                                   {product} {ergonomic}
   size_t MinHeapSize                              = 8388608                                   {product} {ergonomic}
    uintx NonNMethodCodeHeapSize                   = 5832780                                {pd product} {ergonomic}
    uintx NonProfiledCodeHeapSize                  = 122912730                              {pd product} {ergonomic}
    uintx ProfiledCodeHeapSize                     = 122912730                              {pd product} {ergonomic}
    uintx ReservedCodeCacheSize                    = 251658240                              {pd product} {ergonomic}
     bool SegmentedCodeCache                       = true                                      {product} {ergonomic}
   size_t SoftMaxHeapSize                          = 536870912                              {manageable} {ergonomic}
     bool UseCompressedOops                        = true                           {product lp64_product} {ergonomic}
     bool UseG1GC                                  = true                                      {product} {ergonomic}
     bool UseLargePagesIndividualAllocation        = false                                  {pd product} {ergonomic}

Logging:
Log output configuration:
 #0: stdout all=warning uptime,level,tags foldmultilines=false
 #1: stderr all=off uptime,level,tags foldmultilines=false

Environment Variables:
JAVA_HOME=C:\Program Files\Java\jdk-21
PATH=C:\Users\jhonn\bin;C:\Program Files\Git\mingw64\bin;C:\Program Files\Git\usr\local\bin;C:\Program Files\Git\usr\bin;C:\Program Files\Git\usr\bin;C:\Program Files\Git\mingw64\bin;C:\Program Files\Git\usr\bin;C:\Users\jhonn\bin;C:\Program Files\Common Files\Oracle\Java\javapath;C:\oraclexe\app\oracle\product\11.2.0\server\bin;C:\WINDOWS\system32;C:\WINDOWS;C:\WINDOWS\System32\Wbem;C:\WINDOWS\System32\WindowsPowerShell\v1.0;C:\WINDOWS\System32\OpenSSH;C:\Program Files\Microsoft VS Code\bin;C:\Program Files\Microsoft SQL Server\Client SDK\ODBC\170\Tools\Binn;C:\Program Files (x86)\Microsoft SQL Server\150\Tools\Binn;C:\Program Files\Microsoft SQL Server\150\Tools\Binn;C:\Program Files\Microsoft SQL Server\150\DTS\Binn;C:\Program Files (x86)\Microsoft SQL Server\150\DTS\Binn;C:\Program Files\Azure Data Studio\bin;C:\Program Files\Git\cmd;C:\apache-maven-3.8.4\bin;C:\Automatizacion\gradle-8.7\bin;C:\Program Files\Java\jdk-21\bin;C:\Users\jhonn\AppData\Local\Microsoft\WindowsApps;C:\Program Files\Azure Data Studio\bin;C:\Program Files\Git\usr\bin\vendor_perl;C:\Program Files\Git\usr\bin\core_perl
USERNAME=jhonn
SHELL=C:\Program Files\Git\usr\bin\bash.exe
DISPLAY=needs-to-be-defined
LANG=es_ES.UTF-8
TERM=xterm-256color
TMPDIR=C:\Users\jhonn\AppData\Local\Temp
OS=Windows_NT
PROCESSOR_IDENTIFIER=Intel64 Family 6 Model 58 Stepping 9, GenuineIntel
TMP=C:\Users\jhonn\AppData\Local\Temp
TEMP=C:\Users\jhonn\AppData\Local\Temp




Periodic native trim disabled

---------------  S Y S T E M  ---------------

OS:
 Windows 10 , 64 bit Build 19041 (10.0.19041.3636)
OS uptime: 0 days 1:37 hours

CPU: total 4 (initial active 4) (2 cores per cpu, 2 threads per core) family 6 model 58 stepping 9 microcode 0x21, cx8, cmov, fxsr, ht, mmx, sse, sse2, sse3, ssse3, sse4.1, sse4.2, popcnt, tsc, tscinvbit, avx, erms, clmul, vzeroupper, clflush, rdtscp, f16c
Processor Information for all 4 processors :
  Max Mhz: 1901, Current Mhz: 1901, Mhz Limit: 1901

Memory: 4k page, system-wide physical 1949M (95M free)
TotalPageFile size 7837M (AvailPageFile size 7M)
current process WorkingSet (physical memory assigned to process): 10M, peak: 10M
current process commit charge ("private bytes"): 51M, peak: 83M

vm_info: Java HotSpot(TM) 64-Bit Server VM (21.0.2+13-LTS-58) for windows-amd64 JRE (21.0.2+13-LTS-58), built on 2024-01-05T18:32:24Z by "mach5one" with MS VC++ 17.1 (VS2022)

END.
