#
# There is insufficient memory for the Java Runtime Environment to continue.
# Native memory allocation (malloc) failed to allocate 1876016 bytes for Chunk::new
# Possible reasons:
#   The system is out of physical RAM or swap space
#   The process is running with CompressedOops enabled, and the Java Heap may be blocking the growth of the native heap
# Possible solutions:
#   Reduce memory load on the system
#   Increase physical memory or swap space
#   Check if swap backing store is full
#   Decrease Java heap size (-Xmx/-Xms)
#   Decrease number of Java threads
#   Decrease Java thread stack sizes (-Xss)
#   Set larger code cache with -XX:ReservedCodeCacheSize=
#   JVM is running with Unscaled Compressed Oops mode in which the Java heap is
#     placed in the first 4GB address space. The Java Heap base address is the
#     maximum limit for the native heap growth. Please use -XX:HeapBaseMinAddress
#     to set the Java Heap base and to place the Java Heap above 4GB virtual address.
# This output file may be truncated or incomplete.
#
#  Out of Memory Error (arena.cpp:168), pid=432, tid=1660
#
# JRE version: Java(TM) SE Runtime Environment (21.0.2+13) (build 21.0.2+13-LTS-58)
# Java VM: Java HotSpot(TM) 64-Bit Server VM (21.0.2+13-LTS-58, mixed mode, sharing, tiered, compressed oops, compressed class ptrs, g1 gc, windows-amd64)
# No core dump will be written. Minidumps are not enabled by default on client versions of Windows
#

---------------  S U M M A R Y ------------

Command Line: --add-opens=java.base/java.util=ALL-UNNAMED --add-opens=java.base/java.lang=ALL-UNNAMED --add-opens=java.base/java.lang.invoke=ALL-UNNAMED --add-opens=java.prefs/java.util.prefs=ALL-UNNAMED --add-opens=java.base/java.nio.charset=ALL-UNNAMED --add-opens=java.base/java.net=ALL-UNNAMED --add-opens=java.base/java.util.concurrent.atomic=ALL-UNNAMED -XX:MaxMetaspaceSize=384m -XX:+HeapDumpOnOutOfMemoryError -Xms256m -Xmx512m -Dfile.encoding=utf8 -Duser.country=PE -Duser.language=es -Duser.variant -javaagent:C:\Users\jhonn\.gradle\wrapper\dists\gradle-8.7-bin\bhs2wmbdwecv87pi65oeuq5iu\gradle-8.7\lib\agents\gradle-instrumentation-agent-8.7.jar org.gradle.launcher.daemon.bootstrap.GradleDaemon 8.7

Host: Intel(R) Core(TM) i3-3227U CPU @ 1.90GHz, 4 cores, 1G,  Windows 10 , 64 bit Build 19041 (10.0.19041.5198)
Time: Wed Jan  8 22:21:43 2025 Hora est. Pacífico, Sudamérica elapsed time: 106.572619 seconds (0d 0h 1m 46s)

---------------  T H R E A D  ---------------

Current thread (0x00000211227f8230):  JavaThread "C2 CompilerThread0" daemon [_thread_in_native, id=1660, stack(0x000000d026400000,0x000000d026500000) (1024K)]


Current CompileTask:
C2: 106572 4932   !   4       java.lang.ClassLoader::loadClass (121 bytes)

Stack: [0x000000d026400000,0x000000d026500000]
Native frames: (J=compiled Java code, j=interpreted, Vv=VM code, C=native code)
V  [jvm.dll+0x6cade9]
V  [jvm.dll+0x8569c1]
V  [jvm.dll+0x858d2e]
V  [jvm.dll+0x859413]
V  [jvm.dll+0x280e56]
V  [jvm.dll+0xc3f3d]
V  [jvm.dll+0xc4473]
V  [jvm.dll+0x3b5bf2]
V  [jvm.dll+0x382855]
V  [jvm.dll+0x381cca]
V  [jvm.dll+0x249bd0]
V  [jvm.dll+0x2491b1]
V  [jvm.dll+0x1c9634]
V  [jvm.dll+0x258859]
V  [jvm.dll+0x256e3a]
V  [jvm.dll+0x3ef6c6]
V  [jvm.dll+0x7ff568]
V  [jvm.dll+0x6c953d]
C  [ucrtbase.dll+0x21bb2]
C  [KERNEL32.DLL+0x17374]
C  [ntdll.dll+0x4cc91]


---------------  P R O C E S S  ---------------

Threads class SMR info:
_java_thread_list=0x000002113efb4b50, length=35, elements={
0x000002110844dfb0, 0x00000211227ec7b0, 0x00000211227ed5d0, 0x00000211227f5580,
0x00000211227f5fe0, 0x00000211227f6a40, 0x00000211227f74a0, 0x00000211227f8230,
0x000002112292a080, 0x00000211227bef20, 0x0000021122be1360, 0x000002113c6fa250,
0x000002113cc16540, 0x000002113ca3de40, 0x000002113c6f4670, 0x000002113c6f50b0,
0x000002113d82f5d0, 0x000002113d82ae70, 0x000002113d828da0, 0x000002113d828710,
0x000002113d829430, 0x000002113d829ac0, 0x000002113d82a7e0, 0x000002113d828080,
0x000002113d78b360, 0x000002113d78a640, 0x000002113d78c080, 0x000002113d789920,
0x000002113d78b9f0, 0x000002113d78acd0, 0x000002113d787ee0, 0x000002113d788570,
0x000002113d789fb0, 0x000002113d78cda0, 0x000002113d78d430
}

Java Threads: ( => current thread )
  0x000002110844dfb0 JavaThread "main"                              [_thread_blocked, id=7160, stack(0x000000d025600000,0x000000d025700000) (1024K)]
  0x00000211227ec7b0 JavaThread "Reference Handler"          daemon [_thread_blocked, id=7828, stack(0x000000d025e00000,0x000000d025f00000) (1024K)]
  0x00000211227ed5d0 JavaThread "Finalizer"                  daemon [_thread_blocked, id=7588, stack(0x000000d025f00000,0x000000d026000000) (1024K)]
  0x00000211227f5580 JavaThread "Signal Dispatcher"          daemon [_thread_blocked, id=10168, stack(0x000000d026000000,0x000000d026100000) (1024K)]
  0x00000211227f5fe0 JavaThread "Attach Listener"            daemon [_thread_blocked, id=7260, stack(0x000000d026100000,0x000000d026200000) (1024K)]
  0x00000211227f6a40 JavaThread "Service Thread"             daemon [_thread_blocked, id=1892, stack(0x000000d026200000,0x000000d026300000) (1024K)]
  0x00000211227f74a0 JavaThread "Monitor Deflation Thread"   daemon [_thread_blocked, id=7896, stack(0x000000d026300000,0x000000d026400000) (1024K)]
=>0x00000211227f8230 JavaThread "C2 CompilerThread0"         daemon [_thread_in_native, id=1660, stack(0x000000d026400000,0x000000d026500000) (1024K)]
  0x000002112292a080 JavaThread "C1 CompilerThread0"         daemon [_thread_blocked, id=10004, stack(0x000000d026500000,0x000000d026600000) (1024K)]
  0x00000211227bef20 JavaThread "Common-Cleaner"             daemon [_thread_blocked, id=7864, stack(0x000000d026600000,0x000000d026700000) (1024K)]
  0x0000021122be1360 JavaThread "Notification Thread"        daemon [_thread_blocked, id=10140, stack(0x000000d026700000,0x000000d026800000) (1024K)]
  0x000002113c6fa250 JavaThread "Daemon health stats"               [_thread_blocked, id=10604, stack(0x000000d026b00000,0x000000d026c00000) (1024K)]
  0x000002113cc16540 JavaThread "Incoming local TCP Connector on port 50026"        [_thread_in_native, id=4392, stack(0x000000d026c00000,0x000000d026d00000) (1024K)]
  0x000002113ca3de40 JavaThread "Daemon periodic checks"            [_thread_blocked, id=4768, stack(0x000000d026d00000,0x000000d026e00000) (1024K)]
  0x000002113c6f4670 JavaThread "Daemon"                            [_thread_blocked, id=9456, stack(0x000000d026e00000,0x000000d026f00000) (1024K)]
  0x000002113c6f50b0 JavaThread "Handler for socket connection from /127.0.0.1:50026 to /127.0.0.1:50028"        [_thread_in_native, id=1284, stack(0x000000d026f00000,0x000000d027000000) (1024K)]
  0x000002113d82f5d0 JavaThread "Cancel handler"                    [_thread_blocked, id=9184, stack(0x000000d027000000,0x000000d027100000) (1024K)]
  0x000002113d82ae70 JavaThread "Daemon worker"                     [_thread_in_vm, id=9192, stack(0x000000d027100000,0x000000d027200000) (1024K)]
  0x000002113d828da0 JavaThread "Asynchronous log dispatcher for DefaultDaemonConnection: socket connection from /127.0.0.1:50026 to /127.0.0.1:50028"        [_thread_blocked, id=6828, stack(0x000000d027200000,0x000000d027300000) (1024K)]
  0x000002113d828710 JavaThread "Daemon client event forwarder"        [_thread_blocked, id=9912, stack(0x000000d027400000,0x000000d027500000) (1024K)]
  0x000002113d829430 JavaThread "Cache worker for journal cache (C:\Users\jhonn\.gradle\caches\journal-1)"        [_thread_blocked, id=4432, stack(0x000000d027700000,0x000000d027800000) (1024K)]
  0x000002113d829ac0 JavaThread "File lock request listener"        [_thread_in_native, id=6432, stack(0x000000d027800000,0x000000d027900000) (1024K)]
  0x000002113d82a7e0 JavaThread "Cache worker for file hash cache (C:\Users\jhonn\.gradle\caches\8.7\fileHashes)"        [_thread_blocked, id=4636, stack(0x000000d027900000,0x000000d027a00000) (1024K)]
  0x000002113d828080 JavaThread "File lock release action executor"        [_thread_blocked, id=11300, stack(0x000000d027a00000,0x000000d027b00000) (1024K)]
  0x000002113d78b360 JavaThread "Cache worker for file hash cache (D:\Selenium\SeleniumFree\.gradle\8.7\fileHashes)"        [_thread_blocked, id=11400, stack(0x000000d027b00000,0x000000d027c00000) (1024K)]
  0x000002113d78a640 JavaThread "File watcher server"        daemon [_thread_in_native, id=11576, stack(0x000000d027c00000,0x000000d027d00000) (1024K)]
  0x000002113d78c080 JavaThread "File watcher consumer"      daemon [_thread_blocked, id=11584, stack(0x000000d027d00000,0x000000d027e00000) (1024K)]
  0x000002113d789920 JavaThread "Cache worker for checksums cache (D:\Selenium\SeleniumFree\.gradle\8.7\checksums)"        [_thread_blocked, id=11796, stack(0x000000d027e00000,0x000000d027f00000) (1024K)]
  0x000002113d78b9f0 JavaThread "Cache worker for cache directory md-supplier (C:\Users\jhonn\.gradle\caches\8.7\md-supplier)"        [_thread_blocked, id=11888, stack(0x000000d027f00000,0x000000d028000000) (1024K)]
  0x000002113d78acd0 JavaThread "Cache worker for cache directory md-rule (C:\Users\jhonn\.gradle\caches\8.7\md-rule)"        [_thread_blocked, id=11892, stack(0x000000d028000000,0x000000d028100000) (1024K)]
  0x000002113d787ee0 JavaThread "Cache worker for file content cache (C:\Users\jhonn\.gradle\caches\8.7\fileContent)"        [_thread_blocked, id=11948, stack(0x000000d028100000,0x000000d028200000) (1024K)]
  0x000002113d788570 JavaThread "jar transforms"                    [_thread_blocked, id=6140, stack(0x000000d025300000,0x000000d025400000) (1024K)]
  0x000002113d789fb0 JavaThread "jar transforms Thread 2"           [_thread_blocked, id=11408, stack(0x000000d025400000,0x000000d025500000) (1024K)]
  0x000002113d78cda0 JavaThread "jar transforms Thread 3"           [_thread_blocked, id=11792, stack(0x000000d025500000,0x000000d025600000) (1024K)]
  0x000002113d78d430 JavaThread "jar transforms Thread 4"           [_thread_blocked, id=11820, stack(0x000000d028200000,0x000000d028300000) (1024K)]
Total: 35

Other Threads:
  0x00000211227d5070 VMThread "VM Thread"                           [id=10320, stack(0x000000d025d00000,0x000000d025e00000) (1024K)]
  0x00000211227be070 WatcherThread "VM Periodic Task Thread"        [id=3400, stack(0x000000d025c00000,0x000000d025d00000) (1024K)]
  0x0000021108478d50 WorkerThread "GC Thread#0"                     [id=4540, stack(0x000000d025700000,0x000000d025800000) (1024K)]
  0x0000021122c74560 WorkerThread "GC Thread#1"                     [id=10804, stack(0x000000d026800000,0x000000d026900000) (1024K)]
  0x0000021122c4cee0 WorkerThread "GC Thread#2"                     [id=8484, stack(0x000000d026900000,0x000000d026a00000) (1024K)]
  0x0000021122c4d280 WorkerThread "GC Thread#3"                     [id=10656, stack(0x000000d026a00000,0x000000d026b00000) (1024K)]
  0x000002110847dc40 ConcurrentGCThread "G1 Main Marker"            [id=2284, stack(0x000000d025800000,0x000000d025900000) (1024K)]
  0x000002110847e650 WorkerThread "G1 Conc#0"                       [id=7096, stack(0x000000d025900000,0x000000d025a00000) (1024K)]
  0x000002110851e770 ConcurrentGCThread "G1 Refine#0"               [id=10752, stack(0x000000d025a00000,0x000000d025b00000) (1024K)]
  0x0000021122694850 ConcurrentGCThread "G1 Service"                [id=6688, stack(0x000000d025b00000,0x000000d025c00000) (1024K)]
Total: 10

Threads with active compile tasks:
C2 CompilerThread0   106760 4932   !   4       java.lang.ClassLoader::loadClass (121 bytes)
Total: 1

VM state: not at safepoint (normal execution)

VM Mutex/Monitor currently owned by a thread: None

Heap address: 0x00000000e0000000, size: 512 MB, Compressed Oops mode: 32-bit

CDS archive(s) mapped at: [0x0000021123000000-0x0000021123c90000-0x0000021123c90000), size 13172736, SharedBaseAddress: 0x0000021123000000, ArchiveRelocationMode: 1.
Compressed class space mapped at: 0x0000021124000000-0x0000021138000000, reserved size: 335544320
Narrow klass base: 0x0000021123000000, Narrow klass shift: 0, Narrow klass range: 0x100000000

GC Precious Log:
 CardTable entry size: 512
 Card Set container configuration: InlinePtr #cards 5 size 8 Array Of Cards #cards 12 size 40 Howl #buckets 4 coarsen threshold 1843 Howl Bitmap #cards 512 size 80 coarsen threshold 460 Card regions per heap region 1 cards per card region 2048
 CPUs: 4 total, 4 available
 Memory: 1949M
 Large Page Support: Disabled
 NUMA Support: Disabled
 Compressed Oops: Enabled (32-bit)
 Heap Region Size: 1M
 Heap Min Capacity: 256M
 Heap Initial Capacity: 256M
 Heap Max Capacity: 512M
 Pre-touch: Disabled
 Parallel Workers: 4
 Concurrent Workers: 1
 Concurrent Refinement Workers: 4
 Periodic GC: Disabled

Heap:
 garbage-first heap   total 262144K, used 39325K [0x00000000e0000000, 0x0000000100000000)
  region size 1024K, 8 young (8192K), 2 survivors (2048K)
 Metaspace       used 40146K, committed 41472K, reserved 393216K
  class space    used 5696K, committed 6336K, reserved 327680K

Heap Regions: E=young(eden), S=young(survivor), O=old, HS=humongous(starts), HC=humongous(continues), CS=collection set, F=free, TAMS=top-at-mark-start, PB=parsable bottom
|   0|0x00000000e0000000, 0x00000000e0100000, 0x00000000e0100000|100%| O|  |TAMS 0x00000000e0000000| PB 0x00000000e0000000| Untracked 
|   1|0x00000000e0100000, 0x00000000e0200000, 0x00000000e0200000|100%|HS|  |TAMS 0x00000000e0100000| PB 0x00000000e0100000| Complete 
|   2|0x00000000e0200000, 0x00000000e0300000, 0x00000000e0300000|100%|HC|  |TAMS 0x00000000e0200000| PB 0x00000000e0200000| Complete 
|   3|0x00000000e0300000, 0x00000000e0400000, 0x00000000e0400000|100%|HC|  |TAMS 0x00000000e0300000| PB 0x00000000e0300000| Complete 
|   4|0x00000000e0400000, 0x00000000e0500000, 0x00000000e0500000|100%|HC|  |TAMS 0x00000000e0400000| PB 0x00000000e0400000| Complete 
|   5|0x00000000e0500000, 0x00000000e0600000, 0x00000000e0600000|100%| O|  |TAMS 0x00000000e0500000| PB 0x00000000e0500000| Untracked 
|   6|0x00000000e0600000, 0x00000000e0700000, 0x00000000e0700000|100%| O|  |TAMS 0x00000000e0600000| PB 0x00000000e0600000| Untracked 
|   7|0x00000000e0700000, 0x00000000e0800000, 0x00000000e0800000|100%| O|  |TAMS 0x00000000e0700000| PB 0x00000000e0700000| Untracked 
|   8|0x00000000e0800000, 0x00000000e0900000, 0x00000000e0900000|100%| O|  |TAMS 0x00000000e0800000| PB 0x00000000e0800000| Untracked 
|   9|0x00000000e0900000, 0x00000000e0a00000, 0x00000000e0a00000|100%| O|  |TAMS 0x00000000e0900000| PB 0x00000000e0900000| Untracked 
|  10|0x00000000e0a00000, 0x00000000e0b00000, 0x00000000e0b00000|100%| O|  |TAMS 0x00000000e0a00000| PB 0x00000000e0a00000| Untracked 
|  11|0x00000000e0b00000, 0x00000000e0c00000, 0x00000000e0c00000|100%| O|  |TAMS 0x00000000e0b00000| PB 0x00000000e0b00000| Untracked 
|  12|0x00000000e0c00000, 0x00000000e0d00000, 0x00000000e0d00000|100%| O|  |TAMS 0x00000000e0c00000| PB 0x00000000e0c00000| Untracked 
|  13|0x00000000e0d00000, 0x00000000e0e00000, 0x00000000e0e00000|100%| O|  |TAMS 0x00000000e0d00000| PB 0x00000000e0d00000| Untracked 
|  14|0x00000000e0e00000, 0x00000000e0f00000, 0x00000000e0f00000|100%| O|  |TAMS 0x00000000e0e00000| PB 0x00000000e0e00000| Untracked 
|  15|0x00000000e0f00000, 0x00000000e1000000, 0x00000000e1000000|100%| O|  |TAMS 0x00000000e0f00000| PB 0x00000000e0f00000| Untracked 
|  16|0x00000000e1000000, 0x00000000e1100000, 0x00000000e1100000|100%| O|  |TAMS 0x00000000e1000000| PB 0x00000000e1000000| Untracked 
|  17|0x00000000e1100000, 0x00000000e1200000, 0x00000000e1200000|100%| O|  |TAMS 0x00000000e1100000| PB 0x00000000e1100000| Untracked 
|  18|0x00000000e1200000, 0x00000000e1300000, 0x00000000e1300000|100%| O|  |TAMS 0x00000000e1200000| PB 0x00000000e1200000| Untracked 
|  19|0x00000000e1300000, 0x00000000e1400000, 0x00000000e1400000|100%| O|  |TAMS 0x00000000e1300000| PB 0x00000000e1300000| Untracked 
|  20|0x00000000e1400000, 0x00000000e1500000, 0x00000000e1500000|100%| O|  |TAMS 0x00000000e1400000| PB 0x00000000e1400000| Untracked 
|  21|0x00000000e1500000, 0x00000000e1500000, 0x00000000e1600000|  0%| F|  |TAMS 0x00000000e1500000| PB 0x00000000e1500000| Untracked 
|  22|0x00000000e1600000, 0x00000000e1700000, 0x00000000e1700000|100%| O|  |TAMS 0x00000000e1600000| PB 0x00000000e1600000| Untracked 
|  23|0x00000000e1700000, 0x00000000e1800000, 0x00000000e1800000|100%| O|  |TAMS 0x00000000e1700000| PB 0x00000000e1700000| Untracked 
|  24|0x00000000e1800000, 0x00000000e1900000, 0x00000000e1900000|100%| O|  |TAMS 0x00000000e1800000| PB 0x00000000e1800000| Untracked 
|  25|0x00000000e1900000, 0x00000000e1a00000, 0x00000000e1a00000|100%| O|  |TAMS 0x00000000e1900000| PB 0x00000000e1900000| Untracked 
|  26|0x00000000e1a00000, 0x00000000e1b00000, 0x00000000e1b00000|100%| O|  |TAMS 0x00000000e1a00000| PB 0x00000000e1a00000| Untracked 
|  27|0x00000000e1b00000, 0x00000000e1c00000, 0x00000000e1c00000|100%| O|  |TAMS 0x00000000e1b00000| PB 0x00000000e1b00000| Untracked 
|  28|0x00000000e1c00000, 0x00000000e1d00000, 0x00000000e1d00000|100%| O|  |TAMS 0x00000000e1c00000| PB 0x00000000e1c00000| Untracked 
|  29|0x00000000e1d00000, 0x00000000e1e00000, 0x00000000e1e00000|100%| O|  |TAMS 0x00000000e1d00000| PB 0x00000000e1d00000| Untracked 
|  30|0x00000000e1e00000, 0x00000000e1f00000, 0x00000000e1f00000|100%| O|  |TAMS 0x00000000e1e00000| PB 0x00000000e1e00000| Untracked 
|  31|0x00000000e1f00000, 0x00000000e2000000, 0x00000000e2000000|100%| O|  |TAMS 0x00000000e1f00000| PB 0x00000000e1f00000| Untracked 
|  32|0x00000000e2000000, 0x00000000e20e9730, 0x00000000e2100000| 91%| O|  |TAMS 0x00000000e2000000| PB 0x00000000e2000000| Untracked 
|  33|0x00000000e2100000, 0x00000000e2100000, 0x00000000e2200000|  0%| F|  |TAMS 0x00000000e2100000| PB 0x00000000e2100000| Untracked 
|  34|0x00000000e2200000, 0x00000000e2200000, 0x00000000e2300000|  0%| F|  |TAMS 0x00000000e2200000| PB 0x00000000e2200000| Untracked 
|  35|0x00000000e2300000, 0x00000000e2300000, 0x00000000e2400000|  0%| F|  |TAMS 0x00000000e2300000| PB 0x00000000e2300000| Untracked 
|  36|0x00000000e2400000, 0x00000000e2400000, 0x00000000e2500000|  0%| F|  |TAMS 0x00000000e2400000| PB 0x00000000e2400000| Untracked 
|  37|0x00000000e2500000, 0x00000000e2500000, 0x00000000e2600000|  0%| F|  |TAMS 0x00000000e2500000| PB 0x00000000e2500000| Untracked 
|  38|0x00000000e2600000, 0x00000000e2600000, 0x00000000e2700000|  0%| F|  |TAMS 0x00000000e2600000| PB 0x00000000e2600000| Untracked 
|  39|0x00000000e2700000, 0x00000000e2700000, 0x00000000e2800000|  0%| F|  |TAMS 0x00000000e2700000| PB 0x00000000e2700000| Untracked 
|  40|0x00000000e2800000, 0x00000000e2800000, 0x00000000e2900000|  0%| F|  |TAMS 0x00000000e2800000| PB 0x00000000e2800000| Untracked 
|  41|0x00000000e2900000, 0x00000000e2900000, 0x00000000e2a00000|  0%| F|  |TAMS 0x00000000e2900000| PB 0x00000000e2900000| Untracked 
|  42|0x00000000e2a00000, 0x00000000e2a00000, 0x00000000e2b00000|  0%| F|  |TAMS 0x00000000e2a00000| PB 0x00000000e2a00000| Untracked 
|  43|0x00000000e2b00000, 0x00000000e2b00000, 0x00000000e2c00000|  0%| F|  |TAMS 0x00000000e2b00000| PB 0x00000000e2b00000| Untracked 
|  44|0x00000000e2c00000, 0x00000000e2c00000, 0x00000000e2d00000|  0%| F|  |TAMS 0x00000000e2c00000| PB 0x00000000e2c00000| Untracked 
|  45|0x00000000e2d00000, 0x00000000e2d00000, 0x00000000e2e00000|  0%| F|  |TAMS 0x00000000e2d00000| PB 0x00000000e2d00000| Untracked 
|  46|0x00000000e2e00000, 0x00000000e2e00000, 0x00000000e2f00000|  0%| F|  |TAMS 0x00000000e2e00000| PB 0x00000000e2e00000| Untracked 
|  47|0x00000000e2f00000, 0x00000000e2f00000, 0x00000000e3000000|  0%| F|  |TAMS 0x00000000e2f00000| PB 0x00000000e2f00000| Untracked 
|  48|0x00000000e3000000, 0x00000000e3000000, 0x00000000e3100000|  0%| F|  |TAMS 0x00000000e3000000| PB 0x00000000e3000000| Untracked 
|  49|0x00000000e3100000, 0x00000000e3100000, 0x00000000e3200000|  0%| F|  |TAMS 0x00000000e3100000| PB 0x00000000e3100000| Untracked 
|  50|0x00000000e3200000, 0x00000000e3200000, 0x00000000e3300000|  0%| F|  |TAMS 0x00000000e3200000| PB 0x00000000e3200000| Untracked 
|  51|0x00000000e3300000, 0x00000000e3300000, 0x00000000e3400000|  0%| F|  |TAMS 0x00000000e3300000| PB 0x00000000e3300000| Untracked 
|  52|0x00000000e3400000, 0x00000000e3400000, 0x00000000e3500000|  0%| F|  |TAMS 0x00000000e3400000| PB 0x00000000e3400000| Untracked 
|  53|0x00000000e3500000, 0x00000000e3500000, 0x00000000e3600000|  0%| F|  |TAMS 0x00000000e3500000| PB 0x00000000e3500000| Untracked 
|  54|0x00000000e3600000, 0x00000000e3600000, 0x00000000e3700000|  0%| F|  |TAMS 0x00000000e3600000| PB 0x00000000e3600000| Untracked 
|  55|0x00000000e3700000, 0x00000000e3700000, 0x00000000e3800000|  0%| F|  |TAMS 0x00000000e3700000| PB 0x00000000e3700000| Untracked 
|  56|0x00000000e3800000, 0x00000000e3800000, 0x00000000e3900000|  0%| F|  |TAMS 0x00000000e3800000| PB 0x00000000e3800000| Untracked 
|  57|0x00000000e3900000, 0x00000000e3900000, 0x00000000e3a00000|  0%| F|  |TAMS 0x00000000e3900000| PB 0x00000000e3900000| Untracked 
|  58|0x00000000e3a00000, 0x00000000e3a00000, 0x00000000e3b00000|  0%| F|  |TAMS 0x00000000e3a00000| PB 0x00000000e3a00000| Untracked 
|  59|0x00000000e3b00000, 0x00000000e3b00000, 0x00000000e3c00000|  0%| F|  |TAMS 0x00000000e3b00000| PB 0x00000000e3b00000| Untracked 
|  60|0x00000000e3c00000, 0x00000000e3c00000, 0x00000000e3d00000|  0%| F|  |TAMS 0x00000000e3c00000| PB 0x00000000e3c00000| Untracked 
|  61|0x00000000e3d00000, 0x00000000e3d00000, 0x00000000e3e00000|  0%| F|  |TAMS 0x00000000e3d00000| PB 0x00000000e3d00000| Untracked 
|  62|0x00000000e3e00000, 0x00000000e3e00000, 0x00000000e3f00000|  0%| F|  |TAMS 0x00000000e3e00000| PB 0x00000000e3e00000| Untracked 
|  63|0x00000000e3f00000, 0x00000000e3f00000, 0x00000000e4000000|  0%| F|  |TAMS 0x00000000e3f00000| PB 0x00000000e3f00000| Untracked 
|  64|0x00000000e4000000, 0x00000000e4000000, 0x00000000e4100000|  0%| F|  |TAMS 0x00000000e4000000| PB 0x00000000e4000000| Untracked 
|  65|0x00000000e4100000, 0x00000000e4100000, 0x00000000e4200000|  0%| F|  |TAMS 0x00000000e4100000| PB 0x00000000e4100000| Untracked 
|  66|0x00000000e4200000, 0x00000000e4200000, 0x00000000e4300000|  0%| F|  |TAMS 0x00000000e4200000| PB 0x00000000e4200000| Untracked 
|  67|0x00000000e4300000, 0x00000000e4300000, 0x00000000e4400000|  0%| F|  |TAMS 0x00000000e4300000| PB 0x00000000e4300000| Untracked 
|  68|0x00000000e4400000, 0x00000000e4400000, 0x00000000e4500000|  0%| F|  |TAMS 0x00000000e4400000| PB 0x00000000e4400000| Untracked 
|  69|0x00000000e4500000, 0x00000000e4500000, 0x00000000e4600000|  0%| F|  |TAMS 0x00000000e4500000| PB 0x00000000e4500000| Untracked 
|  70|0x00000000e4600000, 0x00000000e4600000, 0x00000000e4700000|  0%| F|  |TAMS 0x00000000e4600000| PB 0x00000000e4600000| Untracked 
|  71|0x00000000e4700000, 0x00000000e4700000, 0x00000000e4800000|  0%| F|  |TAMS 0x00000000e4700000| PB 0x00000000e4700000| Untracked 
|  72|0x00000000e4800000, 0x00000000e4800000, 0x00000000e4900000|  0%| F|  |TAMS 0x00000000e4800000| PB 0x00000000e4800000| Untracked 
|  73|0x00000000e4900000, 0x00000000e4900000, 0x00000000e4a00000|  0%| F|  |TAMS 0x00000000e4900000| PB 0x00000000e4900000| Untracked 
|  74|0x00000000e4a00000, 0x00000000e4a00000, 0x00000000e4b00000|  0%| F|  |TAMS 0x00000000e4a00000| PB 0x00000000e4a00000| Untracked 
|  75|0x00000000e4b00000, 0x00000000e4b00000, 0x00000000e4c00000|  0%| F|  |TAMS 0x00000000e4b00000| PB 0x00000000e4b00000| Untracked 
|  76|0x00000000e4c00000, 0x00000000e4c00000, 0x00000000e4d00000|  0%| F|  |TAMS 0x00000000e4c00000| PB 0x00000000e4c00000| Untracked 
|  77|0x00000000e4d00000, 0x00000000e4d00000, 0x00000000e4e00000|  0%| F|  |TAMS 0x00000000e4d00000| PB 0x00000000e4d00000| Untracked 
|  78|0x00000000e4e00000, 0x00000000e4e00000, 0x00000000e4f00000|  0%| F|  |TAMS 0x00000000e4e00000| PB 0x00000000e4e00000| Untracked 
|  79|0x00000000e4f00000, 0x00000000e4f00000, 0x00000000e5000000|  0%| F|  |TAMS 0x00000000e4f00000| PB 0x00000000e4f00000| Untracked 
|  80|0x00000000e5000000, 0x00000000e5000000, 0x00000000e5100000|  0%| F|  |TAMS 0x00000000e5000000| PB 0x00000000e5000000| Untracked 
|  81|0x00000000e5100000, 0x00000000e5100000, 0x00000000e5200000|  0%| F|  |TAMS 0x00000000e5100000| PB 0x00000000e5100000| Untracked 
|  82|0x00000000e5200000, 0x00000000e5200000, 0x00000000e5300000|  0%| F|  |TAMS 0x00000000e5200000| PB 0x00000000e5200000| Untracked 
|  83|0x00000000e5300000, 0x00000000e5300000, 0x00000000e5400000|  0%| F|  |TAMS 0x00000000e5300000| PB 0x00000000e5300000| Untracked 
|  84|0x00000000e5400000, 0x00000000e5400000, 0x00000000e5500000|  0%| F|  |TAMS 0x00000000e5400000| PB 0x00000000e5400000| Untracked 
|  85|0x00000000e5500000, 0x00000000e5500000, 0x00000000e5600000|  0%| F|  |TAMS 0x00000000e5500000| PB 0x00000000e5500000| Untracked 
|  86|0x00000000e5600000, 0x00000000e5600000, 0x00000000e5700000|  0%| F|  |TAMS 0x00000000e5600000| PB 0x00000000e5600000| Untracked 
|  87|0x00000000e5700000, 0x00000000e5700000, 0x00000000e5800000|  0%| F|  |TAMS 0x00000000e5700000| PB 0x00000000e5700000| Untracked 
|  88|0x00000000e5800000, 0x00000000e5800000, 0x00000000e5900000|  0%| F|  |TAMS 0x00000000e5800000| PB 0x00000000e5800000| Untracked 
|  89|0x00000000e5900000, 0x00000000e5900000, 0x00000000e5a00000|  0%| F|  |TAMS 0x00000000e5900000| PB 0x00000000e5900000| Untracked 
|  90|0x00000000e5a00000, 0x00000000e5a00000, 0x00000000e5b00000|  0%| F|  |TAMS 0x00000000e5a00000| PB 0x00000000e5a00000| Untracked 
|  91|0x00000000e5b00000, 0x00000000e5b00000, 0x00000000e5c00000|  0%| F|  |TAMS 0x00000000e5b00000| PB 0x00000000e5b00000| Untracked 
|  92|0x00000000e5c00000, 0x00000000e5c00000, 0x00000000e5d00000|  0%| F|  |TAMS 0x00000000e5c00000| PB 0x00000000e5c00000| Untracked 
|  93|0x00000000e5d00000, 0x00000000e5d00000, 0x00000000e5e00000|  0%| F|  |TAMS 0x00000000e5d00000| PB 0x00000000e5d00000| Untracked 
|  94|0x00000000e5e00000, 0x00000000e5e00000, 0x00000000e5f00000|  0%| F|  |TAMS 0x00000000e5e00000| PB 0x00000000e5e00000| Untracked 
|  95|0x00000000e5f00000, 0x00000000e5f00000, 0x00000000e6000000|  0%| F|  |TAMS 0x00000000e5f00000| PB 0x00000000e5f00000| Untracked 
|  96|0x00000000e6000000, 0x00000000e6000000, 0x00000000e6100000|  0%| F|  |TAMS 0x00000000e6000000| PB 0x00000000e6000000| Untracked 
|  97|0x00000000e6100000, 0x00000000e6100000, 0x00000000e6200000|  0%| F|  |TAMS 0x00000000e6100000| PB 0x00000000e6100000| Untracked 
|  98|0x00000000e6200000, 0x00000000e6200000, 0x00000000e6300000|  0%| F|  |TAMS 0x00000000e6200000| PB 0x00000000e6200000| Untracked 
|  99|0x00000000e6300000, 0x00000000e6300000, 0x00000000e6400000|  0%| F|  |TAMS 0x00000000e6300000| PB 0x00000000e6300000| Untracked 
| 100|0x00000000e6400000, 0x00000000e6400000, 0x00000000e6500000|  0%| F|  |TAMS 0x00000000e6400000| PB 0x00000000e6400000| Untracked 
| 101|0x00000000e6500000, 0x00000000e6500000, 0x00000000e6600000|  0%| F|  |TAMS 0x00000000e6500000| PB 0x00000000e6500000| Untracked 
| 102|0x00000000e6600000, 0x00000000e6600000, 0x00000000e6700000|  0%| F|  |TAMS 0x00000000e6600000| PB 0x00000000e6600000| Untracked 
| 103|0x00000000e6700000, 0x00000000e6700000, 0x00000000e6800000|  0%| F|  |TAMS 0x00000000e6700000| PB 0x00000000e6700000| Untracked 
| 104|0x00000000e6800000, 0x00000000e6800000, 0x00000000e6900000|  0%| F|  |TAMS 0x00000000e6800000| PB 0x00000000e6800000| Untracked 
| 105|0x00000000e6900000, 0x00000000e6900000, 0x00000000e6a00000|  0%| F|  |TAMS 0x00000000e6900000| PB 0x00000000e6900000| Untracked 
| 106|0x00000000e6a00000, 0x00000000e6a00000, 0x00000000e6b00000|  0%| F|  |TAMS 0x00000000e6a00000| PB 0x00000000e6a00000| Untracked 
| 107|0x00000000e6b00000, 0x00000000e6b00000, 0x00000000e6c00000|  0%| F|  |TAMS 0x00000000e6b00000| PB 0x00000000e6b00000| Untracked 
| 108|0x00000000e6c00000, 0x00000000e6c00000, 0x00000000e6d00000|  0%| F|  |TAMS 0x00000000e6c00000| PB 0x00000000e6c00000| Untracked 
| 109|0x00000000e6d00000, 0x00000000e6d00000, 0x00000000e6e00000|  0%| F|  |TAMS 0x00000000e6d00000| PB 0x00000000e6d00000| Untracked 
| 110|0x00000000e6e00000, 0x00000000e6e00000, 0x00000000e6f00000|  0%| F|  |TAMS 0x00000000e6e00000| PB 0x00000000e6e00000| Untracked 
| 111|0x00000000e6f00000, 0x00000000e6f00000, 0x00000000e7000000|  0%| F|  |TAMS 0x00000000e6f00000| PB 0x00000000e6f00000| Untracked 
| 112|0x00000000e7000000, 0x00000000e7000000, 0x00000000e7100000|  0%| F|  |TAMS 0x00000000e7000000| PB 0x00000000e7000000| Untracked 
| 113|0x00000000e7100000, 0x00000000e7100000, 0x00000000e7200000|  0%| F|  |TAMS 0x00000000e7100000| PB 0x00000000e7100000| Untracked 
| 114|0x00000000e7200000, 0x00000000e7200000, 0x00000000e7300000|  0%| F|  |TAMS 0x00000000e7200000| PB 0x00000000e7200000| Untracked 
| 115|0x00000000e7300000, 0x00000000e7300000, 0x00000000e7400000|  0%| F|  |TAMS 0x00000000e7300000| PB 0x00000000e7300000| Untracked 
| 116|0x00000000e7400000, 0x00000000e7400000, 0x00000000e7500000|  0%| F|  |TAMS 0x00000000e7400000| PB 0x00000000e7400000| Untracked 
| 117|0x00000000e7500000, 0x00000000e7500000, 0x00000000e7600000|  0%| F|  |TAMS 0x00000000e7500000| PB 0x00000000e7500000| Untracked 
| 118|0x00000000e7600000, 0x00000000e7600000, 0x00000000e7700000|  0%| F|  |TAMS 0x00000000e7600000| PB 0x00000000e7600000| Untracked 
| 119|0x00000000e7700000, 0x00000000e7700000, 0x00000000e7800000|  0%| F|  |TAMS 0x00000000e7700000| PB 0x00000000e7700000| Untracked 
| 120|0x00000000e7800000, 0x00000000e7800000, 0x00000000e7900000|  0%| F|  |TAMS 0x00000000e7800000| PB 0x00000000e7800000| Untracked 
| 121|0x00000000e7900000, 0x00000000e7900000, 0x00000000e7a00000|  0%| F|  |TAMS 0x00000000e7900000| PB 0x00000000e7900000| Untracked 
| 122|0x00000000e7a00000, 0x00000000e7a00000, 0x00000000e7b00000|  0%| F|  |TAMS 0x00000000e7a00000| PB 0x00000000e7a00000| Untracked 
| 123|0x00000000e7b00000, 0x00000000e7b00000, 0x00000000e7c00000|  0%| F|  |TAMS 0x00000000e7b00000| PB 0x00000000e7b00000| Untracked 
| 124|0x00000000e7c00000, 0x00000000e7c00000, 0x00000000e7d00000|  0%| F|  |TAMS 0x00000000e7c00000| PB 0x00000000e7c00000| Untracked 
| 125|0x00000000e7d00000, 0x00000000e7d00000, 0x00000000e7e00000|  0%| F|  |TAMS 0x00000000e7d00000| PB 0x00000000e7d00000| Untracked 
| 126|0x00000000e7e00000, 0x00000000e7e00000, 0x00000000e7f00000|  0%| F|  |TAMS 0x00000000e7e00000| PB 0x00000000e7e00000| Untracked 
| 127|0x00000000e7f00000, 0x00000000e7f00000, 0x00000000e8000000|  0%| F|  |TAMS 0x00000000e7f00000| PB 0x00000000e7f00000| Untracked 
| 128|0x00000000e8000000, 0x00000000e8000000, 0x00000000e8100000|  0%| F|  |TAMS 0x00000000e8000000| PB 0x00000000e8000000| Untracked 
| 129|0x00000000e8100000, 0x00000000e8100000, 0x00000000e8200000|  0%| F|  |TAMS 0x00000000e8100000| PB 0x00000000e8100000| Untracked 
| 130|0x00000000e8200000, 0x00000000e8200000, 0x00000000e8300000|  0%| F|  |TAMS 0x00000000e8200000| PB 0x00000000e8200000| Untracked 
| 131|0x00000000e8300000, 0x00000000e8300000, 0x00000000e8400000|  0%| F|  |TAMS 0x00000000e8300000| PB 0x00000000e8300000| Untracked 
| 132|0x00000000e8400000, 0x00000000e8400000, 0x00000000e8500000|  0%| F|  |TAMS 0x00000000e8400000| PB 0x00000000e8400000| Untracked 
| 133|0x00000000e8500000, 0x00000000e8500000, 0x00000000e8600000|  0%| F|  |TAMS 0x00000000e8500000| PB 0x00000000e8500000| Untracked 
| 134|0x00000000e8600000, 0x00000000e8600000, 0x00000000e8700000|  0%| F|  |TAMS 0x00000000e8600000| PB 0x00000000e8600000| Untracked 
| 135|0x00000000e8700000, 0x00000000e8700000, 0x00000000e8800000|  0%| F|  |TAMS 0x00000000e8700000| PB 0x00000000e8700000| Untracked 
| 136|0x00000000e8800000, 0x00000000e8800000, 0x00000000e8900000|  0%| F|  |TAMS 0x00000000e8800000| PB 0x00000000e8800000| Untracked 
| 137|0x00000000e8900000, 0x00000000e8900000, 0x00000000e8a00000|  0%| F|  |TAMS 0x00000000e8900000| PB 0x00000000e8900000| Untracked 
| 138|0x00000000e8a00000, 0x00000000e8a00000, 0x00000000e8b00000|  0%| F|  |TAMS 0x00000000e8a00000| PB 0x00000000e8a00000| Untracked 
| 139|0x00000000e8b00000, 0x00000000e8b00000, 0x00000000e8c00000|  0%| F|  |TAMS 0x00000000e8b00000| PB 0x00000000e8b00000| Untracked 
| 140|0x00000000e8c00000, 0x00000000e8c00000, 0x00000000e8d00000|  0%| F|  |TAMS 0x00000000e8c00000| PB 0x00000000e8c00000| Untracked 
| 141|0x00000000e8d00000, 0x00000000e8d00000, 0x00000000e8e00000|  0%| F|  |TAMS 0x00000000e8d00000| PB 0x00000000e8d00000| Untracked 
| 142|0x00000000e8e00000, 0x00000000e8e00000, 0x00000000e8f00000|  0%| F|  |TAMS 0x00000000e8e00000| PB 0x00000000e8e00000| Untracked 
| 143|0x00000000e8f00000, 0x00000000e8f00000, 0x00000000e9000000|  0%| F|  |TAMS 0x00000000e8f00000| PB 0x00000000e8f00000| Untracked 
| 144|0x00000000e9000000, 0x00000000e9000000, 0x00000000e9100000|  0%| F|  |TAMS 0x00000000e9000000| PB 0x00000000e9000000| Untracked 
| 145|0x00000000e9100000, 0x00000000e9100000, 0x00000000e9200000|  0%| F|  |TAMS 0x00000000e9100000| PB 0x00000000e9100000| Untracked 
| 146|0x00000000e9200000, 0x00000000e9200000, 0x00000000e9300000|  0%| F|  |TAMS 0x00000000e9200000| PB 0x00000000e9200000| Untracked 
| 147|0x00000000e9300000, 0x00000000e9300000, 0x00000000e9400000|  0%| F|  |TAMS 0x00000000e9300000| PB 0x00000000e9300000| Untracked 
| 148|0x00000000e9400000, 0x00000000e9400000, 0x00000000e9500000|  0%| F|  |TAMS 0x00000000e9400000| PB 0x00000000e9400000| Untracked 
| 149|0x00000000e9500000, 0x00000000e9500000, 0x00000000e9600000|  0%| F|  |TAMS 0x00000000e9500000| PB 0x00000000e9500000| Untracked 
| 150|0x00000000e9600000, 0x00000000e9600000, 0x00000000e9700000|  0%| F|  |TAMS 0x00000000e9600000| PB 0x00000000e9600000| Untracked 
| 151|0x00000000e9700000, 0x00000000e9700000, 0x00000000e9800000|  0%| F|  |TAMS 0x00000000e9700000| PB 0x00000000e9700000| Untracked 
| 152|0x00000000e9800000, 0x00000000e9800000, 0x00000000e9900000|  0%| F|  |TAMS 0x00000000e9800000| PB 0x00000000e9800000| Untracked 
| 153|0x00000000e9900000, 0x00000000e9900000, 0x00000000e9a00000|  0%| F|  |TAMS 0x00000000e9900000| PB 0x00000000e9900000| Untracked 
| 154|0x00000000e9a00000, 0x00000000e9a00000, 0x00000000e9b00000|  0%| F|  |TAMS 0x00000000e9a00000| PB 0x00000000e9a00000| Untracked 
| 155|0x00000000e9b00000, 0x00000000e9b00000, 0x00000000e9c00000|  0%| F|  |TAMS 0x00000000e9b00000| PB 0x00000000e9b00000| Untracked 
| 156|0x00000000e9c00000, 0x00000000e9c00000, 0x00000000e9d00000|  0%| F|  |TAMS 0x00000000e9c00000| PB 0x00000000e9c00000| Untracked 
| 157|0x00000000e9d00000, 0x00000000e9d00000, 0x00000000e9e00000|  0%| F|  |TAMS 0x00000000e9d00000| PB 0x00000000e9d00000| Untracked 
| 158|0x00000000e9e00000, 0x00000000e9e00000, 0x00000000e9f00000|  0%| F|  |TAMS 0x00000000e9e00000| PB 0x00000000e9e00000| Untracked 
| 159|0x00000000e9f00000, 0x00000000e9f00000, 0x00000000ea000000|  0%| F|  |TAMS 0x00000000e9f00000| PB 0x00000000e9f00000| Untracked 
| 160|0x00000000ea000000, 0x00000000ea000000, 0x00000000ea100000|  0%| F|  |TAMS 0x00000000ea000000| PB 0x00000000ea000000| Untracked 
| 161|0x00000000ea100000, 0x00000000ea100000, 0x00000000ea200000|  0%| F|  |TAMS 0x00000000ea100000| PB 0x00000000ea100000| Untracked 
| 162|0x00000000ea200000, 0x00000000ea200000, 0x00000000ea300000|  0%| F|  |TAMS 0x00000000ea200000| PB 0x00000000ea200000| Untracked 
| 163|0x00000000ea300000, 0x00000000ea300000, 0x00000000ea400000|  0%| F|  |TAMS 0x00000000ea300000| PB 0x00000000ea300000| Untracked 
| 164|0x00000000ea400000, 0x00000000ea400000, 0x00000000ea500000|  0%| F|  |TAMS 0x00000000ea400000| PB 0x00000000ea400000| Untracked 
| 165|0x00000000ea500000, 0x00000000ea500000, 0x00000000ea600000|  0%| F|  |TAMS 0x00000000ea500000| PB 0x00000000ea500000| Untracked 
| 166|0x00000000ea600000, 0x00000000ea600000, 0x00000000ea700000|  0%| F|  |TAMS 0x00000000ea600000| PB 0x00000000ea600000| Untracked 
| 167|0x00000000ea700000, 0x00000000ea700000, 0x00000000ea800000|  0%| F|  |TAMS 0x00000000ea700000| PB 0x00000000ea700000| Untracked 
| 168|0x00000000ea800000, 0x00000000ea800000, 0x00000000ea900000|  0%| F|  |TAMS 0x00000000ea800000| PB 0x00000000ea800000| Untracked 
| 169|0x00000000ea900000, 0x00000000ea900000, 0x00000000eaa00000|  0%| F|  |TAMS 0x00000000ea900000| PB 0x00000000ea900000| Untracked 
| 170|0x00000000eaa00000, 0x00000000eaa00000, 0x00000000eab00000|  0%| F|  |TAMS 0x00000000eaa00000| PB 0x00000000eaa00000| Untracked 
| 171|0x00000000eab00000, 0x00000000eab00000, 0x00000000eac00000|  0%| F|  |TAMS 0x00000000eab00000| PB 0x00000000eab00000| Untracked 
| 172|0x00000000eac00000, 0x00000000eac00000, 0x00000000ead00000|  0%| F|  |TAMS 0x00000000eac00000| PB 0x00000000eac00000| Untracked 
| 173|0x00000000ead00000, 0x00000000ead00000, 0x00000000eae00000|  0%| F|  |TAMS 0x00000000ead00000| PB 0x00000000ead00000| Untracked 
| 174|0x00000000eae00000, 0x00000000eae00000, 0x00000000eaf00000|  0%| F|  |TAMS 0x00000000eae00000| PB 0x00000000eae00000| Untracked 
| 175|0x00000000eaf00000, 0x00000000eaf00000, 0x00000000eb000000|  0%| F|  |TAMS 0x00000000eaf00000| PB 0x00000000eaf00000| Untracked 
| 176|0x00000000eb000000, 0x00000000eb000000, 0x00000000eb100000|  0%| F|  |TAMS 0x00000000eb000000| PB 0x00000000eb000000| Untracked 
| 177|0x00000000eb100000, 0x00000000eb100000, 0x00000000eb200000|  0%| F|  |TAMS 0x00000000eb100000| PB 0x00000000eb100000| Untracked 
| 178|0x00000000eb200000, 0x00000000eb200000, 0x00000000eb300000|  0%| F|  |TAMS 0x00000000eb200000| PB 0x00000000eb200000| Untracked 
| 179|0x00000000eb300000, 0x00000000eb300000, 0x00000000eb400000|  0%| F|  |TAMS 0x00000000eb300000| PB 0x00000000eb300000| Untracked 
| 180|0x00000000eb400000, 0x00000000eb400000, 0x00000000eb500000|  0%| F|  |TAMS 0x00000000eb400000| PB 0x00000000eb400000| Untracked 
| 181|0x00000000eb500000, 0x00000000eb500000, 0x00000000eb600000|  0%| F|  |TAMS 0x00000000eb500000| PB 0x00000000eb500000| Untracked 
| 182|0x00000000eb600000, 0x00000000eb600000, 0x00000000eb700000|  0%| F|  |TAMS 0x00000000eb600000| PB 0x00000000eb600000| Untracked 
| 183|0x00000000eb700000, 0x00000000eb700000, 0x00000000eb800000|  0%| F|  |TAMS 0x00000000eb700000| PB 0x00000000eb700000| Untracked 
| 184|0x00000000eb800000, 0x00000000eb800000, 0x00000000eb900000|  0%| F|  |TAMS 0x00000000eb800000| PB 0x00000000eb800000| Untracked 
| 185|0x00000000eb900000, 0x00000000eb900000, 0x00000000eba00000|  0%| F|  |TAMS 0x00000000eb900000| PB 0x00000000eb900000| Untracked 
| 186|0x00000000eba00000, 0x00000000eba00000, 0x00000000ebb00000|  0%| F|  |TAMS 0x00000000eba00000| PB 0x00000000eba00000| Untracked 
| 187|0x00000000ebb00000, 0x00000000ebb00000, 0x00000000ebc00000|  0%| F|  |TAMS 0x00000000ebb00000| PB 0x00000000ebb00000| Untracked 
| 188|0x00000000ebc00000, 0x00000000ebc00000, 0x00000000ebd00000|  0%| F|  |TAMS 0x00000000ebc00000| PB 0x00000000ebc00000| Untracked 
| 189|0x00000000ebd00000, 0x00000000ebd00000, 0x00000000ebe00000|  0%| F|  |TAMS 0x00000000ebd00000| PB 0x00000000ebd00000| Untracked 
| 190|0x00000000ebe00000, 0x00000000ebe00000, 0x00000000ebf00000|  0%| F|  |TAMS 0x00000000ebe00000| PB 0x00000000ebe00000| Untracked 
| 191|0x00000000ebf00000, 0x00000000ebf00000, 0x00000000ec000000|  0%| F|  |TAMS 0x00000000ebf00000| PB 0x00000000ebf00000| Untracked 
| 192|0x00000000ec000000, 0x00000000ec000000, 0x00000000ec100000|  0%| F|  |TAMS 0x00000000ec000000| PB 0x00000000ec000000| Untracked 
| 193|0x00000000ec100000, 0x00000000ec100000, 0x00000000ec200000|  0%| F|  |TAMS 0x00000000ec100000| PB 0x00000000ec100000| Untracked 
| 194|0x00000000ec200000, 0x00000000ec200000, 0x00000000ec300000|  0%| F|  |TAMS 0x00000000ec200000| PB 0x00000000ec200000| Untracked 
| 195|0x00000000ec300000, 0x00000000ec300000, 0x00000000ec400000|  0%| F|  |TAMS 0x00000000ec300000| PB 0x00000000ec300000| Untracked 
| 196|0x00000000ec400000, 0x00000000ec400000, 0x00000000ec500000|  0%| F|  |TAMS 0x00000000ec400000| PB 0x00000000ec400000| Untracked 
| 197|0x00000000ec500000, 0x00000000ec500000, 0x00000000ec600000|  0%| F|  |TAMS 0x00000000ec500000| PB 0x00000000ec500000| Untracked 
| 198|0x00000000ec600000, 0x00000000ec600000, 0x00000000ec700000|  0%| F|  |TAMS 0x00000000ec600000| PB 0x00000000ec600000| Untracked 
| 199|0x00000000ec700000, 0x00000000ec700000, 0x00000000ec800000|  0%| F|  |TAMS 0x00000000ec700000| PB 0x00000000ec700000| Untracked 
| 200|0x00000000ec800000, 0x00000000ec800000, 0x00000000ec900000|  0%| F|  |TAMS 0x00000000ec800000| PB 0x00000000ec800000| Untracked 
| 201|0x00000000ec900000, 0x00000000ec900000, 0x00000000eca00000|  0%| F|  |TAMS 0x00000000ec900000| PB 0x00000000ec900000| Untracked 
| 202|0x00000000eca00000, 0x00000000eca00000, 0x00000000ecb00000|  0%| F|  |TAMS 0x00000000eca00000| PB 0x00000000eca00000| Untracked 
| 203|0x00000000ecb00000, 0x00000000ecb00000, 0x00000000ecc00000|  0%| F|  |TAMS 0x00000000ecb00000| PB 0x00000000ecb00000| Untracked 
| 204|0x00000000ecc00000, 0x00000000ecc00000, 0x00000000ecd00000|  0%| F|  |TAMS 0x00000000ecc00000| PB 0x00000000ecc00000| Untracked 
| 205|0x00000000ecd00000, 0x00000000ecd00000, 0x00000000ece00000|  0%| F|  |TAMS 0x00000000ecd00000| PB 0x00000000ecd00000| Untracked 
| 206|0x00000000ece00000, 0x00000000ece00000, 0x00000000ecf00000|  0%| F|  |TAMS 0x00000000ece00000| PB 0x00000000ece00000| Untracked 
| 207|0x00000000ecf00000, 0x00000000ecf00000, 0x00000000ed000000|  0%| F|  |TAMS 0x00000000ecf00000| PB 0x00000000ecf00000| Untracked 
| 208|0x00000000ed000000, 0x00000000ed000000, 0x00000000ed100000|  0%| F|  |TAMS 0x00000000ed000000| PB 0x00000000ed000000| Untracked 
| 209|0x00000000ed100000, 0x00000000ed100000, 0x00000000ed200000|  0%| F|  |TAMS 0x00000000ed100000| PB 0x00000000ed100000| Untracked 
| 210|0x00000000ed200000, 0x00000000ed200000, 0x00000000ed300000|  0%| F|  |TAMS 0x00000000ed200000| PB 0x00000000ed200000| Untracked 
| 211|0x00000000ed300000, 0x00000000ed300000, 0x00000000ed400000|  0%| F|  |TAMS 0x00000000ed300000| PB 0x00000000ed300000| Untracked 
| 212|0x00000000ed400000, 0x00000000ed400000, 0x00000000ed500000|  0%| F|  |TAMS 0x00000000ed400000| PB 0x00000000ed400000| Untracked 
| 213|0x00000000ed500000, 0x00000000ed500000, 0x00000000ed600000|  0%| F|  |TAMS 0x00000000ed500000| PB 0x00000000ed500000| Untracked 
| 214|0x00000000ed600000, 0x00000000ed600000, 0x00000000ed700000|  0%| F|  |TAMS 0x00000000ed600000| PB 0x00000000ed600000| Untracked 
| 215|0x00000000ed700000, 0x00000000ed700000, 0x00000000ed800000|  0%| F|  |TAMS 0x00000000ed700000| PB 0x00000000ed700000| Untracked 
| 216|0x00000000ed800000, 0x00000000ed800000, 0x00000000ed900000|  0%| F|  |TAMS 0x00000000ed800000| PB 0x00000000ed800000| Untracked 
| 217|0x00000000ed900000, 0x00000000ed900000, 0x00000000eda00000|  0%| F|  |TAMS 0x00000000ed900000| PB 0x00000000ed900000| Untracked 
| 218|0x00000000eda00000, 0x00000000eda00000, 0x00000000edb00000|  0%| F|  |TAMS 0x00000000eda00000| PB 0x00000000eda00000| Untracked 
| 219|0x00000000edb00000, 0x00000000edb00000, 0x00000000edc00000|  0%| F|  |TAMS 0x00000000edb00000| PB 0x00000000edb00000| Untracked 
| 220|0x00000000edc00000, 0x00000000edc00000, 0x00000000edd00000|  0%| F|  |TAMS 0x00000000edc00000| PB 0x00000000edc00000| Untracked 
| 221|0x00000000edd00000, 0x00000000edd00000, 0x00000000ede00000|  0%| F|  |TAMS 0x00000000edd00000| PB 0x00000000edd00000| Untracked 
| 222|0x00000000ede00000, 0x00000000ede00000, 0x00000000edf00000|  0%| F|  |TAMS 0x00000000ede00000| PB 0x00000000ede00000| Untracked 
| 223|0x00000000edf00000, 0x00000000edf00000, 0x00000000ee000000|  0%| F|  |TAMS 0x00000000edf00000| PB 0x00000000edf00000| Untracked 
| 224|0x00000000ee000000, 0x00000000ee000000, 0x00000000ee100000|  0%| F|  |TAMS 0x00000000ee000000| PB 0x00000000ee000000| Untracked 
| 225|0x00000000ee100000, 0x00000000ee100000, 0x00000000ee200000|  0%| F|  |TAMS 0x00000000ee100000| PB 0x00000000ee100000| Untracked 
| 226|0x00000000ee200000, 0x00000000ee200000, 0x00000000ee300000|  0%| F|  |TAMS 0x00000000ee200000| PB 0x00000000ee200000| Untracked 
| 227|0x00000000ee300000, 0x00000000ee300000, 0x00000000ee400000|  0%| F|  |TAMS 0x00000000ee300000| PB 0x00000000ee300000| Untracked 
| 228|0x00000000ee400000, 0x00000000ee400000, 0x00000000ee500000|  0%| F|  |TAMS 0x00000000ee400000| PB 0x00000000ee400000| Untracked 
| 229|0x00000000ee500000, 0x00000000ee500000, 0x00000000ee600000|  0%| F|  |TAMS 0x00000000ee500000| PB 0x00000000ee500000| Untracked 
| 230|0x00000000ee600000, 0x00000000ee600000, 0x00000000ee700000|  0%| F|  |TAMS 0x00000000ee600000| PB 0x00000000ee600000| Untracked 
| 231|0x00000000ee700000, 0x00000000ee700000, 0x00000000ee800000|  0%| F|  |TAMS 0x00000000ee700000| PB 0x00000000ee700000| Untracked 
| 232|0x00000000ee800000, 0x00000000ee800000, 0x00000000ee900000|  0%| F|  |TAMS 0x00000000ee800000| PB 0x00000000ee800000| Untracked 
| 233|0x00000000ee900000, 0x00000000ee900000, 0x00000000eea00000|  0%| F|  |TAMS 0x00000000ee900000| PB 0x00000000ee900000| Untracked 
| 234|0x00000000eea00000, 0x00000000eea00000, 0x00000000eeb00000|  0%| F|  |TAMS 0x00000000eea00000| PB 0x00000000eea00000| Untracked 
| 235|0x00000000eeb00000, 0x00000000eeb00000, 0x00000000eec00000|  0%| F|  |TAMS 0x00000000eeb00000| PB 0x00000000eeb00000| Untracked 
| 236|0x00000000eec00000, 0x00000000eec00000, 0x00000000eed00000|  0%| F|  |TAMS 0x00000000eec00000| PB 0x00000000eec00000| Untracked 
| 237|0x00000000eed00000, 0x00000000eed00000, 0x00000000eee00000|  0%| F|  |TAMS 0x00000000eed00000| PB 0x00000000eed00000| Untracked 
| 238|0x00000000eee00000, 0x00000000eee00000, 0x00000000eef00000|  0%| F|  |TAMS 0x00000000eee00000| PB 0x00000000eee00000| Untracked 
| 239|0x00000000eef00000, 0x00000000eef00000, 0x00000000ef000000|  0%| F|  |TAMS 0x00000000eef00000| PB 0x00000000eef00000| Untracked 
| 240|0x00000000ef000000, 0x00000000ef000000, 0x00000000ef100000|  0%| F|  |TAMS 0x00000000ef000000| PB 0x00000000ef000000| Untracked 
| 241|0x00000000ef100000, 0x00000000ef100000, 0x00000000ef200000|  0%| F|  |TAMS 0x00000000ef100000| PB 0x00000000ef100000| Untracked 
| 242|0x00000000ef200000, 0x00000000ef200000, 0x00000000ef300000|  0%| F|  |TAMS 0x00000000ef200000| PB 0x00000000ef200000| Untracked 
| 243|0x00000000ef300000, 0x00000000ef300000, 0x00000000ef400000|  0%| F|  |TAMS 0x00000000ef300000| PB 0x00000000ef300000| Untracked 
| 244|0x00000000ef400000, 0x00000000ef400000, 0x00000000ef500000|  0%| F|  |TAMS 0x00000000ef400000| PB 0x00000000ef400000| Untracked 
| 245|0x00000000ef500000, 0x00000000ef500000, 0x00000000ef600000|  0%| F|  |TAMS 0x00000000ef500000| PB 0x00000000ef500000| Untracked 
| 246|0x00000000ef600000, 0x00000000ef600000, 0x00000000ef700000|  0%| F|  |TAMS 0x00000000ef600000| PB 0x00000000ef600000| Untracked 
| 247|0x00000000ef700000, 0x00000000ef77dde0, 0x00000000ef800000| 49%| S|CS|TAMS 0x00000000ef700000| PB 0x00000000ef700000| Complete 
| 248|0x00000000ef800000, 0x00000000ef900000, 0x00000000ef900000|100%| S|CS|TAMS 0x00000000ef800000| PB 0x00000000ef800000| Complete 
| 249|0x00000000ef900000, 0x00000000ef900000, 0x00000000efa00000|  0%| F|  |TAMS 0x00000000ef900000| PB 0x00000000ef900000| Untracked 
| 250|0x00000000efa00000, 0x00000000efae91c0, 0x00000000efb00000| 91%| E|  |TAMS 0x00000000efa00000| PB 0x00000000efa00000| Complete 
| 251|0x00000000efb00000, 0x00000000efc00000, 0x00000000efc00000|100%| E|CS|TAMS 0x00000000efb00000| PB 0x00000000efb00000| Complete 
| 252|0x00000000efc00000, 0x00000000efd00000, 0x00000000efd00000|100%| E|CS|TAMS 0x00000000efc00000| PB 0x00000000efc00000| Complete 
| 253|0x00000000efd00000, 0x00000000efe00000, 0x00000000efe00000|100%| E|CS|TAMS 0x00000000efd00000| PB 0x00000000efd00000| Complete 
| 254|0x00000000efe00000, 0x00000000eff00000, 0x00000000eff00000|100%| E|CS|TAMS 0x00000000efe00000| PB 0x00000000efe00000| Complete 
| 255|0x00000000eff00000, 0x00000000f0000000, 0x00000000f0000000|100%| E|CS|TAMS 0x00000000eff00000| PB 0x00000000eff00000| Complete 

Card table byte_map: [0x000002111f8c0000,0x000002111f9c0000] _byte_map_base: 0x000002111f1c0000

Marking Bits: (CMBitMap*) 0x0000021108479360
 Bits: [0x000002111f9c0000, 0x00000211201c0000)

Polling page: 0x0000021107c20000

Metaspace:

Usage:
  Non-class:     33.65 MB used.
      Class:      5.57 MB used.
       Both:     39.22 MB used.

Virtual space:
  Non-class space:       64.00 MB reserved,      34.31 MB ( 54%) committed,  1 nodes.
      Class space:      320.00 MB reserved,       6.19 MB (  2%) committed,  1 nodes.
             Both:      384.00 MB reserved,      40.50 MB ( 11%) committed. 

Chunk freelists:
   Non-Class:  13.02 MB
       Class:  9.64 MB
        Both:  22.66 MB

MaxMetaspaceSize: 384.00 MB
CompressedClassSpaceSize: 320.00 MB
Initial GC threshold: 21.00 MB
Current GC threshold: 58.69 MB
CDS: on
 - commit_granule_bytes: 65536.
 - commit_granule_words: 8192.
 - virtual_space_node_default_size: 8388608.
 - enlarge_chunks_in_place: 1.
 - use_allocation_guard: 0.


Internal statistics:

num_allocs_failed_limit: 6.
num_arena_births: 2322.
num_arena_deaths: 0.
num_vsnodes_births: 2.
num_vsnodes_deaths: 0.
num_space_committed: 648.
num_space_uncommitted: 0.
num_chunks_returned_to_freelist: 6.
num_chunks_taken_from_freelist: 4160.
num_chunk_merges: 6.
num_chunk_splits: 2655.
num_chunks_enlarged: 1605.
num_inconsistent_stats: 0.

CodeHeap 'non-profiled nmethods': size=120000Kb used=2366Kb max_used=2366Kb free=117633Kb
 bounds [0x0000021118390000, 0x0000021118600000, 0x000002111f8c0000]
CodeHeap 'profiled nmethods': size=120000Kb used=8712Kb max_used=8712Kb free=111287Kb
 bounds [0x00000211108c0000, 0x0000021111150000, 0x0000021117df0000]
CodeHeap 'non-nmethods': size=5760Kb used=2683Kb max_used=2705Kb free=3076Kb
 bounds [0x0000021117df0000, 0x00000211180a0000, 0x0000021118390000]
 total_blobs=5263 nmethods=4437 adapters=730
 compilation: enabled
              stopped_count=0, restarted_count=0
 full_count=0

Compilation events (20 events):
Event: 105.415 Thread 0x00000211227f8230 nmethod 4925 0x00000211185dee90 code [0x00000211185df000, 0x00000211185df0e0]
Event: 105.439 Thread 0x000002112292a080 4926       1       com.google.common.base.Suppliers$SupplierOfInstance::get (5 bytes)
Event: 105.439 Thread 0x000002112292a080 nmethod 4926 0x00000211185df190 code [0x00000211185df320, 0x00000211185df3e8]
Event: 105.487 Thread 0x000002112292a080 4927       3       com.google.common.collect.ImmutableCollection$Builder::<init> (5 bytes)
Event: 105.488 Thread 0x000002112292a080 nmethod 4927 0x0000021111140610 code [0x00000211111407c0, 0x0000021111140928]
Event: 105.574 Thread 0x000002112292a080 4928       1       com.google.common.cache.LocalCache$StrongEntry::setValueReference (6 bytes)
Event: 105.575 Thread 0x000002112292a080 nmethod 4928 0x00000211185df490 code [0x00000211185df620, 0x00000211185df738]
Event: 105.653 Thread 0x000002112292a080 4929       3       sun.net.www.protocol.file.Handler::openConnection (7 bytes)
Event: 105.654 Thread 0x000002112292a080 nmethod 4929 0x0000021111140a10 code [0x0000021111140bc0, 0x0000021111140d20]
Event: 105.654 Thread 0x000002112292a080 4930       3       sun.net.www.protocol.file.Handler::createFileURLConnection (10 bytes)
Event: 105.654 Thread 0x000002112292a080 nmethod 4930 0x0000021111140e10 code [0x0000021111140fc0, 0x0000021111141170]
Event: 105.753 Thread 0x000002112292a080 4931       3       com.google.common.base.Preconditions::checkState (17 bytes)
Event: 105.754 Thread 0x000002112292a080 nmethod 4931 0x0000021111141210 code [0x00000211111413e0, 0x0000021111141760]
Event: 105.769 Thread 0x00000211227f8230 4932   !   4       java.lang.ClassLoader::loadClass (121 bytes)
Event: 105.941 Thread 0x000002112292a080 4933       1       org.gradle.internal.operations.BuildOperationDescriptor::getParentId (5 bytes)
Event: 105.941 Thread 0x000002112292a080 nmethod 4933 0x00000211185df790 code [0x00000211185df920, 0x00000211185df9e8]
Event: 106.043 Thread 0x000002112292a080 4934       3       java.io.ObjectStreamField::getTypeString (16 bytes)
Event: 106.045 Thread 0x000002112292a080 nmethod 4934 0x0000021111141910 code [0x0000021111141b40, 0x0000021111142318]
Event: 106.045 Thread 0x000002112292a080 4935       3       java.io.ObjectOutputStream::writeTypeString (40 bytes)
Event: 106.046 Thread 0x000002112292a080 nmethod 4935 0x0000021111142690 code [0x00000211111428a0, 0x0000021111142cb0]

GC Heap History (18 events):
Event: 2.613 GC heap before
{Heap before GC invocations=0 (full 0):
 garbage-first heap   total 262144K, used 13312K [0x00000000e0000000, 0x0000000100000000)
  region size 1024K, 13 young (13312K), 0 survivors (0K)
 Metaspace       used 996K, committed 1152K, reserved 393216K
  class space    used 79K, committed 128K, reserved 327680K
}
Event: 2.633 GC heap after
{Heap after GC invocations=1 (full 0):
 garbage-first heap   total 262144K, used 2704K [0x00000000e0000000, 0x0000000100000000)
  region size 1024K, 2 young (2048K), 2 survivors (2048K)
 Metaspace       used 996K, committed 1152K, reserved 393216K
  class space    used 79K, committed 128K, reserved 327680K
}
Event: 7.566 GC heap before
{Heap before GC invocations=1 (full 0):
 garbage-first heap   total 262144K, used 28304K [0x00000000e0000000, 0x0000000100000000)
  region size 1024K, 24 young (24576K), 2 survivors (2048K)
 Metaspace       used 4129K, committed 4352K, reserved 393216K
  class space    used 502K, committed 640K, reserved 327680K
}
Event: 7.604 GC heap after
{Heap after GC invocations=2 (full 0):
 garbage-first heap   total 262144K, used 10661K [0x00000000e0000000, 0x0000000100000000)
  region size 1024K, 3 young (3072K), 3 survivors (3072K)
 Metaspace       used 4129K, committed 4352K, reserved 393216K
  class space    used 502K, committed 640K, reserved 327680K
}
Event: 11.401 GC heap before
{Heap before GC invocations=2 (full 0):
 garbage-first heap   total 262144K, used 36261K [0x00000000e0000000, 0x0000000100000000)
  region size 1024K, 27 young (27648K), 3 survivors (3072K)
 Metaspace       used 4229K, committed 4480K, reserved 393216K
  class space    used 504K, committed 640K, reserved 327680K
}
Event: 11.409 GC heap after
{Heap after GC invocations=3 (full 0):
 garbage-first heap   total 262144K, used 14847K [0x00000000e0000000, 0x0000000100000000)
  region size 1024K, 4 young (4096K), 4 survivors (4096K)
 Metaspace       used 4229K, committed 4480K, reserved 393216K
  class space    used 504K, committed 640K, reserved 327680K
}
Event: 38.308 GC heap before
{Heap before GC invocations=3 (full 0):
 garbage-first heap   total 262144K, used 107007K [0x00000000e0000000, 0x0000000100000000)
  region size 1024K, 96 young (98304K), 4 survivors (4096K)
 Metaspace       used 20862K, committed 21504K, reserved 393216K
  class space    used 2991K, committed 3328K, reserved 327680K
}
Event: 38.737 GC heap after
{Heap after GC invocations=4 (full 0):
 garbage-first heap   total 262144K, used 22500K [0x00000000e0000000, 0x0000000100000000)
  region size 1024K, 12 young (12288K), 12 survivors (12288K)
 Metaspace       used 20862K, committed 21504K, reserved 393216K
  class space    used 2991K, committed 3328K, reserved 327680K
}
Event: 52.030 GC heap before
{Heap before GC invocations=5 (full 0):
 garbage-first heap   total 262144K, used 40932K [0x00000000e0000000, 0x0000000100000000)
  region size 1024K, 30 young (30720K), 12 survivors (12288K)
 Metaspace       used 23282K, committed 24128K, reserved 393216K
  class space    used 3418K, committed 3840K, reserved 327680K
}
Event: 52.124 GC heap after
{Heap after GC invocations=6 (full 0):
 garbage-first heap   total 262144K, used 24196K [0x00000000e0000000, 0x0000000100000000)
  region size 1024K, 2 young (2048K), 2 survivors (2048K)
 Metaspace       used 23282K, committed 24128K, reserved 393216K
  class space    used 3418K, committed 3840K, reserved 327680K
}
Event: 68.524 GC heap before
{Heap before GC invocations=6 (full 0):
 garbage-first heap   total 262144K, used 81540K [0x00000000e0000000, 0x0000000100000000)
  region size 1024K, 58 young (59392K), 2 survivors (2048K)
 Metaspace       used 31234K, committed 32512K, reserved 393216K
  class space    used 4703K, committed 5312K, reserved 327680K
}
Event: 68.670 GC heap after
{Heap after GC invocations=7 (full 0):
 garbage-first heap   total 262144K, used 26651K [0x00000000e0000000, 0x0000000100000000)
  region size 1024K, 5 young (5120K), 5 survivors (5120K)
 Metaspace       used 31234K, committed 32512K, reserved 393216K
  class space    used 4703K, committed 5312K, reserved 327680K
}
Event: 71.150 GC heap before
{Heap before GC invocations=7 (full 0):
 garbage-first heap   total 262144K, used 38939K [0x00000000e0000000, 0x0000000100000000)
  region size 1024K, 18 young (18432K), 5 survivors (5120K)
 Metaspace       used 34794K, committed 35968K, reserved 393216K
  class space    used 5039K, committed 5632K, reserved 327680K
}
Event: 71.177 GC heap after
{Heap after GC invocations=8 (full 0):
 garbage-first heap   total 262144K, used 28911K [0x00000000e0000000, 0x0000000100000000)
  region size 1024K, 3 young (3072K), 3 survivors (3072K)
 Metaspace       used 34794K, committed 35968K, reserved 393216K
  class space    used 5039K, committed 5632K, reserved 327680K
}
Event: 101.561 GC heap before
{Heap before GC invocations=9 (full 0):
 garbage-first heap   total 262144K, used 80111K [0x00000000e0000000, 0x0000000100000000)
  region size 1024K, 49 young (50176K), 3 survivors (3072K)
 Metaspace       used 38675K, committed 39936K, reserved 393216K
  class space    used 5456K, committed 6080K, reserved 327680K
}
Event: 101.769 GC heap after
{Heap after GC invocations=10 (full 0):
 garbage-first heap   total 262144K, used 33302K [0x00000000e0000000, 0x0000000100000000)
  region size 1024K, 7 young (7168K), 7 survivors (7168K)
 Metaspace       used 38675K, committed 39936K, reserved 393216K
  class space    used 5456K, committed 6080K, reserved 327680K
}
Event: 104.408 GC heap before
{Heap before GC invocations=10 (full 0):
 garbage-first heap   total 262144K, used 40470K [0x00000000e0000000, 0x0000000100000000)
  region size 1024K, 14 young (14336K), 7 survivors (7168K)
 Metaspace       used 39339K, committed 40704K, reserved 393216K
  class space    used 5564K, committed 6208K, reserved 327680K
}
Event: 104.700 GC heap after
{Heap after GC invocations=11 (full 0):
 garbage-first heap   total 262144K, used 34205K [0x00000000e0000000, 0x0000000100000000)
  region size 1024K, 2 young (2048K), 2 survivors (2048K)
 Metaspace       used 39339K, committed 40704K, reserved 393216K
  class space    used 5564K, committed 6208K, reserved 327680K
}

Dll operation events (15 events):
Event: 0.023 Loaded shared library C:\Program Files\Java\jdk-21\bin\java.dll
Event: 0.132 Loaded shared library C:\Program Files\Java\jdk-21\bin\jsvml.dll
Event: 0.434 Loaded shared library C:\Program Files\Java\jdk-21\bin\zip.dll
Event: 0.448 Loaded shared library C:\Program Files\Java\jdk-21\bin\instrument.dll
Event: 0.468 Loaded shared library C:\Program Files\Java\jdk-21\bin\net.dll
Event: 0.473 Loaded shared library C:\Program Files\Java\jdk-21\bin\nio.dll
Event: 0.487 Loaded shared library C:\Program Files\Java\jdk-21\bin\zip.dll
Event: 2.262 Loaded shared library C:\Program Files\Java\jdk-21\bin\jimage.dll
Event: 2.802 Loaded shared library C:\Program Files\Java\jdk-21\bin\verify.dll
Event: 4.843 Loaded shared library C:\Users\jhonn\.gradle\native\c067742578af261105cb4f569cf0c3c89f3d7b1fecec35dd04571415982c5e48\windows-amd64\native-platform.dll
Event: 4.859 Loaded shared library C:\Users\jhonn\.gradle\native\38dada09dfb8b06ba9b0570ebf7e218e3eb74d4ef43ca46872605cf95ebc2f47\windows-amd64\native-platform-file-events.dll
Event: 16.511 Loaded shared library C:\Program Files\Java\jdk-21\bin\management.dll
Event: 16.528 Loaded shared library C:\Program Files\Java\jdk-21\bin\management_ext.dll
Event: 19.576 Loaded shared library C:\Program Files\Java\jdk-21\bin\extnet.dll
Event: 21.575 Loaded shared library C:\Program Files\Java\jdk-21\bin\sunmscapi.dll

Deoptimization events (20 events):
Event: 104.169 Thread 0x000002113d82ae70 Uncommon trap: trap_request=0xffffff45 fr.pc=0x00000211184638c4 relative=0x00000000000000a4
Event: 104.169 Thread 0x000002113d82ae70 Uncommon trap: reason=unstable_if action=reinterpret pc=0x00000211184638c4 method=java.lang.ref.ReferenceQueue.poll()Ljava/lang/ref/Reference; @ 4 c2
Event: 104.169 Thread 0x000002113d82ae70 DEOPT PACKING pc=0x00000211184638c4 sp=0x000000d0271f6860
Event: 104.169 Thread 0x000002113d82ae70 DEOPT UNPACKING pc=0x0000021117e446a2 sp=0x000000d0271f6748 mode 2
Event: 105.101 Thread 0x000002113d82ae70 Uncommon trap: trap_request=0xffffffde fr.pc=0x00000211184206a8 relative=0x0000000000002808
Event: 105.101 Thread 0x000002113d82ae70 Uncommon trap: reason=class_check action=maybe_recompile pc=0x00000211184206a8 method=java.util.regex.Pattern$CharProperty.study(Ljava/util/regex/Pattern$TreeInfo;)Z @ 25 c2
Event: 105.101 Thread 0x000002113d82ae70 DEOPT PACKING pc=0x00000211184206a8 sp=0x000000d0271fa320
Event: 105.101 Thread 0x000002113d82ae70 DEOPT UNPACKING pc=0x0000021117e446a2 sp=0x000000d0271fa218 mode 2
Event: 105.104 Thread 0x000002113d82ae70 Uncommon trap: trap_request=0xffffffde fr.pc=0x00000211184206a8 relative=0x0000000000002808
Event: 105.104 Thread 0x000002113d82ae70 Uncommon trap: reason=class_check action=maybe_recompile pc=0x00000211184206a8 method=java.util.regex.Pattern$CharProperty.study(Ljava/util/regex/Pattern$TreeInfo;)Z @ 25 c2
Event: 105.104 Thread 0x000002113d82ae70 DEOPT PACKING pc=0x00000211184206a8 sp=0x000000d0271fa320
Event: 105.104 Thread 0x000002113d82ae70 DEOPT UNPACKING pc=0x0000021117e446a2 sp=0x000000d0271fa218 mode 2
Event: 105.114 Thread 0x000002113d82ae70 Uncommon trap: trap_request=0xffffffde fr.pc=0x00000211184206a8 relative=0x0000000000002808
Event: 105.114 Thread 0x000002113d82ae70 Uncommon trap: reason=class_check action=maybe_recompile pc=0x00000211184206a8 method=java.util.regex.Pattern$CharProperty.study(Ljava/util/regex/Pattern$TreeInfo;)Z @ 25 c2
Event: 105.114 Thread 0x000002113d82ae70 DEOPT PACKING pc=0x00000211184206a8 sp=0x000000d0271fa320
Event: 105.114 Thread 0x000002113d82ae70 DEOPT UNPACKING pc=0x0000021117e446a2 sp=0x000000d0271fa218 mode 2
Event: 105.655 Thread 0x000002113d82ae70 Uncommon trap: trap_request=0xffffff45 fr.pc=0x00000211183ca390 relative=0x0000000000000070
Event: 105.655 Thread 0x000002113d82ae70 Uncommon trap: reason=unstable_if action=reinterpret pc=0x00000211183ca390 method=java.io.WinNTFileSystem.isSlash(C)Z @ 9 c2
Event: 105.655 Thread 0x000002113d82ae70 DEOPT PACKING pc=0x00000211183ca390 sp=0x000000d0271f9980
Event: 105.655 Thread 0x000002113d82ae70 DEOPT UNPACKING pc=0x0000021117e446a2 sp=0x000000d0271f98f8 mode 2

Classes loaded (20 events):
Event: 86.023 Loading class java/util/zip/GZIPOutputStream
Event: 86.031 Loading class java/util/zip/GZIPOutputStream done
Event: 101.996 Loading class java/nio/file/AtomicMoveNotSupportedException
Event: 102.024 Loading class java/nio/file/AtomicMoveNotSupportedException done
Event: 102.419 Loading class java/io/FileWriter
Event: 102.421 Loading class java/io/FileWriter done
Event: 104.084 Loading class java/util/function/IntBinaryOperator
Event: 104.089 Loading class java/util/function/IntBinaryOperator done
Event: 104.179 Loading class sun/reflect/generics/tree/BooleanSignature
Event: 104.181 Loading class sun/reflect/generics/tree/BooleanSignature done
Event: 104.241 Loading class org/xml/sax/Locator
Event: 104.244 Loading class org/xml/sax/Locator done
Event: 104.244 Loading class org/xml/sax/SAXParseException
Event: 104.245 Loading class org/xml/sax/SAXParseException done
Event: 104.245 Loading class org/xml/sax/Attributes
Event: 104.246 Loading class org/xml/sax/Attributes done
Event: 105.185 Loading class java/io/SerialCallbackContext
Event: 105.186 Loading class java/io/SerialCallbackContext done
Event: 105.551 Loading class java/util/DualPivotQuicksort
Event: 105.556 Loading class java/util/DualPivotQuicksort done

Classes unloaded (0 events):
No events

Classes redefined (0 events):
No events

Internal exceptions (20 events):
Event: 82.610 Thread 0x000002113d82ae70 Implicit null exception at 0x00000211184d2ff2 to 0x00000211184d3270
Event: 82.626 Thread 0x000002113d82ae70 Exception <a 'java/lang/NoSuchMethodError'{0x00000000ed792cb0}: 'int java.lang.invoke.DirectMethodHandle$Holder.invokeSpecial(java.lang.Object, java.lang.Object, java.lang.Object, int)'> (0x00000000ed792cb0) 
thrown [s\open\src\hotspot\share\interpreter\linkResolver.cpp, line 773]
Event: 82.654 Thread 0x000002113d82ae70 Exception <a 'java/lang/NoSuchMethodError'{0x00000000ed7a3aa8}: 'java.lang.Object java.lang.invoke.DirectMethodHandle$Holder.invokeStatic(java.lang.Object, java.lang.Object, java.lang.Object, java.lang.Object, int)'> (0x00000000ed7a3aa8) 
thrown [s\open\src\hotspot\share\interpreter\linkResolver.cpp, line 773]
Event: 83.341 Thread 0x000002113d82ae70 Exception <a 'java/lang/ClassNotFoundException'{0x00000000ed63a020}: org/gradle/initialization/DefaultSettings_DecoratedBeanInfo> (0x00000000ed63a020) 
thrown [s\open\src\hotspot\share\classfile\systemDictionary.cpp, line 312]
Event: 83.398 Thread 0x000002113d82ae70 Exception <a 'java/lang/ClassNotFoundException'{0x00000000ed648b28}: org/gradle/initialization/DefaultSettingsBeanInfo> (0x00000000ed648b28) 
thrown [s\open\src\hotspot\share\classfile\systemDictionary.cpp, line 312]
Event: 83.416 Thread 0x000002113d82ae70 Exception <a 'java/lang/ClassNotFoundException'{0x00000000ed656e10}: org/gradle/initialization/DefaultSettingsCustomizer> (0x00000000ed656e10) 
thrown [s\open\src\hotspot\share\classfile\systemDictionary.cpp, line 312]
Event: 84.225 Thread 0x000002113d82ae70 Exception <a 'java/lang/ClassNotFoundException'{0x00000000ed6a3468}: org/gradle/initialization/DefaultSettings_DecoratedCustomizer> (0x00000000ed6a3468) 
thrown [s\open\src\hotspot\share\classfile\systemDictionary.cpp, line 312]
Event: 85.329 Thread 0x000002113d82ae70 Exception <a 'java/lang/ClassNotFoundException'{0x00000000ed5495a0}: org/gradle/initialization/DefaultProjectDescriptorBeanInfo> (0x00000000ed5495a0) 
thrown [s\open\src\hotspot\share\classfile\systemDictionary.cpp, line 312]
Event: 85.336 Thread 0x000002113d82ae70 Exception <a 'java/lang/ClassNotFoundException'{0x00000000ed556788}: org/gradle/initialization/DefaultProjectDescriptorCustomizer> (0x00000000ed556788) 
thrown [s\open\src\hotspot\share\classfile\systemDictionary.cpp, line 312]
Event: 93.730 Thread 0x000002113d82ae70 Implicit null exception at 0x00000211185863fc to 0x00000211185864b4
Event: 97.517 Thread 0x000002113d828710 Exception <a 'java/lang/NoSuchMethodError'{0x00000000ed260c20}: static Lorg/gradle/internal/build/event/types/DefaultBuildPhaseDescriptor;.<clinit>()V> (0x00000000ed260c20) 
thrown [s\open\src\hotspot\share\prims\jni.cpp, line 1106]
Event: 103.999 Thread 0x000002113d82ae70 Exception <a 'java/lang/ClassNotFoundException'{0x00000000efcdf6f8}: org/gradle/internal/metaobject/ConfigureDelegateBeanInfo> (0x00000000efcdf6f8) 
thrown [s\open\src\hotspot\share\classfile\systemDictionary.cpp, line 312]
Event: 104.007 Thread 0x000002113d82ae70 Exception <a 'java/lang/ClassNotFoundException'{0x00000000efce9da8}: org/gradle/internal/metaobject/ConfigureDelegateCustomizer> (0x00000000efce9da8) 
thrown [s\open\src\hotspot\share\classfile\systemDictionary.cpp, line 312]
Event: 104.161 Thread 0x000002113d82ae70 Exception <a 'java/lang/ClassNotFoundException'{0x00000000efa7daa0}: org/gradle/api/internal/project/DefaultProject_DecoratedBeanInfo> (0x00000000efa7daa0) 
thrown [s\open\src\hotspot\share\classfile\systemDictionary.cpp, line 312]
Event: 104.163 Thread 0x000002113d82ae70 Exception <a 'java/lang/ClassNotFoundException'{0x00000000efa893b0}: org/gradle/api/internal/project/DefaultProjectBeanInfo> (0x00000000efa893b0) 
thrown [s\open\src\hotspot\share\classfile\systemDictionary.cpp, line 312]
Event: 104.166 Thread 0x000002113d82ae70 Exception <a 'java/lang/ClassNotFoundException'{0x00000000efa94f78}: org/gradle/api/internal/project/DefaultProjectCustomizer> (0x00000000efa94f78) 
thrown [s\open\src\hotspot\share\classfile\systemDictionary.cpp, line 312]
Event: 104.214 Thread 0x000002113d82ae70 Exception <a 'java/lang/ClassNotFoundException'{0x00000000ef94a0e0}: org/gradle/api/internal/project/DefaultProject_DecoratedCustomizer> (0x00000000ef94a0e0) 
thrown [s\open\src\hotspot\share\classfile\systemDictionary.cpp, line 312]
Event: 104.387 Thread 0x000002113d82ae70 Exception <a 'java/lang/ClassNotFoundException'{0x00000000ef9f4e60}: org/gradle/configuration/internal/DefaultListenerBuildOperationDecorator$BuildOperationEmittingClosureBeanInfo> (0x00000000ef9f4e60) 
thrown [s\open\src\hotspot\share\classfile\systemDictionary.cpp, line 312]
Event: 104.701 Thread 0x000002113d82ae70 Exception <a 'java/lang/ClassNotFoundException'{0x00000000eff02000}: org/gradle/configuration/internal/DefaultListenerBuildOperationDecorator$BuildOperationEmittingClosureCustomizer> (0x00000000eff02000) 
thrown [s\open\src\hotspot\share\classfile\systemDictionary.cpp, line 312]
Event: 105.166 Thread 0x000002113d828710 Exception <a 'java/lang/NoSuchMethodError'{0x00000000efff1458}: static Lorg/gradle/internal/build/event/types/DefaultProjectConfigurationDescriptor;.<clinit>()V> (0x00000000efff1458) 
thrown [s\open\src\hotspot\share\prims\jni.cpp, line 1106]

ZGC Phase Switch (0 events):
No events

VM Operations (20 events):
Event: 94.503 Executing VM operation: Cleanup
Event: 94.503 Executing VM operation: Cleanup done
Event: 97.547 Executing VM operation: Cleanup
Event: 97.563 Executing VM operation: Cleanup done
Event: 98.568 Executing VM operation: Cleanup
Event: 98.599 Executing VM operation: Cleanup done
Event: 99.600 Executing VM operation: Cleanup
Event: 99.620 Executing VM operation: Cleanup done
Event: 100.621 Executing VM operation: Cleanup
Event: 100.638 Executing VM operation: Cleanup done
Event: 101.558 Executing VM operation: G1CollectForAllocation (G1 Evacuation Pause)
Event: 101.770 Executing VM operation: G1CollectForAllocation (G1 Evacuation Pause) done
Event: 102.636 Executing VM operation: HandshakeAllThreads (Deoptimize)
Event: 102.637 Executing VM operation: HandshakeAllThreads (Deoptimize) done
Event: 103.642 Executing VM operation: Cleanup
Event: 103.642 Executing VM operation: Cleanup done
Event: 104.408 Executing VM operation: G1CollectForAllocation (G1 Evacuation Pause)
Event: 104.701 Executing VM operation: G1CollectForAllocation (G1 Evacuation Pause) done
Event: 105.708 Executing VM operation: Cleanup
Event: 105.725 Executing VM operation: Cleanup done

Events (20 events):
Event: 71.380 Thread 0x00000211227d5070 flushing nmethod 0x00000211183c6810
Event: 71.380 Thread 0x00000211227d5070 flushing nmethod 0x00000211183c9710
Event: 71.380 Thread 0x00000211227d5070 flushing nmethod 0x00000211183c8810
Event: 71.380 Thread 0x00000211227d5070 flushing nmethod 0x00000211183a1410
Event: 71.380 Thread 0x00000211227d5070 flushing nmethod 0x00000211183a0f10
Event: 71.380 Thread 0x00000211227d5070 flushing nmethod 0x00000211183a0b10
Event: 71.380 Thread 0x00000211227d5070 flushing nmethod 0x000002111839f890
Event: 71.380 Thread 0x00000211227d5070 flushing nmethod 0x000002111839e390
Event: 71.380 Thread 0x00000211227d5070 flushing nmethod 0x00000211183c4310
Event: 71.380 Thread 0x00000211227d5070 flushing nmethod 0x00000211183bb590
Event: 71.380 Thread 0x00000211227d5070 flushing nmethod 0x00000211183b9a90
Event: 71.380 Thread 0x00000211227d5070 flushing nmethod 0x00000211183b6a90
Event: 71.380 Thread 0x00000211227d5070 flushing nmethod 0x00000211183b6010
Event: 71.380 Thread 0x00000211227d5070 flushing nmethod 0x00000211183b4090
Event: 71.380 Thread 0x00000211227d5070 flushing nmethod 0x00000211183b3190
Event: 71.380 Thread 0x00000211227d5070 flushing nmethod 0x00000211183b2b90
Event: 71.380 Thread 0x00000211227d5070 flushing nmethod 0x0000021118399510
Event: 81.101 Thread 0x000002113d78cda0 Thread added: 0x000002113d78cda0
Event: 81.986 Thread 0x000002113d78d430 Thread added: 0x000002113d78d430
Event: 83.715 Thread 0x000002113d82b500 Thread exited: 0x000002113d82b500


Dynamic libraries:
0x00007ff76c120000 - 0x00007ff76c130000 	C:\Program Files\Java\jdk-21\bin\java.exe
0x00007ff85e330000 - 0x00007ff85e528000 	C:\WINDOWS\SYSTEM32\ntdll.dll
0x00007ff85d470000 - 0x00007ff85d532000 	C:\WINDOWS\System32\KERNEL32.DLL
0x00007ff85bfa0000 - 0x00007ff85c29e000 	C:\WINDOWS\System32\KERNELBASE.dll
0x00007ff85bb90000 - 0x00007ff85bc90000 	C:\WINDOWS\System32\ucrtbase.dll
0x00007ff83f570000 - 0x00007ff83f589000 	C:\Program Files\Java\jdk-21\bin\jli.dll
0x00007ff85d6b0000 - 0x00007ff85d761000 	C:\WINDOWS\System32\ADVAPI32.dll
0x00007ff85d5b0000 - 0x00007ff85d64e000 	C:\WINDOWS\System32\msvcrt.dll
0x00007ff85d3c0000 - 0x00007ff85d45f000 	C:\WINDOWS\System32\sechost.dll
0x00007ff85cac0000 - 0x00007ff85cbe3000 	C:\WINDOWS\System32\RPCRT4.dll
0x00007ff85bee0000 - 0x00007ff85bf07000 	C:\WINDOWS\System32\bcrypt.dll
0x00007ff83f2d0000 - 0x00007ff83f2eb000 	C:\Program Files\Java\jdk-21\bin\VCRUNTIME140.dll
0x00007ff85cbf0000 - 0x00007ff85cd8d000 	C:\WINDOWS\System32\USER32.dll
0x00007ff85baf0000 - 0x00007ff85bb12000 	C:\WINDOWS\System32\win32u.dll
0x00007ff85cd90000 - 0x00007ff85cdbb000 	C:\WINDOWS\System32\GDI32.dll
0x00007ff85b9d0000 - 0x00007ff85bae7000 	C:\WINDOWS\System32\gdi32full.dll
0x00007ff85be40000 - 0x00007ff85bedd000 	C:\WINDOWS\System32\msvcp_win.dll
0x00007ff84d600000 - 0x00007ff84d89a000 	C:\WINDOWS\WinSxS\amd64_microsoft.windows.common-controls_6595b64144ccf1df_6.0.19041.4355_none_60b8b9eb71f62e16\COMCTL32.dll
0x00007ff84f960000 - 0x00007ff84f96a000 	C:\WINDOWS\SYSTEM32\VERSION.dll
0x00007ff85e2c0000 - 0x00007ff85e2ef000 	C:\WINDOWS\System32\IMM32.DLL
0x00007ff83f290000 - 0x00007ff83f29c000 	C:\Program Files\Java\jdk-21\bin\vcruntime140_1.dll
0x00007ff83f1e0000 - 0x00007ff83f26e000 	C:\Program Files\Java\jdk-21\bin\msvcp140.dll
0x00007ff83e4c0000 - 0x00007ff83f1d7000 	C:\Program Files\Java\jdk-21\bin\server\jvm.dll
0x00007ff85ce50000 - 0x00007ff85cebb000 	C:\WINDOWS\System32\WS2_32.dll
0x00007ff85b830000 - 0x00007ff85b87b000 	C:\WINDOWS\SYSTEM32\POWRPROF.dll
0x00007ff84e8f0000 - 0x00007ff84e917000 	C:\WINDOWS\SYSTEM32\WINMM.dll
0x00007ff85b810000 - 0x00007ff85b822000 	C:\WINDOWS\SYSTEM32\UMPDC.dll
0x00007ff859850000 - 0x00007ff859862000 	C:\WINDOWS\SYSTEM32\kernel.appcore.dll
0x00007ff83e470000 - 0x00007ff83e47a000 	C:\Program Files\Java\jdk-21\bin\jimage.dll
0x00007ff84d3e0000 - 0x00007ff84d5c4000 	C:\WINDOWS\SYSTEM32\DBGHELP.DLL
0x00007ff84c920000 - 0x00007ff84c954000 	C:\WINDOWS\SYSTEM32\dbgcore.DLL
0x00007ff85bf10000 - 0x00007ff85bf92000 	C:\WINDOWS\System32\bcryptPrimitives.dll
0x00007ff828090000 - 0x00007ff82809f000 	C:\Program Files\Java\jdk-21\bin\instrument.dll
0x00007ff83df90000 - 0x00007ff83dfaf000 	C:\Program Files\Java\jdk-21\bin\java.dll
0x00007ff85c350000 - 0x00007ff85cabd000 	C:\WINDOWS\System32\SHELL32.dll
0x00007ff859a50000 - 0x00007ff85a1f4000 	C:\WINDOWS\SYSTEM32\windows.storage.dll
0x00007ff85da90000 - 0x00007ff85dde3000 	C:\WINDOWS\System32\combase.dll
0x00007ff85b330000 - 0x00007ff85b35e000 	C:\WINDOWS\SYSTEM32\Wldp.dll
0x00007ff85e140000 - 0x00007ff85e20d000 	C:\WINDOWS\System32\OLEAUT32.dll
0x00007ff85e210000 - 0x00007ff85e2bd000 	C:\WINDOWS\System32\SHCORE.dll
0x00007ff85ced0000 - 0x00007ff85cf25000 	C:\WINDOWS\System32\shlwapi.dll
0x00007ff85b900000 - 0x00007ff85b924000 	C:\WINDOWS\SYSTEM32\profapi.dll
0x00007ff83dcd0000 - 0x00007ff83dda7000 	C:\Program Files\Java\jdk-21\bin\jsvml.dll
0x00007ff83dbf0000 - 0x00007ff83dc08000 	C:\Program Files\Java\jdk-21\bin\zip.dll
0x00007ff83dcc0000 - 0x00007ff83dcd0000 	C:\Program Files\Java\jdk-21\bin\net.dll
0x00007ff8541e0000 - 0x00007ff8542ed000 	C:\WINDOWS\SYSTEM32\WINHTTP.dll
0x00007ff85b090000 - 0x00007ff85b0fa000 	C:\WINDOWS\system32\mswsock.dll
0x00007ff83ddb0000 - 0x00007ff83ddc6000 	C:\Program Files\Java\jdk-21\bin\nio.dll
0x00007ff838fa0000 - 0x00007ff838fb0000 	C:\Program Files\Java\jdk-21\bin\verify.dll
0x00007ff83f3e0000 - 0x00007ff83f407000 	C:\Users\jhonn\.gradle\native\c067742578af261105cb4f569cf0c3c89f3d7b1fecec35dd04571415982c5e48\windows-amd64\native-platform.dll
0x00007fffdf5e0000 - 0x00007fffdf724000 	C:\Users\jhonn\.gradle\native\38dada09dfb8b06ba9b0570ebf7e218e3eb74d4ef43ca46872605cf95ebc2f47\windows-amd64\native-platform-file-events.dll
0x00007ff83a730000 - 0x00007ff83a73a000 	C:\Program Files\Java\jdk-21\bin\management.dll
0x00007ff837770000 - 0x00007ff83777b000 	C:\Program Files\Java\jdk-21\bin\management_ext.dll
0x00007ff85d460000 - 0x00007ff85d468000 	C:\WINDOWS\System32\PSAPI.DLL
0x00007ff85b290000 - 0x00007ff85b2a8000 	C:\WINDOWS\SYSTEM32\CRYPTSP.dll
0x00007ff85a9b0000 - 0x00007ff85a9e4000 	C:\WINDOWS\system32\rsaenh.dll
0x00007ff85b8c0000 - 0x00007ff85b8ee000 	C:\WINDOWS\SYSTEM32\USERENV.dll
0x00007ff85b280000 - 0x00007ff85b28c000 	C:\WINDOWS\SYSTEM32\CRYPTBASE.dll
0x00007ff85ad70000 - 0x00007ff85adab000 	C:\WINDOWS\SYSTEM32\IPHLPAPI.DLL
0x00007ff85cec0000 - 0x00007ff85cec8000 	C:\WINDOWS\System32\NSI.dll
0x00007ff850310000 - 0x00007ff850319000 	C:\Program Files\Java\jdk-21\bin\extnet.dll
0x00007ff836a70000 - 0x00007ff836a7e000 	C:\Program Files\Java\jdk-21\bin\sunmscapi.dll
0x00007ff85bce0000 - 0x00007ff85be3c000 	C:\WINDOWS\System32\CRYPT32.dll
0x00007ff85b3a0000 - 0x00007ff85b3c7000 	C:\WINDOWS\SYSTEM32\ncrypt.dll
0x00007ff85b360000 - 0x00007ff85b39b000 	C:\WINDOWS\SYSTEM32\NTASN1.dll
0x00007ff83b520000 - 0x00007ff83b527000 	C:\WINDOWS\system32\wshunix.dll

dbghelp: loaded successfully - version: 4.0.5 - missing functions: none
symbol engine: initialized successfully - sym options: 0x614 - pdb path: .;C:\Program Files\Java\jdk-21\bin;C:\WINDOWS\SYSTEM32;C:\WINDOWS\WinSxS\amd64_microsoft.windows.common-controls_6595b64144ccf1df_6.0.19041.4355_none_60b8b9eb71f62e16;C:\Program Files\Java\jdk-21\bin\server;C:\Users\jhonn\.gradle\native\c067742578af261105cb4f569cf0c3c89f3d7b1fecec35dd04571415982c5e48\windows-amd64;C:\Users\jhonn\.gradle\native\38dada09dfb8b06ba9b0570ebf7e218e3eb74d4ef43ca46872605cf95ebc2f47\windows-amd64

VM Arguments:
jvm_args: --add-opens=java.base/java.util=ALL-UNNAMED --add-opens=java.base/java.lang=ALL-UNNAMED --add-opens=java.base/java.lang.invoke=ALL-UNNAMED --add-opens=java.prefs/java.util.prefs=ALL-UNNAMED --add-opens=java.base/java.nio.charset=ALL-UNNAMED --add-opens=java.base/java.net=ALL-UNNAMED --add-opens=java.base/java.util.concurrent.atomic=ALL-UNNAMED -XX:MaxMetaspaceSize=384m -XX:+HeapDumpOnOutOfMemoryError -Xms256m -Xmx512m -Dfile.encoding=utf8 -Duser.country=PE -Duser.language=es -Duser.variant -javaagent:C:\Users\jhonn\.gradle\wrapper\dists\gradle-8.7-bin\bhs2wmbdwecv87pi65oeuq5iu\gradle-8.7\lib\agents\gradle-instrumentation-agent-8.7.jar 
java_command: org.gradle.launcher.daemon.bootstrap.GradleDaemon 8.7
java_class_path (initial): C:\Users\jhonn\.gradle\wrapper\dists\gradle-8.7-bin\bhs2wmbdwecv87pi65oeuq5iu\gradle-8.7\lib\gradle-launcher-8.7.jar
Launcher Type: SUN_STANDARD

[Global flags]
     intx CICompilerCount                          = 3                                         {product} {ergonomic}
   size_t CompressedClassSpaceSize                 = 335544320                                 {product} {ergonomic}
     uint ConcGCThreads                            = 1                                         {product} {ergonomic}
     uint G1ConcRefinementThreads                  = 4                                         {product} {ergonomic}
   size_t G1HeapRegionSize                         = 1048576                                   {product} {ergonomic}
    uintx GCDrainStackTargetSize                   = 64                                        {product} {ergonomic}
     bool HeapDumpOnOutOfMemoryError               = true                                   {manageable} {command line}
   size_t InitialHeapSize                          = 268435456                                 {product} {command line}
   size_t MarkStackSize                            = 4194304                                   {product} {ergonomic}
   size_t MaxHeapSize                              = 536870912                                 {product} {command line}
   size_t MaxMetaspaceSize                         = 402653184                                 {product} {command line}
   size_t MaxNewSize                               = 321912832                                 {product} {ergonomic}
   size_t MinHeapDeltaBytes                        = 1048576                                   {product} {ergonomic}
   size_t MinHeapSize                              = 268435456                                 {product} {command line}
    uintx NonNMethodCodeHeapSize                   = 5832780                                {pd product} {ergonomic}
    uintx NonProfiledCodeHeapSize                  = 122912730                              {pd product} {ergonomic}
    uintx ProfiledCodeHeapSize                     = 122912730                              {pd product} {ergonomic}
    uintx ReservedCodeCacheSize                    = 251658240                              {pd product} {ergonomic}
     bool SegmentedCodeCache                       = true                                      {product} {ergonomic}
   size_t SoftMaxHeapSize                          = 536870912                              {manageable} {ergonomic}
     bool UseCompressedOops                        = true                           {product lp64_product} {ergonomic}
     bool UseG1GC                                  = true                                      {product} {ergonomic}
     bool UseLargePagesIndividualAllocation        = false                                  {pd product} {ergonomic}

Logging:
Log output configuration:
 #0: stdout all=warning uptime,level,tags foldmultilines=false
 #1: stderr all=off uptime,level,tags foldmultilines=false

Environment Variables:
JAVA_HOME=C:\Program Files\Java\jdk-21
PATH=C:\Program Files\Common Files\Oracle\Java\javapath;C:\oraclexe\app\oracle\product\11.2.0\server\bin;C:\WINDOWS\system32;C:\WINDOWS;C:\WINDOWS\System32\Wbem;C:\WINDOWS\System32\WindowsPowerShell\v1.0\;C:\WINDOWS\System32\OpenSSH\;C:\Program Files\Microsoft VS Code\bin;C:\Program Files\Microsoft SQL Server\Client SDK\ODBC\170\Tools\Binn\;C:\Program Files (x86)\Microsoft SQL Server\150\Tools\Binn\;C:\Program Files\Microsoft SQL Server\150\Tools\Binn\;C:\Program Files\Microsoft SQL Server\150\DTS\Binn\;C:\Program Files (x86)\Microsoft SQL Server\150\DTS\Binn\;C:\Program Files\Azure Data Studio\bin;C:\Program Files\Git\cmd;C:\apache-maven-3.8.4\bin;C:\Automatizacion\gradle-8.7\bin;C:\Program Files\Java\jdk-21\bin;C:\Users\jhonn\AppData\Local\Microsoft\WindowsApps;;C:\Program Files\Azure Data Studio\bin
USERNAME=jhonn
OS=Windows_NT
PROCESSOR_IDENTIFIER=Intel64 Family 6 Model 58 Stepping 9, GenuineIntel
TMP=C:\Users\jhonn\AppData\Local\Temp
TEMP=C:\Users\jhonn\AppData\Local\Temp




Periodic native trim disabled

---------------  S Y S T E M  ---------------

OS:
 Windows 10 , 64 bit Build 19041 (10.0.19041.5198)
OS uptime: 0 days 0:09 hours

CPU: total 4 (initial active 4) (2 cores per cpu, 2 threads per core) family 6 model 58 stepping 9 microcode 0x21, cx8, cmov, fxsr, ht, mmx, sse, sse2, sse3, ssse3, sse4.1, sse4.2, popcnt, tsc, tscinvbit, avx, erms, clmul, vzeroupper, clflush, rdtscp, f16c
Processor Information for all 4 processors :
  Max Mhz: 1901, Current Mhz: 1901, Mhz Limit: 1901

Memory: 4k page, system-wide physical 1949M (175M free)
TotalPageFile size 7837M (AvailPageFile size 1M)
current process WorkingSet (physical memory assigned to process): 95M, peak: 146M
current process commit charge ("private bytes"): 436M, peak: 438M

vm_info: Java HotSpot(TM) 64-Bit Server VM (21.0.2+13-LTS-58) for windows-amd64 JRE (21.0.2+13-LTS-58), built on 2024-01-05T18:32:24Z by "mach5one" with MS VC++ 17.1 (VS2022)

END.
