#
# There is insufficient memory for the Java Runtime Environment to continue.
# Native memory allocation (mmap) failed to map 65536 bytes for Failed to commit metaspace.
# Possible reasons:
#   The system is out of physical RAM or swap space
#   The process is running with CompressedOops enabled, and the Java Heap may be blocking the growth of the native heap
# Possible solutions:
#   Reduce memory load on the system
#   Increase physical memory or swap space
#   Check if swap backing store is full
#   Decrease Java heap size (-Xmx/-Xms)
#   Decrease number of Java threads
#   Decrease Java thread stack sizes (-Xss)
#   Set larger code cache with -XX:ReservedCodeCacheSize=
#     placed in the first 4GB address space. The Java Heap base address is the
#     maximum limit for the native heap growth. Please use -XX:HeapBaseMinAddress
#     to set the Java Heap base and to place the Java Heap above 4GB virtual address.
# This output file may be truncated or incomplete.
#
#  Out of Memory Error (virtualSpaceNode.cpp:110), pid=5644, tid=15140
#
# JRE version: OpenJDK Runtime Environment Temurin-17.0.10+7 (17.0.10+7) (build 17.0.10+7)
# Java VM: OpenJDK 64-Bit Server VM Temurin-17.0.10+7 (17.0.10+7, mixed mode, tiered, compressed oops, compressed class ptrs, parallel gc, windows-amd64)
# No core dump will be written. Minidumps are not enabled by default on client versions of Windows
#

---------------  S U M M A R Y ------------

Command Line: --add-modules=ALL-SYSTEM --add-opens=java.base/java.util=ALL-UNNAMED --add-opens=java.base/java.lang=ALL-UNNAMED --add-opens=java.base/sun.nio.fs=ALL-UNNAMED -Declipse.application=org.eclipse.jdt.ls.core.id1 -Dosgi.bundles.defaultStartLevel=4 -Declipse.product=org.eclipse.jdt.ls.core.product -Djava.import.generatesMetadataFilesAtProjectRoot=false -DDetectVMInstallationsJob.disabled=true -Dfile.encoding=utf8 -XX:+UseParallelGC -XX:GCTimeRatio=4 -XX:AdaptiveSizePolicyWeight=90 -Dsun.zip.disableMemoryMapping=true -Xmx1G -Xms100m -Xlog:disable -javaagent:c:\Users\jhonn\.vscode\extensions\redhat.java-1.29.0-win32-x64\lombok\lombok-1.18.32.jar c:\Users\jhonn\.vscode\extensions\redhat.java-1.29.0-win32-x64\server\plugins\org.eclipse.equinox.launcher_1.6.800.v20240304-1850.jar -configuration c:\Users\jhonn\AppData\Roaming\Code\User\globalStorage\redhat.java\1.29.0\config_ss_win -data c:\Users\jhonn\AppData\Roaming\Code\User\workspaceStorage\f926728e50f2738973d3538630756d0e\redhat.java\ss_ws --stdio

Host: Intel(R) Core(TM) i3-3227U CPU @ 1.90GHz, 4 cores, 1G,  Windows 10 , 64 bit Build 19041 (10.0.19041.3636)
Time: Mon Apr 15 21:13:25 2024 Hora est. Pacífico, Sudamérica elapsed time: 14.445382 seconds (0d 0h 0m 14s)

---------------  T H R E A D  ---------------

Current thread (0x00000132b34812c0):  JavaThread "Start Level: Equinox Container: 9fdc261d-a978-4ac5-866b-8246fa6b25b9" daemon [_thread_in_vm, id=15140, stack(0x0000001504600000,0x0000001504700000)]

Stack: [0x0000001504600000,0x0000001504700000]
Native frames: (J=compiled Java code, j=interpreted, Vv=VM code, C=native code)
V  [jvm.dll+0x67d2c9]
V  [jvm.dll+0x834afa]
V  [jvm.dll+0x8365be]
V  [jvm.dll+0x836c23]
V  [jvm.dll+0x2477ff]
V  [jvm.dll+0x8307bb]
V  [jvm.dll+0x621d16]
V  [jvm.dll+0x621d7a]
V  [jvm.dll+0x6245aa]
V  [jvm.dll+0x6226b6]
V  [jvm.dll+0x23d160]
V  [jvm.dll+0x1ec25b]
V  [jvm.dll+0x1e1c01]
V  [jvm.dll+0x5427ce]
V  [jvm.dll+0x1f2647]
V  [jvm.dll+0x7adf9b]
V  [jvm.dll+0x7af36c]
V  [jvm.dll+0x7af6b8]
V  [jvm.dll+0x23face]
V  [jvm.dll+0x38260e]
C  0x00000132a37aad9b

The last pc belongs to new (printed below).
Java frames: (J=compiled Java code, j=interpreted, Vv=VM code)
j  java.lang.invoke.ClassSpecializer$Factory.generateConcreteSpeciesCodeFile(Ljava/lang/String;Ljava/lang/invoke/ClassSpecializer$SpeciesData;)[B+100 java.base@17.0.10
j  java.lang.invoke.ClassSpecializer$Factory.generateConcreteSpeciesCode(Ljava/lang/String;Ljava/lang/invoke/ClassSpecializer$SpeciesData;)Ljava/lang/Class;+3 java.base@17.0.10
j  java.lang.invoke.ClassSpecializer$Factory.loadSpecies(Ljava/lang/invoke/ClassSpecializer$SpeciesData;)Ljava/lang/invoke/ClassSpecializer$SpeciesData;+102 java.base@17.0.10
j  java.lang.invoke.ClassSpecializer.findSpecies(Ljava/lang/Object;)Ljava/lang/invoke/ClassSpecializer$SpeciesData;+53 java.base@17.0.10
j  java.lang.invoke.BoundMethodHandle$SpeciesData.extendWith(B)Ljava/lang/invoke/BoundMethodHandle$SpeciesData;+46 java.base@17.0.10
j  java.lang.invoke.LambdaFormEditor.newSpeciesData(Ljava/lang/invoke/LambdaForm$BasicType;)Ljava/lang/invoke/BoundMethodHandle$SpeciesData;+9 java.base@17.0.10
j  java.lang.invoke.LambdaFormEditor.bindArgumentForm(I)Ljava/lang/invoke/LambdaForm;+78 java.base@17.0.10
j  java.lang.invoke.LambdaFormEditor.bindArgumentI(Ljava/lang/invoke/BoundMethodHandle;II)Ljava/lang/invoke/BoundMethodHandle;+44 java.base@17.0.10
j  java.lang.invoke.BoundMethodHandle.bindArgumentI(II)Ljava/lang/invoke/BoundMethodHandle;+7 java.base@17.0.10
j  java.lang.invoke.MethodHandles.insertArgumentPrimitive(Ljava/lang/invoke/BoundMethodHandle;ILjava/lang/Class;Ljava/lang/Object;)Ljava/lang/invoke/BoundMethodHandle;+118 java.base@17.0.10
j  java.lang.invoke.MethodHandles.insertArguments(Ljava/lang/invoke/MethodHandle;I[Ljava/lang/Object;)Ljava/lang/invoke/MethodHandle;+62 java.base@17.0.10
j  sun.invoke.util.ValueConversions.unbox(Lsun/invoke/util/Wrapper;I)Ljava/lang/invoke/MethodHandle;+165 java.base@17.0.10
j  sun.invoke.util.ValueConversions.unboxWiden(Lsun/invoke/util/Wrapper;)Ljava/lang/invoke/MethodHandle;+2 java.base@17.0.10
j  java.lang.invoke.MethodHandleImpl.valueConversion(Ljava/lang/Class;Ljava/lang/Class;ZZ)Ljava/lang/Object;+233 java.base@17.0.10
j  java.lang.invoke.MethodHandleImpl.computeValueConversions(Ljava/lang/invoke/MethodType;Ljava/lang/invoke/MethodType;ZZ)[Ljava/lang/Object;+108 java.base@17.0.10
j  java.lang.invoke.MethodHandleImpl.makePairwiseConvertByEditor(Ljava/lang/invoke/MethodHandle;Ljava/lang/invoke/MethodType;ZZ)Ljava/lang/invoke/MethodHandle;+10 java.base@17.0.10
j  java.lang.invoke.MethodHandleImpl.makePairwiseConvert(Ljava/lang/invoke/MethodHandle;Ljava/lang/invoke/MethodType;ZZ)Ljava/lang/invoke/MethodHandle;+18 java.base@17.0.10
j  java.lang.invoke.MethodHandleImpl.makePairwiseConvert(Ljava/lang/invoke/MethodHandle;Ljava/lang/invoke/MethodType;Z)Ljava/lang/invoke/MethodHandle;+4 java.base@17.0.10
j  java.lang.invoke.MethodHandle.asTypeUncached(Ljava/lang/invoke/MethodType;)Ljava/lang/invoke/MethodHandle;+51 java.base@17.0.10
j  java.lang.invoke.MethodHandle.asType(Ljava/lang/invoke/MethodType;)Ljava/lang/invoke/MethodHandle;+24 java.base@17.0.10
j  java.lang.invoke.MethodHandle.invokeWithArguments([Ljava/lang/Object;)Ljava/lang/Object;+24 java.base@17.0.10
v  ~StubRoutines::call_stub
j  jdk.internal.reflect.NativeMethodAccessorImpl.invoke0(Ljava/lang/reflect/Method;Ljava/lang/Object;[Ljava/lang/Object;)Ljava/lang/Object;+0 java.base@17.0.10
j  jdk.internal.reflect.NativeMethodAccessorImpl.invoke(Ljava/lang/Object;[Ljava/lang/Object;)Ljava/lang/Object;+133 java.base@17.0.10
J 1222 c1 jdk.internal.reflect.DelegatingMethodAccessorImpl.invoke(Ljava/lang/Object;[Ljava/lang/Object;)Ljava/lang/Object; java.base@17.0.10 (10 bytes) @ 0x000001329c48a8bc [0x000001329c48a7c0+0x00000000000000fc]
J 1221 c1 java.lang.reflect.Method.invoke(Ljava/lang/Object;[Ljava/lang/Object;)Ljava/lang/Object; java.base@17.0.10 (65 bytes) @ 0x000001329c489fac [0x000001329c489c80+0x000000000000032c]
j  org.eclipse.osgi.internal.loader.ModuleClassLoader.overrideLoadResult(Ljava/lang/ClassLoader;Ljava/lang/String;Z)Ljava/lang/Class;+587
J 1647 c1 org.eclipse.osgi.internal.loader.ModuleClassLoader.loadClass(Ljava/lang/String;Z)Ljava/lang/Class; (36 bytes) @ 0x000001329c56403c [0x000001329c563d20+0x000000000000031c]
J 786 c1 java.lang.ClassLoader.loadClass(Ljava/lang/String;)Ljava/lang/Class; java.base@17.0.10 (7 bytes) @ 0x000001329c3b08bc [0x000001329c3b07c0+0x00000000000000fc]
v  ~StubRoutines::call_stub
j  org.eclipse.core.internal.runtime.Product.addLombokNotesToEclipseAboutDialog(Ljava/lang/String;Ljava/lang/String;)Ljava/lang/String;+0
j  org.eclipse.core.internal.runtime.Product.getProperty(Ljava/lang/String;)Ljava/lang/String;+11
j  org.eclipse.core.internal.preferences.legacy.ProductPreferencesService.initValues()V+102
j  org.eclipse.core.internal.preferences.legacy.ProductPreferencesService.getProductCustomization()Ljava/util/Properties;+1
j  org.eclipse.core.internal.preferences.DefaultPreferences.initializeCustomizations()V+44
j  org.eclipse.core.internal.preferences.DefaultPreferences.load()V+26
j  org.eclipse.core.internal.preferences.EclipsePreferences.create(Lorg/eclipse/core/internal/preferences/EclipsePreferences;Ljava/lang/String;Ljava/lang/Object;)Lorg/eclipse/core/runtime/preferences/IEclipsePreferences;+64
j  org.eclipse.core.internal.preferences.EclipsePreferences.internalNode(Ljava/lang/String;ZLjava/lang/Object;)Lorg/eclipse/core/runtime/preferences/IEclipsePreferences;+91
j  org.eclipse.core.internal.preferences.EclipsePreferences.node(Ljava/lang/String;)Lorg/osgi/service/prefs/Preferences;+4
j  org.eclipse.core.internal.preferences.AbstractScope.getNode(Ljava/lang/String;)Lorg/eclipse/core/runtime/preferences/IEclipsePreferences;+28
j  org.eclipse.core.internal.resources.WorkspaceDescription.<init>(Ljava/lang/String;)V+10
j  org.eclipse.core.internal.resources.WorkspacePreferences.<init>()V+3
j  org.eclipse.core.internal.resources.Workspace.open(Lorg/eclipse/core/runtime/IProgressMonitor;)Lorg/eclipse/core/runtime/IStatus;+85
j  org.eclipse.core.resources.ResourcesPlugin$WorkspaceInitCustomizer.addingService(Lorg/osgi/framework/ServiceReference;)Lorg/eclipse/core/internal/resources/Workspace;+45
j  org.eclipse.core.resources.ResourcesPlugin$WorkspaceInitCustomizer.addingService(Lorg/osgi/framework/ServiceReference;)Ljava/lang/Object;+5
j  org.osgi.util.tracker.ServiceTracker$Tracked.customizerAdding(Lorg/osgi/framework/ServiceReference;Lorg/osgi/framework/ServiceEvent;)Ljava/lang/Object;+8
j  org.osgi.util.tracker.ServiceTracker$Tracked.customizerAdding(Ljava/lang/Object;Ljava/lang/Object;)Ljava/lang/Object;+9
j  org.osgi.util.tracker.AbstractTracked.trackAdding(Ljava/lang/Object;Ljava/lang/Object;)V+8
j  org.osgi.util.tracker.AbstractTracked.trackInitial()V+90
j  org.osgi.util.tracker.ServiceTracker.open(Z)V+198
j  org.osgi.util.tracker.ServiceTracker.open()V+2
j  org.eclipse.core.resources.ResourcesPlugin.start(Lorg/osgi/framework/BundleContext;)V+106
j  org.eclipse.osgi.internal.framework.BundleContextImpl$2.run()Ljava/lang/Void;+23
j  org.eclipse.osgi.internal.framework.BundleContextImpl$2.run()Ljava/lang/Object;+1
J 884 c1 java.security.AccessController.executePrivileged(Ljava/security/PrivilegedExceptionAction;Ljava/security/AccessControlContext;Ljava/lang/Class;)Ljava/lang/Object; java.base@17.0.10 (65 bytes) @ 0x000001329c3deeb4 [0x000001329c3ded60+0x0000000000000154]
j  java.security.AccessController.doPrivileged(Ljava/security/PrivilegedExceptionAction;)Ljava/lang/Object;+9 java.base@17.0.10
j  org.eclipse.osgi.internal.framework.BundleContextImpl.startActivator(Lorg/osgi/framework/BundleActivator;)V+9
j  org.eclipse.osgi.internal.framework.BundleContextImpl.start()V+134
j  org.eclipse.osgi.internal.framework.EquinoxBundle.startWorker0()V+35
j  org.eclipse.osgi.internal.framework.EquinoxBundle$EquinoxModule.startWorker()V+4
j  org.eclipse.osgi.container.Module.doStart([Lorg/eclipse/osgi/container/Module$StartOptions;)Lorg/eclipse/osgi/container/ModuleContainerAdaptor$ModuleEvent;+190
j  org.eclipse.osgi.container.Module.start([Lorg/eclipse/osgi/container/Module$StartOptions;)V+460
j  org.eclipse.osgi.framework.util.SecureAction.start(Lorg/eclipse/osgi/container/Module;[Lorg/eclipse/osgi/container/Module$StartOptions;)V+8
J 1724 c1 org.eclipse.osgi.internal.hooks.EclipseLazyStarter.postFindLocalClass(Ljava/lang/String;Ljava/lang/Class;Lorg/eclipse/osgi/internal/loader/classpath/ClasspathManager;)V (394 bytes) @ 0x000001329c58d1dc [0x000001329c58c260+0x0000000000000f7c]
J 1845 c1 org.eclipse.osgi.internal.loader.classpath.ClasspathManager.findLocalClass(Ljava/lang/String;)Ljava/lang/Class; (210 bytes) @ 0x000001329c5d08d4 [0x000001329c5cf920+0x0000000000000fb4]
J 1722 c1 org.eclipse.osgi.internal.loader.BundleLoader.findLocalClass(Ljava/lang/String;)Ljava/lang/Class; (152 bytes) @ 0x000001329c58a26c [0x000001329c589a20+0x000000000000084c]
J 1645 c1 org.eclipse.osgi.internal.loader.BundleLoader.findClass0(Ljava/lang/String;ZZ)Ljava/lang/Class; (470 bytes) @ 0x000001329c560f14 [0x000001329c55e820+0x00000000000026f4]
J 1644 c1 org.eclipse.osgi.internal.loader.BundleLoader.findClass(Ljava/lang/String;)Ljava/lang/Class; (8 bytes) @ 0x000001329c55df1c [0x000001329c55dea0+0x000000000000007c]
J 1647 c1 org.eclipse.osgi.internal.loader.ModuleClassLoader.loadClass(Ljava/lang/String;Z)Ljava/lang/Class; (36 bytes) @ 0x000001329c563f3c [0x000001329c563d20+0x000000000000021c]
J 786 c1 java.lang.ClassLoader.loadClass(Ljava/lang/String;)Ljava/lang/Class; java.base@17.0.10 (7 bytes) @ 0x000001329c3b08bc [0x000001329c3b07c0+0x00000000000000fc]
v  ~StubRoutines::call_stub
j  java.lang.Class.getDeclaredConstructors0(Z)[Ljava/lang/reflect/Constructor;+0 java.base@17.0.10
j  java.lang.Class.privateGetDeclaredConstructors(Z)[Ljava/lang/reflect/Constructor;+52 java.base@17.0.10
j  java.lang.Class.getConstructor0([Ljava/lang/Class;I)Ljava/lang/reflect/Constructor;+14 java.base@17.0.10
j  java.lang.Class.getConstructor([Ljava/lang/Class;)Ljava/lang/reflect/Constructor;+24 java.base@17.0.10
j  org.eclipse.osgi.internal.framework.BundleContextImpl.loadBundleActivator()Lorg/osgi/framework/BundleActivator;+105
j  org.eclipse.osgi.internal.framework.BundleContextImpl.start()V+18
j  org.eclipse.osgi.internal.framework.EquinoxBundle.startWorker0()V+35
j  org.eclipse.osgi.internal.framework.EquinoxBundle$EquinoxModule.startWorker()V+4
j  org.eclipse.osgi.container.Module.doStart([Lorg/eclipse/osgi/container/Module$StartOptions;)Lorg/eclipse/osgi/container/ModuleContainerAdaptor$ModuleEvent;+190
j  org.eclipse.osgi.container.Module.start([Lorg/eclipse/osgi/container/Module$StartOptions;)V+460
j  org.eclipse.osgi.container.ModuleContainer$ContainerStartLevel$2.run()V+71
j  org.eclipse.osgi.internal.framework.EquinoxContainerAdaptor$1$1.execute(Ljava/lang/Runnable;)V+1
j  org.eclipse.osgi.container.ModuleContainer$ContainerStartLevel.incStartLevel(ILjava/util/List;Z)V+193
j  org.eclipse.osgi.container.ModuleContainer$ContainerStartLevel.incStartLevel(ILjava/util/List;Ljava/util/List;Ljava/util/List;Ljava/util/List;)V+19
j  org.eclipse.osgi.container.ModuleContainer$ContainerStartLevel.doContainerStartLevel(Lorg/eclipse/osgi/container/Module;I[Lorg/osgi/framework/FrameworkListener;)V+349
j  org.eclipse.osgi.container.ModuleContainer$ContainerStartLevel.dispatchEvent(Lorg/eclipse/osgi/container/Module;[Lorg/osgi/framework/FrameworkListener;ILjava/lang/Integer;)V+32
j  org.eclipse.osgi.container.ModuleContainer$ContainerStartLevel.dispatchEvent(Ljava/lang/Object;Ljava/lang/Object;ILjava/lang/Object;)V+15
j  org.eclipse.osgi.framework.eventmgr.EventManager.dispatchEvent(Ljava/util/Set;Lorg/eclipse/osgi/framework/eventmgr/EventDispatcher;ILjava/lang/Object;)V+48
j  org.eclipse.osgi.framework.eventmgr.EventManager$EventThread.run()V+26
v  ~StubRoutines::call_stub
new  187 new  [0x00000132a37aac00, 0x00000132a37aae20]  544 bytes
[MachCode]
  0x00000132a37aac00: 4883 ec08 | c5fa 1104 | 24eb 1f48 | 83ec 10c5 | fb11 0424 | eb14 4883 | ec10 4889 | 0424 48c7 
  0x00000132a37aac20: 4424 0800 | 0000 00eb | 0150 410f | b755 010f | cac1 ea10 | 488b 4de8 | 488b 4908 | 488b 4908 
  0x00000132a37aac40: 488b 4108 | 807c 1004 | 070f 85d6 | 0000 0066 | 8b54 d148 | 488b 4928 | 488b 4cd1 | 0851 80b9 
  0x00000132a37aac60: 3301 0000 | 040f 85b9 | 0000 008b | 5108 f7c2 | 0100 0000 | 0f85 aa00 | 0000 498b | 8708 0100 
  0x00000132a37aac80: 0048 8d1c | 1049 3b9f | 1801 0000 | 0f87 9200 | 0000 4989 | 9f08 0100 | 00e9 0000 | 0000 4883 
  0x00000132a37aaca0: ea10 0f84 | 0f00 0000 | 33c9 c1ea | 0348 894c | d008 48ff | ca75 f648 | c700 0100 | 0000 5933 
  0x00000132a37aacc0: f689 700c | 48c1 e903 | 8948 0849 | ba7a 3551 | 65f8 7f00 | 0041 803a | 000f 8440 | 0000 0050 
  0x00000132a37aace0: 488b c848 | 83ec 20f7 | c40f 0000 | 000f 841a | 0000 0048 | 83ec 0849 | ba20 3007 | 65f8 7f00 
  0x00000132a37aad00: 0041 ffd2 | 4883 c408 | e90d 0000 | 0049 ba20 | 3007 65f8 | 7f00 0041 | ffd2 4883 | c420 58e9 
  0x00000132a37aad20: cd00 0000 | 5948 8b55 | e848 8b52 | 0848 8b52 | 0845 0fb7 | 4501 410f | c841 c1e8 | 10e8 0500 
  0x00000132a37aad40: 0000 e9aa | 0000 0048 | 8d44 2408 | 4c89 6dc0 | 498b cfc5 | f877 4989 | afa8 0200 | 0049 8987 
  0x00000132a37aad60: 9802 0000 | 4883 ec20 | f7c4 0f00 | 0000 0f84 | 1a00 0000 | 4883 ec08 | 49ba c025 | d164 f87f 
  0x00000132a37aad80: 0000 41ff | d248 83c4 | 08e9 0d00 | 0000 49ba | c025 d164 | f87f 0000 | 41ff d248 | 83c4 2049 
  0x00000132a37aada0: c787 9802 | 0000 0000 | 0000 49c7 | 87a8 0200 | 0000 0000 | 0049 c787 | a002 0000 | 0000 0000 
  0x00000132a37aadc0: c5f8 7749 | 817f 0800 | 0000 000f | 8405 0000 | 00e9 2a61 | feff 498b | 87f0 0200 | 0049 c787 
  0x00000132a37aade0: f002 0000 | 0000 0000 | 4c8b 6dc0 | 4c8b 75c8 | c341 0fb6 | 5d03 4983 | c503 49ba | 90a1 5365 
  0x00000132a37aae00: f87f 0000 | 41ff 24da | 0000 0000 | 0000 0000 | 0000 0000 | 0000 0000 | 0000 0000 | 0000 0000 
[/MachCode]

Compiled method (c1)   14765 1222       3       jdk.internal.reflect.DelegatingMethodAccessorImpl::invoke (10 bytes)
 total in heap  [0x000001329c48a610,0x000001329c48aa18] = 1032
 relocation     [0x000001329c48a768,0x000001329c48a7a8] = 64
 main code      [0x000001329c48a7c0,0x000001329c48a940] = 384
 stub code      [0x000001329c48a940,0x000001329c48a988] = 72
 metadata       [0x000001329c48a988,0x000001329c48a990] = 8
 scopes data    [0x000001329c48a990,0x000001329c48a9b0] = 32
 scopes pcs     [0x000001329c48a9b0,0x000001329c48aa00] = 80
 dependencies   [0x000001329c48aa00,0x000001329c48aa08] = 8
 nul chk table  [0x000001329c48aa08,0x000001329c48aa18] = 16

[Constant Pool (empty)]

[MachCode]
[Entry Point]
  # {method} {0x00000132ae2bea18} 'invoke' '(Ljava/lang/Object;[Ljava/lang/Object;)Ljava/lang/Object;' in 'jdk/internal/reflect/DelegatingMethodAccessorImpl'
  # this:     rdx:rdx   = 'jdk/internal/reflect/DelegatingMethodAccessorImpl'
  # parm0:    r8:r8     = 'java/lang/Object'
  # parm1:    r9:r9     = '[Ljava/lang/Object;'
  #           [sp+0x40]  (sp of caller)
  0x000001329c48a7c0: 448b 5208 | 49c1 e203 

  0x000001329c48a7c8: ;   {runtime_call ic_miss_stub}
  0x000001329c48a7c8: 4c3b d00f | 85af 6535 | 0766 6666 | 0f1f 8400 | 0000 0000 | 6666 6690 
[Verified Entry Point]
  0x000001329c48a7e0: 8984 2400 | 90ff ff55 | 4883 ec30 

  0x000001329c48a7ec: ;   {metadata(method data for {method} {0x00000132ae2bea18} 'invoke' '(Ljava/lang/Object;[Ljava/lang/Object;)Ljava/lang/Object;' in 'jdk/internal/reflect/DelegatingMethodAccessorImpl')}
  0x000001329c48a7ec: 48be d8e0 | b2ae 3201 | 0000 8bbe | cc00 0000 | 83c7 0289 | becc 0000 | 0081 e7fe | 0700 0083 
  0x000001329c48a80c: ff00 0f84 | bb00 0000 | 8b52 0c48 | 3b02 488b 

  0x000001329c48a81c: ;   {metadata(method data for {method} {0x00000132ae2bea18} 'invoke' '(Ljava/lang/Object;[Ljava/lang/Object;)Ljava/lang/Object;' in 'jdk/internal/reflect/DelegatingMethodAccessorImpl')}
  0x000001329c48a81c: f248 bfd8 | e0b2 ae32 | 0100 008b | 7608 48c1 | e603 483b | b720 0100 | 0075 0d48 | 8387 2801 
  0x000001329c48a83c: 0000 01e9 | 6600 0000 | 483b b730 | 0100 0075 | 0d48 8387 | 3801 0000 | 01e9 5000 | 0000 4881 
  0x000001329c48a85c: bf20 0100 | 0000 0000 | 0075 1748 | 89b7 2001 | 0000 48c7 | 8728 0100 | 0001 0000 | 00e9 2c00 
  0x000001329c48a87c: 0000 4881 | bf30 0100 | 0000 0000 | 0075 1748 | 89b7 3001 | 0000 48c7 | 8738 0100 | 0001 0000 
  0x000001329c48a89c: 00e9 0800 | 0000 4883 | 8710 0100 | 0001 6666 | 9048 b8ff | ffff ffff 

  0x000001329c48a8b4: ;   {virtual_call}
  0x000001329c48a8b4: ffff ffe8 

  0x000001329c48a8b8: ; ImmutableOopMap {}
                      ;*invokevirtual invoke {reexecute=0 rethrow=0 return_oop=0}
                      ; - jdk.internal.reflect.DelegatingMethodAccessorImpl::invoke@6
  0x000001329c48a8b8: 9404 4007 | 4883 c430 

  0x000001329c48a8c0: ;   {poll_return}
  0x000001329c48a8c0: 5d49 3ba7 | 5003 0000 | 0f87 2700 

  0x000001329c48a8cc: ;   {metadata({method} {0x00000132ae2bea18} 'invoke' '(Ljava/lang/Object;[Ljava/lang/Object;)Ljava/lang/Object;' in 'jdk/internal/reflect/DelegatingMethodAccessorImpl')}
  0x000001329c48a8cc: 0000 c349 | ba10 ea2b | ae32 0100 | 004c 8954 | 2408 48c7 | 0424 ffff 

  0x000001329c48a8e4: ;   {runtime_call counter_overflow Runtime1 stub}
  0x000001329c48a8e4: ffff e815 

  0x000001329c48a8e8: ; ImmutableOopMap {rdx=Oop r8=Oop r9=Oop }
                      ;*synchronization entry
                      ; - jdk.internal.reflect.DelegatingMethodAccessorImpl::invoke@-1
  0x000001329c48a8e8: de3f 07e9 | 24ff ffff 

  0x000001329c48a8f0: ;   {runtime_call throw_null_pointer_exception Runtime1 stub}
  0x000001329c48a8f0: e8ab cd36 

  0x000001329c48a8f4: ; ImmutableOopMap {r8=Oop r9=Oop rdx=Oop }
                      ;*invokevirtual invoke {reexecute=0 rethrow=0 return_oop=0}
                      ; - jdk.internal.reflect.DelegatingMethodAccessorImpl::invoke@6
                      ;   {internal_word}
  0x000001329c48a8f4: 0749 bac1 | a848 9c32 | 0100 004d | 8997 6803 

  0x000001329c48a904: ;   {runtime_call SafepointBlob}
  0x000001329c48a904: 0000 e9f5 | cd35 0790 | 9049 8b87 | e003 0000 | 49c7 87e0 | 0300 0000 | 0000 0049 | c787 e803 
  0x000001329c48a924: 0000 0000 | 0000 4883 

  0x000001329c48a92c: ;   {runtime_call unwind_exception Runtime1 stub}
  0x000001329c48a92c: c430 5de9 | 4cdc 3607 | f4f4 f4f4 | f4f4 f4f4 | f4f4 f4f4 
[Stub Code]
  0x000001329c48a940: ;   {no_reloc}
  0x000001329c48a940: 0f1f 4400 

  0x000001329c48a944: ;   {static_stub}
  0x000001329c48a944: 0048 bb00 | 0000 0000 

  0x000001329c48a94c: ;   {runtime_call}
  0x000001329c48a94c: 0000 00e9 | fbff ffff 
[Exception Handler]
  0x000001329c48a954: ;   {runtime_call handle_exception_from_callee Runtime1 stub}
  0x000001329c48a954: e827 b836 

  0x000001329c48a958: ;   {external_word}
  0x000001329c48a958: 0748 b940 | 9a2b 65f8 | 7f00 0048 

  0x000001329c48a964: ;   {runtime_call}
  0x000001329c48a964: 83e4 f049 | ba60 2df4 | 64f8 7f00 | 0041 ffd2 

  0x000001329c48a974: ;   {section_word}
  0x000001329c48a974: f449 ba75 | a948 9c32 | 0100 0041 

  0x000001329c48a980: ;   {runtime_call DeoptimizationBlob}
  0x000001329c48a980: 52e9 1ac0 | 3507 f4f4 
[/MachCode]


Compiled method (c1)   14803 1221       3       java.lang.reflect.Method::invoke (65 bytes)
 total in heap  [0x000001329c489a90,0x000001329c48a228] = 1944
 relocation     [0x000001329c489be8,0x000001329c489c68] = 128
 main code      [0x000001329c489c80,0x000001329c48a060] = 992
 stub code      [0x000001329c48a060,0x000001329c48a0d8] = 120
 metadata       [0x000001329c48a0d8,0x000001329c48a0f0] = 24
 scopes data    [0x000001329c48a0f0,0x000001329c48a168] = 120
 scopes pcs     [0x000001329c48a168,0x000001329c48a208] = 160
 dependencies   [0x000001329c48a208,0x000001329c48a210] = 8
 nul chk table  [0x000001329c48a210,0x000001329c48a228] = 24

[Constant Pool (empty)]

[MachCode]
[Entry Point]
  # {method} {0x00000132ae059810} 'invoke' '(Ljava/lang/Object;[Ljava/lang/Object;)Ljava/lang/Object;' in 'java/lang/reflect/Method'
  # this:     rdx:rdx   = 'java/lang/reflect/Method'
  # parm0:    r8:r8     = 'java/lang/Object'
  # parm1:    r9:r9     = '[Ljava/lang/Object;'
  #           [sp+0x80]  (sp of caller)
  0x000001329c489c80: 448b 5208 | 49c1 e203 

  0x000001329c489c88: ;   {runtime_call ic_miss_stub}
  0x000001329c489c88: 4c3b d00f | 85ef 7035 | 0766 6666 | 0f1f 8400 | 0000 0000 | 6666 6690 
[Verified Entry Point]
  0x000001329c489ca0: 8984 2400 | 90ff ff55 | 4883 ec70 | 4889 5424 | 484c 8944 

  0x000001329c489cb4: ;   {metadata(method data for {method} {0x00000132ae059810} 'invoke' '(Ljava/lang/Object;[Ljava/lang/Object;)Ljava/lang/Object;' in 'java/lang/reflect/Method')}
  0x000001329c489cb4: 2450 48be | 78da b2ae | 3201 0000 | 8bbe cc00 | 0000 83c7 | 0289 becc | 0000 0081 | e7fe 0700 
  0x000001329c489cd4: 0083 ff00 | 0f84 e102 | 0000 0fbe | 720c 83fe 

  0x000001329c489ce4: ;   {metadata(method data for {method} {0x00000132ae059810} 'invoke' '(Ljava/lang/Object;[Ljava/lang/Object;)Ljava/lang/Object;' in 'java/lang/reflect/Method')}
  0x000001329c489ce4: 0048 be78 | dab2 ae32 | 0100 0048 | bf10 0100 | 0000 0000 | 000f 850a | 0000 0048 | bf20 0100 
  0x000001329c489d04: 0000 0000 | 0048 8b1c | 3e48 8d5b | 0148 891c | 3e4c 894c | 2458 0f85 | 7901 0000 

  0x000001329c489d20: ;   {metadata(method data for {method} {0x00000132ae059810} 'invoke' '(Ljava/lang/Object;[Ljava/lang/Object;)Ljava/lang/Object;' in 'java/lang/reflect/Method')}
  0x000001329c489d20: 48be 78da | b2ae 3201 | 0000 4883 | 8630 0100 | 0001 0f1f 

  0x000001329c489d34: ;   {static_call}
  0x000001329c489d34: 4400 00e8 

  0x000001329c489d38: ; ImmutableOopMap {[72]=Oop [88]=Oop [80]=Oop }
                      ;*invokestatic getCallerClass {reexecute=0 rethrow=0 return_oop=0}
                      ; - java.lang.reflect.Method::invoke@7
  0x000001329c489d38: 7c27 8d07 | 488b 5424 | 4844 8b4a | 248b 7220 

  0x000001329c489d48: ;   {metadata(method data for {method} {0x00000132ae059810} 'invoke' '(Ljava/lang/Object;[Ljava/lang/Object;)Ljava/lang/Object;' in 'java/lang/reflect/Method')}
  0x000001329c489d48: 49b8 78da | b2ae 3201 | 0000 4983 | 8040 0100 

  0x000001329c489d58: ;   {metadata(method data for {method} {0x00000132ae20b1e8} 'isStatic' '(I)Z' in 'java/lang/reflect/Modifier')}
  0x000001329c489d58: 0001 49b8 | b0d2 9cae | 3201 0000 | 418b b8cc | 0000 0083 | c702 4189 | b8cc 0000 | 0081 e7fe 
  0x000001329c489d78: ff1f 0083 | ff00 0f84 | 5c02 0000 | 4c8b c641 | 83e0 0841 

  0x000001329c489d8c: ;   {metadata(method data for {method} {0x00000132ae20b1e8} 'isStatic' '(I)Z' in 'java/lang/reflect/Modifier')}
  0x000001329c489d8c: 83f8 0049 | b8b0 d29c | ae32 0100 | 0048 bf10 | 0100 0000 | 0000 000f | 840a 0000 | 0048 bf20 
  0x000001329c489dac: 0100 0000 | 0000 0049 | 8b1c 3848 | 8d5b 0149 | 891c 380f | 841c 0000 

  0x000001329c489dc4: ;   {metadata(method data for {method} {0x00000132ae20b1e8} 'isStatic' '(I)Z' in 'java/lang/reflect/Modifier')}
  0x000001329c489dc4: 0049 b8b0 | d29c ae32 | 0100 0041 | ff80 3001 | 0000 41b8 | 0100 0000 | e906 0000 | 0041 b800 
  0x000001329c489de4: 0000 0041 | 83e0 0141 

  0x000001329c489dec: ;   {metadata(method data for {method} {0x00000132ae059810} 'invoke' '(Ljava/lang/Object;[Ljava/lang/Object;)Ljava/lang/Object;' in 'java/lang/reflect/Method')}
  0x000001329c489dec: 83f8 0049 | b878 dab2 | ae32 0100 | 0048 bf50 | 0100 0000 | 0000 000f | 840a 0000 | 0048 bf60 
  0x000001329c489e0c: 0100 0000 | 0000 0049 | 8b1c 3848 | 8d5b 0149 | 891c 380f | 8420 0000 

  0x000001329c489e24: ;   {metadata(method data for {method} {0x00000132ae059810} 'invoke' '(Ljava/lang/Object;[Ljava/lang/Object;)Ljava/lang/Object;' in 'java/lang/reflect/Method')}
  0x000001329c489e24: 0049 b878 | dab2 ae32 | 0100 0041 | ff80 7001 

  0x000001329c489e34: ;   {oop(NULL)}
  0x000001329c489e34: 0000 48bf | 0000 0000 | 0000 0000 | e92c 0000 | 004c 8b44 | 2450 493b | 0049 8bf8 

  0x000001329c489e50: ;   {metadata(method data for {method} {0x00000132ae059810} 'invoke' '(Ljava/lang/Object;[Ljava/lang/Object;)Ljava/lang/Object;' in 'java/lang/reflect/Method')}
  0x000001329c489e50: 48bb 78da | b2ae 3201 | 0000 4883 | 8388 0100 | 0001 418b | 7808 48c1 | e703 488b | 7f70 488b 
  0x000001329c489e70: 3f48 8bda 

  0x000001329c489e74: ;   {metadata(method data for {method} {0x00000132ae059810} 'invoke' '(Ljava/lang/Object;[Ljava/lang/Object;)Ljava/lang/Object;' in 'java/lang/reflect/Method')}
  0x000001329c489e74: 48b9 78da | b2ae 3201 | 0000 4883 | 81c0 0100 | 0001 4c8b | c048 8bc2 

  0x000001329c489e8c: ;   {optimized virtual_call}
  0x000001329c489e8c: 488b d0e8 

  0x000001329c489e90: ; ImmutableOopMap {[88]=Oop [72]=Oop [80]=Oop }
                      ;*invokevirtual checkAccess {reexecute=0 rethrow=0 return_oop=0}
                      ; - java.lang.reflect.Method::invoke@39
  0x000001329c489e90: ecdd ffff | 488b 5424 | 488b 724c | 4883 fe00 

  0x000001329c489ea0: ;   {metadata(method data for {method} {0x00000132ae059810} 'invoke' '(Ljava/lang/Object;[Ljava/lang/Object;)Ljava/lang/Object;' in 'java/lang/reflect/Method')}
  0x000001329c489ea0: 48bf 78da | b2ae 3201 | 0000 48bb | f801 0000 | 0000 0000 | 0f85 0a00 | 0000 48bb | 0802 0000 
  0x000001329c489ec0: 0000 0000 | 488b 041f | 488d 4001 | 4889 041f | 0f85 2100 | 0000 488b 

  0x000001329c489ed8: ;   {metadata(method data for {method} {0x00000132ae059810} 'invoke' '(Ljava/lang/Object;[Ljava/lang/Object;)Ljava/lang/Object;' in 'java/lang/reflect/Method')}
  0x000001329c489ed8: f248 bf78 | dab2 ae32 | 0100 0048 | 8387 1802 | 0000 010f 

  0x000001329c489eec: ;   {optimized virtual_call}
  0x000001329c489eec: 1f40 00e8 

  0x000001329c489ef0: ; ImmutableOopMap {[88]=Oop [80]=Oop }
                      ;*invokevirtual acquireMethodAccessor {reexecute=0 rethrow=0 return_oop=0}
                      ; - java.lang.reflect.Method::invoke@52
  0x000001329c489ef0: 9101 0000 | 488b f04c | 8b4c 2458 | 4c8b 4424 | 5048 3b06 

  0x000001329c489f04: ;   {metadata(method data for {method} {0x00000132ae059810} 'invoke' '(Ljava/lang/Object;[Ljava/lang/Object;)Ljava/lang/Object;' in 'java/lang/reflect/Method')}
  0x000001329c489f04: 488b d648 | bf78 dab2 | ae32 0100 | 008b 5208 | 48c1 e203 | 483b 9760 | 0200 0075 | 0d48 8387 
  0x000001329c489f24: 6802 0000 | 01e9 6600 | 0000 483b | 9770 0200 | 0075 0d48 | 8387 7802 | 0000 01e9 | 5000 0000 
  0x000001329c489f44: 4881 bf60 | 0200 0000 | 0000 0075 | 1748 8997 | 6002 0000 | 48c7 8768 | 0200 0001 | 0000 00e9 
  0x000001329c489f64: 2c00 0000 | 4881 bf70 | 0200 0000 | 0000 0075 | 1748 8997 | 7002 0000 | 48c7 8778 | 0200 0001 
  0x000001329c489f84: 0000 00e9 | 0800 0000 | 4883 8750 | 0200 0001 | 488b d666 | 0f1f 4400 | 0048 b8e8 | 5802 0001 
  0x000001329c489fa4: ;   {virtual_call}
  0x000001329c489fa4: 0000 00e8 

  0x000001329c489fa8: ; ImmutableOopMap {}
                      ;*invokeinterface invoke {reexecute=0 rethrow=0 return_oop=0}
                      ; - java.lang.reflect.Method::invoke@59
  0x000001329c489fa8: 1408 0000 | 4883 c470 

  0x000001329c489fb0: ;   {poll_return}
  0x000001329c489fb0: 5d49 3ba7 | 5003 0000 | 0f87 4d00 

  0x000001329c489fbc: ;   {metadata({method} {0x00000132ae059810} 'invoke' '(Ljava/lang/Object;[Ljava/lang/Object;)Ljava/lang/Object;' in 'java/lang/reflect/Method')}
  0x000001329c489fbc: 0000 c349 | ba08 9805 | ae32 0100 | 004c 8954 | 2408 48c7 | 0424 ffff 

  0x000001329c489fd4: ;   {runtime_call counter_overflow Runtime1 stub}
  0x000001329c489fd4: ffff e825 

  0x000001329c489fd8: ; ImmutableOopMap {rdx=Oop [72]=Oop r8=Oop [80]=Oop r9=Oop }
                      ;*synchronization entry
                      ; - java.lang.reflect.Method::invoke@-1
  0x000001329c489fd8: e73f 07e9 | fefc ffff 

  0x000001329c489fe0: ;   {metadata({method} {0x00000132ae20b1e8} 'isStatic' '(I)Z' in 'java/lang/reflect/Modifier')}
  0x000001329c489fe0: 49ba e0b1 | 20ae 3201 | 0000 4c89 | 5424 0848 | c704 24ff 

  0x000001329c489ff4: ;   {runtime_call counter_overflow Runtime1 stub}
  0x000001329c489ff4: ffff ffe8 

  0x000001329c489ff8: ; ImmutableOopMap {[88]=Oop [80]=Oop rax=Oop rdx=Oop [72]=Oop r9=Oop }
                      ;*synchronization entry
                      ; - java.lang.reflect.Modifier::isStatic@-1
                      ; - java.lang.reflect.Method::invoke@21
  0x000001329c489ff8: 04e7 3f07 | e983 fdff 

  0x000001329c48a000: ;   {runtime_call throw_null_pointer_exception Runtime1 stub}
  0x000001329c48a000: ffe8 9ad6 

  0x000001329c48a004: ; ImmutableOopMap {[88]=Oop rax=Oop rdx=Oop [72]=Oop r9=Oop r8=Oop [80]=Oop }
                      ;*invokevirtual getClass {reexecute=0 rethrow=0 return_oop=0}
                      ; - java.lang.reflect.Method::invoke@32
                      ;   {runtime_call throw_null_pointer_exception Runtime1 stub}
  0x000001329c48a004: 3607 e895 

  0x000001329c48a008: ; ImmutableOopMap {rsi=Oop r8=Oop [80]=Oop r9=Oop }
                      ;*invokeinterface invoke {reexecute=0 rethrow=0 return_oop=0}
                      ; - java.lang.reflect.Method::invoke@59
                      ;   {internal_word}
  0x000001329c48a008: d636 0749 | bab1 9f48 | 9c32 0100 | 004d 8997 | 6803 0000 

  0x000001329c48a01c: ;   {runtime_call SafepointBlob}
  0x000001329c48a01c: e9df d635 | 0790 9049 | 8b87 e003 | 0000 49c7 | 87e0 0300 | 0000 0000 | 0049 c787 | e803 0000 
  0x000001329c48a03c: 0000 0000 | 4883 c470 

  0x000001329c48a044: ;   {runtime_call unwind_exception Runtime1 stub}
  0x000001329c48a044: 5de9 36e5 | 3607 f4f4 | f4f4 f4f4 | f4f4 f4f4 | f4f4 f4f4 | f4f4 f4f4 | f4f4 f4f4 
[Stub Code]
  0x000001329c48a060: ;   {no_reloc}
  0x000001329c48a060: 0f1f 4400 

  0x000001329c48a064: ;   {static_stub}
  0x000001329c48a064: 0048 bb00 | 0000 0000 

  0x000001329c48a06c: ;   {runtime_call}
  0x000001329c48a06c: 0000 00e9 | fbff ffff 

  0x000001329c48a074: ;   {static_stub}
  0x000001329c48a074: 9048 bb00 | 0000 0000 

  0x000001329c48a07c: ;   {runtime_call}
  0x000001329c48a07c: 0000 00e9 | fbff ffff 

  0x000001329c48a084: ;   {static_stub}
  0x000001329c48a084: 9048 bb38 | 9b05 ae32 

  0x000001329c48a08c: ;   {runtime_call I2C/C2I adapters}
  0x000001329c48a08c: 0100 00e9 | bcb9 3507 

  0x000001329c48a094: ;   {static_stub}
  0x000001329c48a094: 9048 bb00 | 0000 0000 

  0x000001329c48a09c: ;   {runtime_call}
  0x000001329c48a09c: 0000 00e9 | fbff ffff 
[Exception Handler]
  0x000001329c48a0a4: ;   {runtime_call handle_exception_from_callee Runtime1 stub}
  0x000001329c48a0a4: e8d7 c036 

  0x000001329c48a0a8: ;   {external_word}
  0x000001329c48a0a8: 0748 b940 | 9a2b 65f8 | 7f00 0048 

  0x000001329c48a0b4: ;   {runtime_call}
  0x000001329c48a0b4: 83e4 f049 | ba60 2df4 | 64f8 7f00 | 0041 ffd2 

  0x000001329c48a0c4: ;   {section_word}
  0x000001329c48a0c4: f449 bac5 | a048 9c32 | 0100 0041 

  0x000001329c48a0d0: ;   {runtime_call DeoptimizationBlob}
  0x000001329c48a0d0: 52e9 cac8 | 3507 f4f4 
[/MachCode]


---------------  P R O C E S S  ---------------

Threads class SMR info:
_java_thread_list=0x00000132b3690cd0, length=18, elements={
0x0000013297d9d8f0, 0x00000132adb4a390, 0x00000132adb4cd80, 0x00000132adb7a8d0,
0x00000132adb7b750, 0x00000132adb7c5d0, 0x00000132adb7ffb0, 0x00000132adb80ca0,
0x00000132b2d1d980, 0x00000132b2d3a720, 0x00000132b2dc25b0, 0x00000132b2ff0870,
0x00000132b34803b0, 0x00000132b3313410, 0x00000132b34812c0, 0x00000132b37ebd40,
0x00000132b30bd010, 0x00000132b36c59c0
}

Java Threads: ( => current thread )
  0x0000013297d9d8f0 JavaThread "main" [_thread_blocked, id=14548, stack(0x0000001503000000,0x0000001503100000)]
  0x00000132adb4a390 JavaThread "Reference Handler" daemon [_thread_blocked, id=11728, stack(0x0000001503300000,0x0000001503400000)]
  0x00000132adb4cd80 JavaThread "Finalizer" daemon [_thread_blocked, id=14872, stack(0x0000001503400000,0x0000001503500000)]
  0x00000132adb7a8d0 JavaThread "Signal Dispatcher" daemon [_thread_blocked, id=13336, stack(0x0000001503500000,0x0000001503600000)]
  0x00000132adb7b750 JavaThread "Attach Listener" daemon [_thread_blocked, id=14740, stack(0x0000001503600000,0x0000001503700000)]
  0x00000132adb7c5d0 JavaThread "Service Thread" daemon [_thread_blocked, id=6684, stack(0x0000001503700000,0x0000001503800000)]
  0x00000132adb7ffb0 JavaThread "Monitor Deflation Thread" daemon [_thread_blocked, id=13436, stack(0x0000001503800000,0x0000001503900000)]
  0x00000132adb80ca0 JavaThread "C2 CompilerThread0" daemon [_thread_blocked, id=16200, stack(0x0000001503900000,0x0000001503a00000)]
  0x00000132b2d1d980 JavaThread "C1 CompilerThread0" daemon [_thread_blocked, id=12232, stack(0x0000001503a00000,0x0000001503b00000)]
  0x00000132b2d3a720 JavaThread "Sweeper thread" daemon [_thread_blocked, id=15136, stack(0x0000001503b00000,0x0000001503c00000)]
  0x00000132b2dc25b0 JavaThread "Common-Cleaner" daemon [_thread_blocked, id=15288, stack(0x0000001503c00000,0x0000001503d00000)]
  0x00000132b2ff0870 JavaThread "Notification Thread" daemon [_thread_blocked, id=14312, stack(0x0000001503d00000,0x0000001503e00000)]
  0x00000132b34803b0 JavaThread "Active Thread: Equinox Container: 9fdc261d-a978-4ac5-866b-8246fa6b25b9" [_thread_blocked, id=12024, stack(0x0000001504400000,0x0000001504500000)]
  0x00000132b3313410 JavaThread "Framework Event Dispatcher: Equinox Container: 9fdc261d-a978-4ac5-866b-8246fa6b25b9" daemon [_thread_blocked, id=2368, stack(0x0000001504500000,0x0000001504600000)]
=>0x00000132b34812c0 JavaThread "Start Level: Equinox Container: 9fdc261d-a978-4ac5-866b-8246fa6b25b9" daemon [_thread_in_vm, id=15140, stack(0x0000001504600000,0x0000001504700000)]
  0x00000132b37ebd40 JavaThread "SCR Component Actor" daemon [_thread_blocked, id=8776, stack(0x0000001504700000,0x0000001504800000)]
  0x00000132b30bd010 JavaThread "SCR Component Registry" daemon [_thread_blocked, id=15392, stack(0x0000001504800000,0x0000001504900000)]
  0x00000132b36c59c0 JavaThread "Worker-JM" [_thread_blocked, id=9392, stack(0x0000001504900000,0x0000001504a00000)]

Other Threads:
  0x0000013297e4b700 VMThread "VM Thread" [stack: 0x0000001503200000,0x0000001503300000] [id=12124]
  0x00000132b2ff0d50 WatcherThread [stack: 0x0000001503e00000,0x0000001503f00000] [id=14372]
  0x0000013297db2fe0 GCTaskThread "GC Thread#0" [stack: 0x0000001503100000,0x0000001503200000] [id=968]
  0x00000132b38ab020 GCTaskThread "GC Thread#1" [stack: 0x0000001504100000,0x0000001504200000] [id=13052]
  0x00000132b3457500 GCTaskThread "GC Thread#2" [stack: 0x0000001504200000,0x0000001504300000] [id=11696]
  0x00000132b3709890 GCTaskThread "GC Thread#3" [stack: 0x0000001504300000,0x0000001504400000] [id=12688]

Threads with active compile tasks:

VM state: not at safepoint (normal execution)

VM Mutex/Monitor currently owned by a thread:  ([mutex/lock_event])
[0x0000013297d98e80] Metaspace_lock - owner thread: 0x00000132b34812c0

Heap address: 0x00000000c0000000, size: 1024 MB, Compressed Oops mode: 32-bit

CDS archive(s) not mapped
Compressed class space mapped at: 0x0000000100000000-0x0000000140000000, reserved size: 1073741824
Narrow klass base: 0x0000000000000000, Narrow klass shift: 3, Narrow klass range: 0x140000000

GC Precious Log:
 CPUs: 4 total, 4 available
 Memory: 1949M
 Large Page Support: Disabled
 NUMA Support: Disabled
 Compressed Oops: Enabled (32-bit)
 Alignments: Space 512K, Generation 512K, Heap 2M
 Heap Min Capacity: 100M
 Heap Initial Capacity: 100M
 Heap Max Capacity: 1G
 Pre-touch: Disabled
 Parallel Workers: 4

Heap:
 PSYoungGen      total 29696K, used 25883K [0x00000000eab00000, 0x00000000ecc00000, 0x0000000100000000)
  eden space 25600K, 85% used [0x00000000eab00000,0x00000000ec0485d0,0x00000000ec400000)
  from space 4096K, 99% used [0x00000000ec800000,0x00000000ecbfe778,0x00000000ecc00000)
  to   space 4096K, 0% used [0x00000000ec400000,0x00000000ec400000,0x00000000ec800000)
 ParOldGen       total 68608K, used 730K [0x00000000c0000000, 0x00000000c4300000, 0x00000000eab00000)
  object space 68608K, 1% used [0x00000000c0000000,0x00000000c00b6b60,0x00000000c4300000)
 Metaspace       used 19131K, committed 19456K, reserved 1114112K
  class space    used 1954K, committed 2112K, reserved 1048576K

Card table byte_map: [0x00000132ab440000,0x00000132ab650000] _byte_map_base: 0x00000132aae40000

Marking Bits: (ParMarkBitMap*) 0x00007ff86552d7d0
 Begin Bits: [0x00000132ab7b0000, 0x00000132ac7b0000)
 End Bits:   [0x00000132ac7b0000, 0x00000132ad7b0000)

Polling page: 0x0000013297e60000

Metaspace:

Usage:
  Non-class:     16.77 MB used.
      Class:      1.91 MB used.
       Both:     18.68 MB used.

Virtual space:
  Non-class space:       64.00 MB reserved,      16.94 MB ( 26%) committed,  1 nodes.
      Class space:        1.00 GB reserved,       2.06 MB ( <1%) committed,  1 nodes.
             Both:        1.06 GB reserved,      19.00 MB (  2%) committed. 

Chunk freelists:
   Non-Class:  14.64 MB
       Class:  13.90 MB
        Both:  28.54 MB

MaxMetaspaceSize: unlimited
CompressedClassSpaceSize: 1.00 GB
Initial GC threshold: 21.00 MB
Current GC threshold: 21.00 MB
CDS: off
MetaspaceReclaimPolicy: balanced
 - commit_granule_bytes: 65536.
 - commit_granule_words: 8192.
 - virtual_space_node_default_size: 8388608.
 - enlarge_chunks_in_place: 1.
 - new_chunks_are_fully_committed: 0.
 - uncommit_free_chunks: 1.
 - use_allocation_guard: 0.
 - handle_deallocations: 1.


Internal statistics:

num_allocs_failed_limit: 0.
num_arena_births: 190.
num_arena_deaths: 0.
num_vsnodes_births: 2.
num_vsnodes_deaths: 0.
num_space_committed: 304.
num_space_uncommitted: 0.
num_chunks_returned_to_freelist: 0.
num_chunks_taken_from_freelist: 591.
num_chunk_merges: 0.
num_chunk_splits: 377.
num_chunks_enlarged: 267.
num_inconsistent_stats: 0.

CodeHeap 'non-profiled nmethods': size=120000Kb used=775Kb max_used=775Kb free=119224Kb
 bounds [0x00000132a3d30000, 0x00000132a3fa0000, 0x00000132ab260000]
CodeHeap 'profiled nmethods': size=120000Kb used=3870Kb max_used=3870Kb free=116129Kb
 bounds [0x000001329c260000, 0x000001329c630000, 0x00000132a3790000]
CodeHeap 'non-nmethods': size=5760Kb used=1183Kb max_used=1200Kb free=4577Kb
 bounds [0x00000132a3790000, 0x00000132a3a00000, 0x00000132a3d30000]
 total_blobs=2472 nmethods=1993 adapters=393
 compilation: enabled
              stopped_count=0, restarted_count=0
 full_count=0

Compilation events (20 events):
Event: 14.261 Thread 0x00000132b2d1d980 1972       3       org.eclipse.osgi.internal.framework.FilterImpl::<init> (5 bytes)
Event: 14.261 Thread 0x00000132b2d1d980 nmethod 1972 0x000001329c612e10 code [0x000001329c612fa0, 0x000001329c6130f8]
Event: 14.264 Thread 0x00000132b2d1d980 1973       3       sun.net.www.protocol.file.Handler::parseURL (18 bytes)
Event: 14.265 Thread 0x00000132b2d1d980 nmethod 1973 0x000001329c613190 code [0x000001329c613340, 0x000001329c6134f8]
Event: 14.265 Thread 0x00000132b2d1d980 1974       3       java.net.URLStreamHandler::parseURL (1201 bytes)
Event: 14.308 Thread 0x00000132b2d1d980 nmethod 1974 0x000001329c613610 code [0x000001329c614740, 0x000001329c61ed08]
Event: 14.308 Thread 0x00000132b2d1d980 1975       3       java.util.regex.Pattern$BitClass::is (22 bytes)
Event: 14.308 Thread 0x00000132b2d1d980 nmethod 1975 0x000001329c622c90 code [0x000001329c622e20, 0x000001329c622ff8]
Event: 14.308 Thread 0x00000132b2d1d980 1976       3       java.util.regex.Pattern$CharPredicate$$Lambda$22/0x000000010008f9c0::is (11 bytes)
Event: 14.309 Thread 0x00000132b2d1d980 nmethod 1976 0x000001329c623110 code [0x000001329c6232c0, 0x000001329c623608]
Event: 14.315 Thread 0x00000132b2d1d980 1981       3       java.lang.invoke.DirectMethodHandle::maybeCompile (24 bytes)
Event: 14.316 Thread 0x00000132b2d1d980 nmethod 1981 0x000001329c623710 code [0x000001329c6238c0, 0x000001329c623ad8]
Event: 14.317 Thread 0x00000132b2d1d980 1985       3       java.lang.invoke.LambdaForm::normalize (322 bytes)
Event: 14.320 Thread 0x00000132b2d1d980 nmethod 1985 0x000001329c623c10 code [0x000001329c623ec0, 0x000001329c6250b8]
Event: 14.320 Thread 0x00000132b2d1d980 1986       3       java.lang.invoke.MethodHandles$Lookup::checkSecurityManager (97 bytes)
Event: 14.323 Thread 0x00000132b2d1d980 nmethod 1986 0x000001329c625710 code [0x000001329c625a20, 0x000001329c626a78]
Event: 14.324 Thread 0x00000132adb80ca0 1990       4       jdk.internal.org.objectweb.asm.ByteVector::putByte (39 bytes)
Event: 14.324 Thread 0x00000132b2d1d980 1991       3       jdk.internal.org.objectweb.asm.Frame::<init> (10 bytes)
Event: 14.324 Thread 0x00000132b2d1d980 nmethod 1991 0x000001329c627010 code [0x000001329c6271a0, 0x000001329c627318]
Event: 14.326 Thread 0x00000132adb80ca0 nmethod 1990 0x00000132a3df1b90 code [0x00000132a3df1d20, 0x00000132a3df1e68]

GC Heap History (4 events):
Event: 4.751 GC heap before
{Heap before GC invocations=1 (full 0):
 PSYoungGen      total 29696K, used 25600K [0x00000000eab00000, 0x00000000ecc00000, 0x0000000100000000)
  eden space 25600K, 100% used [0x00000000eab00000,0x00000000ec400000,0x00000000ec400000)
  from space 4096K, 0% used [0x00000000ec800000,0x00000000ec800000,0x00000000ecc00000)
  to   space 4096K, 0% used [0x00000000ec400000,0x00000000ec400000,0x00000000ec800000)
 ParOldGen       total 68608K, used 0K [0x00000000c0000000, 0x00000000c4300000, 0x00000000eab00000)
  object space 68608K, 0% used [0x00000000c0000000,0x00000000c0000000,0x00000000c4300000)
 Metaspace       used 11015K, committed 11200K, reserved 1114112K
  class space    used 1098K, committed 1216K, reserved 1048576K
}
Event: 4.763 GC heap after
{Heap after GC invocations=1 (full 0):
 PSYoungGen      total 29696K, used 3156K [0x00000000eab00000, 0x00000000ecc00000, 0x0000000100000000)
  eden space 25600K, 0% used [0x00000000eab00000,0x00000000eab00000,0x00000000ec400000)
  from space 4096K, 77% used [0x00000000ec400000,0x00000000ec715278,0x00000000ec800000)
  to   space 4096K, 0% used [0x00000000ec800000,0x00000000ec800000,0x00000000ecc00000)
 ParOldGen       total 68608K, used 16K [0x00000000c0000000, 0x00000000c4300000, 0x00000000eab00000)
  object space 68608K, 0% used [0x00000000c0000000,0x00000000c0004000,0x00000000c4300000)
 Metaspace       used 11015K, committed 11200K, reserved 1114112K
  class space    used 1098K, committed 1216K, reserved 1048576K
}
Event: 12.362 GC heap before
{Heap before GC invocations=2 (full 0):
 PSYoungGen      total 29696K, used 28756K [0x00000000eab00000, 0x00000000ecc00000, 0x0000000100000000)
  eden space 25600K, 100% used [0x00000000eab00000,0x00000000ec400000,0x00000000ec400000)
  from space 4096K, 77% used [0x00000000ec400000,0x00000000ec715278,0x00000000ec800000)
  to   space 4096K, 0% used [0x00000000ec800000,0x00000000ec800000,0x00000000ecc00000)
 ParOldGen       total 68608K, used 16K [0x00000000c0000000, 0x00000000c4300000, 0x00000000eab00000)
  object space 68608K, 0% used [0x00000000c0000000,0x00000000c0004000,0x00000000c4300000)
 Metaspace       used 14716K, committed 14912K, reserved 1114112K
  class space    used 1488K, committed 1600K, reserved 1048576K
}
Event: 12.374 GC heap after
{Heap after GC invocations=2 (full 0):
 PSYoungGen      total 29696K, used 4089K [0x00000000eab00000, 0x00000000ecc00000, 0x0000000100000000)
  eden space 25600K, 0% used [0x00000000eab00000,0x00000000eab00000,0x00000000ec400000)
  from space 4096K, 99% used [0x00000000ec800000,0x00000000ecbfe778,0x00000000ecc00000)
  to   space 4096K, 0% used [0x00000000ec400000,0x00000000ec400000,0x00000000ec800000)
 ParOldGen       total 68608K, used 730K [0x00000000c0000000, 0x00000000c4300000, 0x00000000eab00000)
  object space 68608K, 1% used [0x00000000c0000000,0x00000000c00b6b60,0x00000000c4300000)
 Metaspace       used 14716K, committed 14912K, reserved 1114112K
  class space    used 1488K, committed 1600K, reserved 1048576K
}

Dll operation events (9 events):
Event: 0.021 Loaded shared library c:\Users\jhonn\.vscode\extensions\redhat.java-1.29.0-win32-x64\jre\17.0.10-win32-x86_64\bin\java.dll
Event: 0.481 Loaded shared library c:\Users\jhonn\.vscode\extensions\redhat.java-1.29.0-win32-x64\jre\17.0.10-win32-x86_64\bin\zip.dll
Event: 0.492 Loaded shared library C:\Users\jhonn\.vscode\extensions\redhat.java-1.29.0-win32-x64\jre\17.0.10-win32-x86_64\bin\instrument.dll
Event: 0.535 Loaded shared library C:\Users\jhonn\.vscode\extensions\redhat.java-1.29.0-win32-x64\jre\17.0.10-win32-x86_64\bin\net.dll
Event: 0.541 Loaded shared library C:\Users\jhonn\.vscode\extensions\redhat.java-1.29.0-win32-x64\jre\17.0.10-win32-x86_64\bin\nio.dll
Event: 0.562 Loaded shared library C:\Users\jhonn\.vscode\extensions\redhat.java-1.29.0-win32-x64\jre\17.0.10-win32-x86_64\bin\zip.dll
Event: 0.610 Loaded shared library C:\Users\jhonn\.vscode\extensions\redhat.java-1.29.0-win32-x64\jre\17.0.10-win32-x86_64\bin\jimage.dll
Event: 0.858 Loaded shared library c:\Users\jhonn\.vscode\extensions\redhat.java-1.29.0-win32-x64\jre\17.0.10-win32-x86_64\bin\verify.dll
Event: 11.910 Loaded shared library C:\Users\jhonn\AppData\Roaming\Code\User\globalStorage\redhat.java\1.29.0\config_ss_win\org.eclipse.equinox.launcher\org.eclipse.equinox.launcher.win32.win32.x86_64_1.2.900.v20240213-1244\eclipse_11900.dll

Deoptimization events (20 events):
Event: 13.727 Thread 0x00000132b34812c0 Uncommon trap: trap_request=0xffffff45 fr.pc=0x00000132a3d8651c relative=0x0000000000001d3c
Event: 13.727 Thread 0x00000132b34812c0 Uncommon trap: reason=unstable_if action=reinterpret pc=0x00000132a3d8651c method=java.util.jar.Manifest$FastInputStream.readLine([BII)I @ 106 c2
Event: 13.727 Thread 0x00000132b34812c0 DEOPT PACKING pc=0x00000132a3d8651c sp=0x00000015046fe0f0
Event: 13.727 Thread 0x00000132b34812c0 DEOPT UNPACKING pc=0x00000132a37e66a3 sp=0x00000015046fdfe0 mode 2
Event: 13.728 Thread 0x00000132b34812c0 Uncommon trap: trap_request=0xffffff45 fr.pc=0x00000132a3d8b650 relative=0x0000000000000410
Event: 13.728 Thread 0x00000132b34812c0 Uncommon trap: reason=unstable_if action=reinterpret pc=0x00000132a3d8b650 method=java.util.jar.Manifest$FastInputStream.readLine([BII)I @ 106 c2
Event: 13.728 Thread 0x00000132b34812c0 DEOPT PACKING pc=0x00000132a3d8b650 sp=0x00000015046fe0a0
Event: 13.728 Thread 0x00000132b34812c0 DEOPT UNPACKING pc=0x00000132a37e66a3 sp=0x00000015046fdfd8 mode 2
Event: 13.728 Thread 0x00000132b34812c0 Uncommon trap: trap_request=0xffffff45 fr.pc=0x00000132a3d73e14 relative=0x00000000000003d4
Event: 13.728 Thread 0x00000132b34812c0 Uncommon trap: reason=unstable_if action=reinterpret pc=0x00000132a3d73e14 method=java.util.jar.Manifest$FastInputStream.readLine([BII)I @ 106 c2
Event: 13.728 Thread 0x00000132b34812c0 DEOPT PACKING pc=0x00000132a3d73e14 sp=0x00000015046fe020
Event: 13.728 Thread 0x00000132b34812c0 DEOPT UNPACKING pc=0x00000132a37e66a3 sp=0x00000015046fdfd0 mode 2
Event: 13.728 Thread 0x00000132b34812c0 Uncommon trap: trap_request=0xffffff45 fr.pc=0x00000132a3dc1c04 relative=0x0000000000000084
Event: 13.728 Thread 0x00000132b34812c0 Uncommon trap: reason=unstable_if action=reinterpret pc=0x00000132a3dc1c04 method=java.util.jar.Manifest$FastInputStream.peek()B @ 8 c2
Event: 13.728 Thread 0x00000132b34812c0 DEOPT PACKING pc=0x00000132a3dc1c04 sp=0x00000015046fe0f0
Event: 13.728 Thread 0x00000132b34812c0 DEOPT UNPACKING pc=0x00000132a37e66a3 sp=0x00000015046fe088 mode 2
Event: 14.048 Thread 0x00000132b34812c0 Uncommon trap: trap_request=0xffffff45 fr.pc=0x00000132a3dbafe0 relative=0x00000000000008c0
Event: 14.048 Thread 0x00000132b34812c0 Uncommon trap: reason=unstable_if action=reinterpret pc=0x00000132a3dbafe0 method=java.util.HashMap.putVal(ILjava/lang/Object;Ljava/lang/Object;ZZ)Ljava/lang/Object; @ 81 c2
Event: 14.048 Thread 0x00000132b34812c0 DEOPT PACKING pc=0x00000132a3dbafe0 sp=0x00000015046f7b50
Event: 14.048 Thread 0x00000132b34812c0 DEOPT UNPACKING pc=0x00000132a37e66a3 sp=0x00000015046f7a78 mode 2

Classes unloaded (0 events):
No events

Classes redefined (0 events):
No events

Internal exceptions (20 events):
Event: 4.732 Thread 0x0000013297d9d8f0 Exception <a 'java/lang/NoSuchMethodError'{0x00000000ec3cf5f8}: 'void java.lang.invoke.DirectMethodHandle$Holder.invokeStatic(java.lang.Object, java.lang.Object)'> (0x00000000ec3cf5f8) 
thrown [s\src\hotspot\share\interpreter\linkResolver.cpp, line 759]
Event: 4.735 Thread 0x0000013297d9d8f0 Exception <a 'java/lang/NoSuchMethodError'{0x00000000ec3d2df8}: 'void java.lang.invoke.DirectMethodHandle$Holder.invokeStaticInit(java.lang.Object, java.lang.Object)'> (0x00000000ec3d2df8) 
thrown [s\src\hotspot\share\interpreter\linkResolver.cpp, line 759]
Event: 4.739 Thread 0x0000013297d9d8f0 Exception <a 'java/lang/NoSuchMethodError'{0x00000000ec3dbaa8}: 'int java.lang.invoke.DirectMethodHandle$Holder.invokeStaticInit(java.lang.Object, java.lang.Object)'> (0x00000000ec3dbaa8) 
thrown [s\src\hotspot\share\interpreter\linkResolver.cpp, line 759]
Event: 5.002 Thread 0x0000013297d9d8f0 Exception <a 'java/lang/NoSuchMethodError'{0x00000000eac45480}: 'void java.lang.invoke.DirectMethodHandle$Holder.invokeSpecial(java.lang.Object, java.lang.Object, java.lang.Object)'> (0x00000000eac45480) 
thrown [s\src\hotspot\share\interpreter\linkResolver.cpp, line 759]
Event: 9.031 Thread 0x0000013297d9d8f0 Exception <a 'java/lang/NoSuchMethodError'{0x00000000eb905a50}: 'java.lang.Object java.lang.invoke.DirectMethodHandle$Holder.newInvokeSpecial(java.lang.Object, int, java.lang.Object)'> (0x00000000eb905a50) 
thrown [s\src\hotspot\share\interpreter\linkResolver.cpp, line 759]
Event: 10.820 Thread 0x0000013297d9d8f0 Exception <a 'java/lang/UnsatisfiedLinkError'{0x00000000ebea51d0}: 'void org.eclipse.equinox.launcher.JNIBridge._update_splash()'> (0x00000000ebea51d0) 
thrown [s\src\hotspot\share\prims\nativeLookup.cpp, line 543]
Event: 11.986 Thread 0x00000132b34812c0 Exception <a 'java/lang/NoSuchMethodError'{0x00000000ec18d140}: 'java.lang.Object java.lang.invoke.DirectMethodHandle$Holder.invokeStaticInit(java.lang.Object)'> (0x00000000ec18d140) 
thrown [s\src\hotspot\share\interpreter\linkResolver.cpp, line 759]
Event: 12.240 Thread 0x00000132b34812c0 Exception <a 'java/lang/NullPointerException'{0x00000000ec2cf278}> (0x00000000ec2cf278) 
thrown [s\src\hotspot\share\interpreter\linkResolver.cpp, line 1350]
Event: 12.240 Thread 0x00000132b34812c0 Exception <a 'java/lang/NullPointerException'{0x00000000ec2cf550}> (0x00000000ec2cf550) 
thrown [s\src\hotspot\share\interpreter\linkResolver.cpp, line 1350]
Event: 13.279 Thread 0x00000132b34812c0 Exception <a 'java/io/FileNotFoundException'{0x00000000eb56fff0}> (0x00000000eb56fff0) 
thrown [s\src\hotspot\share\prims\jni.cpp, line 516]
Event: 13.530 Thread 0x00000132b34812c0 Exception <a 'java/lang/NoSuchMethodError'{0x00000000eb7152d8}: 'java.lang.Object java.lang.invoke.Invokers$Holder.invokeExact_MT(java.lang.Object, java.lang.Object, java.lang.Object, java.lang.Object, java.lang.Object, java.lang.Object)'> (0x00000000eb7152d8) 
thrown [s\src\hotspot\share\interpreter\linkResolver.cpp, line 759]
Event: 13.687 Thread 0x00000132b34812c0 Exception <a 'java/lang/NoSuchMethodError'{0x00000000eb8396e0}: 'java.lang.Object java.lang.invoke.Invokers$Holder.linkToTargetMethod(java.lang.Object, long, java.lang.Object)'> (0x00000000eb8396e0) 
thrown [s\src\hotspot\share\interpreter\linkResolver.cpp, line 759]
Event: 13.935 Thread 0x00000132b34812c0 Exception <a 'java/lang/NoSuchMethodError'{0x00000000ebbdb6c0}: 'void java.lang.invoke.DirectMethodHandle$Holder.invokeInterface(java.lang.Object, java.lang.Object, java.lang.Object)'> (0x00000000ebbdb6c0) 
thrown [s\src\hotspot\share\interpreter\linkResolver.cpp, line 759]
Event: 14.198 Thread 0x00000132b34812c0 Exception <a 'java/lang/NoSuchMethodError'{0x00000000ebf0c958}: 'void java.lang.invoke.DirectMethodHandle$Holder.invokeVirtual(java.lang.Object, java.lang.Object)'> (0x00000000ebf0c958) 
thrown [s\src\hotspot\share\interpreter\linkResolver.cpp, line 759]
Event: 14.314 Thread 0x00000132b34812c0 Exception <a 'java/lang/NoSuchMethodError'{0x00000000ec018380}: 'java.lang.Object java.lang.invoke.DirectMethodHandle$Holder.invokeStatic(java.lang.Object, java.lang.Object, int)'> (0x00000000ec018380) 
thrown [s\src\hotspot\share\interpreter\linkResolver.cpp, line 759]
Event: 14.316 Thread 0x00000132b34812c0 Exception <a 'java/lang/NoSuchMethodError'{0x00000000ec01d198}: 'void java.lang.invoke.DirectMethodHandle$Holder.invokeStatic(java.lang.Object, java.lang.Object, int, java.lang.Object)'> (0x00000000ec01d198) 
thrown [s\src\hotspot\share\interpreter\linkResolver.cpp, line 759]
Event: 14.318 Thread 0x00000132b34812c0 Exception <a 'java/lang/NoSuchMethodError'{0x00000000ec0248c8}: 'void java.lang.invoke.DelegatingMethodHandle$Holder.delegate(java.lang.Object, java.lang.Object, int, java.lang.Object)'> (0x00000000ec0248c8) 
thrown [s\src\hotspot\share\interpreter\linkResolver.cpp, line 759]
Event: 14.320 Thread 0x00000132b34812c0 Exception <a 'java/lang/NoSuchMethodError'{0x00000000ec028cb0}: 'int java.lang.invoke.DirectMethodHandle$Holder.invokeSpecial(java.lang.Object, java.lang.Object, java.lang.Object)'> (0x00000000ec028cb0) 
thrown [s\src\hotspot\share\interpreter\linkResolver.cpp, line 759]
Event: 14.323 Thread 0x00000132b34812c0 Exception <a 'java/lang/NoSuchMethodError'{0x00000000ec039940}: 'int java.lang.invoke.DirectMethodHandle$Holder.invokeStatic(java.lang.Object, java.lang.Object, int)'> (0x00000000ec039940) 
thrown [s\src\hotspot\share\interpreter\linkResolver.cpp, line 759]
Event: 14.324 Thread 0x00000132b34812c0 Exception <a 'java/lang/NoSuchMethodError'{0x00000000ec03d968}: 'int java.lang.invoke.DirectMethodHandle$Holder.invokeSpecial(java.lang.Object, java.lang.Object, java.lang.Object, int)'> (0x00000000ec03d968) 
thrown [s\src\hotspot\share\interpreter\linkResolver.cpp, line 759]

VM Operations (20 events):
Event: 8.994 Executing VM operation: HandshakeAllThreads
Event: 8.994 Executing VM operation: HandshakeAllThreads done
Event: 9.022 Executing VM operation: HandshakeAllThreads
Event: 9.022 Executing VM operation: HandshakeAllThreads done
Event: 10.037 Executing VM operation: Cleanup
Event: 10.037 Executing VM operation: Cleanup done
Event: 11.049 Executing VM operation: Cleanup
Event: 11.049 Executing VM operation: Cleanup done
Event: 12.049 Executing VM operation: Cleanup
Event: 12.050 Executing VM operation: Cleanup done
Event: 12.134 Executing VM operation: HandshakeAllThreads
Event: 12.134 Executing VM operation: HandshakeAllThreads done
Event: 12.362 Executing VM operation: ParallelGCFailedAllocation
Event: 12.374 Executing VM operation: ParallelGCFailedAllocation done
Event: 13.387 Executing VM operation: Cleanup
Event: 13.387 Executing VM operation: Cleanup done
Event: 13.834 Executing VM operation: HandshakeAllThreads
Event: 13.834 Executing VM operation: HandshakeAllThreads done
Event: 14.313 Executing VM operation: HandshakeAllThreads
Event: 14.313 Executing VM operation: HandshakeAllThreads done

Events (20 events):
Event: 14.310 loading class java/lang/invoke/MethodHandleImpl$CasesHolder done
Event: 14.310 loading class java/lang/invoke/MethodHandleImpl$LoopClauses
Event: 14.310 loading class java/lang/invoke/MethodHandleImpl$LoopClauses done
Event: 14.310 loading class java/lang/invoke/MethodHandleImpl$ArrayAccess
Event: 14.311 loading class java/lang/invoke/MethodHandleImpl$ArrayAccess done
Event: 14.311 loading class java/lang/invoke/MethodHandleImpl$2
Event: 14.311 loading class java/lang/invoke/MethodHandleImpl$2 done
Event: 14.311 loading class java/lang/invoke/MethodHandleImpl$ArrayAccessor
Event: 14.312 loading class java/lang/invoke/MethodHandleImpl$ArrayAccessor done
Event: 14.312 loading class java/lang/invoke/MethodHandleImpl$ArrayAccessor$1
Event: 14.312 loading class java/lang/invoke/MethodHandleImpl$ArrayAccessor$1 done
Event: 14.312 loading class java/lang/ClassValue$ClassValueMap
Event: 14.313 loading class java/lang/ClassValue$ClassValueMap done
Event: 14.322 loading class sun/invoke/util/ValueConversions$WrapperCache
Event: 14.322 loading class sun/invoke/util/ValueConversions$WrapperCache done
Event: 14.322 loading class sun/invoke/util/ValueConversions$1
Event: 14.323 loading class sun/invoke/util/ValueConversions$1 done
Event: 14.325 loading class java/lang/invoke/BoundMethodHandle$Species_LI
Event: 14.325 loading class java/lang/invoke/BoundMethodHandle$Species_LI done
Event: 14.325 loading class java/lang/invoke/ClassSpecializer$Factory$1Var


Dynamic libraries:
0x00007ff784fe0000 - 0x00007ff784fee000 	c:\Users\jhonn\.vscode\extensions\redhat.java-1.29.0-win32-x64\jre\17.0.10-win32-x86_64\bin\java.exe
0x00007ff8daef0000 - 0x00007ff8db0e8000 	C:\WINDOWS\SYSTEM32\ntdll.dll
0x00007ff8dac60000 - 0x00007ff8dad1d000 	C:\WINDOWS\System32\KERNEL32.DLL
0x00007ff8d87a0000 - 0x00007ff8d8a96000 	C:\WINDOWS\System32\KERNELBASE.dll
0x00007ff8d8af0000 - 0x00007ff8d8bf0000 	C:\WINDOWS\System32\ucrtbase.dll
0x00007ff8b6e50000 - 0x00007ff8b6e67000 	c:\Users\jhonn\.vscode\extensions\redhat.java-1.29.0-win32-x64\jre\17.0.10-win32-x86_64\bin\jli.dll
0x00007ff8da830000 - 0x00007ff8da9cf000 	C:\WINDOWS\System32\USER32.dll
0x00007ff8d8d20000 - 0x00007ff8d8d42000 	C:\WINDOWS\System32\win32u.dll
0x00007ff8da9d0000 - 0x00007ff8da9fb000 	C:\WINDOWS\System32\GDI32.dll
0x00007ff8d8680000 - 0x00007ff8d8797000 	C:\WINDOWS\System32\gdi32full.dll
0x00007ff8d8bf0000 - 0x00007ff8d8c8d000 	C:\WINDOWS\System32\msvcp_win.dll
0x00007ff8a8600000 - 0x00007ff8a861b000 	c:\Users\jhonn\.vscode\extensions\redhat.java-1.29.0-win32-x64\jre\17.0.10-win32-x86_64\bin\VCRUNTIME140.dll
0x00007ff8cb620000 - 0x00007ff8cb8ba000 	C:\WINDOWS\WinSxS\amd64_microsoft.windows.common-controls_6595b64144ccf1df_6.0.19041.3636_none_60b6a03d71f818d5\COMCTL32.dll
0x00007ff8d9690000 - 0x00007ff8d972e000 	C:\WINDOWS\System32\msvcrt.dll
0x00007ff8d9840000 - 0x00007ff8d9872000 	C:\WINDOWS\System32\IMM32.DLL
0x00007ff8d2df0000 - 0x00007ff8d2dfc000 	c:\Users\jhonn\.vscode\extensions\redhat.java-1.29.0-win32-x64\jre\17.0.10-win32-x86_64\bin\vcruntime140_1.dll
0x00007ff89c540000 - 0x00007ff89c5cd000 	c:\Users\jhonn\.vscode\extensions\redhat.java-1.29.0-win32-x64\jre\17.0.10-win32-x86_64\bin\msvcp140.dll
0x00007ff864990000 - 0x00007ff8655f2000 	c:\Users\jhonn\.vscode\extensions\redhat.java-1.29.0-win32-x64\jre\17.0.10-win32-x86_64\bin\server\jvm.dll
0x00007ff8daad0000 - 0x00007ff8dab80000 	C:\WINDOWS\System32\ADVAPI32.dll
0x00007ff8dae10000 - 0x00007ff8daeb0000 	C:\WINDOWS\System32\sechost.dll
0x00007ff8da700000 - 0x00007ff8da823000 	C:\WINDOWS\System32\RPCRT4.dll
0x00007ff8d8650000 - 0x00007ff8d8677000 	C:\WINDOWS\System32\bcrypt.dll
0x00007ff8d8400000 - 0x00007ff8d844b000 	C:\WINDOWS\SYSTEM32\POWRPROF.dll
0x00007ff8c6cd0000 - 0x00007ff8c6cd9000 	C:\WINDOWS\SYSTEM32\WSOCK32.dll
0x00007ff8daa60000 - 0x00007ff8daacb000 	C:\WINDOWS\System32\WS2_32.dll
0x00007ff8cb930000 - 0x00007ff8cb957000 	C:\WINDOWS\SYSTEM32\WINMM.dll
0x00007ff8cb8c0000 - 0x00007ff8cb8ca000 	C:\WINDOWS\SYSTEM32\VERSION.dll
0x00007ff8d83e0000 - 0x00007ff8d83f2000 	C:\WINDOWS\SYSTEM32\UMPDC.dll
0x00007ff8d6320000 - 0x00007ff8d6332000 	C:\WINDOWS\SYSTEM32\kernel.appcore.dll
0x00007ff8d2580000 - 0x00007ff8d258a000 	c:\Users\jhonn\.vscode\extensions\redhat.java-1.29.0-win32-x64\jre\17.0.10-win32-x86_64\bin\jimage.dll
0x00007ff8cb3e0000 - 0x00007ff8cb5c4000 	C:\WINDOWS\SYSTEM32\DBGHELP.DLL
0x00007ff8cad70000 - 0x00007ff8cada4000 	C:\WINDOWS\SYSTEM32\dbgcore.DLL
0x00007ff8d8c90000 - 0x00007ff8d8d12000 	C:\WINDOWS\System32\bcryptPrimitives.dll
0x00007ff8b6e40000 - 0x00007ff8b6e4e000 	c:\Users\jhonn\.vscode\extensions\redhat.java-1.29.0-win32-x64\jre\17.0.10-win32-x86_64\bin\instrument.dll
0x00007ff8a85d0000 - 0x00007ff8a85f5000 	c:\Users\jhonn\.vscode\extensions\redhat.java-1.29.0-win32-x64\jre\17.0.10-win32-x86_64\bin\java.dll
0x00007ff89c520000 - 0x00007ff89c538000 	c:\Users\jhonn\.vscode\extensions\redhat.java-1.29.0-win32-x64\jre\17.0.10-win32-x86_64\bin\zip.dll
0x00007ff8d8f20000 - 0x00007ff8d968b000 	C:\WINDOWS\System32\SHELL32.dll
0x00007ff8d6630000 - 0x00007ff8d6dce000 	C:\WINDOWS\SYSTEM32\windows.storage.dll
0x00007ff8da240000 - 0x00007ff8da593000 	C:\WINDOWS\System32\combase.dll
0x00007ff8d7f00000 - 0x00007ff8d7f2e000 	C:\WINDOWS\SYSTEM32\Wldp.dll
0x00007ff8dab80000 - 0x00007ff8dac4d000 	C:\WINDOWS\System32\OLEAUT32.dll
0x00007ff8da5a0000 - 0x00007ff8da64d000 	C:\WINDOWS\System32\SHCORE.dll
0x00007ff8daa00000 - 0x00007ff8daa55000 	C:\WINDOWS\System32\shlwapi.dll
0x00007ff8d84d0000 - 0x00007ff8d84f3000 	C:\WINDOWS\SYSTEM32\profapi.dll
0x00007ff89c4c0000 - 0x00007ff89c4d9000 	C:\Users\jhonn\.vscode\extensions\redhat.java-1.29.0-win32-x64\jre\17.0.10-win32-x86_64\bin\net.dll
0x00007ff8ceab0000 - 0x00007ff8cebba000 	C:\WINDOWS\SYSTEM32\WINHTTP.dll
0x00007ff8d7c60000 - 0x00007ff8d7cca000 	C:\WINDOWS\system32\mswsock.dll
0x00007ff89c4a0000 - 0x00007ff89c4b6000 	C:\Users\jhonn\.vscode\extensions\redhat.java-1.29.0-win32-x64\jre\17.0.10-win32-x86_64\bin\nio.dll
0x00007ff89c460000 - 0x00007ff89c470000 	c:\Users\jhonn\.vscode\extensions\redhat.java-1.29.0-win32-x64\jre\17.0.10-win32-x86_64\bin\verify.dll
0x00007ff8d0b70000 - 0x00007ff8d0bae000 	C:\Users\jhonn\AppData\Roaming\Code\User\globalStorage\redhat.java\1.29.0\config_ss_win\org.eclipse.equinox.launcher\org.eclipse.equinox.launcher.win32.win32.x86_64_1.2.900.v20240213-1244\eclipse_11900.dll
0x00007ff8d9880000 - 0x00007ff8d99ab000 	C:\WINDOWS\System32\ole32.dll

dbghelp: loaded successfully - version: 4.0.5 - missing functions: none
symbol engine: initialized successfully - sym options: 0x614 - pdb path: .;c:\Users\jhonn\.vscode\extensions\redhat.java-1.29.0-win32-x64\jre\17.0.10-win32-x86_64\bin;C:\WINDOWS\SYSTEM32;C:\WINDOWS\WinSxS\amd64_microsoft.windows.common-controls_6595b64144ccf1df_6.0.19041.3636_none_60b6a03d71f818d5;c:\Users\jhonn\.vscode\extensions\redhat.java-1.29.0-win32-x64\jre\17.0.10-win32-x86_64\bin\server;C:\Users\jhonn\AppData\Roaming\Code\User\globalStorage\redhat.java\1.29.0\config_ss_win\org.eclipse.equinox.launcher\org.eclipse.equinox.launcher.win32.win32.x86_64_1.2.900.v20240213-1244

VM Arguments:
jvm_args: --add-modules=ALL-SYSTEM --add-opens=java.base/java.util=ALL-UNNAMED --add-opens=java.base/java.lang=ALL-UNNAMED --add-opens=java.base/sun.nio.fs=ALL-UNNAMED -Declipse.application=org.eclipse.jdt.ls.core.id1 -Dosgi.bundles.defaultStartLevel=4 -Declipse.product=org.eclipse.jdt.ls.core.product -Djava.import.generatesMetadataFilesAtProjectRoot=false -DDetectVMInstallationsJob.disabled=true -Dfile.encoding=utf8 -XX:+UseParallelGC -XX:GCTimeRatio=4 -XX:AdaptiveSizePolicyWeight=90 -Dsun.zip.disableMemoryMapping=true -Xmx1G -Xms100m -Xlog:disable -javaagent:c:\Users\jhonn\.vscode\extensions\redhat.java-1.29.0-win32-x64\lombok\lombok-1.18.32.jar 
java_command: c:\Users\jhonn\.vscode\extensions\redhat.java-1.29.0-win32-x64\server\plugins\org.eclipse.equinox.launcher_1.6.800.v20240304-1850.jar -configuration c:\Users\jhonn\AppData\Roaming\Code\User\globalStorage\redhat.java\1.29.0\config_ss_win -data c:\Users\jhonn\AppData\Roaming\Code\User\workspaceStorage\f926728e50f2738973d3538630756d0e\redhat.java\ss_ws --stdio
java_class_path (initial): c:\Users\jhonn\.vscode\extensions\redhat.java-1.29.0-win32-x64\server\plugins\org.eclipse.equinox.launcher_1.6.800.v20240304-1850.jar
Launcher Type: SUN_STANDARD

[Global flags]
    uintx AdaptiveSizePolicyWeight                 = 90                                        {product} {command line}
     intx CICompilerCount                          = 3                                         {product} {ergonomic}
    uintx GCTimeRatio                              = 4                                         {product} {command line}
   size_t InitialHeapSize                          = 104857600                                 {product} {command line}
   size_t MaxHeapSize                              = 1073741824                                {product} {command line}
   size_t MaxNewSize                               = 357564416                                 {product} {ergonomic}
   size_t MinHeapDeltaBytes                        = 524288                                    {product} {ergonomic}
   size_t MinHeapSize                              = 104857600                                 {product} {command line}
   size_t NewSize                                  = 34603008                                  {product} {ergonomic}
    uintx NonNMethodCodeHeapSize                   = 5832780                                {pd product} {ergonomic}
    uintx NonProfiledCodeHeapSize                  = 122912730                              {pd product} {ergonomic}
   size_t OldSize                                  = 70254592                                  {product} {ergonomic}
    uintx ProfiledCodeHeapSize                     = 122912730                              {pd product} {ergonomic}
    uintx ReservedCodeCacheSize                    = 251658240                              {pd product} {ergonomic}
     bool SegmentedCodeCache                       = true                                      {product} {ergonomic}
   size_t SoftMaxHeapSize                          = 1073741824                             {manageable} {ergonomic}
     bool UseCompressedClassPointers               = true                           {product lp64_product} {ergonomic}
     bool UseCompressedOops                        = true                           {product lp64_product} {ergonomic}
     bool UseLargePagesIndividualAllocation        = false                                  {pd product} {ergonomic}
     bool UseParallelGC                            = true                                      {product} {command line}

Logging:
Log output configuration:
 #0: stdout all=off uptime,level,tags
 #1: stderr all=off uptime,level,tags

Environment Variables:
JAVA_HOME=C:\Program Files\Java\jdk-21
PATH=C:\Program Files\Common Files\Oracle\Java\javapath;C:\oraclexe\app\oracle\product\11.2.0\server\bin;C:\WINDOWS\system32;C:\WINDOWS;C:\WINDOWS\System32\Wbem;C:\WINDOWS\System32\WindowsPowerShell\v1.0\;C:\WINDOWS\System32\OpenSSH\;C:\Program Files\Microsoft VS Code\bin;C:\Program Files\Microsoft SQL Server\Client SDK\ODBC\170\Tools\Binn\;C:\Program Files (x86)\Microsoft SQL Server\150\Tools\Binn\;C:\Program Files\Microsoft SQL Server\150\Tools\Binn\;C:\Program Files\Microsoft SQL Server\150\DTS\Binn\;C:\Program Files (x86)\Microsoft SQL Server\150\DTS\Binn\;C:\Program Files\Azure Data Studio\bin;C:\Program Files\Git\cmd;C:\apache-maven-3.8.4\bin;C:\Automatizacion\gradle-8.7\bin;C:\Program Files\Java\jdk-21\bin;C:\Users\jhonn\AppData\Local\Microsoft\WindowsApps;;C:\Program Files\Azure Data Studio\bin
USERNAME=jhonn
OS=Windows_NT
PROCESSOR_IDENTIFIER=Intel64 Family 6 Model 58 Stepping 9, GenuineIntel
TMP=C:\Users\jhonn\AppData\Local\Temp
TEMP=C:\Users\jhonn\AppData\Local\Temp



Periodic native trim disabled


---------------  S Y S T E M  ---------------

OS:
 Windows 10 , 64 bit Build 19041 (10.0.19041.3636)
OS uptime: 0 days 0:10 hours

CPU: total 4 (initial active 4) (2 cores per cpu, 2 threads per core) family 6 model 58 stepping 9 microcode 0x21, cx8, cmov, fxsr, ht, mmx, sse, sse2, sse3, ssse3, sse4.1, sse4.2, popcnt, tsc, tscinvbit, avx, erms, clmul, vzeroupper, clflush
Processor Information for all 4 processors :
  Max Mhz: 1901, Current Mhz: 1901, Mhz Limit: 1901

Memory: 4k page, system-wide physical 1949M (171M free)
TotalPageFile size 7837M (AvailPageFile size 8M)
current process WorkingSet (physical memory assigned to process): 87M, peak: 88M
current process commit charge ("private bytes"): 198M, peak: 198M

vm_info: OpenJDK 64-Bit Server VM (17.0.10+7) for windows-amd64 JRE (17.0.10+7), built on Jan 16 2024 23:25:11 by "admin" with MS VC++ 16.10 / 16.11 (VS2019)

END.
