#
# There is insufficient memory for the Java Runtime Environment to continue.
# Native memory allocation (malloc) failed to allocate 221536 bytes for Chunk::new
# Possible reasons:
#   The system is out of physical RAM or swap space
#   The process is running with CompressedOops enabled, and the Java Heap may be blocking the growth of the native heap
# Possible solutions:
#   Reduce memory load on the system
#   Increase physical memory or swap space
#   Check if swap backing store is full
#   Decrease Java heap size (-Xmx/-Xms)
#   Decrease number of Java threads
#   Decrease Java thread stack sizes (-Xss)
#   Set larger code cache with -XX:ReservedCodeCacheSize=
#   JVM is running with Unscaled Compressed Oops mode in which the Java heap is
#     placed in the first 4GB address space. The Java Heap base address is the
#     maximum limit for the native heap growth. Please use -XX:HeapBaseMinAddress
#     to set the Java Heap base and to place the Java Heap above 4GB virtual address.
# This output file may be truncated or incomplete.
#
#  Out of Memory Error (arena.cpp:191), pid=11168, tid=10488
#
# JRE version: OpenJDK Runtime Environment Temurin-17.0.10+7 (17.0.10+7) (build 17.0.10+7)
# Java VM: OpenJDK 64-Bit Server VM Temurin-17.0.10+7 (17.0.10+7, mixed mode, tiered, compressed oops, compressed class ptrs, parallel gc, windows-amd64)
# No core dump will be written. Minidumps are not enabled by default on client versions of Windows
#

---------------  S U M M A R Y ------------

Command Line: --add-modules=ALL-SYSTEM --add-opens=java.base/java.util=ALL-UNNAMED --add-opens=java.base/java.lang=ALL-UNNAMED --add-opens=java.base/sun.nio.fs=ALL-UNNAMED -Declipse.application=org.eclipse.jdt.ls.core.id1 -Dosgi.bundles.defaultStartLevel=4 -Declipse.product=org.eclipse.jdt.ls.core.product -Djava.import.generatesMetadataFilesAtProjectRoot=false -DDetectVMInstallationsJob.disabled=true -Dfile.encoding=utf8 -XX:+UseParallelGC -XX:GCTimeRatio=4 -XX:AdaptiveSizePolicyWeight=90 -Dsun.zip.disableMemoryMapping=true -Xmx1G -Xms100m -Xlog:disable -javaagent:c:\Users\jhonn\.vscode\extensions\redhat.java-1.29.0-win32-x64\lombok\lombok-1.18.32.jar -XX:+HeapDumpOnOutOfMemoryError -XX:HeapDumpPath=c:\Users\jhonn\AppData\Roaming\Code\User\workspaceStorage\f926728e50f2738973d3538630756d0e\redhat.java -Daether.dependencyCollector.impl=bf c:\Users\jhonn\.vscode\extensions\redhat.java-1.29.0-win32-x64\server\plugins\org.eclipse.equinox.launcher_1.6.800.v20240304-1850.jar -configuration c:\Users\jhonn\AppData\Roaming\Code\User\globalStorage\redhat.java\1.29.0\config_win -data c:\Users\jhonn\AppData\Roaming\Code\User\workspaceStorage\f926728e50f2738973d3538630756d0e\redhat.java\jdt_ws --stdio

Host: Intel(R) Core(TM) i3-3227U CPU @ 1.90GHz, 4 cores, 1G,  Windows 10 , 64 bit Build 19041 (10.0.19041.3636)
Time: Mon Apr 15 21:13:00 2024 Hora est. Pacífico, Sudamérica elapsed time: 430.823020 seconds (0d 0h 7m 10s)

---------------  T H R E A D  ---------------

Current thread (0x00000153111d2960):  JavaThread "C2 CompilerThread0" daemon [_thread_in_native, id=10488, stack(0x0000000b81500000,0x0000000b81600000)]


Current CompileTask:
C2: 430824 2054   !   4       java.lang.String::<init> (843 bytes)

Stack: [0x0000000b81500000,0x0000000b81600000]
Native frames: (J=compiled Java code, j=interpreted, Vv=VM code, C=native code)
V  [jvm.dll+0x67d2c9]
V  [jvm.dll+0x834afa]
V  [jvm.dll+0x8365be]
V  [jvm.dll+0x836c23]
V  [jvm.dll+0x2477ff]
V  [jvm.dll+0xac514]
V  [jvm.dll+0xacb5c]
V  [jvm.dll+0x2aed1f]
V  [jvm.dll+0x584b67]
V  [jvm.dll+0x2228a2]
V  [jvm.dll+0x21bb42]
V  [jvm.dll+0x219201]
V  [jvm.dll+0x1a502d]
V  [jvm.dll+0x2290de]
V  [jvm.dll+0x2272ac]
V  [jvm.dll+0x7e9bb7]
V  [jvm.dll+0x7e3fba]
V  [jvm.dll+0x67c1b5]
C  [ucrtbase.dll+0x21bb2]
C  [KERNEL32.DLL+0x17344]
C  [ntdll.dll+0x526b1]


---------------  P R O C E S S  ---------------

Threads class SMR info:
_java_thread_list=0x000001531687d3c0, length=16, elements={
0x000001537d301b90, 0x000001531119e000, 0x000001531119f6d0, 0x00000153111cc5f0,
0x00000153111cd380, 0x00000153111ce110, 0x00000153111cfd50, 0x00000153111d2960,
0x00000153111fe5d0, 0x0000015316379550, 0x0000015316466f80, 0x00000153166fdf10,
0x00000153166cd910, 0x00000153166d4df0, 0x0000015316adc360, 0x00000153164610d0
}

Java Threads: ( => current thread )
  0x000001537d301b90 JavaThread "main" [_thread_blocked, id=11248, stack(0x0000000b80c00000,0x0000000b80d00000)]
  0x000001531119e000 JavaThread "Reference Handler" daemon [_thread_blocked, id=9372, stack(0x0000000b80f00000,0x0000000b81000000)]
  0x000001531119f6d0 JavaThread "Finalizer" daemon [_thread_blocked, id=6184, stack(0x0000000b81000000,0x0000000b81100000)]
  0x00000153111cc5f0 JavaThread "Signal Dispatcher" daemon [_thread_blocked, id=9108, stack(0x0000000b81100000,0x0000000b81200000)]
  0x00000153111cd380 JavaThread "Attach Listener" daemon [_thread_blocked, id=9656, stack(0x0000000b81200000,0x0000000b81300000)]
  0x00000153111ce110 JavaThread "Service Thread" daemon [_thread_blocked, id=8452, stack(0x0000000b81300000,0x0000000b81400000)]
  0x00000153111cfd50 JavaThread "Monitor Deflation Thread" daemon [_thread_blocked, id=10484, stack(0x0000000b81400000,0x0000000b81500000)]
=>0x00000153111d2960 JavaThread "C2 CompilerThread0" daemon [_thread_in_native, id=10488, stack(0x0000000b81500000,0x0000000b81600000)]
  0x00000153111fe5d0 JavaThread "C1 CompilerThread0" daemon [_thread_blocked, id=7648, stack(0x0000000b81600000,0x0000000b81700000)]
  0x0000015316379550 JavaThread "Sweeper thread" daemon [_thread_blocked, id=10520, stack(0x0000000b81700000,0x0000000b81800000)]
  0x0000015316466f80 JavaThread "Common-Cleaner" daemon [_thread_blocked, id=10556, stack(0x0000000b81800000,0x0000000b81900000)]
  0x00000153166fdf10 JavaThread "Notification Thread" daemon [_thread_blocked, id=8492, stack(0x0000000b81900000,0x0000000b81a00000)]
  0x00000153166cd910 JavaThread "Active Thread: Equinox Container: cdc26174-e44e-4b5e-a6f0-5ebdf8f3bed0" [_thread_blocked, id=5920, stack(0x0000000b81e00000,0x0000000b81f00000)]
  0x00000153166d4df0 JavaThread "Framework Event Dispatcher: Equinox Container: cdc26174-e44e-4b5e-a6f0-5ebdf8f3bed0" daemon [_thread_blocked, id=16176, stack(0x0000000b80a00000,0x0000000b80b00000)]
  0x0000015316adc360 JavaThread "Start Level: Equinox Container: cdc26174-e44e-4b5e-a6f0-5ebdf8f3bed0" daemon [_thread_in_native, id=16356, stack(0x0000000b80b00000,0x0000000b80c00000)]
  0x00000153164610d0 JavaThread "Bundle File Closer" daemon [_thread_blocked, id=1536, stack(0x0000000b81f00000,0x0000000b82000000)]

Other Threads:
  0x000001531118c9a0 VMThread "VM Thread" [stack: 0x0000000b80e00000,0x0000000b80f00000] [id=6888]
  0x0000015316737cb0 WatcherThread [stack: 0x0000000b81a00000,0x0000000b81b00000] [id=10588]
  0x000001537d317530 GCTaskThread "GC Thread#0" [stack: 0x0000000b80d00000,0x0000000b80e00000] [id=11252]
  0x00000153166fd010 GCTaskThread "GC Thread#1" [stack: 0x0000000b81b00000,0x0000000b81c00000] [id=2072]
  0x00000153164cc960 GCTaskThread "GC Thread#2" [stack: 0x0000000b81c00000,0x0000000b81d00000] [id=2080]
  0x00000153164ccc20 GCTaskThread "GC Thread#3" [stack: 0x0000000b81d00000,0x0000000b81e00000] [id=10192]

Threads with active compile tasks:
C2 CompilerThread0   430959 2054   !   4       java.lang.String::<init> (843 bytes)

VM state: not at safepoint (normal execution)

VM Mutex/Monitor currently owned by a thread: None

Heap address: 0x00000000c0000000, size: 1024 MB, Compressed Oops mode: 32-bit

CDS archive(s) not mapped
Compressed class space mapped at: 0x0000000100000000-0x0000000140000000, reserved size: 1073741824
Narrow klass base: 0x0000000000000000, Narrow klass shift: 3, Narrow klass range: 0x140000000

GC Precious Log:
 CPUs: 4 total, 4 available
 Memory: 1949M
 Large Page Support: Disabled
 NUMA Support: Disabled
 Compressed Oops: Enabled (32-bit)
 Alignments: Space 512K, Generation 512K, Heap 2M
 Heap Min Capacity: 100M
 Heap Initial Capacity: 100M
 Heap Max Capacity: 1G
 Pre-touch: Disabled
 Parallel Workers: 4

Heap:
 PSYoungGen      total 29696K, used 22480K [0x00000000eab00000, 0x00000000ecc00000, 0x0000000100000000)
  eden space 25600K, 71% used [0x00000000eab00000,0x00000000ebcf4608,0x00000000ec400000)
  from space 4096K, 99% used [0x00000000ec800000,0x00000000ecbffa60,0x00000000ecc00000)
  to   space 4096K, 0% used [0x00000000ec400000,0x00000000ec400000,0x00000000ec800000)
 ParOldGen       total 68608K, used 1456K [0x00000000c0000000, 0x00000000c4300000, 0x00000000eab00000)
  object space 68608K, 2% used [0x00000000c0000000,0x00000000c016c090,0x00000000c4300000)
 Metaspace       used 15805K, committed 16000K, reserved 1114112K
  class space    used 1587K, committed 1664K, reserved 1048576K

Card table byte_map: [0x000001537cca0000,0x000001537ceb0000] _byte_map_base: 0x000001537c6a0000

Marking Bits: (ParMarkBitMap*) 0x00007ff86552d7d0
 Begin Bits: [0x000001530f000000, 0x0000015310000000)
 End Bits:   [0x0000015310000000, 0x0000015311000000)

Polling page: 0x000001537b080000

Metaspace:

Usage:
  Non-class:     13.88 MB used.
      Class:      1.55 MB used.
       Both:     15.44 MB used.

Virtual space:
  Non-class space:       64.00 MB reserved,      14.00 MB ( 22%) committed,  1 nodes.
      Class space:        1.00 GB reserved,       1.62 MB ( <1%) committed,  1 nodes.
             Both:        1.06 GB reserved,      15.62 MB (  1%) committed. 

Chunk freelists:
   Non-Class:  1.97 MB
       Class:  14.38 MB
        Both:  16.35 MB

MaxMetaspaceSize: unlimited
CompressedClassSpaceSize: 1.00 GB
Initial GC threshold: 21.00 MB
Current GC threshold: 21.00 MB
CDS: off
MetaspaceReclaimPolicy: balanced
 - commit_granule_bytes: 65536.
 - commit_granule_words: 8192.
 - virtual_space_node_default_size: 8388608.
 - enlarge_chunks_in_place: 1.
 - new_chunks_are_fully_committed: 0.
 - uncommit_free_chunks: 1.
 - use_allocation_guard: 0.
 - handle_deallocations: 1.


Internal statistics:

num_allocs_failed_limit: 0.
num_arena_births: 100.
num_arena_deaths: 0.
num_vsnodes_births: 2.
num_vsnodes_deaths: 0.
num_space_committed: 250.
num_space_uncommitted: 0.
num_chunks_returned_to_freelist: 0.
num_chunks_taken_from_freelist: 324.
num_chunk_merges: 0.
num_chunk_splits: 200.
num_chunks_enlarged: 148.
num_inconsistent_stats: 0.

CodeHeap 'non-profiled nmethods': size=120000Kb used=894Kb max_used=894Kb free=119105Kb
 bounds [0x0000015307ad0000, 0x0000015307d40000, 0x000001530f000000]
CodeHeap 'profiled nmethods': size=120000Kb used=3754Kb max_used=3754Kb free=116245Kb
 bounds [0x0000015300000000, 0x00000153003b0000, 0x0000015307530000]
CodeHeap 'non-nmethods': size=5760Kb used=1167Kb max_used=1186Kb free=4592Kb
 bounds [0x0000015307530000, 0x00000153077a0000, 0x0000015307ad0000]
 total_blobs=2500 nmethods=2040 adapters=374
 compilation: enabled
              stopped_count=0, restarted_count=0
 full_count=0

Compilation events (20 events):
Event: 417.083 Thread 0x00000153111fe5d0 nmethod 2044 0x00000153003a7010 code [0x00000153003a72a0, 0x00000153003a7f88]
Event: 426.684 Thread 0x00000153111fe5d0 2045       3       java.lang.StringCoding::hasNegatives (25 bytes)
Event: 426.686 Thread 0x00000153111d2960 2046       4       java.util.AbstractSet::<init> (5 bytes)
Event: 426.688 Thread 0x00000153111fe5d0 nmethod 2045 0x00000153003a8490 code [0x00000153003a8640, 0x00000153003a8878]
Event: 426.692 Thread 0x00000153111d2960 nmethod 2046 0x0000015307bae390 code [0x0000015307bae500, 0x0000015307bae578]
Event: 426.693 Thread 0x00000153111d2960 2047       4       java.util.Objects::requireNonNull (15 bytes)
Event: 426.694 Thread 0x00000153111d2960 nmethod 2047 0x0000015307bae690 code [0x0000015307bae800, 0x0000015307bae878]
Event: 428.376 Thread 0x00000153111d2960 2048       4       java.util.jar.Manifest$FastInputStream::readLine (296 bytes)
Event: 428.389 Thread 0x00000153111fe5d0 2049       3       java.util.concurrent.locks.ReentrantLock::<init> (16 bytes)
Event: 428.391 Thread 0x00000153111fe5d0 nmethod 2049 0x00000153003a8990 code [0x00000153003a8b60, 0x00000153003a8f18]
Event: 428.391 Thread 0x00000153111fe5d0 2050       3       java.util.concurrent.locks.ReentrantLock$NonfairSync::<init> (5 bytes)
Event: 428.391 Thread 0x00000153111fe5d0 nmethod 2050 0x00000153003a9090 code [0x00000153003a9240, 0x00000153003a94b8]
Event: 428.391 Thread 0x00000153111fe5d0 2051       3       java.util.concurrent.locks.ReentrantLock$Sync::<init> (5 bytes)
Event: 428.392 Thread 0x00000153111fe5d0 nmethod 2051 0x00000153003a9610 code [0x00000153003a97c0, 0x00000153003a99f8]
Event: 428.409 Thread 0x00000153111d2960 nmethod 2048 0x0000015307bae990 code [0x0000015307baeb40, 0x0000015307baf0f8]
Event: 429.168 Thread 0x00000153111fe5d0 2052       3       java.lang.Long::stringSize (55 bytes)
Event: 429.169 Thread 0x00000153111fe5d0 nmethod 2052 0x00000153003a9b10 code [0x00000153003a9cc0, 0x00000153003a9f58]
Event: 429.169 Thread 0x00000153111fe5d0 2053       3       java.lang.Long::getChars (208 bytes)
Event: 429.171 Thread 0x00000153111fe5d0 nmethod 2053 0x00000153003aa010 code [0x00000153003aa200, 0x00000153003aa818]
Event: 430.403 Thread 0x00000153111d2960 2054   !   4       java.lang.String::<init> (843 bytes)

GC Heap History (4 events):
Event: 22.888 GC heap before
{Heap before GC invocations=1 (full 0):
 PSYoungGen      total 29696K, used 25600K [0x00000000eab00000, 0x00000000ecc00000, 0x0000000100000000)
  eden space 25600K, 100% used [0x00000000eab00000,0x00000000ec400000,0x00000000ec400000)
  from space 4096K, 0% used [0x00000000ec800000,0x00000000ec800000,0x00000000ecc00000)
  to   space 4096K, 0% used [0x00000000ec400000,0x00000000ec400000,0x00000000ec800000)
 ParOldGen       total 68608K, used 0K [0x00000000c0000000, 0x00000000c4300000, 0x00000000eab00000)
  object space 68608K, 0% used [0x00000000c0000000,0x00000000c0000000,0x00000000c4300000)
 Metaspace       used 11018K, committed 11200K, reserved 1114112K
  class space    used 1098K, committed 1216K, reserved 1048576K
}
Event: 23.014 GC heap after
{Heap after GC invocations=1 (full 0):
 PSYoungGen      total 29696K, used 3206K [0x00000000eab00000, 0x00000000ecc00000, 0x0000000100000000)
  eden space 25600K, 0% used [0x00000000eab00000,0x00000000eab00000,0x00000000ec400000)
  from space 4096K, 78% used [0x00000000ec400000,0x00000000ec721858,0x00000000ec800000)
  to   space 4096K, 0% used [0x00000000ec800000,0x00000000ec800000,0x00000000ecc00000)
 ParOldGen       total 68608K, used 0K [0x00000000c0000000, 0x00000000c4300000, 0x00000000eab00000)
  object space 68608K, 0% used [0x00000000c0000000,0x00000000c0000000,0x00000000c4300000)
 Metaspace       used 11018K, committed 11200K, reserved 1114112K
  class space    used 1098K, committed 1216K, reserved 1048576K
}
Event: 243.942 GC heap before
{Heap before GC invocations=2 (full 0):
 PSYoungGen      total 29696K, used 28806K [0x00000000eab00000, 0x00000000ecc00000, 0x0000000100000000)
  eden space 25600K, 100% used [0x00000000eab00000,0x00000000ec400000,0x00000000ec400000)
  from space 4096K, 78% used [0x00000000ec400000,0x00000000ec721858,0x00000000ec800000)
  to   space 4096K, 0% used [0x00000000ec800000,0x00000000ec800000,0x00000000ecc00000)
 ParOldGen       total 68608K, used 0K [0x00000000c0000000, 0x00000000c4300000, 0x00000000eab00000)
  object space 68608K, 0% used [0x00000000c0000000,0x00000000c0000000,0x00000000c4300000)
 Metaspace       used 14578K, committed 14784K, reserved 1114112K
  class space    used 1456K, committed 1600K, reserved 1048576K
}
Event: 244.127 GC heap after
{Heap after GC invocations=2 (full 0):
 PSYoungGen      total 29696K, used 4094K [0x00000000eab00000, 0x00000000ecc00000, 0x0000000100000000)
  eden space 25600K, 0% used [0x00000000eab00000,0x00000000eab00000,0x00000000ec400000)
  from space 4096K, 99% used [0x00000000ec800000,0x00000000ecbffa60,0x00000000ecc00000)
  to   space 4096K, 0% used [0x00000000ec400000,0x00000000ec400000,0x00000000ec800000)
 ParOldGen       total 68608K, used 1456K [0x00000000c0000000, 0x00000000c4300000, 0x00000000eab00000)
  object space 68608K, 2% used [0x00000000c0000000,0x00000000c016c090,0x00000000c4300000)
 Metaspace       used 14578K, committed 14784K, reserved 1114112K
  class space    used 1456K, committed 1600K, reserved 1048576K
}

Dll operation events (9 events):
Event: 0.052 Loaded shared library c:\Users\jhonn\.vscode\extensions\redhat.java-1.29.0-win32-x64\jre\17.0.10-win32-x86_64\bin\java.dll
Event: 4.280 Loaded shared library c:\Users\jhonn\.vscode\extensions\redhat.java-1.29.0-win32-x64\jre\17.0.10-win32-x86_64\bin\zip.dll
Event: 4.302 Loaded shared library C:\Users\jhonn\.vscode\extensions\redhat.java-1.29.0-win32-x64\jre\17.0.10-win32-x86_64\bin\instrument.dll
Event: 4.389 Loaded shared library C:\Users\jhonn\.vscode\extensions\redhat.java-1.29.0-win32-x64\jre\17.0.10-win32-x86_64\bin\net.dll
Event: 4.395 Loaded shared library C:\Users\jhonn\.vscode\extensions\redhat.java-1.29.0-win32-x64\jre\17.0.10-win32-x86_64\bin\nio.dll
Event: 4.414 Loaded shared library C:\Users\jhonn\.vscode\extensions\redhat.java-1.29.0-win32-x64\jre\17.0.10-win32-x86_64\bin\zip.dll
Event: 4.958 Loaded shared library C:\Users\jhonn\.vscode\extensions\redhat.java-1.29.0-win32-x64\jre\17.0.10-win32-x86_64\bin\jimage.dll
Event: 6.353 Loaded shared library c:\Users\jhonn\.vscode\extensions\redhat.java-1.29.0-win32-x64\jre\17.0.10-win32-x86_64\bin\verify.dll
Event: 197.919 Loaded shared library C:\Users\jhonn\AppData\Roaming\Code\User\globalStorage\redhat.java\1.29.0\config_win\org.eclipse.equinox.launcher\org.eclipse.equinox.launcher.win32.win32.x86_64_1.2.900.v20240213-1244\eclipse_11900.dll

Deoptimization events (20 events):
Event: 395.497 Thread 0x0000015316adc360 DEOPT PACKING pc=0x0000015307b20c04 sp=0x0000000b80bfd230
Event: 395.497 Thread 0x0000015316adc360 DEOPT UNPACKING pc=0x00000153075866a3 sp=0x0000000b80bfd1c8 mode 2
Event: 397.704 Thread 0x0000015316adc360 Uncommon trap: trap_request=0xffffff45 fr.pc=0x0000015307b9a018 relative=0x0000000000001258
Event: 397.704 Thread 0x0000015316adc360 Uncommon trap: reason=unstable_if action=reinterpret pc=0x0000015307b9a018 method=java.lang.String.<init>([BIILjava/nio/charset/Charset;)V @ 62 c2
Event: 397.704 Thread 0x0000015316adc360 DEOPT PACKING pc=0x0000015307b9a018 sp=0x0000000b80bfda70
Event: 397.704 Thread 0x0000015316adc360 DEOPT UNPACKING pc=0x00000153075866a3 sp=0x0000000b80bfda08 mode 2
Event: 397.706 Thread 0x0000015316adc360 Uncommon trap: trap_request=0xffffff45 fr.pc=0x0000015307ae84a4 relative=0x0000000000000124
Event: 397.706 Thread 0x0000015316adc360 Uncommon trap: reason=unstable_if action=reinterpret pc=0x0000015307ae84a4 method=java.lang.String.isLatin1()Z @ 10 c2
Event: 397.706 Thread 0x0000015316adc360 DEOPT PACKING pc=0x0000015307ae84a4 sp=0x0000000b80bfdb50
Event: 397.706 Thread 0x0000015316adc360 DEOPT UNPACKING pc=0x00000153075866a3 sp=0x0000000b80bfda20 mode 2
Event: 397.706 Thread 0x0000015316adc360 Uncommon trap: trap_request=0xffffff45 fr.pc=0x0000015307b02504 relative=0x00000000000003e4
Event: 397.706 Thread 0x0000015316adc360 Uncommon trap: reason=unstable_if action=reinterpret pc=0x0000015307b02504 method=java.lang.String.substring(II)Ljava/lang/String; @ 31 c2
Event: 397.706 Thread 0x0000015316adc360 DEOPT PACKING pc=0x0000015307b02504 sp=0x0000000b80bfdb00
Event: 397.706 Thread 0x0000015316adc360 DEOPT UNPACKING pc=0x00000153075866a3 sp=0x0000000b80bfdad0 mode 2
Event: 426.659 Thread 0x0000015316adc360 Uncommon trap: trap_request=0xffffff45 fr.pc=0x0000015307aec4f8 relative=0x00000000000000f8
Event: 426.666 Thread 0x0000015316adc360 Uncommon trap: reason=unstable_if action=reinterpret pc=0x0000015307aec4f8 method=java.lang.StringCoding.hasNegatives([BII)Z @ 12 c2
Event: 426.667 Thread 0x0000015316adc360 DEOPT PACKING pc=0x0000015307aec4f8 sp=0x0000000b80bfcfc0
Event: 426.675 Thread 0x0000015316adc360 DEOPT UNPACKING pc=0x00000153075866a3 sp=0x0000000b80bfcf50 mode 2
Event: 428.386 Thread 0x0000015316adc360 DEOPT PACKING pc=0x00000153003a87d6 sp=0x0000000b80bfcfc0
Event: 428.386 Thread 0x0000015316adc360 DEOPT UNPACKING pc=0x0000015307586e43 sp=0x0000000b80bfc448 mode 0

Classes unloaded (0 events):
No events

Classes redefined (0 events):
No events

Internal exceptions (20 events):
Event: 20.971 Thread 0x000001537d301b90 Exception <a 'java/lang/ClassNotFoundException'{0x00000000ec0a8c78}: sun/net/www/protocol/d/Handler> (0x00000000ec0a8c78) 
thrown [s\src\hotspot\share\classfile\systemDictionary.cpp, line 256]
Event: 20.971 Thread 0x000001537d301b90 Exception <a 'java/lang/ClassNotFoundException'{0x00000000ec0a9dc8}: sun/net/www/protocol/c/Handler> (0x00000000ec0a9dc8) 
thrown [s\src\hotspot\share\classfile\systemDictionary.cpp, line 256]
Event: 20.994 Thread 0x000001537d301b90 Exception <a 'java/io/FileNotFoundException'{0x00000000ec0d0fe0}> (0x00000000ec0d0fe0) 
thrown [s\src\hotspot\share\prims\jni.cpp, line 516]
Event: 21.511 Thread 0x000001537d301b90 Implicit null exception at 0x0000015307b0ecdb to 0x0000015307b0f5f8
Event: 21.511 Thread 0x000001537d301b90 Implicit null exception at 0x0000015307b1bf6c to 0x0000015307b1c144
Event: 21.512 Thread 0x000001537d301b90 Implicit null exception at 0x0000015307b10a0e to 0x0000015307b10c44
Event: 21.513 Thread 0x000001537d301b90 Implicit null exception at 0x0000015307b1110f to 0x0000015307b11185
Event: 22.633 Thread 0x000001537d301b90 Exception <a 'java/lang/NoSuchMethodError'{0x00000000ec3ac4a0}: 'int java.lang.invoke.DirectMethodHandle$Holder.invokeStaticInit(java.lang.Object, java.lang.Object, java.lang.Object, java.lang.Object)'> (0x00000000ec3ac4a0) 
thrown [s\src\hotspot\share\interpreter\linkResolver.cpp, line 759]
Event: 22.637 Thread 0x000001537d301b90 Exception <a 'java/lang/NoSuchMethodError'{0x00000000ec3b6b10}: 'java.lang.Object java.lang.invoke.DirectMethodHandle$Holder.invokeInterface(java.lang.Object, java.lang.Object)'> (0x00000000ec3b6b10) 
thrown [s\src\hotspot\share\interpreter\linkResolver.cpp, line 759]
Event: 22.639 Thread 0x000001537d301b90 Exception <a 'java/lang/IncompatibleClassChangeError'{0x00000000ec3ba308}: Found class java.lang.Object, but interface was expected> (0x00000000ec3ba308) 
thrown [s\src\hotspot\share\interpreter\linkResolver.cpp, line 826]
Event: 22.650 Thread 0x000001537d301b90 Exception <a 'java/lang/NoSuchMethodError'{0x00000000ec3be7f8}: 'void java.lang.invoke.DirectMethodHandle$Holder.invokeStatic(java.lang.Object, java.lang.Object)'> (0x00000000ec3be7f8) 
thrown [s\src\hotspot\share\interpreter\linkResolver.cpp, line 759]
Event: 22.654 Thread 0x000001537d301b90 Exception <a 'java/lang/NoSuchMethodError'{0x00000000ec3c1ff8}: 'void java.lang.invoke.DirectMethodHandle$Holder.invokeStaticInit(java.lang.Object, java.lang.Object)'> (0x00000000ec3c1ff8) 
thrown [s\src\hotspot\share\interpreter\linkResolver.cpp, line 759]
Event: 22.660 Thread 0x000001537d301b90 Exception <a 'java/lang/NoSuchMethodError'{0x00000000ec3c93e8}: 'int java.lang.invoke.DirectMethodHandle$Holder.invokeStaticInit(java.lang.Object, java.lang.Object)'> (0x00000000ec3c93e8) 
thrown [s\src\hotspot\share\interpreter\linkResolver.cpp, line 759]
Event: 25.735 Thread 0x000001537d301b90 Exception <a 'java/lang/NoSuchMethodError'{0x00000000eac55a18}: 'void java.lang.invoke.DirectMethodHandle$Holder.invokeSpecial(java.lang.Object, java.lang.Object, java.lang.Object)'> (0x00000000eac55a18) 
thrown [s\src\hotspot\share\interpreter\linkResolver.cpp, line 759]
Event: 38.745 Thread 0x000001537d301b90 Exception <a 'java/lang/NoSuchMethodError'{0x00000000eba1ae50}: 'java.lang.Object java.lang.invoke.DirectMethodHandle$Holder.newInvokeSpecial(java.lang.Object, int, java.lang.Object)'> (0x00000000eba1ae50) 
thrown [s\src\hotspot\share\interpreter\linkResolver.cpp, line 759]
Event: 195.280 Thread 0x000001537d301b90 Exception <a 'java/lang/UnsatisfiedLinkError'{0x00000000ec02e9f8}: 'void org.eclipse.equinox.launcher.JNIBridge._update_splash()'> (0x00000000ec02e9f8) 
thrown [s\src\hotspot\share\prims\nativeLookup.cpp, line 543]
Event: 242.179 Thread 0x0000015316adc360 Exception <a 'java/lang/NoSuchMethodError'{0x00000000ec39a840}: 'java.lang.Object java.lang.invoke.DirectMethodHandle$Holder.invokeStaticInit(java.lang.Object)'> (0x00000000ec39a840) 
thrown [s\src\hotspot\share\interpreter\linkResolver.cpp, line 759]
Event: 246.229 Thread 0x0000015316adc360 Exception <a 'java/lang/NoSuchMethodError'{0x00000000eabdb8e8}: 'java.lang.Object java.lang.invoke.DirectMethodHandle$Holder.newInvokeSpecial(java.lang.Object, java.lang.Object, int, java.lang.Object)'> (0x00000000eabdb8e8) 
thrown [s\src\hotspot\share\interpreter\linkResolver.cpp, line 759]
Event: 246.234 Thread 0x0000015316adc360 Exception <a 'java/lang/NoSuchMethodError'{0x00000000eabdfbd0}: 'java.lang.Object java.lang.invoke.DirectMethodHandle$Holder.invokeSpecial(java.lang.Object, java.lang.Object, java.lang.Object, int, java.lang.Object)'> (0x00000000eabdfbd0) 
thrown [s\src\hotspot\share\interpreter\linkResolver.cpp, line 759]
Event: 265.237 Thread 0x0000015316adc360 Exception <a 'java/lang/ClassNotFoundException'{0x00000000eae689a0}: sun/util/logging/resources/spi/loggingProvider> (0x00000000eae689a0) 
thrown [s\src\hotspot\share\classfile\systemDictionary.cpp, line 256]

VM Operations (20 events):
Event: 380.609 Executing VM operation: Cleanup
Event: 380.800 Executing VM operation: Cleanup done
Event: 381.806 Executing VM operation: Cleanup
Event: 382.052 Executing VM operation: Cleanup done
Event: 384.063 Executing VM operation: Cleanup
Event: 384.676 Executing VM operation: Cleanup done
Event: 385.687 Executing VM operation: Cleanup
Event: 386.213 Executing VM operation: Cleanup done
Event: 387.218 Executing VM operation: Cleanup
Event: 387.218 Executing VM operation: Cleanup done
Event: 389.237 Executing VM operation: Cleanup
Event: 389.237 Executing VM operation: Cleanup done
Event: 392.261 Executing VM operation: Cleanup
Event: 392.261 Executing VM operation: Cleanup done
Event: 396.288 Executing VM operation: Cleanup
Event: 396.893 Executing VM operation: Cleanup done
Event: 397.907 Executing VM operation: Cleanup
Event: 398.062 Executing VM operation: Cleanup done
Event: 423.697 Executing VM operation: HandshakeAllThreads
Event: 423.890 Executing VM operation: HandshakeAllThreads done

Events (20 events):
Event: 273.929 loading class java/util/stream/Sink$OfInt
Event: 273.934 loading class java/util/function/IntConsumer
Event: 273.952 loading class java/util/function/IntConsumer done
Event: 273.954 loading class java/util/stream/Sink$OfInt done
Event: 273.958 loading class java/util/stream/FindOps$FindSink$OfInt done
Event: 273.959 loading class java/util/OptionalInt
Event: 273.972 loading class java/util/OptionalInt done
Event: 274.009 loading class java/util/stream/IntPipeline$10$1
Event: 274.009 loading class java/util/stream/Sink$ChainedInt
Event: 274.015 loading class java/util/stream/Sink$ChainedInt done
Event: 274.015 loading class java/util/stream/IntPipeline$10$1 done
Event: 274.030 loading class java/lang/StringUTF16$CharsSpliterator
Event: 274.030 loading class java/lang/StringUTF16$CharsSpliterator done
Event: 274.644 loading class java/lang/CharacterData00
Event: 274.652 loading class java/lang/CharacterData00 done
Event: 274.667 loading class java/time/LocalTime$1
Event: 274.668 loading class java/time/LocalTime$1 done
Event: 274.672 loading class java/util/Formattable
Event: 274.674 loading class java/util/Formattable done
Event: 397.730 Thread 0x00000153164610d0 Thread added: 0x00000153164610d0


Dynamic libraries:
0x00007ff784fe0000 - 0x00007ff784fee000 	c:\Users\jhonn\.vscode\extensions\redhat.java-1.29.0-win32-x64\jre\17.0.10-win32-x86_64\bin\java.exe
0x00007ff8daef0000 - 0x00007ff8db0e8000 	C:\WINDOWS\SYSTEM32\ntdll.dll
0x00007ff8dac60000 - 0x00007ff8dad1d000 	C:\WINDOWS\System32\KERNEL32.DLL
0x00007ff8d87a0000 - 0x00007ff8d8a96000 	C:\WINDOWS\System32\KERNELBASE.dll
0x00007ff8d8af0000 - 0x00007ff8d8bf0000 	C:\WINDOWS\System32\ucrtbase.dll
0x00007ff8b6e50000 - 0x00007ff8b6e67000 	c:\Users\jhonn\.vscode\extensions\redhat.java-1.29.0-win32-x64\jre\17.0.10-win32-x86_64\bin\jli.dll
0x00007ff8da830000 - 0x00007ff8da9cf000 	C:\WINDOWS\System32\USER32.dll
0x00007ff8d8d20000 - 0x00007ff8d8d42000 	C:\WINDOWS\System32\win32u.dll
0x00007ff8da9d0000 - 0x00007ff8da9fb000 	C:\WINDOWS\System32\GDI32.dll
0x00007ff8d8680000 - 0x00007ff8d8797000 	C:\WINDOWS\System32\gdi32full.dll
0x00007ff8d8bf0000 - 0x00007ff8d8c8d000 	C:\WINDOWS\System32\msvcp_win.dll
0x00007ff8a8600000 - 0x00007ff8a861b000 	c:\Users\jhonn\.vscode\extensions\redhat.java-1.29.0-win32-x64\jre\17.0.10-win32-x86_64\bin\VCRUNTIME140.dll
0x00007ff8cb620000 - 0x00007ff8cb8ba000 	C:\WINDOWS\WinSxS\amd64_microsoft.windows.common-controls_6595b64144ccf1df_6.0.19041.3636_none_60b6a03d71f818d5\COMCTL32.dll
0x00007ff8d9690000 - 0x00007ff8d972e000 	C:\WINDOWS\System32\msvcrt.dll
0x00007ff8d9840000 - 0x00007ff8d9872000 	C:\WINDOWS\System32\IMM32.DLL
0x00007ff8d2df0000 - 0x00007ff8d2dfc000 	c:\Users\jhonn\.vscode\extensions\redhat.java-1.29.0-win32-x64\jre\17.0.10-win32-x86_64\bin\vcruntime140_1.dll
0x00007ff89c540000 - 0x00007ff89c5cd000 	c:\Users\jhonn\.vscode\extensions\redhat.java-1.29.0-win32-x64\jre\17.0.10-win32-x86_64\bin\msvcp140.dll
0x00007ff864990000 - 0x00007ff8655f2000 	c:\Users\jhonn\.vscode\extensions\redhat.java-1.29.0-win32-x64\jre\17.0.10-win32-x86_64\bin\server\jvm.dll
0x00007ff8daad0000 - 0x00007ff8dab80000 	C:\WINDOWS\System32\ADVAPI32.dll
0x00007ff8dae10000 - 0x00007ff8daeb0000 	C:\WINDOWS\System32\sechost.dll
0x00007ff8da700000 - 0x00007ff8da823000 	C:\WINDOWS\System32\RPCRT4.dll
0x00007ff8d8650000 - 0x00007ff8d8677000 	C:\WINDOWS\System32\bcrypt.dll
0x00007ff8d8400000 - 0x00007ff8d844b000 	C:\WINDOWS\SYSTEM32\POWRPROF.dll
0x00007ff8c6cd0000 - 0x00007ff8c6cd9000 	C:\WINDOWS\SYSTEM32\WSOCK32.dll
0x00007ff8daa60000 - 0x00007ff8daacb000 	C:\WINDOWS\System32\WS2_32.dll
0x00007ff8cb930000 - 0x00007ff8cb957000 	C:\WINDOWS\SYSTEM32\WINMM.dll
0x00007ff8cb8c0000 - 0x00007ff8cb8ca000 	C:\WINDOWS\SYSTEM32\VERSION.dll
0x00007ff8d83e0000 - 0x00007ff8d83f2000 	C:\WINDOWS\SYSTEM32\UMPDC.dll
0x00007ff8d6320000 - 0x00007ff8d6332000 	C:\WINDOWS\SYSTEM32\kernel.appcore.dll
0x00007ff8d2580000 - 0x00007ff8d258a000 	c:\Users\jhonn\.vscode\extensions\redhat.java-1.29.0-win32-x64\jre\17.0.10-win32-x86_64\bin\jimage.dll
0x00007ff8cb3e0000 - 0x00007ff8cb5c4000 	C:\WINDOWS\SYSTEM32\DBGHELP.DLL
0x00007ff8cad70000 - 0x00007ff8cada4000 	C:\WINDOWS\SYSTEM32\dbgcore.DLL
0x00007ff8d8c90000 - 0x00007ff8d8d12000 	C:\WINDOWS\System32\bcryptPrimitives.dll
0x00007ff8b6e40000 - 0x00007ff8b6e4e000 	c:\Users\jhonn\.vscode\extensions\redhat.java-1.29.0-win32-x64\jre\17.0.10-win32-x86_64\bin\instrument.dll
0x00007ff8a85d0000 - 0x00007ff8a85f5000 	c:\Users\jhonn\.vscode\extensions\redhat.java-1.29.0-win32-x64\jre\17.0.10-win32-x86_64\bin\java.dll
0x00007ff89c520000 - 0x00007ff89c538000 	c:\Users\jhonn\.vscode\extensions\redhat.java-1.29.0-win32-x64\jre\17.0.10-win32-x86_64\bin\zip.dll
0x00007ff8d8f20000 - 0x00007ff8d968b000 	C:\WINDOWS\System32\SHELL32.dll
0x00007ff8d6630000 - 0x00007ff8d6dce000 	C:\WINDOWS\SYSTEM32\windows.storage.dll
0x00007ff8da240000 - 0x00007ff8da593000 	C:\WINDOWS\System32\combase.dll
0x00007ff8d7f00000 - 0x00007ff8d7f2e000 	C:\WINDOWS\SYSTEM32\Wldp.dll
0x00007ff8dab80000 - 0x00007ff8dac4d000 	C:\WINDOWS\System32\OLEAUT32.dll
0x00007ff8da5a0000 - 0x00007ff8da64d000 	C:\WINDOWS\System32\SHCORE.dll
0x00007ff8daa00000 - 0x00007ff8daa55000 	C:\WINDOWS\System32\shlwapi.dll
0x00007ff8d84d0000 - 0x00007ff8d84f3000 	C:\WINDOWS\SYSTEM32\profapi.dll
0x00007ff89c4c0000 - 0x00007ff89c4d9000 	C:\Users\jhonn\.vscode\extensions\redhat.java-1.29.0-win32-x64\jre\17.0.10-win32-x86_64\bin\net.dll
0x00007ff8ceab0000 - 0x00007ff8cebba000 	C:\WINDOWS\SYSTEM32\WINHTTP.dll
0x00007ff8d7c60000 - 0x00007ff8d7cca000 	C:\WINDOWS\system32\mswsock.dll
0x00007ff89c4a0000 - 0x00007ff89c4b6000 	C:\Users\jhonn\.vscode\extensions\redhat.java-1.29.0-win32-x64\jre\17.0.10-win32-x86_64\bin\nio.dll
0x00007ff89c460000 - 0x00007ff89c470000 	c:\Users\jhonn\.vscode\extensions\redhat.java-1.29.0-win32-x64\jre\17.0.10-win32-x86_64\bin\verify.dll
0x00007ff8b1270000 - 0x00007ff8b12ae000 	C:\Users\jhonn\AppData\Roaming\Code\User\globalStorage\redhat.java\1.29.0\config_win\org.eclipse.equinox.launcher\org.eclipse.equinox.launcher.win32.win32.x86_64_1.2.900.v20240213-1244\eclipse_11900.dll
0x00007ff8d9880000 - 0x00007ff8d99ab000 	C:\WINDOWS\System32\ole32.dll

dbghelp: loaded successfully - version: 4.0.5 - missing functions: none
symbol engine: initialized successfully - sym options: 0x614 - pdb path: .;c:\Users\jhonn\.vscode\extensions\redhat.java-1.29.0-win32-x64\jre\17.0.10-win32-x86_64\bin;C:\WINDOWS\SYSTEM32;C:\WINDOWS\WinSxS\amd64_microsoft.windows.common-controls_6595b64144ccf1df_6.0.19041.3636_none_60b6a03d71f818d5;c:\Users\jhonn\.vscode\extensions\redhat.java-1.29.0-win32-x64\jre\17.0.10-win32-x86_64\bin\server;C:\Users\jhonn\AppData\Roaming\Code\User\globalStorage\redhat.java\1.29.0\config_win\org.eclipse.equinox.launcher\org.eclipse.equinox.launcher.win32.win32.x86_64_1.2.900.v20240213-1244

VM Arguments:
jvm_args: --add-modules=ALL-SYSTEM --add-opens=java.base/java.util=ALL-UNNAMED --add-opens=java.base/java.lang=ALL-UNNAMED --add-opens=java.base/sun.nio.fs=ALL-UNNAMED -Declipse.application=org.eclipse.jdt.ls.core.id1 -Dosgi.bundles.defaultStartLevel=4 -Declipse.product=org.eclipse.jdt.ls.core.product -Djava.import.generatesMetadataFilesAtProjectRoot=false -DDetectVMInstallationsJob.disabled=true -Dfile.encoding=utf8 -XX:+UseParallelGC -XX:GCTimeRatio=4 -XX:AdaptiveSizePolicyWeight=90 -Dsun.zip.disableMemoryMapping=true -Xmx1G -Xms100m -Xlog:disable -javaagent:c:\Users\jhonn\.vscode\extensions\redhat.java-1.29.0-win32-x64\lombok\lombok-1.18.32.jar -XX:+HeapDumpOnOutOfMemoryError -XX:HeapDumpPath=c:\Users\jhonn\AppData\Roaming\Code\User\workspaceStorage\f926728e50f2738973d3538630756d0e\redhat.java -Daether.dependencyCollector.impl=bf 
java_command: c:\Users\jhonn\.vscode\extensions\redhat.java-1.29.0-win32-x64\server\plugins\org.eclipse.equinox.launcher_1.6.800.v20240304-1850.jar -configuration c:\Users\jhonn\AppData\Roaming\Code\User\globalStorage\redhat.java\1.29.0\config_win -data c:\Users\jhonn\AppData\Roaming\Code\User\workspaceStorage\f926728e50f2738973d3538630756d0e\redhat.java\jdt_ws --stdio
java_class_path (initial): c:\Users\jhonn\.vscode\extensions\redhat.java-1.29.0-win32-x64\server\plugins\org.eclipse.equinox.launcher_1.6.800.v20240304-1850.jar
Launcher Type: SUN_STANDARD

[Global flags]
    uintx AdaptiveSizePolicyWeight                 = 90                                        {product} {command line}
     intx CICompilerCount                          = 3                                         {product} {ergonomic}
    uintx GCTimeRatio                              = 4                                         {product} {command line}
     bool HeapDumpOnOutOfMemoryError               = true                                   {manageable} {command line}
    ccstr HeapDumpPath                             = c:\Users\jhonn\AppData\Roaming\Code\User\workspaceStorage\f926728e50f2738973d3538630756d0e\redhat.java         {manageable} {command line}
   size_t InitialHeapSize                          = 104857600                                 {product} {command line}
   size_t MaxHeapSize                              = 1073741824                                {product} {command line}
   size_t MaxNewSize                               = 357564416                                 {product} {ergonomic}
   size_t MinHeapDeltaBytes                        = 524288                                    {product} {ergonomic}
   size_t MinHeapSize                              = 104857600                                 {product} {command line}
   size_t NewSize                                  = 34603008                                  {product} {ergonomic}
    uintx NonNMethodCodeHeapSize                   = 5832780                                {pd product} {ergonomic}
    uintx NonProfiledCodeHeapSize                  = 122912730                              {pd product} {ergonomic}
   size_t OldSize                                  = 70254592                                  {product} {ergonomic}
    uintx ProfiledCodeHeapSize                     = 122912730                              {pd product} {ergonomic}
    uintx ReservedCodeCacheSize                    = 251658240                              {pd product} {ergonomic}
     bool SegmentedCodeCache                       = true                                      {product} {ergonomic}
   size_t SoftMaxHeapSize                          = 1073741824                             {manageable} {ergonomic}
     bool UseCompressedClassPointers               = true                           {product lp64_product} {ergonomic}
     bool UseCompressedOops                        = true                           {product lp64_product} {ergonomic}
     bool UseLargePagesIndividualAllocation        = false                                  {pd product} {ergonomic}
     bool UseParallelGC                            = true                                      {product} {command line}

Logging:
Log output configuration:
 #0: stdout all=off uptime,level,tags
 #1: stderr all=off uptime,level,tags

Environment Variables:
JAVA_HOME=C:\Program Files\Java\jdk-21
PATH=C:\Program Files\Common Files\Oracle\Java\javapath;C:\oraclexe\app\oracle\product\11.2.0\server\bin;C:\WINDOWS\system32;C:\WINDOWS;C:\WINDOWS\System32\Wbem;C:\WINDOWS\System32\WindowsPowerShell\v1.0\;C:\WINDOWS\System32\OpenSSH\;C:\Program Files\Microsoft VS Code\bin;C:\Program Files\Microsoft SQL Server\Client SDK\ODBC\170\Tools\Binn\;C:\Program Files (x86)\Microsoft SQL Server\150\Tools\Binn\;C:\Program Files\Microsoft SQL Server\150\Tools\Binn\;C:\Program Files\Microsoft SQL Server\150\DTS\Binn\;C:\Program Files (x86)\Microsoft SQL Server\150\DTS\Binn\;C:\Program Files\Azure Data Studio\bin;C:\Program Files\Git\cmd;C:\apache-maven-3.8.4\bin;C:\Automatizacion\gradle-8.7\bin;C:\Program Files\Java\jdk-21\bin;C:\Users\jhonn\AppData\Local\Microsoft\WindowsApps;;C:\Program Files\Azure Data Studio\bin
USERNAME=jhonn
OS=Windows_NT
PROCESSOR_IDENTIFIER=Intel64 Family 6 Model 58 Stepping 9, GenuineIntel
TMP=C:\Users\jhonn\AppData\Local\Temp
TEMP=C:\Users\jhonn\AppData\Local\Temp



Periodic native trim disabled


---------------  S Y S T E M  ---------------

OS:
 Windows 10 , 64 bit Build 19041 (10.0.19041.3636)
OS uptime: 0 days 0:10 hours

CPU: total 4 (initial active 4) (2 cores per cpu, 2 threads per core) family 6 model 58 stepping 9 microcode 0x21, cx8, cmov, fxsr, ht, mmx, sse, sse2, sse3, ssse3, sse4.1, sse4.2, popcnt, tsc, tscinvbit, avx, erms, clmul, vzeroupper, clflush
Processor Information for all 4 processors :
  Max Mhz: 1901, Current Mhz: 1901, Mhz Limit: 1901

Memory: 4k page, system-wide physical 1949M (174M free)
TotalPageFile size 7837M (AvailPageFile size 3M)
current process WorkingSet (physical memory assigned to process): 16M, peak: 46M
current process commit charge ("private bytes"): 193M, peak: 194M

vm_info: OpenJDK 64-Bit Server VM (17.0.10+7) for windows-amd64 JRE (17.0.10+7), built on Jan 16 2024 23:25:11 by "admin" with MS VC++ 16.10 / 16.11 (VS2019)

END.
