#
# There is insufficient memory for the Java Runtime Environment to continue.
# Native memory allocation (malloc) failed to allocate 798528 bytes for Chunk::new
# Possible reasons:
#   The system is out of physical RAM or swap space
#   The process is running with CompressedOops enabled, and the Java Heap may be blocking the growth of the native heap
# Possible solutions:
#   Reduce memory load on the system
#   Increase physical memory or swap space
#   Check if swap backing store is full
#   Decrease Java heap size (-Xmx/-Xms)
#   Decrease number of Java threads
#   Decrease Java thread stack sizes (-Xss)
#   Set larger code cache with -XX:ReservedCodeCacheSize=
#   JVM is running with Unscaled Compressed Oops mode in which the Java heap is
#     placed in the first 4GB address space. The Java Heap base address is the
#     maximum limit for the native heap growth. Please use -XX:HeapBaseMinAddress
#     to set the Java Heap base and to place the Java Heap above 4GB virtual address.
# This output file may be truncated or incomplete.
#
#  Out of Memory Error (arena.cpp:191), pid=656, tid=12168
#
# JRE version: OpenJDK Runtime Environment Temurin-17.0.10+7 (17.0.10+7) (build 17.0.10+7)
# Java VM: OpenJDK 64-Bit Server VM Temurin-17.0.10+7 (17.0.10+7, mixed mode, tiered, compressed oops, compressed class ptrs, parallel gc, windows-amd64)
# No core dump will be written. Minidumps are not enabled by default on client versions of Windows
#

---------------  S U M M A R Y ------------

Command Line: --add-modules=ALL-SYSTEM --add-opens=java.base/java.util=ALL-UNNAMED --add-opens=java.base/java.lang=ALL-UNNAMED --add-opens=java.base/sun.nio.fs=ALL-UNNAMED -Declipse.application=org.eclipse.jdt.ls.core.id1 -Dosgi.bundles.defaultStartLevel=4 -Declipse.product=org.eclipse.jdt.ls.core.product -Djava.import.generatesMetadataFilesAtProjectRoot=false -DDetectVMInstallationsJob.disabled=true -Dfile.encoding=utf8 -XX:+UseParallelGC -XX:GCTimeRatio=4 -XX:AdaptiveSizePolicyWeight=90 -Dsun.zip.disableMemoryMapping=true -Xmx1G -Xms100m -Xlog:disable -javaagent:c:\Users\jhonn\.vscode\extensions\redhat.java-1.29.0-win32-x64\lombok\lombok-1.18.32.jar -XX:+HeapDumpOnOutOfMemoryError -XX:HeapDumpPath=c:\Users\jhonn\AppData\Roaming\Code\User\workspaceStorage\f926728e50f2738973d3538630756d0e\redhat.java -Daether.dependencyCollector.impl=bf c:\Users\jhonn\.vscode\extensions\redhat.java-1.29.0-win32-x64\server\plugins\org.eclipse.equinox.launcher_1.6.800.v20240304-1850.jar -configuration c:\Users\jhonn\AppData\Roaming\Code\User\globalStorage\redhat.java\1.29.0\config_win -data c:\Users\jhonn\AppData\Roaming\Code\User\workspaceStorage\f926728e50f2738973d3538630756d0e\redhat.java\jdt_ws --stdio

Host: Intel(R) Core(TM) i3-3227U CPU @ 1.90GHz, 4 cores, 1G,  Windows 10 , 64 bit Build 19041 (10.0.19041.3636)
Time: Wed Apr 17 21:33:42 2024 Hora est. Pacífico, Sudamérica elapsed time: 43.591329 seconds (0d 0h 0m 43s)

---------------  T H R E A D  ---------------

Current thread (0x00000224e27e0e40):  JavaThread "C2 CompilerThread0" daemon [_thread_in_native, id=12168, stack(0x0000004e3d400000,0x0000004e3d500000)]


Current CompileTask:
C2:  43591 6762       4       jdk.internal.jimage.ImageReader$SharedImageReader::lambda$handleModulesSubTree$1 (58 bytes)

Stack: [0x0000004e3d400000,0x0000004e3d500000]
Native frames: (J=compiled Java code, j=interpreted, Vv=VM code, C=native code)
V  [jvm.dll+0x67d2c9]
V  [jvm.dll+0x834afa]
V  [jvm.dll+0x8365be]
V  [jvm.dll+0x836c23]
V  [jvm.dll+0x2477ff]
V  [jvm.dll+0xac514]
V  [jvm.dll+0xacb5c]
V  [jvm.dll+0x3667d7]
V  [jvm.dll+0x330bfa]
V  [jvm.dll+0x33009a]
V  [jvm.dll+0x219ef1]
V  [jvm.dll+0x219311]
V  [jvm.dll+0x1a502d]
V  [jvm.dll+0x2290de]
V  [jvm.dll+0x2272ac]
V  [jvm.dll+0x7e9bb7]
V  [jvm.dll+0x7e3fba]
V  [jvm.dll+0x67c1b5]
C  [ucrtbase.dll+0x21bb2]
C  [KERNEL32.DLL+0x17344]
C  [ntdll.dll+0x526b1]


---------------  P R O C E S S  ---------------

Threads class SMR info:
_java_thread_list=0x00000224e9edaf90, length=30, elements={
0x00000224ce963ec0, 0x00000224e27a4670, 0x00000224e27a5680, 0x00000224e27b3660,
0x00000224e27b43f0, 0x00000224e27b5180, 0x00000224e27b7300, 0x00000224e27e0e40,
0x00000224e27f2e90, 0x00000224e27f5b60, 0x00000224e27feab0, 0x00000224e7d74a60,
0x00000224e84d7da0, 0x00000224e84c75d0, 0x00000224e84c82c0, 0x00000224e84a2130,
0x00000224e89043b0, 0x00000224e7ef9300, 0x00000224e7ef6a80, 0x00000224e7ef9810,
0x00000224e7ef6570, 0x00000224e7ef8df0, 0x00000224e7ef6f90, 0x00000224e7ef7ec0,
0x00000224e7ef79b0, 0x00000224e878bdd0, 0x00000224e878ffa0, 0x00000224e878c2e0,
0x00000224e878cd00, 0x00000224e878e140
}

Java Threads: ( => current thread )
  0x00000224ce963ec0 JavaThread "main" [_thread_blocked, id=11440, stack(0x0000004e3cb00000,0x0000004e3cc00000)]
  0x00000224e27a4670 JavaThread "Reference Handler" daemon [_thread_blocked, id=10488, stack(0x0000004e3ce00000,0x0000004e3cf00000)]
  0x00000224e27a5680 JavaThread "Finalizer" daemon [_thread_blocked, id=4352, stack(0x0000004e3cf00000,0x0000004e3d000000)]
  0x00000224e27b3660 JavaThread "Signal Dispatcher" daemon [_thread_blocked, id=2260, stack(0x0000004e3d000000,0x0000004e3d100000)]
  0x00000224e27b43f0 JavaThread "Attach Listener" daemon [_thread_blocked, id=3896, stack(0x0000004e3d100000,0x0000004e3d200000)]
  0x00000224e27b5180 JavaThread "Service Thread" daemon [_thread_blocked, id=13068, stack(0x0000004e3d200000,0x0000004e3d300000)]
  0x00000224e27b7300 JavaThread "Monitor Deflation Thread" daemon [_thread_blocked, id=3312, stack(0x0000004e3d300000,0x0000004e3d400000)]
=>0x00000224e27e0e40 JavaThread "C2 CompilerThread0" daemon [_thread_in_native, id=12168, stack(0x0000004e3d400000,0x0000004e3d500000)]
  0x00000224e27f2e90 JavaThread "C1 CompilerThread0" daemon [_thread_blocked, id=12292, stack(0x0000004e3d500000,0x0000004e3d600000)]
  0x00000224e27f5b60 JavaThread "Sweeper thread" daemon [_thread_blocked, id=9968, stack(0x0000004e3d600000,0x0000004e3d700000)]
  0x00000224e27feab0 JavaThread "Common-Cleaner" daemon [_thread_blocked, id=13152, stack(0x0000004e3d700000,0x0000004e3d800000)]
  0x00000224e7d74a60 JavaThread "Notification Thread" daemon [_thread_blocked, id=3684, stack(0x0000004e3d800000,0x0000004e3d900000)]
  0x00000224e84d7da0 JavaThread "Active Thread: Equinox Container: b4e4e565-9f88-4a5c-b7a0-0c3f993f3273" [_thread_blocked, id=11772, stack(0x0000004e3dd00000,0x0000004e3de00000)]
  0x00000224e84c75d0 JavaThread "Framework Event Dispatcher: Equinox Container: b4e4e565-9f88-4a5c-b7a0-0c3f993f3273" daemon [_thread_blocked, id=10768, stack(0x0000004e3de00000,0x0000004e3df00000)]
  0x00000224e84c82c0 JavaThread "Start Level: Equinox Container: b4e4e565-9f88-4a5c-b7a0-0c3f993f3273" daemon [_thread_blocked, id=11952, stack(0x0000004e3df00000,0x0000004e3e000000)]
  0x00000224e84a2130 JavaThread "Bundle File Closer" daemon [_thread_blocked, id=11400, stack(0x0000004e3e000000,0x0000004e3e100000)]
  0x00000224e89043b0 JavaThread "SCR Component Actor" daemon [_thread_blocked, id=5352, stack(0x0000004e3e100000,0x0000004e3e200000)]
  0x00000224e7ef9300 JavaThread "Worker-JM" [_thread_blocked, id=9036, stack(0x0000004e3e300000,0x0000004e3e400000)]
  0x00000224e7ef6a80 JavaThread "Worker-0: Java indexing... " [_thread_blocked, id=2152, stack(0x0000004e3e400000,0x0000004e3e500000)]
  0x00000224e7ef9810 JavaThread "Worker-1" [_thread_blocked, id=12680, stack(0x0000004e3e500000,0x0000004e3e600000)]
  0x00000224e7ef6570 JavaThread "Worker-2" [_thread_blocked, id=8088, stack(0x0000004e3e600000,0x0000004e3e700000)]
  0x00000224e7ef8df0 JavaThread "Java indexing" daemon [_thread_in_Java, id=3912, stack(0x0000004e3e200000,0x0000004e3e300000)]
  0x00000224e7ef6f90 JavaThread "Worker-3: Initialize Workspace" [_thread_blocked, id=13128, stack(0x0000004e3e700000,0x0000004e3e800000)]
  0x00000224e7ef7ec0 JavaThread "JNA Cleaner" daemon [_thread_blocked, id=1112, stack(0x0000004e3e800000,0x0000004e3e900000)]
  0x00000224e7ef79b0 JavaThread "pool-2-thread-1" [_thread_blocked, id=7640, stack(0x0000004e3e900000,0x0000004e3ea00000)]
  0x00000224e878bdd0 JavaThread "WorkspaceEventsHandler" [_thread_blocked, id=9804, stack(0x0000004e3ea00000,0x0000004e3eb00000)]
  0x00000224e878ffa0 JavaThread "pool-1-thread-1" [_thread_blocked, id=11880, stack(0x0000004e3eb00000,0x0000004e3ec00000)]
  0x00000224e878c2e0 JavaThread "Worker-4" [_thread_blocked, id=10296, stack(0x0000004e3ec00000,0x0000004e3ed00000)]
  0x00000224e878cd00 JavaThread "pool-3-thread-1" [_thread_in_native, id=11732, stack(0x0000004e3ed00000,0x0000004e3ee00000)]
  0x00000224e878e140 JavaThread "Worker-5" [_thread_blocked, id=1048, stack(0x0000004e3ee00000,0x0000004e3ef00000)]

Other Threads:
  0x00000224e278f9b0 VMThread "VM Thread" [stack: 0x0000004e3cd00000,0x0000004e3ce00000] [id=2044]
  0x00000224e7c2c190 WatcherThread [stack: 0x0000004e3d900000,0x0000004e3da00000] [id=12504]
  0x00000224ce97d670 GCTaskThread "GC Thread#0" [stack: 0x0000004e3cc00000,0x0000004e3cd00000] [id=7876]
  0x00000224e8531200 GCTaskThread "GC Thread#1" [stack: 0x0000004e3da00000,0x0000004e3db00000] [id=12484]
  0x00000224e7e22440 GCTaskThread "GC Thread#2" [stack: 0x0000004e3db00000,0x0000004e3dc00000] [id=11488]
  0x00000224e81fb610 GCTaskThread "GC Thread#3" [stack: 0x0000004e3dc00000,0x0000004e3dd00000] [id=13144]

Threads with active compile tasks:
C2 CompilerThread0    43693 6762       4       jdk.internal.jimage.ImageReader$SharedImageReader::lambda$handleModulesSubTree$1 (58 bytes)

VM state: not at safepoint (normal execution)

VM Mutex/Monitor currently owned by a thread: None

Heap address: 0x00000000c0000000, size: 1024 MB, Compressed Oops mode: 32-bit

CDS archive(s) not mapped
Compressed class space mapped at: 0x0000000100000000-0x0000000140000000, reserved size: 1073741824
Narrow klass base: 0x0000000000000000, Narrow klass shift: 3, Narrow klass range: 0x140000000

GC Precious Log:
 CPUs: 4 total, 4 available
 Memory: 1949M
 Large Page Support: Disabled
 NUMA Support: Disabled
 Compressed Oops: Enabled (32-bit)
 Alignments: Space 512K, Generation 512K, Heap 2M
 Heap Min Capacity: 100M
 Heap Initial Capacity: 100M
 Heap Max Capacity: 1G
 Pre-touch: Disabled
 Parallel Workers: 4

Heap:
 PSYoungGen      total 20480K, used 11701K [0x00000000eab00000, 0x00000000ec800000, 0x0000000100000000)
  eden space 18432K, 52% used [0x00000000eab00000,0x00000000eb46e048,0x00000000ebd00000)
  from space 2048K, 99% used [0x00000000ec200000,0x00000000ec3ff728,0x00000000ec400000)
  to   space 5120K, 0% used [0x00000000ebd00000,0x00000000ebd00000,0x00000000ec200000)
 ParOldGen       total 68608K, used 42999K [0x00000000c0000000, 0x00000000c4300000, 0x00000000eab00000)
  object space 68608K, 62% used [0x00000000c0000000,0x00000000c29fdeb8,0x00000000c4300000)
 Metaspace       used 55231K, committed 56192K, reserved 1114112K
  class space    used 5864K, committed 6272K, reserved 1048576K

Card table byte_map: [0x00000224ce330000,0x00000224ce540000] _byte_map_base: 0x00000224cdd30000

Marking Bits: (ParMarkBitMap*) 0x00007ff92667d7d0
 Begin Bits: [0x00000224e0600000, 0x00000224e1600000)
 End Bits:   [0x00000224e1600000, 0x00000224e2600000)

Polling page: 0x00000224ce120000

Metaspace:

Usage:
  Non-class:     48.21 MB used.
      Class:      5.73 MB used.
       Both:     53.94 MB used.

Virtual space:
  Non-class space:       64.00 MB reserved,      48.75 MB ( 76%) committed,  1 nodes.
      Class space:        1.00 GB reserved,       6.12 MB ( <1%) committed,  1 nodes.
             Both:        1.06 GB reserved,      54.88 MB (  5%) committed. 

Chunk freelists:
   Non-Class:  14.95 MB
       Class:  9.89 MB
        Both:  24.84 MB

MaxMetaspaceSize: unlimited
CompressedClassSpaceSize: 1.00 GB
Initial GC threshold: 21.00 MB
Current GC threshold: 58.38 MB
CDS: off
MetaspaceReclaimPolicy: balanced
 - commit_granule_bytes: 65536.
 - commit_granule_words: 8192.
 - virtual_space_node_default_size: 8388608.
 - enlarge_chunks_in_place: 1.
 - new_chunks_are_fully_committed: 0.
 - uncommit_free_chunks: 1.
 - use_allocation_guard: 0.
 - handle_deallocations: 1.


Internal statistics:

num_allocs_failed_limit: 8.
num_arena_births: 586.
num_arena_deaths: 20.
num_vsnodes_births: 2.
num_vsnodes_deaths: 0.
num_space_committed: 878.
num_space_uncommitted: 0.
num_chunks_returned_to_freelist: 30.
num_chunks_taken_from_freelist: 2654.
num_chunk_merges: 10.
num_chunk_splits: 1687.
num_chunks_enlarged: 1051.
num_inconsistent_stats: 0.

CodeHeap 'non-profiled nmethods': size=120000Kb used=3171Kb max_used=3171Kb free=116828Kb
 bounds [0x00000224d90d0000, 0x00000224d93f0000, 0x00000224e0600000]
CodeHeap 'profiled nmethods': size=120000Kb used=13486Kb max_used=13486Kb free=106513Kb
 bounds [0x00000224d1600000, 0x00000224d2330000, 0x00000224d8b30000]
CodeHeap 'non-nmethods': size=5760Kb used=1309Kb max_used=1346Kb free=4450Kb
 bounds [0x00000224d8b30000, 0x00000224d8da0000, 0x00000224d90d0000]
 total_blobs=7209 nmethods=6566 adapters=557
 compilation: enabled
              stopped_count=0, restarted_count=0
 full_count=0

Compilation events (20 events):
Event: 43.413 Thread 0x00000224e27f2e90 7432       2       org.eclipse.jdt.internal.core.search.indexing.AbstractIndexer::addIndexMetaQualification (44 bytes)
Event: 43.414 Thread 0x00000224e27f2e90 nmethod 7432 0x00000224d2325a90 code [0x00000224d2325c60, 0x00000224d2325f58]
Event: 43.443 Thread 0x00000224e27f2e90 7433       2       org.eclipse.jdt.internal.core.search.indexing.AbstractIndexer::addTypeReference (17 bytes)
Event: 43.444 Thread 0x00000224e27f2e90 nmethod 7433 0x00000224d2326190 code [0x00000224d2326360, 0x00000224d2326658]
Event: 43.446 Thread 0x00000224e27f2e90 7434       2       org.eclipse.jdt.internal.core.search.indexing.BinaryIndexer::addTypeReference (92 bytes)
Event: 43.447 Thread 0x00000224e27f2e90 nmethod 7434 0x00000224d2326910 code [0x00000224d2326b00, 0x00000224d2326ea8]
Event: 43.447 Thread 0x00000224e27f2e90 7435       2       org.eclipse.jdt.internal.core.search.indexing.AbstractIndexer::addTypeReference (7 bytes)
Event: 43.448 Thread 0x00000224e27f2e90 nmethod 7435 0x00000224d2327210 code [0x00000224d23273e0, 0x00000224d23276b8]
Event: 43.456 Thread 0x00000224e27f2e90 7436       2       org.eclipse.jdt.core.compiler.CharOperation::splitOn (150 bytes)
Event: 43.457 Thread 0x00000224e27f2e90 nmethod 7436 0x00000224d2327990 code [0x00000224d2327b80, 0x00000224d2328318]
Event: 43.458 Thread 0x00000224e27f2e90 7437       2       org.eclipse.jdt.core.compiler.CharOperation::subarray (47 bytes)
Event: 43.459 Thread 0x00000224e27f2e90 nmethod 7437 0x00000224d2328690 code [0x00000224d2328860, 0x00000224d2328b68]
Event: 43.463 Thread 0x00000224e27f2e90 7438       2       org.eclipse.jdt.internal.core.util.Util::indexOfJavaLikeExtension (116 bytes)
Event: 43.465 Thread 0x00000224e27f2e90 nmethod 7438 0x00000224d2328c90 code [0x00000224d2328ea0, 0x00000224d2329528]
Event: 43.471 Thread 0x00000224e27f2e90 7441       2       org.eclipse.jdt.internal.compiler.classfmt.MethodInfo::getSelector (49 bytes)
Event: 43.472 Thread 0x00000224e27f2e90 nmethod 7441 0x00000224d2329a90 code [0x00000224d2329c60, 0x00000224d2329f28]
Event: 43.473 Thread 0x00000224e27f2e90 7442 %     3       org.eclipse.jdt.internal.compiler.util.CharDeduplication::hashCode @ 13 (37 bytes)
Event: 43.473 Thread 0x00000224e27f2e90 nmethod 7442% 0x00000224d232a190 code [0x00000224d232a340, 0x00000224d232a5d8]
Event: 43.473 Thread 0x00000224e27f2e90 7443       3       org.eclipse.jdt.internal.compiler.util.CharDeduplication::hashCode (37 bytes)
Event: 43.474 Thread 0x00000224e27f2e90 nmethod 7443 0x00000224d232a790 code [0x00000224d232a940, 0x00000224d232ab78]

GC Heap History (20 events):
Event: 38.757 GC heap before
{Heap before GC invocations=23 (full 2):
 PSYoungGen      total 21504K, used 21488K [0x00000000eab00000, 0x00000000ec980000, 0x0000000100000000)
  eden space 19456K, 100% used [0x00000000eab00000,0x00000000ebe00000,0x00000000ebe00000)
  from space 2048K, 99% used [0x00000000ec280000,0x00000000ec47c030,0x00000000ec480000)
  to   space 4608K, 0% used [0x00000000ebe00000,0x00000000ebe00000,0x00000000ec280000)
 ParOldGen       total 68608K, used 23826K [0x00000000c0000000, 0x00000000c4300000, 0x00000000eab00000)
  object space 68608K, 34% used [0x00000000c0000000,0x00000000c1744bd0,0x00000000c4300000)
 Metaspace       used 53133K, committed 54080K, reserved 1114112K
  class space    used 5684K, committed 6080K, reserved 1048576K
}
Event: 38.769 GC heap after
{Heap after GC invocations=23 (full 2):
 PSYoungGen      total 21504K, used 1824K [0x00000000eab00000, 0x00000000ec400000, 0x0000000100000000)
  eden space 19456K, 0% used [0x00000000eab00000,0x00000000eab00000,0x00000000ebe00000)
  from space 2048K, 89% used [0x00000000ebe00000,0x00000000ebfc8000,0x00000000ec000000)
  to   space 3072K, 0% used [0x00000000ec100000,0x00000000ec100000,0x00000000ec400000)
 ParOldGen       total 68608K, used 25402K [0x00000000c0000000, 0x00000000c4300000, 0x00000000eab00000)
  object space 68608K, 37% used [0x00000000c0000000,0x00000000c18cebe0,0x00000000c4300000)
 Metaspace       used 53133K, committed 54080K, reserved 1114112K
  class space    used 5684K, committed 6080K, reserved 1048576K
}
Event: 38.941 GC heap before
{Heap before GC invocations=24 (full 2):
 PSYoungGen      total 21504K, used 21280K [0x00000000eab00000, 0x00000000ec400000, 0x0000000100000000)
  eden space 19456K, 100% used [0x00000000eab00000,0x00000000ebe00000,0x00000000ebe00000)
  from space 2048K, 89% used [0x00000000ebe00000,0x00000000ebfc8000,0x00000000ec000000)
  to   space 3072K, 0% used [0x00000000ec100000,0x00000000ec100000,0x00000000ec400000)
 ParOldGen       total 68608K, used 25402K [0x00000000c0000000, 0x00000000c4300000, 0x00000000eab00000)
  object space 68608K, 37% used [0x00000000c0000000,0x00000000c18cebe0,0x00000000c4300000)
 Metaspace       used 53200K, committed 54144K, reserved 1114112K
  class space    used 5694K, committed 6080K, reserved 1048576K
}
Event: 38.947 GC heap after
{Heap after GC invocations=24 (full 2):
 PSYoungGen      total 22016K, used 2284K [0x00000000eab00000, 0x00000000ec380000, 0x0000000100000000)
  eden space 19456K, 0% used [0x00000000eab00000,0x00000000eab00000,0x00000000ebe00000)
  from space 2560K, 89% used [0x00000000ec100000,0x00000000ec33b3c8,0x00000000ec380000)
  to   space 2560K, 0% used [0x00000000ebe80000,0x00000000ebe80000,0x00000000ec100000)
 ParOldGen       total 68608K, used 27176K [0x00000000c0000000, 0x00000000c4300000, 0x00000000eab00000)
  object space 68608K, 39% used [0x00000000c0000000,0x00000000c1a8a010,0x00000000c4300000)
 Metaspace       used 53200K, committed 54144K, reserved 1114112K
  class space    used 5694K, committed 6080K, reserved 1048576K
}
Event: 39.053 GC heap before
{Heap before GC invocations=25 (full 2):
 PSYoungGen      total 22016K, used 21740K [0x00000000eab00000, 0x00000000ec380000, 0x0000000100000000)
  eden space 19456K, 100% used [0x00000000eab00000,0x00000000ebe00000,0x00000000ebe00000)
  from space 2560K, 89% used [0x00000000ec100000,0x00000000ec33b3c8,0x00000000ec380000)
  to   space 2560K, 0% used [0x00000000ebe80000,0x00000000ebe80000,0x00000000ec100000)
 ParOldGen       total 68608K, used 27176K [0x00000000c0000000, 0x00000000c4300000, 0x00000000eab00000)
  object space 68608K, 39% used [0x00000000c0000000,0x00000000c1a8a010,0x00000000c4300000)
 Metaspace       used 53203K, committed 54144K, reserved 1114112K
  class space    used 5694K, committed 6080K, reserved 1048576K
}
Event: 39.058 GC heap after
{Heap after GC invocations=25 (full 2):
 PSYoungGen      total 20992K, used 1344K [0x00000000eab00000, 0x00000000ec200000, 0x0000000100000000)
  eden space 19456K, 0% used [0x00000000eab00000,0x00000000eab00000,0x00000000ebe00000)
  from space 1536K, 87% used [0x00000000ebe80000,0x00000000ebfd0000,0x00000000ec000000)
  to   space 2048K, 0% used [0x00000000ec000000,0x00000000ec000000,0x00000000ec200000)
 ParOldGen       total 68608K, used 28458K [0x00000000c0000000, 0x00000000c4300000, 0x00000000eab00000)
  object space 68608K, 41% used [0x00000000c0000000,0x00000000c1bcaaf8,0x00000000c4300000)
 Metaspace       used 53203K, committed 54144K, reserved 1114112K
  class space    used 5694K, committed 6080K, reserved 1048576K
}
Event: 39.187 GC heap before
{Heap before GC invocations=26 (full 2):
 PSYoungGen      total 20992K, used 20800K [0x00000000eab00000, 0x00000000ec200000, 0x0000000100000000)
  eden space 19456K, 100% used [0x00000000eab00000,0x00000000ebe00000,0x00000000ebe00000)
  from space 1536K, 87% used [0x00000000ebe80000,0x00000000ebfd0000,0x00000000ec000000)
  to   space 2048K, 0% used [0x00000000ec000000,0x00000000ec000000,0x00000000ec200000)
 ParOldGen       total 68608K, used 28458K [0x00000000c0000000, 0x00000000c4300000, 0x00000000eab00000)
  object space 68608K, 41% used [0x00000000c0000000,0x00000000c1bcaaf8,0x00000000c4300000)
 Metaspace       used 53405K, committed 54400K, reserved 1114112K
  class space    used 5708K, committed 6144K, reserved 1048576K
}
Event: 39.192 GC heap after
{Heap after GC invocations=26 (full 2):
 PSYoungGen      total 21504K, used 1632K [0x00000000eab00000, 0x00000000ec200000, 0x0000000100000000)
  eden space 19456K, 0% used [0x00000000eab00000,0x00000000eab00000,0x00000000ebe00000)
  from space 2048K, 79% used [0x00000000ec000000,0x00000000ec198000,0x00000000ec200000)
  to   space 2048K, 0% used [0x00000000ebe00000,0x00000000ebe00000,0x00000000ec000000)
 ParOldGen       total 68608K, used 29754K [0x00000000c0000000, 0x00000000c4300000, 0x00000000eab00000)
  object space 68608K, 43% used [0x00000000c0000000,0x00000000c1d0eaf8,0x00000000c4300000)
 Metaspace       used 53405K, committed 54400K, reserved 1114112K
  class space    used 5708K, committed 6144K, reserved 1048576K
}
Event: 39.375 GC heap before
{Heap before GC invocations=27 (full 2):
 PSYoungGen      total 21504K, used 21088K [0x00000000eab00000, 0x00000000ec200000, 0x0000000100000000)
  eden space 19456K, 100% used [0x00000000eab00000,0x00000000ebe00000,0x00000000ebe00000)
  from space 2048K, 79% used [0x00000000ec000000,0x00000000ec198000,0x00000000ec200000)
  to   space 2048K, 0% used [0x00000000ebe00000,0x00000000ebe00000,0x00000000ec000000)
 ParOldGen       total 68608K, used 29754K [0x00000000c0000000, 0x00000000c4300000, 0x00000000eab00000)
  object space 68608K, 43% used [0x00000000c0000000,0x00000000c1d0eaf8,0x00000000c4300000)
 Metaspace       used 53551K, committed 54592K, reserved 1114112K
  class space    used 5717K, committed 6144K, reserved 1048576K
}
Event: 39.382 GC heap after
{Heap after GC invocations=27 (full 2):
 PSYoungGen      total 21504K, used 2032K [0x00000000eab00000, 0x00000000ec600000, 0x0000000100000000)
  eden space 19456K, 0% used [0x00000000eab00000,0x00000000eab00000,0x00000000ebe00000)
  from space 2048K, 99% used [0x00000000ebe00000,0x00000000ebffc020,0x00000000ec000000)
  to   space 4096K, 0% used [0x00000000ec200000,0x00000000ec200000,0x00000000ec600000)
 ParOldGen       total 68608K, used 31440K [0x00000000c0000000, 0x00000000c4300000, 0x00000000eab00000)
  object space 68608K, 45% used [0x00000000c0000000,0x00000000c1eb4130,0x00000000c4300000)
 Metaspace       used 53551K, committed 54592K, reserved 1114112K
  class space    used 5717K, committed 6144K, reserved 1048576K
}
Event: 39.491 GC heap before
{Heap before GC invocations=28 (full 2):
 PSYoungGen      total 21504K, used 21488K [0x00000000eab00000, 0x00000000ec600000, 0x0000000100000000)
  eden space 19456K, 100% used [0x00000000eab00000,0x00000000ebe00000,0x00000000ebe00000)
  from space 2048K, 99% used [0x00000000ebe00000,0x00000000ebffc020,0x00000000ec000000)
  to   space 4096K, 0% used [0x00000000ec200000,0x00000000ec200000,0x00000000ec600000)
 ParOldGen       total 68608K, used 31440K [0x00000000c0000000, 0x00000000c4300000, 0x00000000eab00000)
  object space 68608K, 45% used [0x00000000c0000000,0x00000000c1eb4130,0x00000000c4300000)
 Metaspace       used 53615K, committed 54656K, reserved 1114112K
  class space    used 5722K, committed 6144K, reserved 1048576K
}
Event: 39.499 GC heap after
{Heap after GC invocations=28 (full 2):
 PSYoungGen      total 21504K, used 1696K [0x00000000eab00000, 0x00000000ec400000, 0x0000000100000000)
  eden space 19456K, 0% used [0x00000000eab00000,0x00000000eab00000,0x00000000ebe00000)
  from space 2048K, 82% used [0x00000000ec200000,0x00000000ec3a8040,0x00000000ec400000)
  to   space 2560K, 0% used [0x00000000ebf00000,0x00000000ebf00000,0x00000000ec180000)
 ParOldGen       total 68608K, used 33456K [0x00000000c0000000, 0x00000000c4300000, 0x00000000eab00000)
  object space 68608K, 48% used [0x00000000c0000000,0x00000000c20ac140,0x00000000c4300000)
 Metaspace       used 53615K, committed 54656K, reserved 1114112K
  class space    used 5722K, committed 6144K, reserved 1048576K
}
Event: 39.698 GC heap before
{Heap before GC invocations=29 (full 2):
 PSYoungGen      total 21504K, used 21152K [0x00000000eab00000, 0x00000000ec400000, 0x0000000100000000)
  eden space 19456K, 100% used [0x00000000eab00000,0x00000000ebe00000,0x00000000ebe00000)
  from space 2048K, 82% used [0x00000000ec200000,0x00000000ec3a8040,0x00000000ec400000)
  to   space 2560K, 0% used [0x00000000ebf00000,0x00000000ebf00000,0x00000000ec180000)
 ParOldGen       total 68608K, used 33456K [0x00000000c0000000, 0x00000000c4300000, 0x00000000eab00000)
  object space 68608K, 48% used [0x00000000c0000000,0x00000000c20ac140,0x00000000c4300000)
 Metaspace       used 53674K, committed 54720K, reserved 1114112K
  class space    used 5725K, committed 6144K, reserved 1048576K
}
Event: 39.706 GC heap after
{Heap after GC invocations=29 (full 2):
 PSYoungGen      total 22016K, used 2530K [0x00000000eab00000, 0x00000000ec800000, 0x0000000100000000)
  eden space 19456K, 0% used [0x00000000eab00000,0x00000000eab00000,0x00000000ebe00000)
  from space 2560K, 98% used [0x00000000ebf00000,0x00000000ec178800,0x00000000ec180000)
  to   space 5120K, 0% used [0x00000000ec300000,0x00000000ec300000,0x00000000ec800000)
 ParOldGen       total 68608K, used 35296K [0x00000000c0000000, 0x00000000c4300000, 0x00000000eab00000)
  object space 68608K, 51% used [0x00000000c0000000,0x00000000c2278190,0x00000000c4300000)
 Metaspace       used 53674K, committed 54720K, reserved 1114112K
  class space    used 5725K, committed 6144K, reserved 1048576K
}
Event: 40.360 GC heap before
{Heap before GC invocations=30 (full 2):
 PSYoungGen      total 22016K, used 21986K [0x00000000eab00000, 0x00000000ec800000, 0x0000000100000000)
  eden space 19456K, 100% used [0x00000000eab00000,0x00000000ebe00000,0x00000000ebe00000)
  from space 2560K, 98% used [0x00000000ebf00000,0x00000000ec178800,0x00000000ec180000)
  to   space 5120K, 0% used [0x00000000ec300000,0x00000000ec300000,0x00000000ec800000)
 ParOldGen       total 68608K, used 35296K [0x00000000c0000000, 0x00000000c4300000, 0x00000000eab00000)
  object space 68608K, 51% used [0x00000000c0000000,0x00000000c2278190,0x00000000c4300000)
 Metaspace       used 54013K, committed 54976K, reserved 1114112K
  class space    used 5743K, committed 6144K, reserved 1048576K
}
Event: 40.371 GC heap after
{Heap after GC invocations=30 (full 2):
 PSYoungGen      total 23040K, used 3108K [0x00000000eab00000, 0x00000000ec680000, 0x0000000100000000)
  eden space 19456K, 0% used [0x00000000eab00000,0x00000000eab00000,0x00000000ebe00000)
  from space 3584K, 86% used [0x00000000ec300000,0x00000000ec609010,0x00000000ec680000)
  to   space 3584K, 0% used [0x00000000ebf80000,0x00000000ebf80000,0x00000000ec300000)
 ParOldGen       total 68608K, used 37744K [0x00000000c0000000, 0x00000000c4300000, 0x00000000eab00000)
  object space 68608K, 55% used [0x00000000c0000000,0x00000000c24dc190,0x00000000c4300000)
 Metaspace       used 54013K, committed 54976K, reserved 1114112K
  class space    used 5743K, committed 6144K, reserved 1048576K
}
Event: 41.151 GC heap before
{Heap before GC invocations=31 (full 2):
 PSYoungGen      total 23040K, used 22564K [0x00000000eab00000, 0x00000000ec680000, 0x0000000100000000)
  eden space 19456K, 100% used [0x00000000eab00000,0x00000000ebe00000,0x00000000ebe00000)
  from space 3584K, 86% used [0x00000000ec300000,0x00000000ec609010,0x00000000ec680000)
  to   space 3584K, 0% used [0x00000000ebf80000,0x00000000ebf80000,0x00000000ec300000)
 ParOldGen       total 68608K, used 37744K [0x00000000c0000000, 0x00000000c4300000, 0x00000000eab00000)
  object space 68608K, 55% used [0x00000000c0000000,0x00000000c24dc190,0x00000000c4300000)
 Metaspace       used 54140K, committed 55168K, reserved 1114112K
  class space    used 5748K, committed 6144K, reserved 1048576K
}
Event: 41.161 GC heap after
{Heap after GC invocations=31 (full 2):
 PSYoungGen      total 22016K, used 2483K [0x00000000eab00000, 0x00000000ec400000, 0x0000000100000000)
  eden space 19456K, 0% used [0x00000000eab00000,0x00000000eab00000,0x00000000ebe00000)
  from space 2560K, 96% used [0x00000000ebf80000,0x00000000ec1ecc10,0x00000000ec200000)
  to   space 2048K, 0% used [0x00000000ec200000,0x00000000ec200000,0x00000000ec400000)
 ParOldGen       total 68608K, used 40536K [0x00000000c0000000, 0x00000000c4300000, 0x00000000eab00000)
  object space 68608K, 59% used [0x00000000c0000000,0x00000000c27961a0,0x00000000c4300000)
 Metaspace       used 54140K, committed 55168K, reserved 1114112K
  class space    used 5748K, committed 6144K, reserved 1048576K
}
Event: 42.980 GC heap before
{Heap before GC invocations=32 (full 2):
 PSYoungGen      total 22016K, used 21939K [0x00000000eab00000, 0x00000000ec400000, 0x0000000100000000)
  eden space 19456K, 100% used [0x00000000eab00000,0x00000000ebe00000,0x00000000ebe00000)
  from space 2560K, 96% used [0x00000000ebf80000,0x00000000ec1ecc10,0x00000000ec200000)
  to   space 2048K, 0% used [0x00000000ec200000,0x00000000ec200000,0x00000000ec400000)
 ParOldGen       total 68608K, used 40536K [0x00000000c0000000, 0x00000000c4300000, 0x00000000eab00000)
  object space 68608K, 59% used [0x00000000c0000000,0x00000000c27961a0,0x00000000c4300000)
 Metaspace       used 54691K, committed 55680K, reserved 1114112K
  class space    used 5804K, committed 6208K, reserved 1048576K
}
Event: 42.988 GC heap after
{Heap after GC invocations=32 (full 2):
 PSYoungGen      total 20480K, used 2045K [0x00000000eab00000, 0x00000000ec800000, 0x0000000100000000)
  eden space 18432K, 0% used [0x00000000eab00000,0x00000000eab00000,0x00000000ebd00000)
  from space 2048K, 99% used [0x00000000ec200000,0x00000000ec3ff728,0x00000000ec400000)
  to   space 5120K, 0% used [0x00000000ebd00000,0x00000000ebd00000,0x00000000ec200000)
 ParOldGen       total 68608K, used 42999K [0x00000000c0000000, 0x00000000c4300000, 0x00000000eab00000)
  object space 68608K, 62% used [0x00000000c0000000,0x00000000c29fdeb8,0x00000000c4300000)
 Metaspace       used 54691K, committed 55680K, reserved 1114112K
  class space    used 5804K, committed 6208K, reserved 1048576K
}

Dll operation events (10 events):
Event: 0.030 Loaded shared library c:\Users\jhonn\.vscode\extensions\redhat.java-1.29.0-win32-x64\jre\17.0.10-win32-x86_64\bin\java.dll
Event: 0.666 Loaded shared library c:\Users\jhonn\.vscode\extensions\redhat.java-1.29.0-win32-x64\jre\17.0.10-win32-x86_64\bin\zip.dll
Event: 0.679 Loaded shared library C:\Users\jhonn\.vscode\extensions\redhat.java-1.29.0-win32-x64\jre\17.0.10-win32-x86_64\bin\instrument.dll
Event: 0.776 Loaded shared library C:\Users\jhonn\.vscode\extensions\redhat.java-1.29.0-win32-x64\jre\17.0.10-win32-x86_64\bin\net.dll
Event: 0.805 Loaded shared library C:\Users\jhonn\.vscode\extensions\redhat.java-1.29.0-win32-x64\jre\17.0.10-win32-x86_64\bin\nio.dll
Event: 0.835 Loaded shared library C:\Users\jhonn\.vscode\extensions\redhat.java-1.29.0-win32-x64\jre\17.0.10-win32-x86_64\bin\zip.dll
Event: 0.902 Loaded shared library C:\Users\jhonn\.vscode\extensions\redhat.java-1.29.0-win32-x64\jre\17.0.10-win32-x86_64\bin\jimage.dll
Event: 1.799 Loaded shared library c:\Users\jhonn\.vscode\extensions\redhat.java-1.29.0-win32-x64\jre\17.0.10-win32-x86_64\bin\verify.dll
Event: 9.346 Loaded shared library C:\Users\jhonn\AppData\Roaming\Code\User\globalStorage\redhat.java\1.29.0\config_win\org.eclipse.equinox.launcher\org.eclipse.equinox.launcher.win32.win32.x86_64_1.2.900.v20240213-1244\eclipse_11900.dll
Event: 33.707 Loaded shared library C:\Users\jhonn\AppData\Local\Temp\jna-101101681\jna12768020244731679040.dll

Deoptimization events (20 events):
Event: 43.020 Thread 0x00000224e7ef6570 DEOPT PACKING pc=0x00000224d1f492ba sp=0x0000004e3e6fdd80
Event: 43.020 Thread 0x00000224e7ef6570 DEOPT UNPACKING pc=0x00000224d8b86e43 sp=0x0000004e3e6fd240 mode 0
Event: 43.023 Thread 0x00000224e7ef6570 DEOPT PACKING pc=0x00000224d227c07c sp=0x0000004e3e6fddc0
Event: 43.023 Thread 0x00000224e7ef6570 DEOPT UNPACKING pc=0x00000224d8b86e43 sp=0x0000004e3e6fd340 mode 0
Event: 43.060 Thread 0x00000224e7ef6570 DEOPT PACKING pc=0x00000224d227c07c sp=0x0000004e3e6fddb0
Event: 43.060 Thread 0x00000224e7ef6570 DEOPT UNPACKING pc=0x00000224d8b86e43 sp=0x0000004e3e6fd330 mode 0
Event: 43.360 Thread 0x00000224e7ef8df0 Uncommon trap: trap_request=0xffffffde fr.pc=0x00000224d93af218 relative=0x0000000000004e38
Event: 43.360 Thread 0x00000224e7ef8df0 Uncommon trap: reason=class_check action=maybe_recompile pc=0x00000224d93af218 method=org.eclipse.jdt.internal.compiler.util.JrtFileSystem$2.visitFile(Ljava/nio/file/Path;Ljava/nio/file/attribute/BasicFileAttributes;)Ljava/nio/file/FileVisitResult; @ 66 c
Event: 43.360 Thread 0x00000224e7ef8df0 DEOPT PACKING pc=0x00000224d93af218 sp=0x0000004e3e2fee50
Event: 43.360 Thread 0x00000224e7ef8df0 DEOPT UNPACKING pc=0x00000224d8b866a3 sp=0x0000004e3e2fee58 mode 2
Event: 43.361 Thread 0x00000224e7ef8df0 Uncommon trap: trap_request=0xffffffde fr.pc=0x00000224d93af218 relative=0x0000000000004e38
Event: 43.361 Thread 0x00000224e7ef8df0 Uncommon trap: reason=class_check action=maybe_recompile pc=0x00000224d93af218 method=org.eclipse.jdt.internal.compiler.util.JrtFileSystem$2.visitFile(Ljava/nio/file/Path;Ljava/nio/file/attribute/BasicFileAttributes;)Ljava/nio/file/FileVisitResult; @ 66 c
Event: 43.361 Thread 0x00000224e7ef8df0 DEOPT PACKING pc=0x00000224d93af218 sp=0x0000004e3e2fee50
Event: 43.361 Thread 0x00000224e7ef8df0 DEOPT UNPACKING pc=0x00000224d8b866a3 sp=0x0000004e3e2fee58 mode 2
Event: 43.400 Thread 0x00000224e7ef8df0 Uncommon trap: trap_request=0xffffff6e fr.pc=0x00000224d93c1d4c relative=0x00000000000003ac
Event: 43.400 Thread 0x00000224e7ef8df0 Uncommon trap: reason=loop_limit_check action=maybe_recompile pc=0x00000224d93c1d4c method=org.eclipse.jdt.internal.compiler.classfmt.ClassFileStruct.utf8At(II)[C @ 143 c2
Event: 43.400 Thread 0x00000224e7ef8df0 DEOPT PACKING pc=0x00000224d93c1d4c sp=0x0000004e3e2fea10
Event: 43.400 Thread 0x00000224e7ef8df0 DEOPT UNPACKING pc=0x00000224d8b866a3 sp=0x0000004e3e2fe9a8 mode 2
Event: 43.473 Thread 0x00000224e7ef8df0 DEOPT PACKING pc=0x00000224d22840f7 sp=0x0000004e3e2fe980
Event: 43.473 Thread 0x00000224e7ef8df0 DEOPT UNPACKING pc=0x00000224d8b86e43 sp=0x0000004e3e2fdde8 mode 0

Classes unloaded (10 events):
Event: 24.031 Thread 0x00000224e278f9b0 Unloading class 0x000000010031b400 'java/lang/invoke/LambdaForm$DMH+0x000000010031b400'
Event: 24.031 Thread 0x00000224e278f9b0 Unloading class 0x000000010031a800 'java/lang/invoke/LambdaForm$MH+0x000000010031a800'
Event: 24.031 Thread 0x00000224e278f9b0 Unloading class 0x000000010031a000 'java/lang/invoke/LambdaForm$MH+0x000000010031a000'
Event: 24.031 Thread 0x00000224e278f9b0 Unloading class 0x000000010024a400 'java/lang/invoke/LambdaForm$MH+0x000000010024a400'
Event: 24.031 Thread 0x00000224e278f9b0 Unloading class 0x000000010024a000 'java/lang/invoke/LambdaForm$MH+0x000000010024a000'
Event: 24.031 Thread 0x00000224e278f9b0 Unloading class 0x0000000100249c00 'java/lang/invoke/LambdaForm$MH+0x0000000100249c00'
Event: 24.031 Thread 0x00000224e278f9b0 Unloading class 0x0000000100249800 'java/lang/invoke/LambdaForm$MH+0x0000000100249800'
Event: 24.031 Thread 0x00000224e278f9b0 Unloading class 0x0000000100249400 'java/lang/invoke/LambdaForm$BMH+0x0000000100249400'
Event: 24.031 Thread 0x00000224e278f9b0 Unloading class 0x0000000100249000 'java/lang/invoke/LambdaForm$DMH+0x0000000100249000'
Event: 24.031 Thread 0x00000224e278f9b0 Unloading class 0x0000000100244400 'java/lang/invoke/LambdaForm$DMH+0x0000000100244400'

Classes redefined (0 events):
No events

Internal exceptions (20 events):
Event: 39.958 Thread 0x00000224e7ef6f90 Exception <a 'sun/nio/fs/WindowsException'{0x00000000eb5acbb8}> (0x00000000eb5acbb8) 
thrown [s\src\hotspot\share\prims\jni.cpp, line 516]
Event: 39.960 Thread 0x00000224e7ef6f90 Exception <a 'sun/nio/fs/WindowsException'{0x00000000eb5afe88}> (0x00000000eb5afe88) 
thrown [s\src\hotspot\share\prims\jni.cpp, line 516]
Event: 39.963 Thread 0x00000224e7ef6f90 Exception <a 'sun/nio/fs/WindowsException'{0x00000000eb5b3a50}> (0x00000000eb5b3a50) 
thrown [s\src\hotspot\share\prims\jni.cpp, line 516]
Event: 39.972 Thread 0x00000224e7ef6f90 Exception <a 'sun/nio/fs/WindowsException'{0x00000000eb5b6bc0}> (0x00000000eb5b6bc0) 
thrown [s\src\hotspot\share\prims\jni.cpp, line 516]
Event: 39.976 Thread 0x00000224e7ef6f90 Exception <a 'sun/nio/fs/WindowsException'{0x00000000eb5bca28}> (0x00000000eb5bca28) 
thrown [s\src\hotspot\share\prims\jni.cpp, line 516]
Event: 39.979 Thread 0x00000224e7ef6f90 Exception <a 'sun/nio/fs/WindowsException'{0x00000000eb5bfbf8}> (0x00000000eb5bfbf8) 
thrown [s\src\hotspot\share\prims\jni.cpp, line 516]
Event: 39.981 Thread 0x00000224e7ef6f90 Exception <a 'sun/nio/fs/WindowsException'{0x00000000eb5c6e88}> (0x00000000eb5c6e88) 
thrown [s\src\hotspot\share\prims\jni.cpp, line 516]
Event: 39.982 Thread 0x00000224e7ef6f90 Exception <a 'sun/nio/fs/WindowsException'{0x00000000eb5c9f50}> (0x00000000eb5c9f50) 
thrown [s\src\hotspot\share\prims\jni.cpp, line 516]
Event: 40.037 Thread 0x00000224e7ef6f90 Exception <a 'sun/nio/fs/WindowsException'{0x00000000eb5cd240}> (0x00000000eb5cd240) 
thrown [s\src\hotspot\share\prims\jni.cpp, line 516]
Event: 40.041 Thread 0x00000224e7ef6f90 Exception <a 'sun/nio/fs/WindowsException'{0x00000000eb5d07d0}> (0x00000000eb5d07d0) 
thrown [s\src\hotspot\share\prims\jni.cpp, line 516]
Event: 40.046 Thread 0x00000224e7ef6f90 Exception <a 'sun/nio/fs/WindowsException'{0x00000000eb5d42d0}> (0x00000000eb5d42d0) 
thrown [s\src\hotspot\share\prims\jni.cpp, line 516]
Event: 40.049 Thread 0x00000224e7ef6f90 Exception <a 'sun/nio/fs/WindowsException'{0x00000000eb5d7888}> (0x00000000eb5d7888) 
thrown [s\src\hotspot\share\prims\jni.cpp, line 516]
Event: 40.056 Thread 0x00000224e7ef6f90 Exception <a 'sun/nio/fs/WindowsException'{0x00000000eb5daa88}> (0x00000000eb5daa88) 
thrown [s\src\hotspot\share\prims\jni.cpp, line 516]
Event: 40.695 Thread 0x00000224e7ef6570 Exception <a 'java/io/FileNotFoundException'{0x00000000eb9daf48}> (0x00000000eb9daf48) 
thrown [s\src\hotspot\share\prims\jni.cpp, line 516]
Event: 41.821 Thread 0x00000224e7ef6570 Exception <a 'java/io/FileNotFoundException'{0x00000000eb0ad748}> (0x00000000eb0ad748) 
thrown [s\src\hotspot\share\prims\jni.cpp, line 516]
Event: 41.900 Thread 0x00000224e7ef6f90 Exception <a 'java/lang/NoSuchMethodError'{0x00000000eb13c570}: 'void java.lang.invoke.DirectMethodHandle$Holder.invokeStatic(java.lang.Object, long)'> (0x00000000eb13c570) 
thrown [s\src\hotspot\share\interpreter\linkResolver.cpp, line 759]
Event: 41.902 Thread 0x00000224e7ef6f90 Exception <a 'java/lang/NoSuchMethodError'{0x00000000eb141918}: 'java.lang.Object java.lang.invoke.DirectMethodHandle$Holder.newInvokeSpecial(java.lang.Object, long)'> (0x00000000eb141918) 
thrown [s\src\hotspot\share\interpreter\linkResolver.cpp, line 759]
Event: 43.077 Thread 0x00000224e7ef6570 Exception <a 'java/io/FileNotFoundException'{0x00000000eb10fb68}> (0x00000000eb10fb68) 
thrown [s\src\hotspot\share\prims\jni.cpp, line 516]
Event: 43.078 Thread 0x00000224e7ef6570 Exception <a 'java/io/FileNotFoundException'{0x00000000eb110ba0}> (0x00000000eb110ba0) 
thrown [s\src\hotspot\share\prims\jni.cpp, line 516]
Event: 43.079 Thread 0x00000224e7ef6570 Exception <a 'java/io/FileNotFoundException'{0x00000000eb111928}> (0x00000000eb111928) 
thrown [s\src\hotspot\share\prims\jni.cpp, line 516]

VM Operations (20 events):
Event: 38.941 Executing VM operation: ParallelGCFailedAllocation
Event: 38.947 Executing VM operation: ParallelGCFailedAllocation done
Event: 39.053 Executing VM operation: ParallelGCFailedAllocation
Event: 39.058 Executing VM operation: ParallelGCFailedAllocation done
Event: 39.187 Executing VM operation: ParallelGCFailedAllocation
Event: 39.192 Executing VM operation: ParallelGCFailedAllocation done
Event: 39.375 Executing VM operation: ParallelGCFailedAllocation
Event: 39.382 Executing VM operation: ParallelGCFailedAllocation done
Event: 39.491 Executing VM operation: ParallelGCFailedAllocation
Event: 39.500 Executing VM operation: ParallelGCFailedAllocation done
Event: 39.698 Executing VM operation: ParallelGCFailedAllocation
Event: 39.706 Executing VM operation: ParallelGCFailedAllocation done
Event: 40.359 Executing VM operation: ParallelGCFailedAllocation
Event: 40.371 Executing VM operation: ParallelGCFailedAllocation done
Event: 41.151 Executing VM operation: ParallelGCFailedAllocation
Event: 41.161 Executing VM operation: ParallelGCFailedAllocation done
Event: 41.908 Executing VM operation: HandshakeAllThreads
Event: 42.060 Executing VM operation: HandshakeAllThreads done
Event: 42.980 Executing VM operation: ParallelGCFailedAllocation
Event: 42.988 Executing VM operation: ParallelGCFailedAllocation done

Events (20 events):
Event: 41.904 loading class java/lang/Process$PipeInputStream
Event: 41.904 loading class java/lang/Process$PipeInputStream done
Event: 42.065 loading class jdk/internal/event/ProcessStartEvent
Event: 42.071 loading class jdk/internal/event/ProcessStartEvent done
Event: 42.129 Thread 0x00000224e878cd00 Thread added: 0x00000224e878cd00
Event: 42.223 loading class java/util/concurrent/CompletableFuture$Signaller
Event: 42.223 loading class java/util/concurrent/CompletableFuture$Signaller done
Event: 42.224 loading class java/util/concurrent/ForkJoinTask$Aux
Event: 42.240 loading class java/util/concurrent/ForkJoinTask$Aux done
Event: 42.421 Thread 0x00000224e878e140 Thread added: 0x00000224e878e140
Event: 42.910 loading class java/lang/invoke/BoundMethodHandle$Species_LLLLLLLLLL
Event: 42.911 loading class java/lang/invoke/BoundMethodHandle$Species_LLLLLLLLLL done
Event: 42.918 loading class java/lang/invoke/BoundMethodHandle$Species_LLLLLLLLLLL
Event: 42.919 loading class java/lang/invoke/BoundMethodHandle$Species_LLLLLLLLLLL done
Event: 42.927 loading class java/lang/invoke/BoundMethodHandle$Species_LLLLLLLLLLLL
Event: 42.930 loading class java/lang/invoke/BoundMethodHandle$Species_LLLLLLLLLLLL done
Event: 42.938 loading class java/lang/invoke/BoundMethodHandle$Species_LLLLLLLLLLLLL
Event: 42.938 loading class java/lang/invoke/BoundMethodHandle$Species_LLLLLLLLLLLLL done
Event: 43.072 loading class java/util/WeakHashMap$KeyIterator
Event: 43.073 loading class java/util/WeakHashMap$KeyIterator done


Dynamic libraries:
0x00007ff6416b0000 - 0x00007ff6416be000 	c:\Users\jhonn\.vscode\extensions\redhat.java-1.29.0-win32-x64\jre\17.0.10-win32-x86_64\bin\java.exe
0x00007ff972450000 - 0x00007ff972648000 	C:\WINDOWS\SYSTEM32\ntdll.dll
0x00007ff971fa0000 - 0x00007ff97205d000 	C:\WINDOWS\System32\KERNEL32.DLL
0x00007ff96ffe0000 - 0x00007ff9702d6000 	C:\WINDOWS\System32\KERNELBASE.dll
0x00007ff970380000 - 0x00007ff970480000 	C:\WINDOWS\System32\ucrtbase.dll
0x00007ff968d70000 - 0x00007ff968d87000 	c:\Users\jhonn\.vscode\extensions\redhat.java-1.29.0-win32-x64\jre\17.0.10-win32-x86_64\bin\jli.dll
0x00007ff968d50000 - 0x00007ff968d6b000 	c:\Users\jhonn\.vscode\extensions\redhat.java-1.29.0-win32-x64\jre\17.0.10-win32-x86_64\bin\VCRUNTIME140.dll
0x00007ff970480000 - 0x00007ff97061f000 	C:\WINDOWS\System32\USER32.dll
0x00007ff970350000 - 0x00007ff970372000 	C:\WINDOWS\System32\win32u.dll
0x00007ff962a20000 - 0x00007ff962cba000 	C:\WINDOWS\WinSxS\amd64_microsoft.windows.common-controls_6595b64144ccf1df_6.0.19041.3636_none_60b6a03d71f818d5\COMCTL32.dll
0x00007ff971e10000 - 0x00007ff971e3b000 	C:\WINDOWS\System32\GDI32.dll
0x00007ff972060000 - 0x00007ff9720fe000 	C:\WINDOWS\System32\msvcrt.dll
0x00007ff96fd60000 - 0x00007ff96fe77000 	C:\WINDOWS\System32\gdi32full.dll
0x00007ff96fc10000 - 0x00007ff96fcad000 	C:\WINDOWS\System32\msvcp_win.dll
0x00007ff9707e0000 - 0x00007ff970812000 	C:\WINDOWS\System32\IMM32.DLL
0x00007ff968d40000 - 0x00007ff968d4c000 	c:\Users\jhonn\.vscode\extensions\redhat.java-1.29.0-win32-x64\jre\17.0.10-win32-x86_64\bin\vcruntime140_1.dll
0x00007ff968cb0000 - 0x00007ff968d3d000 	c:\Users\jhonn\.vscode\extensions\redhat.java-1.29.0-win32-x64\jre\17.0.10-win32-x86_64\bin\msvcp140.dll
0x00007ff925ae0000 - 0x00007ff926742000 	c:\Users\jhonn\.vscode\extensions\redhat.java-1.29.0-win32-x64\jre\17.0.10-win32-x86_64\bin\server\jvm.dll
0x00007ff9722c0000 - 0x00007ff972370000 	C:\WINDOWS\System32\ADVAPI32.dll
0x00007ff972100000 - 0x00007ff9721a0000 	C:\WINDOWS\System32\sechost.dll
0x00007ff971ce0000 - 0x00007ff971e03000 	C:\WINDOWS\System32\RPCRT4.dll
0x00007ff96fbe0000 - 0x00007ff96fc07000 	C:\WINDOWS\System32\bcrypt.dll
0x00007ff96f960000 - 0x00007ff96f9ab000 	C:\WINDOWS\SYSTEM32\POWRPROF.dll
0x00007ff952f90000 - 0x00007ff952f99000 	C:\WINDOWS\SYSTEM32\WSOCK32.dll
0x00007ff970620000 - 0x00007ff97068b000 	C:\WINDOWS\System32\WS2_32.dll
0x00007ff962fb0000 - 0x00007ff962fd7000 	C:\WINDOWS\SYSTEM32\WINMM.dll
0x00007ff962da0000 - 0x00007ff962daa000 	C:\WINDOWS\SYSTEM32\VERSION.dll
0x00007ff96f940000 - 0x00007ff96f952000 	C:\WINDOWS\SYSTEM32\UMPDC.dll
0x00007ff96d990000 - 0x00007ff96d9a2000 	C:\WINDOWS\SYSTEM32\kernel.appcore.dll
0x00007ff968ca0000 - 0x00007ff968caa000 	c:\Users\jhonn\.vscode\extensions\redhat.java-1.29.0-win32-x64\jre\17.0.10-win32-x86_64\bin\jimage.dll
0x00007ff962830000 - 0x00007ff962a14000 	C:\WINDOWS\SYSTEM32\DBGHELP.DLL
0x00007ff961480000 - 0x00007ff9614b4000 	C:\WINDOWS\SYSTEM32\dbgcore.DLL
0x00007ff96fb00000 - 0x00007ff96fb82000 	C:\WINDOWS\System32\bcryptPrimitives.dll
0x00007ff968c90000 - 0x00007ff968c9e000 	c:\Users\jhonn\.vscode\extensions\redhat.java-1.29.0-win32-x64\jre\17.0.10-win32-x86_64\bin\instrument.dll
0x00007ff968c60000 - 0x00007ff968c85000 	c:\Users\jhonn\.vscode\extensions\redhat.java-1.29.0-win32-x64\jre\17.0.10-win32-x86_64\bin\java.dll
0x00007ff968ab0000 - 0x00007ff968ac8000 	c:\Users\jhonn\.vscode\extensions\redhat.java-1.29.0-win32-x64\jre\17.0.10-win32-x86_64\bin\zip.dll
0x00007ff970e60000 - 0x00007ff9715cb000 	C:\WINDOWS\System32\SHELL32.dll
0x00007ff96db90000 - 0x00007ff96e32e000 	C:\WINDOWS\SYSTEM32\windows.storage.dll
0x00007ff970820000 - 0x00007ff970b73000 	C:\WINDOWS\System32\combase.dll
0x00007ff96f460000 - 0x00007ff96f48e000 	C:\WINDOWS\SYSTEM32\Wldp.dll
0x00007ff970710000 - 0x00007ff9707dd000 	C:\WINDOWS\System32\OLEAUT32.dll
0x00007ff971e40000 - 0x00007ff971eed000 	C:\WINDOWS\System32\SHCORE.dll
0x00007ff970b80000 - 0x00007ff970bd5000 	C:\WINDOWS\System32\shlwapi.dll
0x00007ff96fa30000 - 0x00007ff96fa53000 	C:\WINDOWS\SYSTEM32\profapi.dll
0x00007ff9689b0000 - 0x00007ff9689c9000 	C:\Users\jhonn\.vscode\extensions\redhat.java-1.29.0-win32-x64\jre\17.0.10-win32-x86_64\bin\net.dll
0x00007ff9672e0000 - 0x00007ff9673ea000 	C:\WINDOWS\SYSTEM32\WINHTTP.dll
0x00007ff96f1c0000 - 0x00007ff96f22a000 	C:\WINDOWS\system32\mswsock.dll
0x00007ff968a90000 - 0x00007ff968aa6000 	C:\Users\jhonn\.vscode\extensions\redhat.java-1.29.0-win32-x64\jre\17.0.10-win32-x86_64\bin\nio.dll
0x00007ff968a80000 - 0x00007ff968a90000 	c:\Users\jhonn\.vscode\extensions\redhat.java-1.29.0-win32-x64\jre\17.0.10-win32-x86_64\bin\verify.dll
0x00007ff940870000 - 0x00007ff9408ae000 	C:\Users\jhonn\AppData\Roaming\Code\User\globalStorage\redhat.java\1.29.0\config_win\org.eclipse.equinox.launcher\org.eclipse.equinox.launcher.win32.win32.x86_64_1.2.900.v20240213-1244\eclipse_11900.dll
0x00007ff971710000 - 0x00007ff97183b000 	C:\WINDOWS\System32\ole32.dll
0x00007ff96f3c0000 - 0x00007ff96f3d8000 	C:\WINDOWS\SYSTEM32\CRYPTSP.dll
0x00007ff96eae0000 - 0x00007ff96eb14000 	C:\WINDOWS\system32\rsaenh.dll
0x00007ff96f9b0000 - 0x00007ff96f9de000 	C:\WINDOWS\SYSTEM32\USERENV.dll
0x00007ff96f3b0000 - 0x00007ff96f3bc000 	C:\WINDOWS\SYSTEM32\CRYPTBASE.dll
0x00007ff96eea0000 - 0x00007ff96eedb000 	C:\WINDOWS\SYSTEM32\IPHLPAPI.DLL
0x00007ff971840000 - 0x00007ff971848000 	C:\WINDOWS\System32\NSI.dll
0x00007ff966820000 - 0x00007ff966837000 	C:\WINDOWS\SYSTEM32\dhcpcsvc6.DLL
0x00007ff9673f0000 - 0x00007ff96740d000 	C:\WINDOWS\SYSTEM32\dhcpcsvc.DLL
0x00007ff96eee0000 - 0x00007ff96efab000 	C:\WINDOWS\SYSTEM32\DNSAPI.dll
0x00007ff93cea0000 - 0x00007ff93cee5000 	C:\Users\jhonn\AppData\Local\Temp\jna-101101681\jna12768020244731679040.dll
0x00007ff972400000 - 0x00007ff972408000 	C:\WINDOWS\System32\PSAPI.DLL

dbghelp: loaded successfully - version: 4.0.5 - missing functions: none
symbol engine: initialized successfully - sym options: 0x614 - pdb path: .;c:\Users\jhonn\.vscode\extensions\redhat.java-1.29.0-win32-x64\jre\17.0.10-win32-x86_64\bin;C:\WINDOWS\SYSTEM32;C:\WINDOWS\WinSxS\amd64_microsoft.windows.common-controls_6595b64144ccf1df_6.0.19041.3636_none_60b6a03d71f818d5;c:\Users\jhonn\.vscode\extensions\redhat.java-1.29.0-win32-x64\jre\17.0.10-win32-x86_64\bin\server;C:\Users\jhonn\AppData\Roaming\Code\User\globalStorage\redhat.java\1.29.0\config_win\org.eclipse.equinox.launcher\org.eclipse.equinox.launcher.win32.win32.x86_64_1.2.900.v20240213-1244;C:\Users\jhonn\AppData\Local\Temp\jna-101101681

VM Arguments:
jvm_args: --add-modules=ALL-SYSTEM --add-opens=java.base/java.util=ALL-UNNAMED --add-opens=java.base/java.lang=ALL-UNNAMED --add-opens=java.base/sun.nio.fs=ALL-UNNAMED -Declipse.application=org.eclipse.jdt.ls.core.id1 -Dosgi.bundles.defaultStartLevel=4 -Declipse.product=org.eclipse.jdt.ls.core.product -Djava.import.generatesMetadataFilesAtProjectRoot=false -DDetectVMInstallationsJob.disabled=true -Dfile.encoding=utf8 -XX:+UseParallelGC -XX:GCTimeRatio=4 -XX:AdaptiveSizePolicyWeight=90 -Dsun.zip.disableMemoryMapping=true -Xmx1G -Xms100m -Xlog:disable -javaagent:c:\Users\jhonn\.vscode\extensions\redhat.java-1.29.0-win32-x64\lombok\lombok-1.18.32.jar -XX:+HeapDumpOnOutOfMemoryError -XX:HeapDumpPath=c:\Users\jhonn\AppData\Roaming\Code\User\workspaceStorage\f926728e50f2738973d3538630756d0e\redhat.java -Daether.dependencyCollector.impl=bf 
java_command: c:\Users\jhonn\.vscode\extensions\redhat.java-1.29.0-win32-x64\server\plugins\org.eclipse.equinox.launcher_1.6.800.v20240304-1850.jar -configuration c:\Users\jhonn\AppData\Roaming\Code\User\globalStorage\redhat.java\1.29.0\config_win -data c:\Users\jhonn\AppData\Roaming\Code\User\workspaceStorage\f926728e50f2738973d3538630756d0e\redhat.java\jdt_ws --stdio
java_class_path (initial): c:\Users\jhonn\.vscode\extensions\redhat.java-1.29.0-win32-x64\server\plugins\org.eclipse.equinox.launcher_1.6.800.v20240304-1850.jar
Launcher Type: SUN_STANDARD

[Global flags]
    uintx AdaptiveSizePolicyWeight                 = 90                                        {product} {command line}
     intx CICompilerCount                          = 3                                         {product} {ergonomic}
    uintx GCTimeRatio                              = 4                                         {product} {command line}
     bool HeapDumpOnOutOfMemoryError               = true                                   {manageable} {command line}
    ccstr HeapDumpPath                             = c:\Users\jhonn\AppData\Roaming\Code\User\workspaceStorage\f926728e50f2738973d3538630756d0e\redhat.java         {manageable} {command line}
   size_t InitialHeapSize                          = 104857600                                 {product} {command line}
   size_t MaxHeapSize                              = 1073741824                                {product} {command line}
   size_t MaxNewSize                               = 357564416                                 {product} {ergonomic}
   size_t MinHeapDeltaBytes                        = 524288                                    {product} {ergonomic}
   size_t MinHeapSize                              = 104857600                                 {product} {command line}
   size_t NewSize                                  = 34603008                                  {product} {ergonomic}
    uintx NonNMethodCodeHeapSize                   = 5832780                                {pd product} {ergonomic}
    uintx NonProfiledCodeHeapSize                  = 122912730                              {pd product} {ergonomic}
   size_t OldSize                                  = 70254592                                  {product} {ergonomic}
    uintx ProfiledCodeHeapSize                     = 122912730                              {pd product} {ergonomic}
    uintx ReservedCodeCacheSize                    = 251658240                              {pd product} {ergonomic}
     bool SegmentedCodeCache                       = true                                      {product} {ergonomic}
   size_t SoftMaxHeapSize                          = 1073741824                             {manageable} {ergonomic}
     bool UseCompressedClassPointers               = true                           {product lp64_product} {ergonomic}
     bool UseCompressedOops                        = true                           {product lp64_product} {ergonomic}
     bool UseLargePagesIndividualAllocation        = false                                  {pd product} {ergonomic}
     bool UseParallelGC                            = true                                      {product} {command line}

Logging:
Log output configuration:
 #0: stdout all=off uptime,level,tags
 #1: stderr all=off uptime,level,tags

Environment Variables:
JAVA_HOME=C:\Program Files\Java\jdk-21
PATH=C:\Program Files\Common Files\Oracle\Java\javapath;C:\oraclexe\app\oracle\product\11.2.0\server\bin;C:\WINDOWS\system32;C:\WINDOWS;C:\WINDOWS\System32\Wbem;C:\WINDOWS\System32\WindowsPowerShell\v1.0\;C:\WINDOWS\System32\OpenSSH\;C:\Program Files\Microsoft VS Code\bin;C:\Program Files\Microsoft SQL Server\Client SDK\ODBC\170\Tools\Binn\;C:\Program Files (x86)\Microsoft SQL Server\150\Tools\Binn\;C:\Program Files\Microsoft SQL Server\150\Tools\Binn\;C:\Program Files\Microsoft SQL Server\150\DTS\Binn\;C:\Program Files (x86)\Microsoft SQL Server\150\DTS\Binn\;C:\Program Files\Azure Data Studio\bin;C:\Program Files\Git\cmd;C:\apache-maven-3.8.4\bin;C:\Automatizacion\gradle-8.7\bin;C:\Program Files\Java\jdk-21\bin;C:\Users\jhonn\AppData\Local\Microsoft\WindowsApps;;C:\Program Files\Azure Data Studio\bin
USERNAME=jhonn
OS=Windows_NT
PROCESSOR_IDENTIFIER=Intel64 Family 6 Model 58 Stepping 9, GenuineIntel
TMP=C:\Users\jhonn\AppData\Local\Temp
TEMP=C:\Users\jhonn\AppData\Local\Temp



Periodic native trim disabled


---------------  S Y S T E M  ---------------

OS:
 Windows 10 , 64 bit Build 19041 (10.0.19041.3636)
OS uptime: 0 days 0:16 hours

CPU: total 4 (initial active 4) (2 cores per cpu, 2 threads per core) family 6 model 58 stepping 9 microcode 0x21, cx8, cmov, fxsr, ht, mmx, sse, sse2, sse3, ssse3, sse4.1, sse4.2, popcnt, tsc, tscinvbit, avx, erms, clmul, vzeroupper, clflush
Processor Information for all 4 processors :
  Max Mhz: 1901, Current Mhz: 1901, Mhz Limit: 1901

Memory: 4k page, system-wide physical 1949M (161M free)
TotalPageFile size 7837M (AvailPageFile size 9M)
current process WorkingSet (physical memory assigned to process): 160M, peak: 164M
current process commit charge ("private bytes"): 276M, peak: 277M

vm_info: OpenJDK 64-Bit Server VM (17.0.10+7) for windows-amd64 JRE (17.0.10+7), built on Jan 16 2024 23:25:11 by "admin" with MS VC++ 16.10 / 16.11 (VS2019)

END.
