#
# There is insufficient memory for the Java Runtime Environment to continue.
# Native memory allocation (malloc) failed to allocate 843536 bytes for Chunk::new
# Possible reasons:
#   The system is out of physical RAM or swap space
#   The process is running with CompressedOops enabled, and the Java Heap may be blocking the growth of the native heap
# Possible solutions:
#   Reduce memory load on the system
#   Increase physical memory or swap space
#   Check if swap backing store is full
#   Decrease Java heap size (-Xmx/-Xms)
#   Decrease number of Java threads
#   Decrease Java thread stack sizes (-Xss)
#   Set larger code cache with -XX:ReservedCodeCacheSize=
#   JVM is running with Unscaled Compressed Oops mode in which the Java heap is
#     placed in the first 4GB address space. The Java Heap base address is the
#     maximum limit for the native heap growth. Please use -XX:HeapBaseMinAddress
#     to set the Java Heap base and to place the Java Heap above 4GB virtual address.
# This output file may be truncated or incomplete.
#
#  Out of Memory Error (arena.cpp:191), pid=7164, tid=11628
#
# JRE version: OpenJDK Runtime Environment Temurin-17.0.10+7 (17.0.10+7) (build 17.0.10+7)
# Java VM: OpenJDK 64-Bit Server VM Temurin-17.0.10+7 (17.0.10+7, mixed mode, tiered, compressed oops, compressed class ptrs, g1 gc, windows-amd64)
# No core dump will be written. Minidumps are not enabled by default on client versions of Windows
#

---------------  S U M M A R Y ------------

Command Line: --add-opens=java.base/java.lang=ALL-UNNAMED --add-opens=java.base/java.io=ALL-UNNAMED --add-opens=java.base/java.util=ALL-UNNAMED -Dplugin.dir=C:\Users\jhonn\.vscode\extensions\redhat.java-1.29.0-win32-x64\server\..\..\vscjava.vscode-gradle-3.13.5\server\plugins com.microsoft.java.bs.core.Launcher

Host: Intel(R) Core(TM) i3-3227U CPU @ 1.90GHz, 4 cores, 1G,  Windows 10 , 64 bit Build 19041 (10.0.19041.3636)
Time: Wed Apr 17 21:33:55 2024 Hora est. Pacífico, Sudamérica elapsed time: 14.519195 seconds (0d 0h 0m 14s)

---------------  T H R E A D  ---------------

Current thread (0x0000025e23401040):  JavaThread "C2 CompilerThread0" daemon [_thread_in_native, id=11628, stack(0x00000099b6800000,0x00000099b6900000)]


Current CompileTask:
C2:  14519 1897       4       jdk.internal.org.objectweb.asm.Frame::execute (2318 bytes)

Stack: [0x00000099b6800000,0x00000099b6900000]
Native frames: (J=compiled Java code, j=interpreted, Vv=VM code, C=native code)
V  [jvm.dll+0x67d2c9]
V  [jvm.dll+0x834afa]
V  [jvm.dll+0x8365be]
V  [jvm.dll+0x836c23]
V  [jvm.dll+0x2477ff]
V  [jvm.dll+0xac514]
V  [jvm.dll+0xacb5c]
V  [jvm.dll+0x2aed1f]
V  [jvm.dll+0x584b67]
V  [jvm.dll+0x2228a2]
V  [jvm.dll+0x222c8f]
V  [jvm.dll+0x21bdb6]
V  [jvm.dll+0x219201]
V  [jvm.dll+0x1a502d]
V  [jvm.dll+0x2290de]
V  [jvm.dll+0x2272ac]
V  [jvm.dll+0x7e9bb7]
V  [jvm.dll+0x7e3fba]
V  [jvm.dll+0x67c1b5]
C  [ucrtbase.dll+0x21bb2]
C  [KERNEL32.DLL+0x17344]
C  [ntdll.dll+0x526b1]


---------------  P R O C E S S  ---------------

Threads class SMR info:
_java_thread_list=0x0000025e282fcb60, length=16, elements={
0x0000025e233dad50, 0x0000025e233dbbd0, 0x0000025e2341e400, 0x0000025e234221e0,
0x0000025e233ffd80, 0x0000025e23400350, 0x0000025e23401040, 0x0000025e2346d6f0,
0x0000025e234831f0, 0x0000025e236c9060, 0x0000025e236cf970, 0x0000025e282b0030,
0x0000025e0e05f260, 0x0000025e282c0f90, 0x0000025e281ecba0, 0x0000025e28436920
}

Java Threads: ( => current thread )
  0x0000025e233dad50 JavaThread "Reference Handler" daemon [_thread_blocked, id=6224, stack(0x00000099b6200000,0x00000099b6300000)]
  0x0000025e233dbbd0 JavaThread "Finalizer" daemon [_thread_blocked, id=10476, stack(0x00000099b6300000,0x00000099b6400000)]
  0x0000025e2341e400 JavaThread "Signal Dispatcher" daemon [_thread_blocked, id=11068, stack(0x00000099b6400000,0x00000099b6500000)]
  0x0000025e234221e0 JavaThread "Attach Listener" daemon [_thread_blocked, id=888, stack(0x00000099b6500000,0x00000099b6600000)]
  0x0000025e233ffd80 JavaThread "Service Thread" daemon [_thread_blocked, id=11656, stack(0x00000099b6600000,0x00000099b6700000)]
  0x0000025e23400350 JavaThread "Monitor Deflation Thread" daemon [_thread_blocked, id=10512, stack(0x00000099b6700000,0x00000099b6800000)]
=>0x0000025e23401040 JavaThread "C2 CompilerThread0" daemon [_thread_in_native, id=11628, stack(0x00000099b6800000,0x00000099b6900000)]
  0x0000025e2346d6f0 JavaThread "C1 CompilerThread0" daemon [_thread_blocked, id=9640, stack(0x00000099b6900000,0x00000099b6a00000)]
  0x0000025e234831f0 JavaThread "Sweeper thread" daemon [_thread_blocked, id=5996, stack(0x00000099b6a00000,0x00000099b6b00000)]
  0x0000025e236c9060 JavaThread "Common-Cleaner" daemon [_thread_blocked, id=4876, stack(0x00000099b6b00000,0x00000099b6c00000)]
  0x0000025e236cf970 JavaThread "Notification Thread" daemon [_thread_blocked, id=628, stack(0x00000099b6c00000,0x00000099b6d00000)]
  0x0000025e282b0030 JavaThread "pool-1-thread-1" [_thread_blocked, id=2896, stack(0x00000099b6e00000,0x00000099b6f00000)]
  0x0000025e0e05f260 JavaThread "DestroyJavaVM" [_thread_blocked, id=2272, stack(0x00000099b5b00000,0x00000099b5c00000)]
  0x0000025e282c0f90 JavaThread "ForkJoinPool.commonPool-worker-1" daemon [_thread_blocked, id=13140, stack(0x00000099b6f00000,0x00000099b7000000)]
  0x0000025e281ecba0 JavaThread "Connection worker" daemon [_thread_in_native, id=3736, stack(0x00000099b7400000,0x00000099b7500000)]
  0x0000025e28436920 JavaThread "ForkJoinPool.commonPool-worker-2" daemon [_thread_blocked, id=3288, stack(0x00000099b7500000,0x00000099b7600000)]

Other Threads:
  0x0000025e233b0540 VMThread "VM Thread" [stack: 0x00000099b6100000,0x00000099b6200000] [id=13272]
  0x0000025e0e115930 WatcherThread [stack: 0x00000099b6d00000,0x00000099b6e00000] [id=11172]
  0x0000025e0e08b670 GCTaskThread "GC Thread#0" [stack: 0x00000099b5c00000,0x00000099b5d00000] [id=9012]
  0x0000025e284557f0 GCTaskThread "GC Thread#1" [stack: 0x00000099b7000000,0x00000099b7100000] [id=11348]
  0x0000025e2845d400 GCTaskThread "GC Thread#2" [stack: 0x00000099b7100000,0x00000099b7200000] [id=11708]
  0x0000025e2845d6c0 GCTaskThread "GC Thread#3" [stack: 0x00000099b7200000,0x00000099b7300000] [id=9064]
  0x0000025e0e0902c0 ConcurrentGCThread "G1 Main Marker" [stack: 0x00000099b5d00000,0x00000099b5e00000] [id=10596]
  0x0000025e0e091cf0 ConcurrentGCThread "G1 Conc#0" [stack: 0x00000099b5e00000,0x00000099b5f00000] [id=8520]
  0x0000025e0e0c78f0 ConcurrentGCThread "G1 Refine#0" [stack: 0x00000099b5f00000,0x00000099b6000000] [id=11292]
  0x0000025e283f42d0 ConcurrentGCThread "G1 Refine#1" [stack: 0x00000099b7300000,0x00000099b7400000] [id=2092]
  0x0000025e0e0c8320 ConcurrentGCThread "G1 Service" [stack: 0x00000099b6000000,0x00000099b6100000] [id=4060]

Threads with active compile tasks:
C2 CompilerThread0    14593 1897       4       jdk.internal.org.objectweb.asm.Frame::execute (2318 bytes)

VM state: not at safepoint (normal execution)

VM Mutex/Monitor currently owned by a thread: None

Heap address: 0x00000000e1800000, size: 488 MB, Compressed Oops mode: 32-bit

CDS archive(s) not mapped
Compressed class space mapped at: 0x0000000100000000-0x0000000140000000, reserved size: 1073741824
Narrow klass base: 0x0000000000000000, Narrow klass shift: 3, Narrow klass range: 0x140000000

GC Precious Log:
 CPUs: 4 total, 4 available
 Memory: 1949M
 Large Page Support: Disabled
 NUMA Support: Disabled
 Compressed Oops: Enabled (32-bit)
 Heap Region Size: 1M
 Heap Min Capacity: 8M
 Heap Initial Capacity: 32M
 Heap Max Capacity: 488M
 Pre-touch: Disabled
 Parallel Workers: 4
 Concurrent Workers: 1
 Concurrent Refinement Workers: 4
 Periodic GC: Disabled

Heap:
 garbage-first heap   total 35840K, used 20743K [0x00000000e1800000, 0x0000000100000000)
  region size 1024K, 3 young (3072K), 1 survivors (1024K)
 Metaspace       used 19860K, committed 20096K, reserved 1114112K
  class space    used 2463K, committed 2560K, reserved 1048576K

Heap Regions: E=young(eden), S=young(survivor), O=old, HS=humongous(starts), HC=humongous(continues), CS=collection set, F=free, OA=open archive, CA=closed archive, TAMS=top-at-mark-start (previous, next)
|   0|0x00000000e1800000, 0x00000000e1900000, 0x00000000e1900000|100%| O|  |TAMS 0x00000000e1900000, 0x00000000e1800000| Untracked 
|   1|0x00000000e1900000, 0x00000000e1a00000, 0x00000000e1a00000|100%| O|  |TAMS 0x00000000e1a00000, 0x00000000e1900000| Untracked 
|   2|0x00000000e1a00000, 0x00000000e1b00000, 0x00000000e1b00000|100%|HS|  |TAMS 0x00000000e1b00000, 0x00000000e1a00000| Complete 
|   3|0x00000000e1b00000, 0x00000000e1c00000, 0x00000000e1c00000|100%|HC|  |TAMS 0x00000000e1c00000, 0x00000000e1b00000| Complete 
|   4|0x00000000e1c00000, 0x00000000e1d00000, 0x00000000e1d00000|100%|HC|  |TAMS 0x00000000e1d00000, 0x00000000e1c00000| Complete 
|   5|0x00000000e1d00000, 0x00000000e1e00000, 0x00000000e1e00000|100%|HC|  |TAMS 0x00000000e1e00000, 0x00000000e1d00000| Complete 
|   6|0x00000000e1e00000, 0x00000000e1f00000, 0x00000000e1f00000|100%| O|  |TAMS 0x00000000e1f00000, 0x00000000e1e00000| Untracked 
|   7|0x00000000e1f00000, 0x00000000e2000000, 0x00000000e2000000|100%| O|  |TAMS 0x00000000e2000000, 0x00000000e1f00000| Untracked 
|   8|0x00000000e2000000, 0x00000000e2100000, 0x00000000e2100000|100%| O|  |TAMS 0x00000000e2100000, 0x00000000e2000000| Untracked 
|   9|0x00000000e2100000, 0x00000000e2200000, 0x00000000e2200000|100%| O|  |TAMS 0x00000000e2200000, 0x00000000e2100000| Untracked 
|  10|0x00000000e2200000, 0x00000000e2300000, 0x00000000e2300000|100%| O|  |TAMS 0x00000000e2300000, 0x00000000e2200000| Untracked 
|  11|0x00000000e2300000, 0x00000000e2400000, 0x00000000e2400000|100%| O|  |TAMS 0x00000000e2400000, 0x00000000e2300000| Untracked 
|  12|0x00000000e2400000, 0x00000000e2500000, 0x00000000e2500000|100%| O|  |TAMS 0x00000000e2500000, 0x00000000e2400000| Untracked 
|  13|0x00000000e2500000, 0x00000000e2600000, 0x00000000e2600000|100%| O|  |TAMS 0x00000000e2600000, 0x00000000e2500000| Untracked 
|  14|0x00000000e2600000, 0x00000000e2700000, 0x00000000e2700000|100%| O|  |TAMS 0x00000000e2700000, 0x00000000e2600000| Untracked 
|  15|0x00000000e2700000, 0x00000000e2800000, 0x00000000e2800000|100%| O|  |TAMS 0x00000000e2800000, 0x00000000e2700000| Untracked 
|  16|0x00000000e2800000, 0x00000000e2900000, 0x00000000e2900000|100%| O|  |TAMS 0x00000000e2900000, 0x00000000e2800000| Untracked 
|  17|0x00000000e2900000, 0x00000000e2a00000, 0x00000000e2a00000|100%| O|  |TAMS 0x00000000e2a00000, 0x00000000e2900000| Untracked 
|  18|0x00000000e2a00000, 0x00000000e2a8ea00, 0x00000000e2b00000| 55%| O|  |TAMS 0x00000000e2a4ae00, 0x00000000e2a00000| Untracked 
|  19|0x00000000e2b00000, 0x00000000e2b00000, 0x00000000e2c00000|  0%| F|  |TAMS 0x00000000e2b00000, 0x00000000e2b00000| Untracked 
|  20|0x00000000e2c00000, 0x00000000e2c00000, 0x00000000e2d00000|  0%| F|  |TAMS 0x00000000e2c00000, 0x00000000e2c00000| Untracked 
|  21|0x00000000e2d00000, 0x00000000e2d00000, 0x00000000e2e00000|  0%| F|  |TAMS 0x00000000e2d00000, 0x00000000e2d00000| Untracked 
|  22|0x00000000e2e00000, 0x00000000e2e00000, 0x00000000e2f00000|  0%| F|  |TAMS 0x00000000e2e00000, 0x00000000e2e00000| Untracked 
|  23|0x00000000e2f00000, 0x00000000e2f00000, 0x00000000e3000000|  0%| F|  |TAMS 0x00000000e2f00000, 0x00000000e2f00000| Untracked 
|  24|0x00000000e3000000, 0x00000000e3000000, 0x00000000e3100000|  0%| F|  |TAMS 0x00000000e3000000, 0x00000000e3000000| Untracked 
|  25|0x00000000e3100000, 0x00000000e3100000, 0x00000000e3200000|  0%| F|  |TAMS 0x00000000e3100000, 0x00000000e3100000| Untracked 
|  26|0x00000000e3200000, 0x00000000e32b32f0, 0x00000000e3300000| 69%| S|CS|TAMS 0x00000000e3200000, 0x00000000e3200000| Complete 
|  27|0x00000000e3300000, 0x00000000e3300000, 0x00000000e3400000|  0%| F|  |TAMS 0x00000000e3300000, 0x00000000e3300000| Untracked 
|  28|0x00000000e3400000, 0x00000000e3400000, 0x00000000e3500000|  0%| F|  |TAMS 0x00000000e3400000, 0x00000000e3400000| Untracked 
|  29|0x00000000e3500000, 0x00000000e3500000, 0x00000000e3600000|  0%| F|  |TAMS 0x00000000e3500000, 0x00000000e3500000| Untracked 
|  30|0x00000000e3600000, 0x00000000e3600000, 0x00000000e3700000|  0%| F|  |TAMS 0x00000000e3600000, 0x00000000e3600000| Untracked 
|  31|0x00000000e3700000, 0x00000000e3700000, 0x00000000e3800000|  0%| F|  |TAMS 0x00000000e3700000, 0x00000000e3700000| Untracked 
|  32|0x00000000e3800000, 0x00000000e3800000, 0x00000000e3900000|  0%| F|  |TAMS 0x00000000e3800000, 0x00000000e3800000| Untracked 
|  33|0x00000000e3900000, 0x00000000e398e6c0, 0x00000000e3a00000| 55%| E|  |TAMS 0x00000000e3900000, 0x00000000e3900000| Complete 
|  34|0x00000000e3a00000, 0x00000000e3b00000, 0x00000000e3b00000|100%| E|CS|TAMS 0x00000000e3a00000, 0x00000000e3a00000| Complete 

Card table byte_map: [0x0000025e1fd00000,0x0000025e1fe00000] _byte_map_base: 0x0000025e1f5f4000

Marking Bits (Prev, Next): (CMBitMap*) 0x0000025e0e08bc90, (CMBitMap*) 0x0000025e0e08bcd0
 Prev Bits: [0x0000025e1ff00000, 0x0000025e206a0000)
 Next Bits: [0x0000025e206a0000, 0x0000025e20e40000)

Polling page: 0x0000025e0be90000

Metaspace:

Usage:
  Non-class:     16.99 MB used.
      Class:      2.41 MB used.
       Both:     19.39 MB used.

Virtual space:
  Non-class space:       64.00 MB reserved,      17.12 MB ( 27%) committed,  1 nodes.
      Class space:        1.00 GB reserved,       2.50 MB ( <1%) committed,  1 nodes.
             Both:        1.06 GB reserved,      19.62 MB (  2%) committed. 

Chunk freelists:
   Non-Class:  14.23 MB
       Class:  13.45 MB
        Both:  27.68 MB

MaxMetaspaceSize: unlimited
CompressedClassSpaceSize: 1.00 GB
Initial GC threshold: 21.00 MB
Current GC threshold: 31.88 MB
CDS: off
MetaspaceReclaimPolicy: balanced
 - commit_granule_bytes: 65536.
 - commit_granule_words: 8192.
 - virtual_space_node_default_size: 8388608.
 - enlarge_chunks_in_place: 1.
 - new_chunks_are_fully_committed: 0.
 - uncommit_free_chunks: 1.
 - use_allocation_guard: 0.
 - handle_deallocations: 1.


Internal statistics:

num_allocs_failed_limit: 0.
num_arena_births: 94.
num_arena_deaths: 0.
num_vsnodes_births: 2.
num_vsnodes_deaths: 0.
num_space_committed: 314.
num_space_uncommitted: 0.
num_chunks_returned_to_freelist: 0.
num_chunks_taken_from_freelist: 450.
num_chunk_merges: 0.
num_chunk_splits: 297.
num_chunks_enlarged: 235.
num_inconsistent_stats: 0.

CodeHeap 'non-profiled nmethods': size=120000Kb used=931Kb max_used=931Kb free=119068Kb
 bounds [0x0000025e187d0000, 0x0000025e18a40000, 0x0000025e1fd00000]
CodeHeap 'profiled nmethods': size=120000Kb used=3938Kb max_used=3938Kb free=116061Kb
 bounds [0x0000025e10d00000, 0x0000025e110e0000, 0x0000025e18230000]
CodeHeap 'non-nmethods': size=5760Kb used=1177Kb max_used=1199Kb free=4582Kb
 bounds [0x0000025e18230000, 0x0000025e184a0000, 0x0000025e187d0000]
 total_blobs=2385 nmethods=1908 adapters=390
 compilation: enabled
              stopped_count=0, restarted_count=0
 full_count=0

Compilation events (20 events):
Event: 14.330 Thread 0x0000025e2346d6f0 1898       3       jdk.internal.org.objectweb.asm.Frame::setInputFrameFromDescriptor (175 bytes)
Event: 14.331 Thread 0x0000025e2346d6f0 nmethod 1898 0x0000025e110d2510 code [0x0000025e110d2720, 0x0000025e110d2ef8]
Event: 14.332 Thread 0x0000025e2346d6f0 1899       3       jdk.internal.org.objectweb.asm.ClassWriter::visitField (53 bytes)
Event: 14.333 Thread 0x0000025e2346d6f0 nmethod 1899 0x0000025e110d3310 code [0x0000025e110d34c0, 0x0000025e110d3828]
Event: 14.333 Thread 0x0000025e2346d6f0 1900       3       jdk.internal.org.objectweb.asm.FieldVisitor::<init> (7 bytes)
Event: 14.333 Thread 0x0000025e2346d6f0 nmethod 1900 0x0000025e110d3990 code [0x0000025e110d3b40, 0x0000025e110d3c88]
Event: 14.333 Thread 0x0000025e2346d6f0 1901       3       jdk.internal.org.objectweb.asm.FieldVisitor::<init> (88 bytes)
Event: 14.334 Thread 0x0000025e2346d6f0 nmethod 1901 0x0000025e110d3d10 code [0x0000025e110d3f60, 0x0000025e110d4828]
Event: 14.334 Thread 0x0000025e2346d6f0 1902       3       jdk.internal.org.objectweb.asm.FieldWriter::computeFieldInfoSize (86 bytes)
Event: 14.335 Thread 0x0000025e2346d6f0 nmethod 1902 0x0000025e110d4b10 code [0x0000025e110d4ce0, 0x0000025e110d4fb8]
Event: 14.335 Thread 0x0000025e2346d6f0 1903       3       jdk.internal.org.objectweb.asm.FieldWriter::putFieldInfo (269 bytes)
Event: 14.337 Thread 0x0000025e2346d6f0 nmethod 1903 0x0000025e110d5110 code [0x0000025e110d53a0, 0x0000025e110d5d28]
Event: 14.363 Thread 0x0000025e2346d6f0 1905       3       java.lang.String::compareTo (63 bytes)
Event: 14.364 Thread 0x0000025e2346d6f0 nmethod 1905 0x0000025e110d6090 code [0x0000025e110d62a0, 0x0000025e110d6738]
Event: 14.364 Thread 0x0000025e2346d6f0 1906       3       java.lang.StringLatin1::compareTo (14 bytes)
Event: 14.365 Thread 0x0000025e2346d6f0 nmethod 1906 0x0000025e110d6910 code [0x0000025e110d6ac0, 0x0000025e110d6be8]
Event: 14.423 Thread 0x0000025e2346d6f0 1907       3       java.util.HashMap::putVal (300 bytes)
Event: 14.425 Thread 0x0000025e2346d6f0 nmethod 1907 0x0000025e110d6d10 code [0x0000025e110d6fc0, 0x0000025e110d8198]
Event: 14.509 Thread 0x0000025e2346d6f0 1910       1       java.util.concurrent.ConcurrentHashMap$MapEntry::getKey (5 bytes)
Event: 14.510 Thread 0x0000025e2346d6f0 nmethod 1910 0x0000025e188b8b90 code [0x0000025e188b8d20, 0x0000025e188b8df8]

GC Heap History (20 events):
Event: 5.092 GC heap before
{Heap before GC invocations=2 (full 0):
 garbage-first heap   total 32768K, used 17979K [0x00000000e1800000, 0x0000000100000000)
  region size 1024K, 7 young (7168K), 2 survivors (2048K)
 Metaspace       used 15395K, committed 15616K, reserved 1114112K
  class space    used 1750K, committed 1856K, reserved 1048576K
}
Event: 5.095 GC heap after
{Heap after GC invocations=3 (full 0):
 garbage-first heap   total 32768K, used 13795K [0x00000000e1800000, 0x0000000100000000)
  region size 1024K, 1 young (1024K), 1 survivors (1024K)
 Metaspace       used 15395K, committed 15616K, reserved 1114112K
  class space    used 1750K, committed 1856K, reserved 1048576K
}
Event: 5.770 GC heap before
{Heap before GC invocations=3 (full 0):
 garbage-first heap   total 32768K, used 19939K [0x00000000e1800000, 0x0000000100000000)
  region size 1024K, 8 young (8192K), 1 survivors (1024K)
 Metaspace       used 15931K, committed 16128K, reserved 1114112K
  class space    used 1843K, committed 1984K, reserved 1048576K
}
Event: 5.772 GC heap after
{Heap after GC invocations=4 (full 0):
 garbage-first heap   total 32768K, used 14089K [0x00000000e1800000, 0x0000000100000000)
  region size 1024K, 1 young (1024K), 1 survivors (1024K)
 Metaspace       used 15931K, committed 16128K, reserved 1114112K
  class space    used 1843K, committed 1984K, reserved 1048576K
}
Event: 6.712 GC heap before
{Heap before GC invocations=4 (full 0):
 garbage-first heap   total 32768K, used 22281K [0x00000000e1800000, 0x0000000100000000)
  region size 1024K, 9 young (9216K), 1 survivors (1024K)
 Metaspace       used 16475K, committed 16768K, reserved 1114112K
  class space    used 1906K, committed 2048K, reserved 1048576K
}
Event: 6.714 GC heap after
{Heap after GC invocations=5 (full 0):
 garbage-first heap   total 32768K, used 14328K [0x00000000e1800000, 0x0000000100000000)
  region size 1024K, 1 young (1024K), 1 survivors (1024K)
 Metaspace       used 16475K, committed 16768K, reserved 1114112K
  class space    used 1906K, committed 2048K, reserved 1048576K
}
Event: 7.563 GC heap before
{Heap before GC invocations=5 (full 0):
 garbage-first heap   total 32768K, used 21496K [0x00000000e1800000, 0x0000000100000000)
  region size 1024K, 9 young (9216K), 1 survivors (1024K)
 Metaspace       used 16506K, committed 16768K, reserved 1114112K
  class space    used 1907K, committed 2048K, reserved 1048576K
}
Event: 7.566 GC heap after
{Heap after GC invocations=6 (full 0):
 garbage-first heap   total 32768K, used 14455K [0x00000000e1800000, 0x0000000100000000)
  region size 1024K, 2 young (2048K), 2 survivors (2048K)
 Metaspace       used 16506K, committed 16768K, reserved 1114112K
  class space    used 1907K, committed 2048K, reserved 1048576K
}
Event: 8.183 GC heap before
{Heap before GC invocations=6 (full 0):
 garbage-first heap   total 32768K, used 22647K [0x00000000e1800000, 0x0000000100000000)
  region size 1024K, 10 young (10240K), 2 survivors (2048K)
 Metaspace       used 16531K, committed 16768K, reserved 1114112K
  class space    used 1908K, committed 2048K, reserved 1048576K
}
Event: 8.189 GC heap after
{Heap after GC invocations=7 (full 0):
 garbage-first heap   total 32768K, used 14621K [0x00000000e1800000, 0x0000000100000000)
  region size 1024K, 1 young (1024K), 1 survivors (1024K)
 Metaspace       used 16531K, committed 16768K, reserved 1114112K
  class space    used 1908K, committed 2048K, reserved 1048576K
}
Event: 8.536 GC heap before
{Heap before GC invocations=7 (full 0):
 garbage-first heap   total 32768K, used 18717K [0x00000000e1800000, 0x0000000100000000)
  region size 1024K, 7 young (7168K), 1 survivors (1024K)
 Metaspace       used 16557K, committed 16832K, reserved 1114112K
  class space    used 1908K, committed 2048K, reserved 1048576K
}
Event: 8.541 GC heap after
{Heap after GC invocations=8 (full 0):
 garbage-first heap   total 32768K, used 16341K [0x00000000e1800000, 0x0000000100000000)
  region size 1024K, 2 young (2048K), 2 survivors (2048K)
 Metaspace       used 16557K, committed 16832K, reserved 1114112K
  class space    used 1908K, committed 2048K, reserved 1048576K
}
Event: 9.056 GC heap before
{Heap before GC invocations=8 (full 0):
 garbage-first heap   total 32768K, used 24533K [0x00000000e1800000, 0x0000000100000000)
  region size 1024K, 10 young (10240K), 2 survivors (2048K)
 Metaspace       used 16600K, committed 16832K, reserved 1114112K
  class space    used 1909K, committed 2048K, reserved 1048576K
}
Event: 9.060 GC heap after
{Heap after GC invocations=9 (full 0):
 garbage-first heap   total 32768K, used 18700K [0x00000000e1800000, 0x0000000100000000)
  region size 1024K, 2 young (2048K), 2 survivors (2048K)
 Metaspace       used 16600K, committed 16832K, reserved 1114112K
  class space    used 1909K, committed 2048K, reserved 1048576K
}
Event: 9.442 GC heap before
{Heap before GC invocations=9 (full 0):
 garbage-first heap   total 32768K, used 21772K [0x00000000e1800000, 0x0000000100000000)
  region size 1024K, 6 young (6144K), 2 survivors (2048K)
 Metaspace       used 16896K, committed 17152K, reserved 1114112K
  class space    used 1972K, committed 2112K, reserved 1048576K
}
Event: 9.446 GC heap after
{Heap after GC invocations=10 (full 0):
 garbage-first heap   total 32768K, used 19028K [0x00000000e1800000, 0x0000000100000000)
  region size 1024K, 1 young (1024K), 1 survivors (1024K)
 Metaspace       used 16896K, committed 17152K, reserved 1114112K
  class space    used 1972K, committed 2112K, reserved 1048576K
}
Event: 10.291 GC heap before
{Heap before GC invocations=11 (full 0):
 garbage-first heap   total 35840K, used 23124K [0x00000000e1800000, 0x0000000100000000)
  region size 1024K, 5 young (5120K), 1 survivors (1024K)
 Metaspace       used 17484K, committed 17728K, reserved 1114112K
  class space    used 2092K, committed 2240K, reserved 1048576K
}
Event: 10.293 GC heap after
{Heap after GC invocations=12 (full 0):
 garbage-first heap   total 35840K, used 19369K [0x00000000e1800000, 0x0000000100000000)
  region size 1024K, 1 young (1024K), 1 survivors (1024K)
 Metaspace       used 17484K, committed 17728K, reserved 1114112K
  class space    used 2092K, committed 2240K, reserved 1048576K
}
Event: 14.263 GC heap before
{Heap before GC invocations=12 (full 0):
 garbage-first heap   total 35840K, used 25513K [0x00000000e1800000, 0x0000000100000000)
  region size 1024K, 8 young (8192K), 1 survivors (1024K)
 Metaspace       used 19360K, committed 19584K, reserved 1114112K
  class space    used 2378K, committed 2496K, reserved 1048576K
}
Event: 14.266 GC heap after
{Heap after GC invocations=13 (full 0):
 garbage-first heap   total 35840K, used 19719K [0x00000000e1800000, 0x0000000100000000)
  region size 1024K, 1 young (1024K), 1 survivors (1024K)
 Metaspace       used 19360K, committed 19584K, reserved 1114112K
  class space    used 2378K, committed 2496K, reserved 1048576K
}

Dll operation events (9 events):
Event: 0.043 Loaded shared library C:\Users\jhonn\.vscode\extensions\redhat.java-1.29.0-win32-x64\jre\17.0.10-win32-x86_64\bin\java.dll
Event: 0.776 Loaded shared library C:\Users\jhonn\.vscode\extensions\redhat.java-1.29.0-win32-x64\jre\17.0.10-win32-x86_64\bin\net.dll
Event: 0.793 Loaded shared library C:\Users\jhonn\.vscode\extensions\redhat.java-1.29.0-win32-x64\jre\17.0.10-win32-x86_64\bin\nio.dll
Event: 0.817 Loaded shared library C:\Users\jhonn\.vscode\extensions\redhat.java-1.29.0-win32-x64\jre\17.0.10-win32-x86_64\bin\zip.dll
Event: 1.124 Loaded shared library C:\Users\jhonn\.vscode\extensions\redhat.java-1.29.0-win32-x64\jre\17.0.10-win32-x86_64\bin\jimage.dll
Event: 2.792 Loaded shared library C:\Users\jhonn\.vscode\extensions\redhat.java-1.29.0-win32-x64\jre\17.0.10-win32-x86_64\bin\verify.dll
Event: 5.113 Loaded shared library C:\Users\jhonn\.gradle\native\c067742578af261105cb4f569cf0c3c89f3d7b1fecec35dd04571415982c5e48\windows-amd64\native-platform.dll
Event: 14.051 Loaded shared library C:\Users\jhonn\.vscode\extensions\redhat.java-1.29.0-win32-x64\jre\17.0.10-win32-x86_64\bin\management.dll
Event: 14.064 Loaded shared library C:\Users\jhonn\.vscode\extensions\redhat.java-1.29.0-win32-x64\jre\17.0.10-win32-x86_64\bin\management_ext.dll

Deoptimization events (20 events):
Event: 13.687 Thread 0x0000025e281ecba0 Uncommon trap: trap_request=0xffffffde fr.pc=0x0000025e188ae92c relative=0x000000000000010c
Event: 13.687 Thread 0x0000025e281ecba0 Uncommon trap: reason=class_check action=maybe_recompile pc=0x0000025e188ae92c method=jdk.internal.misc.Unsafe.allocateUninitializedArray(Ljava/lang/Class;I)Ljava/lang/Object; @ 51 c2
Event: 13.687 Thread 0x0000025e281ecba0 DEOPT PACKING pc=0x0000025e188ae92c sp=0x00000099b74f88e0
Event: 13.687 Thread 0x0000025e281ecba0 DEOPT UNPACKING pc=0x0000025e182869a3 sp=0x00000099b74f8868 mode 2
Event: 13.820 Thread 0x0000025e281ecba0 DEOPT PACKING pc=0x0000025e10fdc438 sp=0x00000099b74fc2e0
Event: 13.820 Thread 0x0000025e281ecba0 DEOPT UNPACKING pc=0x0000025e18287143 sp=0x00000099b74fb7f8 mode 0
Event: 14.100 Thread 0x0000025e281ecba0 Uncommon trap: trap_request=0xffffff45 fr.pc=0x0000025e18866864 relative=0x0000000000000d84
Event: 14.100 Thread 0x0000025e281ecba0 Uncommon trap: reason=unstable_if action=reinterpret pc=0x0000025e18866864 method=java.util.HashMap.putVal(ILjava/lang/Object;Ljava/lang/Object;ZZ)Ljava/lang/Object; @ 236 c2
Event: 14.100 Thread 0x0000025e281ecba0 DEOPT PACKING pc=0x0000025e18866864 sp=0x00000099b74fce50
Event: 14.100 Thread 0x0000025e281ecba0 DEOPT UNPACKING pc=0x0000025e182869a3 sp=0x00000099b74fce18 mode 2
Event: 14.159 Thread 0x0000025e281ecba0 DEOPT PACKING pc=0x0000025e10fdc438 sp=0x00000099b74f8320
Event: 14.159 Thread 0x0000025e281ecba0 DEOPT UNPACKING pc=0x0000025e18287143 sp=0x00000099b74f7838 mode 0
Event: 14.455 Thread 0x0000025e281ecba0 Uncommon trap: trap_request=0xffffffde fr.pc=0x0000025e1887d274 relative=0x0000000000000074
Event: 14.455 Thread 0x0000025e281ecba0 Uncommon trap: reason=class_check action=maybe_recompile pc=0x0000025e1887d274 method=java.util.AbstractList$Itr.hasNext()Z @ 8 c2
Event: 14.455 Thread 0x0000025e281ecba0 DEOPT PACKING pc=0x0000025e1887d274 sp=0x00000099b74fcad0
Event: 14.455 Thread 0x0000025e281ecba0 DEOPT UNPACKING pc=0x0000025e182869a3 sp=0x00000099b74fca68 mode 2
Event: 14.455 Thread 0x0000025e281ecba0 Uncommon trap: trap_request=0xffffffde fr.pc=0x0000025e1887d5d4 relative=0x00000000000000b4
Event: 14.455 Thread 0x0000025e281ecba0 Uncommon trap: reason=class_check action=maybe_recompile pc=0x0000025e1887d5d4 method=java.util.AbstractList$Itr.next()Ljava/lang/Object; @ 14 c2
Event: 14.455 Thread 0x0000025e281ecba0 DEOPT PACKING pc=0x0000025e1887d5d4 sp=0x00000099b74fcac0
Event: 14.455 Thread 0x0000025e281ecba0 DEOPT UNPACKING pc=0x0000025e182869a3 sp=0x00000099b74fca58 mode 2

Classes unloaded (0 events):
No events

Classes redefined (0 events):
No events

Internal exceptions (20 events):
Event: 2.749 Thread 0x0000025e282c0f90 Exception <a 'java/io/IOException'{0x00000000e2ce77f8}> (0x00000000e2ce77f8) 
thrown [s\src\hotspot\share\prims\jni.cpp, line 516]
Event: 2.806 Thread 0x0000025e282c0f90 Exception <a 'java/lang/NoClassDefFoundError'{0x00000000e2b5e7c8}: org/slf4j/impl/StaticLoggerBinder> (0x00000000e2b5e7c8) 
thrown [s\src\hotspot\share\classfile\systemDictionary.cpp, line 245]
Event: 2.807 Thread 0x0000025e282c0f90 Exception <a 'java/io/IOException'{0x00000000e2b5f080}> (0x00000000e2b5f080) 
thrown [s\src\hotspot\share\prims\jni.cpp, line 516]
Event: 2.807 Thread 0x0000025e282c0f90 Exception <a 'java/io/IOException'{0x00000000e2b5f640}> (0x00000000e2b5f640) 
thrown [s\src\hotspot\share\prims\jni.cpp, line 516]
Event: 2.808 Thread 0x0000025e282c0f90 Exception <a 'java/io/IOException'{0x00000000e2b5fd88}> (0x00000000e2b5fd88) 
thrown [s\src\hotspot\share\prims\jni.cpp, line 516]
Event: 2.808 Thread 0x0000025e282c0f90 Exception <a 'java/io/IOException'{0x00000000e2b60348}> (0x00000000e2b60348) 
thrown [s\src\hotspot\share\prims\jni.cpp, line 516]
Event: 2.808 Thread 0x0000025e282c0f90 Exception <a 'java/io/IOException'{0x00000000e2b60ad8}> (0x00000000e2b60ad8) 
thrown [s\src\hotspot\share\prims\jni.cpp, line 516]
Event: 2.808 Thread 0x0000025e282c0f90 Exception <a 'java/io/IOException'{0x00000000e2b61098}> (0x00000000e2b61098) 
thrown [s\src\hotspot\share\prims\jni.cpp, line 516]
Event: 3.470 Thread 0x0000025e281ecba0 Exception <a 'java/lang/NoSuchMethodError'{0x00000000e34b6c68}: 'void java.lang.invoke.DirectMethodHandle$Holder.invokeInterface(java.lang.Object, java.lang.Object, java.lang.Object)'> (0x00000000e34b6c68) 
thrown [s\src\hotspot\share\interpreter\linkResolver.cpp, line 759]
Event: 4.979 Thread 0x0000025e281ecba0 Exception <a 'java/lang/NoSuchMethodError'{0x00000000e334e940}: 'java.lang.Object java.lang.invoke.DirectMethodHandle$Holder.invokeVirtual(java.lang.Object, java.lang.Object, java.lang.Object, java.lang.Object, java.lang.Object, java.lang.Object, java.lang.Object)'> (0x00000000e334e940) 
thrown [s\src\hotspot\share\interpreter\linkResolver.cpp, line 759]
Event: 5.013 Thread 0x0000025e281ecba0 Exception <a 'java/lang/NoSuchMethodError'{0x00000000e335fdb8}: 'java.lang.Object java.lang.invoke.Invokers$Holder.invoker(java.lang.Object, java.lang.Object, java.lang.Object)'> (0x00000000e335fdb8) 
thrown [s\src\hotspot\share\interpreter\linkResolver.cpp, line 759]
Event: 5.027 Thread 0x0000025e281ecba0 Exception <a 'java/lang/NoSuchMethodError'{0x00000000e33690b8}: 'java.lang.Object java.lang.invoke.DirectMethodHandle$Holder.invokeStatic(java.lang.Object, java.lang.Object, int)'> (0x00000000e33690b8) 
thrown [s\src\hotspot\share\interpreter\linkResolver.cpp, line 759]
Event: 5.030 Thread 0x0000025e281ecba0 Exception <a 'java/lang/NoSuchMethodError'{0x00000000e3374da8}: 'void java.lang.invoke.DelegatingMethodHandle$Holder.delegate(java.lang.Object, java.lang.Object, int, java.lang.Object)'> (0x00000000e3374da8) 
thrown [s\src\hotspot\share\interpreter\linkResolver.cpp, line 759]
Event: 5.031 Thread 0x0000025e281ecba0 Exception <a 'java/lang/NoSuchMethodError'{0x00000000e3379288}: 'int java.lang.invoke.DirectMethodHandle$Holder.invokeSpecial(java.lang.Object, java.lang.Object, java.lang.Object)'> (0x00000000e3379288) 
thrown [s\src\hotspot\share\interpreter\linkResolver.cpp, line 759]
Event: 5.040 Thread 0x0000025e281ecba0 Exception <a 'java/lang/NoSuchMethodError'{0x00000000e33919d0}: 'java.lang.Object java.lang.invoke.Invokers$Holder.invokeExact_MT(java.lang.Object, java.lang.Object, java.lang.Object, java.lang.Object)'> (0x00000000e33919d0) 
thrown [s\src\hotspot\share\interpreter\linkResolver.cpp, line 759]
Event: 5.404 Thread 0x0000025e281ecba0 Exception <a 'java/lang/NoSuchMethodError'{0x00000000e3578e80}: 'int java.lang.invoke.DirectMethodHandle$Holder.invokeStaticInit(java.lang.Object, java.lang.Object)'> (0x00000000e3578e80) 
thrown [s\src\hotspot\share\interpreter\linkResolver.cpp, line 759]
Event: 13.821 Thread 0x0000025e281ecba0 Exception <a 'java/lang/NoSuchMethodError'{0x00000000e38be2b8}: 'void java.lang.invoke.DirectMethodHandle$Holder.invokeStatic(java.lang.Object, java.lang.Object)'> (0x00000000e38be2b8) 
thrown [s\src\hotspot\share\interpreter\linkResolver.cpp, line 759]
Event: 13.874 Thread 0x0000025e281ecba0 Exception <a 'java/lang/NoClassDefFoundError'{0x00000000e37583b8}: org/slf4j/impl/StaticMarkerBinder> (0x00000000e37583b8) 
thrown [s\src\hotspot\share\classfile\systemDictionary.cpp, line 245]
Event: 14.045 Thread 0x0000025e281ecba0 Exception <a 'java/lang/NoSuchMethodError'{0x00000000e342b490}: 'java.lang.Object java.lang.invoke.DirectMethodHandle$Holder.invokeStaticInit(java.lang.Object)'> (0x00000000e342b490) 
thrown [s\src\hotspot\share\interpreter\linkResolver.cpp, line 759]
Event: 14.464 Thread 0x0000025e281ecba0 Exception <a 'java/lang/NoSuchMethodError'{0x00000000e3966b08}: 'java.lang.Object java.lang.invoke.DirectMethodHandle$Holder.invokeStaticInit(java.lang.Object, int, int, int, int)'> (0x00000000e3966b08) 
thrown [s\src\hotspot\share\interpreter\linkResolver.cpp, line 759]

VM Operations (20 events):
Event: 9.955 Executing VM operation: HandshakeAllThreads
Event: 9.956 Executing VM operation: HandshakeAllThreads done
Event: 10.291 Executing VM operation: G1CollectForAllocation
Event: 10.293 Executing VM operation: G1CollectForAllocation done
Event: 11.296 Executing VM operation: Cleanup
Event: 11.296 Executing VM operation: Cleanup done
Event: 13.615 Executing VM operation: HandshakeAllThreads
Event: 13.615 Executing VM operation: HandshakeAllThreads done
Event: 14.119 Executing VM operation: HandshakeAllThreads
Event: 14.119 Executing VM operation: HandshakeAllThreads done
Event: 14.119 Executing VM operation: Cleanup
Event: 14.119 Executing VM operation: Cleanup done
Event: 14.224 Executing VM operation: HandshakeAllThreads
Event: 14.224 Executing VM operation: HandshakeAllThreads done
Event: 14.263 Executing VM operation: G1CollectForAllocation
Event: 14.266 Executing VM operation: G1CollectForAllocation done
Event: 14.298 Executing VM operation: G1PauseRemark
Event: 14.300 Executing VM operation: G1PauseRemark done
Event: 14.314 Executing VM operation: G1PauseCleanup
Event: 14.315 Executing VM operation: G1PauseCleanup done

Events (20 events):
Event: 14.460 loading class sun/security/provider/HashDrbg
Event: 14.460 loading class sun/security/provider/AbstractHashDrbg
Event: 14.461 loading class sun/security/provider/AbstractDrbg
Event: 14.461 loading class sun/security/provider/AbstractDrbg done
Event: 14.461 loading class sun/security/provider/AbstractHashDrbg done
Event: 14.462 loading class sun/security/provider/HashDrbg done
Event: 14.462 loading class sun/security/provider/EntropySource
Event: 14.462 loading class sun/security/provider/EntropySource done
Event: 14.466 loading class java/security/DrbgParameters$NextBytes
Event: 14.466 loading class java/security/DrbgParameters$NextBytes done
Event: 14.466 loading class sun/security/provider/AbstractDrbg$SeederHolder
Event: 14.466 loading class sun/security/provider/AbstractDrbg$SeederHolder done
Event: 14.466 loading class sun/security/provider/SeedGenerator
Event: 14.467 loading class sun/security/provider/SeedGenerator done
Event: 14.467 loading class sun/security/provider/NativeSeedGenerator
Event: 14.467 loading class sun/security/provider/NativeSeedGenerator done
Event: 14.500 loading class sun/security/provider/SHA
Event: 14.501 loading class sun/security/provider/SHA done
Event: 14.502 loading class sun/security/provider/SeedGenerator$1
Event: 14.502 loading class sun/security/provider/SeedGenerator$1 done


Dynamic libraries:
0x00007ff6416b0000 - 0x00007ff6416be000 	C:\Users\jhonn\.vscode\extensions\redhat.java-1.29.0-win32-x64\jre\17.0.10-win32-x86_64\bin\java.exe
0x00007ff972450000 - 0x00007ff972648000 	C:\WINDOWS\SYSTEM32\ntdll.dll
0x00007ff971fa0000 - 0x00007ff97205d000 	C:\WINDOWS\System32\KERNEL32.DLL
0x00007ff96ffe0000 - 0x00007ff9702d6000 	C:\WINDOWS\System32\KERNELBASE.dll
0x00007ff970380000 - 0x00007ff970480000 	C:\WINDOWS\System32\ucrtbase.dll
0x00007ff968d70000 - 0x00007ff968d87000 	C:\Users\jhonn\.vscode\extensions\redhat.java-1.29.0-win32-x64\jre\17.0.10-win32-x86_64\bin\jli.dll
0x00007ff968d50000 - 0x00007ff968d6b000 	C:\Users\jhonn\.vscode\extensions\redhat.java-1.29.0-win32-x64\jre\17.0.10-win32-x86_64\bin\VCRUNTIME140.dll
0x00007ff970480000 - 0x00007ff97061f000 	C:\WINDOWS\System32\USER32.dll
0x00007ff970350000 - 0x00007ff970372000 	C:\WINDOWS\System32\win32u.dll
0x00007ff971e10000 - 0x00007ff971e3b000 	C:\WINDOWS\System32\GDI32.dll
0x00007ff96fd60000 - 0x00007ff96fe77000 	C:\WINDOWS\System32\gdi32full.dll
0x00007ff96fc10000 - 0x00007ff96fcad000 	C:\WINDOWS\System32\msvcp_win.dll
0x00007ff962a20000 - 0x00007ff962cba000 	C:\WINDOWS\WinSxS\amd64_microsoft.windows.common-controls_6595b64144ccf1df_6.0.19041.3636_none_60b6a03d71f818d5\COMCTL32.dll
0x00007ff972060000 - 0x00007ff9720fe000 	C:\WINDOWS\System32\msvcrt.dll
0x00007ff9707e0000 - 0x00007ff970812000 	C:\WINDOWS\System32\IMM32.DLL
0x00007ff968d40000 - 0x00007ff968d4c000 	C:\Users\jhonn\.vscode\extensions\redhat.java-1.29.0-win32-x64\jre\17.0.10-win32-x86_64\bin\vcruntime140_1.dll
0x00007ff968cb0000 - 0x00007ff968d3d000 	C:\Users\jhonn\.vscode\extensions\redhat.java-1.29.0-win32-x64\jre\17.0.10-win32-x86_64\bin\msvcp140.dll
0x00007ff925ae0000 - 0x00007ff926742000 	C:\Users\jhonn\.vscode\extensions\redhat.java-1.29.0-win32-x64\jre\17.0.10-win32-x86_64\bin\server\jvm.dll
0x00007ff9722c0000 - 0x00007ff972370000 	C:\WINDOWS\System32\ADVAPI32.dll
0x00007ff972100000 - 0x00007ff9721a0000 	C:\WINDOWS\System32\sechost.dll
0x00007ff971ce0000 - 0x00007ff971e03000 	C:\WINDOWS\System32\RPCRT4.dll
0x00007ff96fbe0000 - 0x00007ff96fc07000 	C:\WINDOWS\System32\bcrypt.dll
0x00007ff96f960000 - 0x00007ff96f9ab000 	C:\WINDOWS\SYSTEM32\POWRPROF.dll
0x00007ff952f90000 - 0x00007ff952f99000 	C:\WINDOWS\SYSTEM32\WSOCK32.dll
0x00007ff970620000 - 0x00007ff97068b000 	C:\WINDOWS\System32\WS2_32.dll
0x00007ff962fb0000 - 0x00007ff962fd7000 	C:\WINDOWS\SYSTEM32\WINMM.dll
0x00007ff962da0000 - 0x00007ff962daa000 	C:\WINDOWS\SYSTEM32\VERSION.dll
0x00007ff96f940000 - 0x00007ff96f952000 	C:\WINDOWS\SYSTEM32\UMPDC.dll
0x00007ff96d990000 - 0x00007ff96d9a2000 	C:\WINDOWS\SYSTEM32\kernel.appcore.dll
0x00007ff968ca0000 - 0x00007ff968caa000 	C:\Users\jhonn\.vscode\extensions\redhat.java-1.29.0-win32-x64\jre\17.0.10-win32-x86_64\bin\jimage.dll
0x00007ff962830000 - 0x00007ff962a14000 	C:\WINDOWS\SYSTEM32\DBGHELP.DLL
0x00007ff961480000 - 0x00007ff9614b4000 	C:\WINDOWS\SYSTEM32\dbgcore.DLL
0x00007ff96fb00000 - 0x00007ff96fb82000 	C:\WINDOWS\System32\bcryptPrimitives.dll
0x00007ff968c60000 - 0x00007ff968c85000 	C:\Users\jhonn\.vscode\extensions\redhat.java-1.29.0-win32-x64\jre\17.0.10-win32-x86_64\bin\java.dll
0x00007ff968ab0000 - 0x00007ff968ac8000 	C:\Users\jhonn\.vscode\extensions\redhat.java-1.29.0-win32-x64\jre\17.0.10-win32-x86_64\bin\zip.dll
0x00007ff970e60000 - 0x00007ff9715cb000 	C:\WINDOWS\System32\SHELL32.dll
0x00007ff96db90000 - 0x00007ff96e32e000 	C:\WINDOWS\SYSTEM32\windows.storage.dll
0x00007ff970820000 - 0x00007ff970b73000 	C:\WINDOWS\System32\combase.dll
0x00007ff96f460000 - 0x00007ff96f48e000 	C:\WINDOWS\SYSTEM32\Wldp.dll
0x00007ff970710000 - 0x00007ff9707dd000 	C:\WINDOWS\System32\OLEAUT32.dll
0x00007ff971e40000 - 0x00007ff971eed000 	C:\WINDOWS\System32\SHCORE.dll
0x00007ff970b80000 - 0x00007ff970bd5000 	C:\WINDOWS\System32\shlwapi.dll
0x00007ff96fa30000 - 0x00007ff96fa53000 	C:\WINDOWS\SYSTEM32\profapi.dll
0x00007ff9689b0000 - 0x00007ff9689c9000 	C:\Users\jhonn\.vscode\extensions\redhat.java-1.29.0-win32-x64\jre\17.0.10-win32-x86_64\bin\net.dll
0x00007ff9672e0000 - 0x00007ff9673ea000 	C:\WINDOWS\SYSTEM32\WINHTTP.dll
0x00007ff96f1c0000 - 0x00007ff96f22a000 	C:\WINDOWS\system32\mswsock.dll
0x00007ff968a90000 - 0x00007ff968aa6000 	C:\Users\jhonn\.vscode\extensions\redhat.java-1.29.0-win32-x64\jre\17.0.10-win32-x86_64\bin\nio.dll
0x00007ff968a80000 - 0x00007ff968a90000 	C:\Users\jhonn\.vscode\extensions\redhat.java-1.29.0-win32-x64\jre\17.0.10-win32-x86_64\bin\verify.dll
0x00007ff94dcc0000 - 0x00007ff94dce7000 	C:\Users\jhonn\.gradle\native\c067742578af261105cb4f569cf0c3c89f3d7b1fecec35dd04571415982c5e48\windows-amd64\native-platform.dll
0x00007ff9695b0000 - 0x00007ff9695b9000 	C:\Users\jhonn\.vscode\extensions\redhat.java-1.29.0-win32-x64\jre\17.0.10-win32-x86_64\bin\management.dll
0x00007ff9695a0000 - 0x00007ff9695ab000 	C:\Users\jhonn\.vscode\extensions\redhat.java-1.29.0-win32-x64\jre\17.0.10-win32-x86_64\bin\management_ext.dll
0x00007ff972400000 - 0x00007ff972408000 	C:\WINDOWS\System32\PSAPI.DLL
0x00007ff96f3c0000 - 0x00007ff96f3d8000 	C:\WINDOWS\SYSTEM32\CRYPTSP.dll
0x00007ff96eae0000 - 0x00007ff96eb14000 	C:\WINDOWS\system32\rsaenh.dll
0x00007ff96f9b0000 - 0x00007ff96f9de000 	C:\WINDOWS\SYSTEM32\USERENV.dll
0x00007ff96f3b0000 - 0x00007ff96f3bc000 	C:\WINDOWS\SYSTEM32\CRYPTBASE.dll
0x00007ff96eea0000 - 0x00007ff96eedb000 	C:\WINDOWS\SYSTEM32\IPHLPAPI.DLL
0x00007ff971840000 - 0x00007ff971848000 	C:\WINDOWS\System32\NSI.dll
0x00007ff966820000 - 0x00007ff966837000 	C:\WINDOWS\SYSTEM32\dhcpcsvc6.DLL

dbghelp: loaded successfully - version: 4.0.5 - missing functions: none
symbol engine: initialized successfully - sym options: 0x614 - pdb path: .;C:\Users\jhonn\.vscode\extensions\redhat.java-1.29.0-win32-x64\jre\17.0.10-win32-x86_64\bin;C:\WINDOWS\SYSTEM32;C:\WINDOWS\WinSxS\amd64_microsoft.windows.common-controls_6595b64144ccf1df_6.0.19041.3636_none_60b6a03d71f818d5;C:\Users\jhonn\.vscode\extensions\redhat.java-1.29.0-win32-x64\jre\17.0.10-win32-x86_64\bin\server;C:\Users\jhonn\.gradle\native\c067742578af261105cb4f569cf0c3c89f3d7b1fecec35dd04571415982c5e48\windows-amd64

VM Arguments:
jvm_args: --add-opens=java.base/java.lang=ALL-UNNAMED --add-opens=java.base/java.io=ALL-UNNAMED --add-opens=java.base/java.util=ALL-UNNAMED -Dplugin.dir=C:\Users\jhonn\.vscode\extensions\redhat.java-1.29.0-win32-x64\server\..\..\vscjava.vscode-gradle-3.13.5\server\plugins 
java_command: com.microsoft.java.bs.core.Launcher
java_class_path (initial): C:\Users\jhonn\.vscode\extensions\redhat.java-1.29.0-win32-x64\server\..\..\vscjava.vscode-gradle-3.13.5\server\server.jar;C:\Users\jhonn\.vscode\extensions\redhat.java-1.29.0-win32-x64\server\..\..\vscjava.vscode-gradle-3.13.5\server\runtime\bsp4j-2.1.0-M4.jar;C:\Users\jhonn\.vscode\extensions\redhat.java-1.29.0-win32-x64\server\..\..\vscjava.vscode-gradle-3.13.5\server\runtime\checker-qual-3.5.0.jar;C:\Users\jhonn\.vscode\extensions\redhat.java-1.29.0-win32-x64\server\..\..\vscjava.vscode-gradle-3.13.5\server\runtime\commons-lang3-3.13.0.jar;C:\Users\jhonn\.vscode\extensions\redhat.java-1.29.0-win32-x64\server\..\..\vscjava.vscode-gradle-3.13.5\server\runtime\error_prone_annotations-2.3.4.jar;C:\Users\jhonn\.vscode\extensions\redhat.java-1.29.0-win32-x64\server\..\..\vscjava.vscode-gradle-3.13.5\server\runtime\failureaccess-1.0.1.jar;C:\Users\jhonn\.vscode\extensions\redhat.java-1.29.0-win32-x64\server\..\..\vscjava.vscode-gradle-3.13.5\server\runtime\gradle-tooling-api-8.1.1.jar;C:\Users\jhonn\.vscode\extensions\redhat.java-1.29.0-win32-x64\server\..\..\vscjava.vscode-gradle-3.13.5\server\runtime\gson-2.9.1.jar;C:\Users\jhonn\.vscode\extensions\redhat.java-1.29.0-win32-x64\server\..\..\vscjava.vscode-gradle-3.13.5\server\runtime\guava-30.1-jre.jar;C:\Users\jhonn\.vscode\extensions\redhat.java-1.29.0-win32-x64\server\..\..\vscjava.vscode-gradle-3.13.5\server\runtime\j2objc-annotations-1.3.jar;C:\Users\jhonn\.vscode\extensions\redhat.java-1.29.0-win32-x64\server\..\..\vscjava.vscode-gradle-3.13.5\server\runtime\jsr305-3.0.2.jar;C:\Users\jhonn\.vscode\extensions\redhat.java-1.29.0-win32-x64\server\..\..\vscjava.vscode-gradle-3.13.5\server\runtime\listenablefuture-9999.0-empty-to-avoid-conflict-with-guava.jar;C:\Users\jhonn\.vscode\extensions\redhat.java-1.29.0-win32-x64\server\..\..\vscjava.vscode-gradle-3.13.5\server\runtime\model.jar;C:\Users\jhonn\.vscode\extensions\redhat.java-1.29.0-win32-x64\server\..\..\vscjava.vscode-gradle-3.13.
Launcher Type: SUN_STANDARD

[Global flags]
     intx CICompilerCount                          = 3                                         {product} {ergonomic}
     uint ConcGCThreads                            = 1                                         {product} {ergonomic}
     uint G1ConcRefinementThreads                  = 4                                         {product} {ergonomic}
   size_t G1HeapRegionSize                         = 1048576                                   {product} {ergonomic}
    uintx GCDrainStackTargetSize                   = 64                                        {product} {ergonomic}
   size_t InitialHeapSize                          = 33554432                                  {product} {ergonomic}
   size_t MarkStackSize                            = 4194304                                   {product} {ergonomic}
   size_t MaxHeapSize                              = 511705088                                 {product} {ergonomic}
   size_t MaxNewSize                               = 306184192                                 {product} {ergonomic}
   size_t MinHeapDeltaBytes                        = 1048576                                   {product} {ergonomic}
   size_t MinHeapSize                              = 8388608                                   {product} {ergonomic}
    uintx NonNMethodCodeHeapSize                   = 5832780                                {pd product} {ergonomic}
    uintx NonProfiledCodeHeapSize                  = 122912730                              {pd product} {ergonomic}
    uintx ProfiledCodeHeapSize                     = 122912730                              {pd product} {ergonomic}
    uintx ReservedCodeCacheSize                    = 251658240                              {pd product} {ergonomic}
     bool SegmentedCodeCache                       = true                                      {product} {ergonomic}
   size_t SoftMaxHeapSize                          = 511705088                              {manageable} {ergonomic}
     bool UseCompressedClassPointers               = true                           {product lp64_product} {ergonomic}
     bool UseCompressedOops                        = true                           {product lp64_product} {ergonomic}
     bool UseG1GC                                  = true                                      {product} {ergonomic}
     bool UseLargePagesIndividualAllocation        = false                                  {pd product} {ergonomic}

Logging:
Log output configuration:
 #0: stdout all=warning uptime,level,tags
 #1: stderr all=off uptime,level,tags

Environment Variables:
JAVA_HOME=C:\Program Files\Java\jdk-21
PATH=C:\Program Files\Common Files\Oracle\Java\javapath;C:\oraclexe\app\oracle\product\11.2.0\server\bin;C:\WINDOWS\system32;C:\WINDOWS;C:\WINDOWS\System32\Wbem;C:\WINDOWS\System32\WindowsPowerShell\v1.0\;C:\WINDOWS\System32\OpenSSH\;C:\Program Files\Microsoft VS Code\bin;C:\Program Files\Microsoft SQL Server\Client SDK\ODBC\170\Tools\Binn\;C:\Program Files (x86)\Microsoft SQL Server\150\Tools\Binn\;C:\Program Files\Microsoft SQL Server\150\Tools\Binn\;C:\Program Files\Microsoft SQL Server\150\DTS\Binn\;C:\Program Files (x86)\Microsoft SQL Server\150\DTS\Binn\;C:\Program Files\Azure Data Studio\bin;C:\Program Files\Git\cmd;C:\apache-maven-3.8.4\bin;C:\Automatizacion\gradle-8.7\bin;C:\Program Files\Java\jdk-21\bin;C:\Users\jhonn\AppData\Local\Microsoft\WindowsApps;;C:\Program Files\Azure Data Studio\bin
USERNAME=jhonn
OS=Windows_NT
PROCESSOR_IDENTIFIER=Intel64 Family 6 Model 58 Stepping 9, GenuineIntel
TMP=C:\Users\jhonn\AppData\Local\Temp
TEMP=C:\Users\jhonn\AppData\Local\Temp



Periodic native trim disabled


---------------  S Y S T E M  ---------------

OS:
 Windows 10 , 64 bit Build 19041 (10.0.19041.3636)
OS uptime: 0 days 0:16 hours

CPU: total 4 (initial active 4) (2 cores per cpu, 2 threads per core) family 6 model 58 stepping 9 microcode 0x21, cx8, cmov, fxsr, ht, mmx, sse, sse2, sse3, ssse3, sse4.1, sse4.2, popcnt, tsc, tscinvbit, avx, erms, clmul, vzeroupper, clflush
Processor Information for all 4 processors :
  Max Mhz: 1901, Current Mhz: 1901, Mhz Limit: 1901

Memory: 4k page, system-wide physical 1949M (149M free)
TotalPageFile size 7837M (AvailPageFile size 2M)
current process WorkingSet (physical memory assigned to process): 98M, peak: 101M
current process commit charge ("private bytes"): 144M, peak: 145M

vm_info: OpenJDK 64-Bit Server VM (17.0.10+7) for windows-amd64 JRE (17.0.10+7), built on Jan 16 2024 23:25:11 by "admin" with MS VC++ 16.10 / 16.11 (VS2019)

END.
