#
# There is insufficient memory for the Java Runtime Environment to continue.
# Native memory allocation (malloc) failed to allocate 1833136 bytes for Chunk::new
# Possible reasons:
#   The system is out of physical RAM or swap space
#   The process is running with CompressedOops enabled, and the Java Heap may be blocking the growth of the native heap
# Possible solutions:
#   Reduce memory load on the system
#   Increase physical memory or swap space
#   Check if swap backing store is full
#   Decrease Java heap size (-Xmx/-Xms)
#   Decrease number of Java threads
#   Decrease Java thread stack sizes (-Xss)
#   Set larger code cache with -XX:ReservedCodeCacheSize=
#   JVM is running with Unscaled Compressed Oops mode in which the Java heap is
#     placed in the first 4GB address space. The Java Heap base address is the
#     maximum limit for the native heap growth. Please use -XX:HeapBaseMinAddress
#     to set the Java Heap base and to place the Java Heap above 4GB virtual address.
# This output file may be truncated or incomplete.
#
#  Out of Memory Error (arena.cpp:191), pid=12936, tid=12312
#
# JRE version: OpenJDK Runtime Environment Temurin-17.0.10+7 (17.0.10+7) (build 17.0.10+7)
# Java VM: OpenJDK 64-Bit Server VM Temurin-17.0.10+7 (17.0.10+7, mixed mode, tiered, compressed oops, compressed class ptrs, parallel gc, windows-amd64)
# No core dump will be written. Minidumps are not enabled by default on client versions of Windows
#

---------------  S U M M A R Y ------------

Command Line: --add-modules=ALL-SYSTEM --add-opens=java.base/java.util=ALL-UNNAMED --add-opens=java.base/java.lang=ALL-UNNAMED --add-opens=java.base/sun.nio.fs=ALL-UNNAMED -Declipse.application=org.eclipse.jdt.ls.core.id1 -Dosgi.bundles.defaultStartLevel=4 -Declipse.product=org.eclipse.jdt.ls.core.product -Djava.import.generatesMetadataFilesAtProjectRoot=false -DDetectVMInstallationsJob.disabled=true -Dfile.encoding=utf8 -XX:+UseParallelGC -XX:GCTimeRatio=4 -XX:AdaptiveSizePolicyWeight=90 -Dsun.zip.disableMemoryMapping=true -Xmx1G -Xms100m -Xlog:disable -javaagent:c:\Users\jhonn\.vscode\extensions\redhat.java-1.29.0-win32-x64\lombok\lombok-1.18.32.jar -XX:+HeapDumpOnOutOfMemoryError -XX:HeapDumpPath=c:\Users\jhonn\AppData\Roaming\Code\User\workspaceStorage\f926728e50f2738973d3538630756d0e\redhat.java -Daether.dependencyCollector.impl=bf c:\Users\jhonn\.vscode\extensions\redhat.java-1.29.0-win32-x64\server\plugins\org.eclipse.equinox.launcher_1.6.800.v20240304-1850.jar -configuration c:\Users\jhonn\AppData\Roaming\Code\User\globalStorage\redhat.java\1.29.0\config_win -data c:\Users\jhonn\AppData\Roaming\Code\User\workspaceStorage\f926728e50f2738973d3538630756d0e\redhat.java\jdt_ws --stdio

Host: Intel(R) Core(TM) i3-3227U CPU @ 1.90GHz, 4 cores, 1G,  Windows 10 , 64 bit Build 19041 (10.0.19041.3636)
Time: Wed Apr 17 21:28:09 2024 Hora est. Pacífico, Sudamérica elapsed time: 38.493293 seconds (0d 0h 0m 38s)

---------------  T H R E A D  ---------------

Current thread (0x000001fadf2599f0):  JavaThread "C2 CompilerThread0" daemon [_thread_in_native, id=12312, stack(0x000000b6fda00000,0x000000b6fdb00000)]


Current CompileTask:
C2:  38493 7821   !   4       org.eclipse.jdt.internal.compiler.classfmt.ClassFileReader::<init> (2158 bytes)

Stack: [0x000000b6fda00000,0x000000b6fdb00000]
Native frames: (J=compiled Java code, j=interpreted, Vv=VM code, C=native code)
V  [jvm.dll+0x67d2c9]
V  [jvm.dll+0x834afa]
V  [jvm.dll+0x8365be]
V  [jvm.dll+0x836c23]
V  [jvm.dll+0x2477ff]
V  [jvm.dll+0xac514]
V  [jvm.dll+0xacb5c]
V  [jvm.dll+0x366782]
V  [jvm.dll+0x1bcf72]
V  [jvm.dll+0x21a049]
V  [jvm.dll+0x219311]
V  [jvm.dll+0x1a502d]
V  [jvm.dll+0x2290de]
V  [jvm.dll+0x2272ac]
V  [jvm.dll+0x7e9bb7]
V  [jvm.dll+0x7e3fba]
V  [jvm.dll+0x67c1b5]
C  [ucrtbase.dll+0x21bb2]
C  [KERNEL32.DLL+0x17344]
C  [ntdll.dll+0x526b1]


---------------  P R O C E S S  ---------------

Threads class SMR info:
_java_thread_list=0x000001fae4a1ea00, length=30, elements={
0x000001facb3e1b90, 0x000001facb498ab0, 0x000001fadf225b90, 0x000001fadf253680,
0x000001fadf254410, 0x000001fadf2551a0, 0x000001fadf256de0, 0x000001fadf2599f0,
0x000001fae44541d0, 0x000001fae449ee50, 0x000001fae44c6c50, 0x000001fae4716c20,
0x000001fae5029010, 0x000001fae491ccc0, 0x000001fae543f110, 0x000001fae56eb330,
0x000001fae4f32b70, 0x000001fae4f31220, 0x000001fae4f31730, 0x000001fae4f33080,
0x000001fae4f32660, 0x000001fae4f33590, 0x000001fae4f33fb0, 0x000001fae4f30800,
0x000001fae4f33aa0, 0x000001fae4f30d10, 0x000001fae58d9f90, 0x000001fae58da4a0,
0x000001fae58dbdf0, 0x000001fae58dc810
}

Java Threads: ( => current thread )
  0x000001facb3e1b90 JavaThread "main" [_thread_blocked, id=4080, stack(0x000000b6fd100000,0x000000b6fd200000)]
  0x000001facb498ab0 JavaThread "Reference Handler" daemon [_thread_blocked, id=10976, stack(0x000000b6fd400000,0x000000b6fd500000)]
  0x000001fadf225b90 JavaThread "Finalizer" daemon [_thread_blocked, id=7420, stack(0x000000b6fd500000,0x000000b6fd600000)]
  0x000001fadf253680 JavaThread "Signal Dispatcher" daemon [_thread_blocked, id=10452, stack(0x000000b6fd600000,0x000000b6fd700000)]
  0x000001fadf254410 JavaThread "Attach Listener" daemon [_thread_blocked, id=3032, stack(0x000000b6fd700000,0x000000b6fd800000)]
  0x000001fadf2551a0 JavaThread "Service Thread" daemon [_thread_blocked, id=11080, stack(0x000000b6fd800000,0x000000b6fd900000)]
  0x000001fadf256de0 JavaThread "Monitor Deflation Thread" daemon [_thread_blocked, id=12756, stack(0x000000b6fd900000,0x000000b6fda00000)]
=>0x000001fadf2599f0 JavaThread "C2 CompilerThread0" daemon [_thread_in_native, id=12312, stack(0x000000b6fda00000,0x000000b6fdb00000)]
  0x000001fae44541d0 JavaThread "C1 CompilerThread0" daemon [_thread_blocked, id=11208, stack(0x000000b6fdb00000,0x000000b6fdc00000)]
  0x000001fae449ee50 JavaThread "Sweeper thread" daemon [_thread_blocked, id=4420, stack(0x000000b6fdc00000,0x000000b6fdd00000)]
  0x000001fae44c6c50 JavaThread "Common-Cleaner" daemon [_thread_blocked, id=11020, stack(0x000000b6fdd00000,0x000000b6fde00000)]
  0x000001fae4716c20 JavaThread "Notification Thread" daemon [_thread_blocked, id=10300, stack(0x000000b6fde00000,0x000000b6fdf00000)]
  0x000001fae5029010 JavaThread "Active Thread: Equinox Container: 456fcb0f-0b37-4e76-baf6-0c4222d8edc6" [_thread_blocked, id=12328, stack(0x000000b6fe300000,0x000000b6fe400000)]
  0x000001fae491ccc0 JavaThread "Framework Event Dispatcher: Equinox Container: 456fcb0f-0b37-4e76-baf6-0c4222d8edc6" daemon [_thread_blocked, id=11580, stack(0x000000b6fe400000,0x000000b6fe500000)]
  0x000001fae543f110 JavaThread "Start Level: Equinox Container: 456fcb0f-0b37-4e76-baf6-0c4222d8edc6" daemon [_thread_blocked, id=8096, stack(0x000000b6fe500000,0x000000b6fe600000)]
  0x000001fae56eb330 JavaThread "Bundle File Closer" daemon [_thread_blocked, id=3356, stack(0x000000b6fe600000,0x000000b6fe700000)]
  0x000001fae4f32b70 JavaThread "SCR Component Actor" daemon [_thread_blocked, id=9620, stack(0x000000b6fe700000,0x000000b6fe800000)]
  0x000001fae4f31220 JavaThread "Worker-JM" [_thread_blocked, id=13140, stack(0x000000b6fe900000,0x000000b6fea00000)]
  0x000001fae4f31730 JavaThread "Worker-0: Java indexing... " [_thread_blocked, id=1644, stack(0x000000b6fea00000,0x000000b6feb00000)]
  0x000001fae4f33080 JavaThread "Worker-1: Initialize Workspace" [_thread_blocked, id=6268, stack(0x000000b6feb00000,0x000000b6fec00000)]
  0x000001fae4f32660 JavaThread "Worker-2" [_thread_blocked, id=10352, stack(0x000000b6fec00000,0x000000b6fed00000)]
  0x000001fae4f33590 JavaThread "Java indexing" daemon [_thread_in_Java, id=4244, stack(0x000000b6fed00000,0x000000b6fee00000)]
  0x000001fae4f33fb0 JavaThread "Worker-3" [_thread_blocked, id=7568, stack(0x000000b6fee00000,0x000000b6fef00000)]
  0x000001fae4f30800 JavaThread "Worker-4" [_thread_blocked, id=7656, stack(0x000000b6fef00000,0x000000b6ff000000)]
  0x000001fae4f33aa0 JavaThread "JNA Cleaner" daemon [_thread_blocked, id=12220, stack(0x000000b6fe800000,0x000000b6fe900000)]
  0x000001fae4f30d10 JavaThread "pool-2-thread-1" [_thread_blocked, id=8308, stack(0x000000b6ff000000,0x000000b6ff100000)]
  0x000001fae58d9f90 JavaThread "WorkspaceEventsHandler" [_thread_blocked, id=11448, stack(0x000000b6ff100000,0x000000b6ff200000)]
  0x000001fae58da4a0 JavaThread "pool-1-thread-1" [_thread_blocked, id=11492, stack(0x000000b6ff200000,0x000000b6ff300000)]
  0x000001fae58dbdf0 JavaThread "pool-3-thread-1" [_thread_blocked, id=2928, stack(0x000000b6ff300000,0x000000b6ff400000)]
  0x000001fae58dc810 JavaThread "Worker-5" [_thread_blocked, id=10480, stack(0x000000b6ff400000,0x000000b6ff500000)]

Other Threads:
  0x000001fadf210bc0 VMThread "VM Thread" [stack: 0x000000b6fd300000,0x000000b6fd400000] [id=11560]
  0x000001fae4717100 WatcherThread [stack: 0x000000b6fdf00000,0x000000b6fe000000] [id=9520]
  0x000001facb3f7530 GCTaskThread "GC Thread#0" [stack: 0x000000b6fd200000,0x000000b6fd300000] [id=6296]
  0x000001fae4bcec60 GCTaskThread "GC Thread#1" [stack: 0x000000b6fe000000,0x000000b6fe100000] [id=11504]
  0x000001fae4be69d0 GCTaskThread "GC Thread#2" [stack: 0x000000b6fe100000,0x000000b6fe200000] [id=10416]
  0x000001fae4be6c90 GCTaskThread "GC Thread#3" [stack: 0x000000b6fe200000,0x000000b6fe300000] [id=10972]

Threads with active compile tasks:
C2 CompilerThread0    38602 7821   !   4       org.eclipse.jdt.internal.compiler.classfmt.ClassFileReader::<init> (2158 bytes)

VM state: not at safepoint (normal execution)

VM Mutex/Monitor currently owned by a thread: None

Heap address: 0x00000000c0000000, size: 1024 MB, Compressed Oops mode: 32-bit

CDS archive(s) not mapped
Compressed class space mapped at: 0x0000000100000000-0x0000000140000000, reserved size: 1073741824
Narrow klass base: 0x0000000000000000, Narrow klass shift: 3, Narrow klass range: 0x140000000

GC Precious Log:
 CPUs: 4 total, 4 available
 Memory: 1949M
 Large Page Support: Disabled
 NUMA Support: Disabled
 Compressed Oops: Enabled (32-bit)
 Alignments: Space 512K, Generation 512K, Heap 2M
 Heap Min Capacity: 100M
 Heap Initial Capacity: 100M
 Heap Max Capacity: 1G
 Pre-touch: Disabled
 Parallel Workers: 4

Heap:
 PSYoungGen      total 24576K, used 10028K [0x00000000eab00000, 0x00000000ec680000, 0x0000000100000000)
  eden space 20992K, 30% used [0x00000000eab00000,0x00000000eb156948,0x00000000ebf80000)
  from space 3584K, 98% used [0x00000000ebf80000,0x00000000ec2f4780,0x00000000ec300000)
  to   space 3584K, 0% used [0x00000000ec300000,0x00000000ec300000,0x00000000ec680000)
 ParOldGen       total 117760K, used 89796K [0x00000000c0000000, 0x00000000c7300000, 0x00000000eab00000)
  object space 117760K, 76% used [0x00000000c0000000,0x00000000c57b1078,0x00000000c7300000)
 Metaspace       used 55473K, committed 56512K, reserved 1114112K
  class space    used 5896K, committed 6336K, reserved 1048576K

Card table byte_map: [0x000001facad80000,0x000001facaf90000] _byte_map_base: 0x000001faca780000

Marking Bits: (ParMarkBitMap*) 0x00007ff92667d7d0
 Begin Bits: [0x000001fadd080000, 0x000001fade080000)
 End Bits:   [0x000001fade080000, 0x000001fadf080000)

Polling page: 0x000001fac9200000

Metaspace:

Usage:
  Non-class:     48.41 MB used.
      Class:      5.76 MB used.
       Both:     54.17 MB used.

Virtual space:
  Non-class space:       64.00 MB reserved,      49.00 MB ( 77%) committed,  1 nodes.
      Class space:        1.00 GB reserved,       6.19 MB ( <1%) committed,  1 nodes.
             Both:        1.06 GB reserved,      55.19 MB (  5%) committed. 

Chunk freelists:
   Non-Class:  14.72 MB
       Class:  9.66 MB
        Both:  24.38 MB

MaxMetaspaceSize: unlimited
CompressedClassSpaceSize: 1.00 GB
Initial GC threshold: 21.00 MB
Current GC threshold: 92.00 MB
CDS: off
MetaspaceReclaimPolicy: balanced
 - commit_granule_bytes: 65536.
 - commit_granule_words: 8192.
 - virtual_space_node_default_size: 8388608.
 - enlarge_chunks_in_place: 1.
 - new_chunks_are_fully_committed: 0.
 - uncommit_free_chunks: 1.
 - use_allocation_guard: 0.
 - handle_deallocations: 1.


Internal statistics:

num_allocs_failed_limit: 6.
num_arena_births: 586.
num_arena_deaths: 20.
num_vsnodes_births: 2.
num_vsnodes_deaths: 0.
num_space_committed: 883.
num_space_uncommitted: 0.
num_chunks_returned_to_freelist: 27.
num_chunks_taken_from_freelist: 2721.
num_chunk_merges: 8.
num_chunk_splits: 1678.
num_chunks_enlarged: 1015.
num_inconsistent_stats: 0.

CodeHeap 'non-profiled nmethods': size=120000Kb used=3302Kb max_used=3302Kb free=116698Kb
 bounds [0x000001fad5b50000, 0x000001fad5e90000, 0x000001fadd080000]
CodeHeap 'profiled nmethods': size=120000Kb used=14528Kb max_used=14528Kb free=105471Kb
 bounds [0x000001face080000, 0x000001faceec0000, 0x000001fad55b0000]
CodeHeap 'non-nmethods': size=5760Kb used=1309Kb max_used=1362Kb free=4450Kb
 bounds [0x000001fad55b0000, 0x000001fad5820000, 0x000001fad5b50000]
 total_blobs=7560 nmethods=6916 adapters=558
 compilation: enabled
              stopped_count=0, restarted_count=0
 full_count=0

Compilation events (20 events):
Event: 36.580 Thread 0x000001fadf2599f0 nmethod 7676 0x000001fad5e78d90 code [0x000001fad5e78f80, 0x000001fad5e79b98]
Event: 36.580 Thread 0x000001fadf2599f0 7809       4       java.io.DataOutputStream::writeInt (62 bytes)
Event: 36.586 Thread 0x000001fadf2599f0 nmethod 7809 0x000001fad5e7a510 code [0x000001fad5e7a6a0, 0x000001fad5e7ab48]
Event: 36.586 Thread 0x000001fadf2599f0 7670       4       org.eclipse.jdt.internal.compiler.classfmt.InnerClassInfo::getName (78 bytes)
Event: 36.630 Thread 0x000001fadf2599f0 nmethod 7670 0x000001fad5e7ae10 code [0x000001fad5e7b020, 0x000001fad5e7bd18]
Event: 36.630 Thread 0x000001fadf2599f0 7343       4       java.nio.ByteBuffer::<init> (47 bytes)
Event: 36.634 Thread 0x000001fadf2599f0 nmethod 7343 0x000001fad5e7c790 code [0x000001fad5e7c920, 0x000001fad5e7ca78]
Event: 36.634 Thread 0x000001fadf2599f0 7337       4       org.eclipse.jdt.internal.compiler.util.JrtFileSystem$2::visitFile (72 bytes)
Event: 37.400 Thread 0x000001fadf2599f0 nmethod 7337 0x000001fad5e7cc10 code [0x000001fad5e7d2e0, 0x000001fad5e855d8]
Event: 37.402 Thread 0x000001fadf2599f0 7821   !   4       org.eclipse.jdt.internal.compiler.classfmt.ClassFileReader::<init> (2158 bytes)
Event: 37.518 Thread 0x000001fae44541d0 7822       3       org.eclipse.jdt.core.Signature::checkArrayDimension (92 bytes)
Event: 37.519 Thread 0x000001fae44541d0 nmethod 7822 0x000001faceead410 code [0x000001faceead5e0, 0x000001faceead9d8]
Event: 37.519 Thread 0x000001fae44541d0 7823       3       org.eclipse.jdt.core.Signature::encodeQualifiedName (207 bytes)
Event: 37.521 Thread 0x000001fae44541d0 nmethod 7823 0x000001faceeadb10 code [0x000001faceeadda0, 0x000001faceeaeb18]
Event: 37.521 Thread 0x000001fae44541d0 7824       2       org.eclipse.jdt.core.compiler.CharOperation::fragmentEquals (89 bytes)
Event: 37.522 Thread 0x000001fae44541d0 nmethod 7824 0x000001faceeaf110 code [0x000001faceeaf2e0, 0x000001faceeaf6b8]
Event: 37.522 Thread 0x000001fae44541d0 7825       2       org.eclipse.jdt.core.Signature::checkName (102 bytes)
Event: 37.522 Thread 0x000001fae44541d0 nmethod 7825 0x000001faceeaf890 code [0x000001faceeafa60, 0x000001faceeafd38]
Event: 37.590 Thread 0x000001fae44541d0 7826 %     3       jdk.internal.jimage.ImageReader$SharedImageReader::visitLocation @ 32 (73 bytes)
Event: 37.592 Thread 0x000001fae44541d0 nmethod 7826% 0x000001faceeaff10 code [0x000001faceeb01a0, 0x000001faceeb0fd8]

GC Heap History (20 events):
Event: 33.900 GC heap before
{Heap before GC invocations=42 (full 3):
 PSYoungGen      total 24576K, used 24554K [0x00000000eab00000, 0x00000000ec880000, 0x0000000100000000)
  eden space 20992K, 100% used [0x00000000eab00000,0x00000000ebf80000,0x00000000ebf80000)
  from space 3584K, 99% used [0x00000000ebf80000,0x00000000ec2fa910,0x00000000ec300000)
  to   space 4608K, 0% used [0x00000000ec400000,0x00000000ec400000,0x00000000ec880000)
 ParOldGen       total 91136K, used 63153K [0x00000000c0000000, 0x00000000c5900000, 0x00000000eab00000)
  object space 91136K, 69% used [0x00000000c0000000,0x00000000c3dac718,0x00000000c5900000)
 Metaspace       used 55243K, committed 56256K, reserved 1114112K
  class space    used 5883K, committed 6336K, reserved 1048576K
}
Event: 33.908 GC heap after
{Heap after GC invocations=42 (full 3):
 PSYoungGen      total 25088K, used 3646K [0x00000000eab00000, 0x00000000ec800000, 0x0000000100000000)
  eden space 20992K, 0% used [0x00000000eab00000,0x00000000eab00000,0x00000000ebf80000)
  from space 4096K, 89% used [0x00000000ec400000,0x00000000ec78f8a0,0x00000000ec800000)
  to   space 4096K, 0% used [0x00000000ec000000,0x00000000ec000000,0x00000000ec400000)
 ParOldGen       total 91136K, used 66585K [0x00000000c0000000, 0x00000000c5900000, 0x00000000eab00000)
  object space 91136K, 73% used [0x00000000c0000000,0x00000000c41066c0,0x00000000c5900000)
 Metaspace       used 55243K, committed 56256K, reserved 1114112K
  class space    used 5883K, committed 6336K, reserved 1048576K
}
Event: 34.611 GC heap before
{Heap before GC invocations=43 (full 3):
 PSYoungGen      total 25088K, used 24638K [0x00000000eab00000, 0x00000000ec800000, 0x0000000100000000)
  eden space 20992K, 100% used [0x00000000eab00000,0x00000000ebf80000,0x00000000ebf80000)
  from space 4096K, 89% used [0x00000000ec400000,0x00000000ec78f8a0,0x00000000ec800000)
  to   space 4096K, 0% used [0x00000000ec000000,0x00000000ec000000,0x00000000ec400000)
 ParOldGen       total 91136K, used 66585K [0x00000000c0000000, 0x00000000c5900000, 0x00000000eab00000)
  object space 91136K, 73% used [0x00000000c0000000,0x00000000c41066c0,0x00000000c5900000)
 Metaspace       used 55244K, committed 56256K, reserved 1114112K
  class space    used 5883K, committed 6336K, reserved 1048576K
}
Event: 34.619 GC heap after
{Heap after GC invocations=43 (full 3):
 PSYoungGen      total 25088K, used 4083K [0x00000000eab00000, 0x00000000ece80000, 0x0000000100000000)
  eden space 20992K, 0% used [0x00000000eab00000,0x00000000eab00000,0x00000000ebf80000)
  from space 4096K, 99% used [0x00000000ec000000,0x00000000ec3fcc90,0x00000000ec400000)
  to   space 7680K, 0% used [0x00000000ec700000,0x00000000ec700000,0x00000000ece80000)
 ParOldGen       total 91136K, used 69432K [0x00000000c0000000, 0x00000000c5900000, 0x00000000eab00000)
  object space 91136K, 76% used [0x00000000c0000000,0x00000000c43ce3a8,0x00000000c5900000)
 Metaspace       used 55244K, committed 56256K, reserved 1114112K
  class space    used 5883K, committed 6336K, reserved 1048576K
}
Event: 35.100 GC heap before
{Heap before GC invocations=44 (full 3):
 PSYoungGen      total 25088K, used 25075K [0x00000000eab00000, 0x00000000ece80000, 0x0000000100000000)
  eden space 20992K, 100% used [0x00000000eab00000,0x00000000ebf80000,0x00000000ebf80000)
  from space 4096K, 99% used [0x00000000ec000000,0x00000000ec3fcc90,0x00000000ec400000)
  to   space 7680K, 0% used [0x00000000ec700000,0x00000000ec700000,0x00000000ece80000)
 ParOldGen       total 91136K, used 69432K [0x00000000c0000000, 0x00000000c5900000, 0x00000000eab00000)
  object space 91136K, 76% used [0x00000000c0000000,0x00000000c43ce3a8,0x00000000c5900000)
 Metaspace       used 55262K, committed 56256K, reserved 1114112K
  class space    used 5886K, committed 6336K, reserved 1048576K
}
Event: 35.131 GC heap after
{Heap after GC invocations=44 (full 3):
 PSYoungGen      total 24576K, used 3526K [0x00000000eab00000, 0x00000000eca80000, 0x0000000100000000)
  eden space 20992K, 0% used [0x00000000eab00000,0x00000000eab00000,0x00000000ebf80000)
  from space 3584K, 98% used [0x00000000ec700000,0x00000000eca71898,0x00000000eca80000)
  to   space 5120K, 0% used [0x00000000ec080000,0x00000000ec080000,0x00000000ec580000)
 ParOldGen       total 91136K, used 73299K [0x00000000c0000000, 0x00000000c5900000, 0x00000000eab00000)
  object space 91136K, 80% used [0x00000000c0000000,0x00000000c4794fc8,0x00000000c5900000)
 Metaspace       used 55262K, committed 56256K, reserved 1114112K
  class space    used 5886K, committed 6336K, reserved 1048576K
}
Event: 35.737 GC heap before
{Heap before GC invocations=45 (full 3):
 PSYoungGen      total 24576K, used 24518K [0x00000000eab00000, 0x00000000eca80000, 0x0000000100000000)
  eden space 20992K, 100% used [0x00000000eab00000,0x00000000ebf80000,0x00000000ebf80000)
  from space 3584K, 98% used [0x00000000ec700000,0x00000000eca71898,0x00000000eca80000)
  to   space 5120K, 0% used [0x00000000ec080000,0x00000000ec080000,0x00000000ec580000)
 ParOldGen       total 91136K, used 73299K [0x00000000c0000000, 0x00000000c5900000, 0x00000000eab00000)
  object space 91136K, 80% used [0x00000000c0000000,0x00000000c4794fc8,0x00000000c5900000)
 Metaspace       used 55262K, committed 56256K, reserved 1114112K
  class space    used 5886K, committed 6336K, reserved 1048576K
}
Event: 36.087 GC heap after
{Heap after GC invocations=45 (full 3):
 PSYoungGen      total 24576K, used 3358K [0x00000000eab00000, 0x00000000ec780000, 0x0000000100000000)
  eden space 20992K, 0% used [0x00000000eab00000,0x00000000eab00000,0x00000000ebf80000)
  from space 3584K, 93% used [0x00000000ec080000,0x00000000ec3c7a58,0x00000000ec400000)
  to   space 3584K, 0% used [0x00000000ec400000,0x00000000ec400000,0x00000000ec780000)
 ParOldGen       total 91136K, used 76708K [0x00000000c0000000, 0x00000000c5900000, 0x00000000eab00000)
  object space 91136K, 84% used [0x00000000c0000000,0x00000000c4ae9220,0x00000000c5900000)
 Metaspace       used 55262K, committed 56256K, reserved 1114112K
  class space    used 5886K, committed 6336K, reserved 1048576K
}
Event: 36.449 GC heap before
{Heap before GC invocations=46 (full 3):
 PSYoungGen      total 24576K, used 24350K [0x00000000eab00000, 0x00000000ec780000, 0x0000000100000000)
  eden space 20992K, 100% used [0x00000000eab00000,0x00000000ebf80000,0x00000000ebf80000)
  from space 3584K, 93% used [0x00000000ec080000,0x00000000ec3c7a58,0x00000000ec400000)
  to   space 3584K, 0% used [0x00000000ec400000,0x00000000ec400000,0x00000000ec780000)
 ParOldGen       total 91136K, used 76708K [0x00000000c0000000, 0x00000000c5900000, 0x00000000eab00000)
  object space 91136K, 84% used [0x00000000c0000000,0x00000000c4ae9220,0x00000000c5900000)
 Metaspace       used 55305K, committed 56320K, reserved 1114112K
  class space    used 5886K, committed 6336K, reserved 1048576K
}
Event: 36.459 GC heap after
{Heap after GC invocations=46 (full 3):
 PSYoungGen      total 24064K, used 3035K [0x00000000eab00000, 0x00000000ec700000, 0x0000000100000000)
  eden space 20992K, 0% used [0x00000000eab00000,0x00000000eab00000,0x00000000ebf80000)
  from space 3072K, 98% used [0x00000000ec400000,0x00000000ec6f6d70,0x00000000ec700000)
  to   space 3584K, 0% used [0x00000000ec000000,0x00000000ec000000,0x00000000ec380000)
 ParOldGen       total 91136K, used 79926K [0x00000000c0000000, 0x00000000c5900000, 0x00000000eab00000)
  object space 91136K, 87% used [0x00000000c0000000,0x00000000c4e0dbc0,0x00000000c5900000)
 Metaspace       used 55305K, committed 56320K, reserved 1114112K
  class space    used 5886K, committed 6336K, reserved 1048576K
}
Event: 37.143 GC heap before
{Heap before GC invocations=47 (full 3):
 PSYoungGen      total 24064K, used 24027K [0x00000000eab00000, 0x00000000ec700000, 0x0000000100000000)
  eden space 20992K, 100% used [0x00000000eab00000,0x00000000ebf80000,0x00000000ebf80000)
  from space 3072K, 98% used [0x00000000ec400000,0x00000000ec6f6d70,0x00000000ec700000)
  to   space 3584K, 0% used [0x00000000ec000000,0x00000000ec000000,0x00000000ec380000)
 ParOldGen       total 91136K, used 79926K [0x00000000c0000000, 0x00000000c5900000, 0x00000000eab00000)
  object space 91136K, 87% used [0x00000000c0000000,0x00000000c4e0dbc0,0x00000000c5900000)
 Metaspace       used 55472K, committed 56512K, reserved 1114112K
  class space    used 5896K, committed 6336K, reserved 1048576K
}
Event: 37.151 GC heap after
{Heap after GC invocations=47 (full 3):
 PSYoungGen      total 24576K, used 3506K [0x00000000eab00000, 0x00000000ec780000, 0x0000000100000000)
  eden space 20992K, 0% used [0x00000000eab00000,0x00000000eab00000,0x00000000ebf80000)
  from space 3584K, 97% used [0x00000000ec000000,0x00000000ec36ca50,0x00000000ec380000)
  to   space 4096K, 0% used [0x00000000ec380000,0x00000000ec380000,0x00000000ec780000)
 ParOldGen       total 91136K, used 82900K [0x00000000c0000000, 0x00000000c5900000, 0x00000000eab00000)
  object space 91136K, 90% used [0x00000000c0000000,0x00000000c50f5188,0x00000000c5900000)
 Metaspace       used 55472K, committed 56512K, reserved 1114112K
  class space    used 5896K, committed 6336K, reserved 1048576K
}
Event: 37.443 GC heap before
{Heap before GC invocations=48 (full 3):
 PSYoungGen      total 24576K, used 24498K [0x00000000eab00000, 0x00000000ec780000, 0x0000000100000000)
  eden space 20992K, 100% used [0x00000000eab00000,0x00000000ebf80000,0x00000000ebf80000)
  from space 3584K, 97% used [0x00000000ec000000,0x00000000ec36ca50,0x00000000ec380000)
  to   space 4096K, 0% used [0x00000000ec380000,0x00000000ec380000,0x00000000ec780000)
 ParOldGen       total 91136K, used 82900K [0x00000000c0000000, 0x00000000c5900000, 0x00000000eab00000)
  object space 91136K, 90% used [0x00000000c0000000,0x00000000c50f5188,0x00000000c5900000)
 Metaspace       used 55472K, committed 56512K, reserved 1114112K
  class space    used 5896K, committed 6336K, reserved 1048576K
}
Event: 37.449 GC heap after
{Heap after GC invocations=48 (full 3):
 PSYoungGen      total 24576K, used 3380K [0x00000000eab00000, 0x00000000ec700000, 0x0000000100000000)
  eden space 20992K, 0% used [0x00000000eab00000,0x00000000eab00000,0x00000000ebf80000)
  from space 3584K, 94% used [0x00000000ec380000,0x00000000ec6cd2d0,0x00000000ec700000)
  to   space 3584K, 0% used [0x00000000ec000000,0x00000000ec000000,0x00000000ec380000)
 ParOldGen       total 91136K, used 86216K [0x00000000c0000000, 0x00000000c5900000, 0x00000000eab00000)
  object space 91136K, 94% used [0x00000000c0000000,0x00000000c54321a8,0x00000000c5900000)
 Metaspace       used 55472K, committed 56512K, reserved 1114112K
  class space    used 5896K, committed 6336K, reserved 1048576K
}
Event: 37.740 GC heap before
{Heap before GC invocations=49 (full 3):
 PSYoungGen      total 24576K, used 24372K [0x00000000eab00000, 0x00000000ec700000, 0x0000000100000000)
  eden space 20992K, 100% used [0x00000000eab00000,0x00000000ebf80000,0x00000000ebf80000)
  from space 3584K, 94% used [0x00000000ec380000,0x00000000ec6cd2d0,0x00000000ec700000)
  to   space 3584K, 0% used [0x00000000ec000000,0x00000000ec000000,0x00000000ec380000)
 ParOldGen       total 91136K, used 86216K [0x00000000c0000000, 0x00000000c5900000, 0x00000000eab00000)
  object space 91136K, 94% used [0x00000000c0000000,0x00000000c54321a8,0x00000000c5900000)
 Metaspace       used 55473K, committed 56512K, reserved 1114112K
  class space    used 5896K, committed 6336K, reserved 1048576K
}
Event: 37.750 GC heap after
{Heap after GC invocations=49 (full 3):
 PSYoungGen      total 24576K, used 3401K [0x00000000eab00000, 0x00000000ec680000, 0x0000000100000000)
  eden space 20992K, 0% used [0x00000000eab00000,0x00000000eab00000,0x00000000ebf80000)
  from space 3584K, 94% used [0x00000000ec000000,0x00000000ec352740,0x00000000ec380000)
  to   space 3072K, 0% used [0x00000000ec380000,0x00000000ec380000,0x00000000ec680000)
 ParOldGen       total 91136K, used 89450K [0x00000000c0000000, 0x00000000c5900000, 0x00000000eab00000)
  object space 91136K, 98% used [0x00000000c0000000,0x00000000c575aba0,0x00000000c5900000)
 Metaspace       used 55473K, committed 56512K, reserved 1114112K
  class space    used 5896K, committed 6336K, reserved 1048576K
}
Event: 37.750 GC heap before
{Heap before GC invocations=50 (full 4):
 PSYoungGen      total 24576K, used 3401K [0x00000000eab00000, 0x00000000ec680000, 0x0000000100000000)
  eden space 20992K, 0% used [0x00000000eab00000,0x00000000eab00000,0x00000000ebf80000)
  from space 3584K, 94% used [0x00000000ec000000,0x00000000ec352740,0x00000000ec380000)
  to   space 3072K, 0% used [0x00000000ec380000,0x00000000ec380000,0x00000000ec680000)
 ParOldGen       total 91136K, used 89450K [0x00000000c0000000, 0x00000000c5900000, 0x00000000eab00000)
  object space 91136K, 98% used [0x00000000c0000000,0x00000000c575aba0,0x00000000c5900000)
 Metaspace       used 55473K, committed 56512K, reserved 1114112K
  class space    used 5896K, committed 6336K, reserved 1048576K
}
Event: 38.011 GC heap after
{Heap after GC invocations=50 (full 4):
 PSYoungGen      total 24064K, used 0K [0x00000000eab00000, 0x00000000ec680000, 0x0000000100000000)
  eden space 20992K, 0% used [0x00000000eab00000,0x00000000eab00000,0x00000000ebf80000)
  from space 3072K, 0% used [0x00000000ec380000,0x00000000ec380000,0x00000000ec680000)
  to   space 3584K, 0% used [0x00000000ebf80000,0x00000000ebf80000,0x00000000ec300000)
 ParOldGen       total 117760K, used 89796K [0x00000000c0000000, 0x00000000c7300000, 0x00000000eab00000)
  object space 117760K, 76% used [0x00000000c0000000,0x00000000c57b1078,0x00000000c7300000)
 Metaspace       used 55473K, committed 56512K, reserved 1114112K
  class space    used 5896K, committed 6336K, reserved 1048576K
}
Event: 38.331 GC heap before
{Heap before GC invocations=51 (full 4):
 PSYoungGen      total 24064K, used 20992K [0x00000000eab00000, 0x00000000ec680000, 0x0000000100000000)
  eden space 20992K, 100% used [0x00000000eab00000,0x00000000ebf80000,0x00000000ebf80000)
  from space 3072K, 0% used [0x00000000ec380000,0x00000000ec380000,0x00000000ec680000)
  to   space 3584K, 0% used [0x00000000ebf80000,0x00000000ebf80000,0x00000000ec300000)
 ParOldGen       total 117760K, used 89796K [0x00000000c0000000, 0x00000000c7300000, 0x00000000eab00000)
  object space 117760K, 76% used [0x00000000c0000000,0x00000000c57b1078,0x00000000c7300000)
 Metaspace       used 55473K, committed 56512K, reserved 1114112K
  class space    used 5896K, committed 6336K, reserved 1048576K
}
Event: 38.335 GC heap after
{Heap after GC invocations=51 (full 4):
 PSYoungGen      total 24576K, used 3537K [0x00000000eab00000, 0x00000000ec680000, 0x0000000100000000)
  eden space 20992K, 0% used [0x00000000eab00000,0x00000000eab00000,0x00000000ebf80000)
  from space 3584K, 98% used [0x00000000ebf80000,0x00000000ec2f4780,0x00000000ec300000)
  to   space 3584K, 0% used [0x00000000ec300000,0x00000000ec300000,0x00000000ec680000)
 ParOldGen       total 117760K, used 89796K [0x00000000c0000000, 0x00000000c7300000, 0x00000000eab00000)
  object space 117760K, 76% used [0x00000000c0000000,0x00000000c57b1078,0x00000000c7300000)
 Metaspace       used 55473K, committed 56512K, reserved 1114112K
  class space    used 5896K, committed 6336K, reserved 1048576K
}

Dll operation events (10 events):
Event: 0.088 Loaded shared library c:\Users\jhonn\.vscode\extensions\redhat.java-1.29.0-win32-x64\jre\17.0.10-win32-x86_64\bin\java.dll
Event: 0.781 Loaded shared library c:\Users\jhonn\.vscode\extensions\redhat.java-1.29.0-win32-x64\jre\17.0.10-win32-x86_64\bin\zip.dll
Event: 0.791 Loaded shared library C:\Users\jhonn\.vscode\extensions\redhat.java-1.29.0-win32-x64\jre\17.0.10-win32-x86_64\bin\instrument.dll
Event: 0.832 Loaded shared library C:\Users\jhonn\.vscode\extensions\redhat.java-1.29.0-win32-x64\jre\17.0.10-win32-x86_64\bin\net.dll
Event: 0.844 Loaded shared library C:\Users\jhonn\.vscode\extensions\redhat.java-1.29.0-win32-x64\jre\17.0.10-win32-x86_64\bin\nio.dll
Event: 0.869 Loaded shared library C:\Users\jhonn\.vscode\extensions\redhat.java-1.29.0-win32-x64\jre\17.0.10-win32-x86_64\bin\zip.dll
Event: 0.941 Loaded shared library C:\Users\jhonn\.vscode\extensions\redhat.java-1.29.0-win32-x64\jre\17.0.10-win32-x86_64\bin\jimage.dll
Event: 1.189 Loaded shared library c:\Users\jhonn\.vscode\extensions\redhat.java-1.29.0-win32-x64\jre\17.0.10-win32-x86_64\bin\verify.dll
Event: 7.037 Loaded shared library C:\Users\jhonn\AppData\Roaming\Code\User\globalStorage\redhat.java\1.29.0\config_win\org.eclipse.equinox.launcher\org.eclipse.equinox.launcher.win32.win32.x86_64_1.2.900.v20240213-1244\eclipse_11900.dll
Event: 18.595 Loaded shared library C:\Users\jhonn\AppData\Local\Temp\jna-101101681\jna18269454588550083336.dll

Deoptimization events (20 events):
Event: 37.518 Thread 0x000001fae4f33590 DEOPT PACKING pc=0x000001facedf842e sp=0x000000b6fedfe760
Event: 37.518 Thread 0x000001fae4f33590 DEOPT UNPACKING pc=0x000001fad5606e43 sp=0x000000b6fedfdc38 mode 0
Event: 37.549 Thread 0x000001fae4f33590 DEOPT PACKING pc=0x000001facee65655 sp=0x000000b6fedfe850
Event: 37.549 Thread 0x000001fae4f33590 DEOPT UNPACKING pc=0x000001fad5606e43 sp=0x000000b6fedfddf0 mode 0
Event: 37.604 Thread 0x000001fae4f33590 DEOPT PACKING pc=0x000001facee65655 sp=0x000000b6fedfe850
Event: 37.604 Thread 0x000001fae4f33590 DEOPT UNPACKING pc=0x000001fad5606e43 sp=0x000000b6fedfddf0 mode 0
Event: 37.646 Thread 0x000001fae4f33590 DEOPT PACKING pc=0x000001facee65655 sp=0x000000b6fedfe850
Event: 37.646 Thread 0x000001fae4f33590 DEOPT UNPACKING pc=0x000001fad5606e43 sp=0x000000b6fedfddf0 mode 0
Event: 37.674 Thread 0x000001fae4f33590 DEOPT PACKING pc=0x000001facee65655 sp=0x000000b6fedfe850
Event: 37.674 Thread 0x000001fae4f33590 DEOPT UNPACKING pc=0x000001fad5606e43 sp=0x000000b6fedfddf0 mode 0
Event: 38.055 Thread 0x000001fae4f33590 DEOPT PACKING pc=0x000001facee65655 sp=0x000000b6fedfe850
Event: 38.055 Thread 0x000001fae4f33590 DEOPT UNPACKING pc=0x000001fad5606e43 sp=0x000000b6fedfddf0 mode 0
Event: 38.113 Thread 0x000001fae4f33590 DEOPT PACKING pc=0x000001facee65655 sp=0x000000b6fedfe850
Event: 38.113 Thread 0x000001fae4f33590 DEOPT UNPACKING pc=0x000001fad5606e43 sp=0x000000b6fedfddf0 mode 0
Event: 38.142 Thread 0x000001fae4f33590 DEOPT PACKING pc=0x000001facee65655 sp=0x000000b6fedfe850
Event: 38.142 Thread 0x000001fae4f33590 DEOPT UNPACKING pc=0x000001fad5606e43 sp=0x000000b6fedfddf0 mode 0
Event: 38.259 Thread 0x000001fae4f33590 DEOPT PACKING pc=0x000001facee65655 sp=0x000000b6fedfe850
Event: 38.259 Thread 0x000001fae4f33590 DEOPT UNPACKING pc=0x000001fad5606e43 sp=0x000000b6fedfddf0 mode 0
Event: 38.326 Thread 0x000001fae4f33590 DEOPT PACKING pc=0x000001facee65655 sp=0x000000b6fedfe850
Event: 38.326 Thread 0x000001fae4f33590 DEOPT UNPACKING pc=0x000001fad5606e43 sp=0x000000b6fedfddf0 mode 0

Classes unloaded (10 events):
Event: 15.267 Thread 0x000001fadf210bc0 Unloading class 0x0000000100328c00 'java/lang/invoke/LambdaForm$MH+0x0000000100328c00'
Event: 15.268 Thread 0x000001fadf210bc0 Unloading class 0x0000000100320400 'java/lang/invoke/LambdaForm$MH+0x0000000100320400'
Event: 15.268 Thread 0x000001fadf210bc0 Unloading class 0x000000010031d800 'java/lang/invoke/LambdaForm$MH+0x000000010031d800'
Event: 15.268 Thread 0x000001fadf210bc0 Unloading class 0x000000010024a400 'java/lang/invoke/LambdaForm$MH+0x000000010024a400'
Event: 15.268 Thread 0x000001fadf210bc0 Unloading class 0x000000010024a000 'java/lang/invoke/LambdaForm$MH+0x000000010024a000'
Event: 15.268 Thread 0x000001fadf210bc0 Unloading class 0x0000000100249c00 'java/lang/invoke/LambdaForm$MH+0x0000000100249c00'
Event: 15.268 Thread 0x000001fadf210bc0 Unloading class 0x0000000100249800 'java/lang/invoke/LambdaForm$MH+0x0000000100249800'
Event: 15.268 Thread 0x000001fadf210bc0 Unloading class 0x0000000100249400 'java/lang/invoke/LambdaForm$BMH+0x0000000100249400'
Event: 15.268 Thread 0x000001fadf210bc0 Unloading class 0x0000000100249000 'java/lang/invoke/LambdaForm$DMH+0x0000000100249000'
Event: 15.268 Thread 0x000001fadf210bc0 Unloading class 0x0000000100244400 'java/lang/invoke/LambdaForm$DMH+0x0000000100244400'

Classes redefined (0 events):
No events

Internal exceptions (20 events):
Event: 25.073 Thread 0x000001fae4f33080 Exception <a 'sun/nio/fs/WindowsException'{0x00000000ead694e0}> (0x00000000ead694e0) 
thrown [s\src\hotspot\share\prims\jni.cpp, line 516]
Event: 25.075 Thread 0x000001fae4f33080 Exception <a 'sun/nio/fs/WindowsException'{0x00000000ead6c650}> (0x00000000ead6c650) 
thrown [s\src\hotspot\share\prims\jni.cpp, line 516]
Event: 25.079 Thread 0x000001fae4f33080 Exception <a 'sun/nio/fs/WindowsException'{0x00000000ead724b8}> (0x00000000ead724b8) 
thrown [s\src\hotspot\share\prims\jni.cpp, line 516]
Event: 25.080 Thread 0x000001fae4f33080 Exception <a 'sun/nio/fs/WindowsException'{0x00000000ead75688}> (0x00000000ead75688) 
thrown [s\src\hotspot\share\prims\jni.cpp, line 516]
Event: 25.082 Thread 0x000001fae4f33080 Exception <a 'sun/nio/fs/WindowsException'{0x00000000ead7acf8}> (0x00000000ead7acf8) 
thrown [s\src\hotspot\share\prims\jni.cpp, line 516]
Event: 25.083 Thread 0x000001fae4f33080 Exception <a 'sun/nio/fs/WindowsException'{0x00000000ead7ddc0}> (0x00000000ead7ddc0) 
thrown [s\src\hotspot\share\prims\jni.cpp, line 516]
Event: 25.085 Thread 0x000001fae4f33080 Exception <a 'sun/nio/fs/WindowsException'{0x00000000ead810b0}> (0x00000000ead810b0) 
thrown [s\src\hotspot\share\prims\jni.cpp, line 516]
Event: 25.090 Thread 0x000001fae4f33080 Exception <a 'sun/nio/fs/WindowsException'{0x00000000eb0df7a8}> (0x00000000eb0df7a8) 
thrown [s\src\hotspot\share\prims\jni.cpp, line 516]
Event: 25.118 Thread 0x000001fae4f33080 Exception <a 'sun/nio/fs/WindowsException'{0x00000000eb0e32a8}> (0x00000000eb0e32a8) 
thrown [s\src\hotspot\share\prims\jni.cpp, line 516]
Event: 25.120 Thread 0x000001fae4f33080 Exception <a 'sun/nio/fs/WindowsException'{0x00000000eb0e6860}> (0x00000000eb0e6860) 
thrown [s\src\hotspot\share\prims\jni.cpp, line 516]
Event: 25.121 Thread 0x000001fae4f33080 Exception <a 'sun/nio/fs/WindowsException'{0x00000000eb0e9a60}> (0x00000000eb0e9a60) 
thrown [s\src\hotspot\share\prims\jni.cpp, line 516]
Event: 25.250 Thread 0x000001fae4f30800 Exception <a 'java/io/FileNotFoundException'{0x00000000eb372528}> (0x00000000eb372528) 
thrown [s\src\hotspot\share\prims\jni.cpp, line 516]
Event: 25.310 Thread 0x000001fae4f33080 Exception <a 'java/lang/NoSuchMethodError'{0x00000000eb111c58}: 'void java.lang.invoke.DirectMethodHandle$Holder.invokeStatic(java.lang.Object, long)'> (0x00000000eb111c58) 
thrown [s\src\hotspot\share\interpreter\linkResolver.cpp, line 759]
Event: 25.311 Thread 0x000001fae4f33080 Exception <a 'java/lang/NoSuchMethodError'{0x00000000eb117000}: 'java.lang.Object java.lang.invoke.DirectMethodHandle$Holder.newInvokeSpecial(java.lang.Object, long)'> (0x00000000eb117000) 
thrown [s\src\hotspot\share\interpreter\linkResolver.cpp, line 759]
Event: 25.627 Thread 0x000001fae4f30800 Exception <a 'java/io/FileNotFoundException'{0x00000000ec01b278}> (0x00000000ec01b278) 
thrown [s\src\hotspot\share\prims\jni.cpp, line 516]
Event: 26.445 Thread 0x000001fae4f30800 Exception <a 'java/io/FileNotFoundException'{0x00000000ebc65360}> (0x00000000ebc65360) 
thrown [s\src\hotspot\share\prims\jni.cpp, line 516]
Event: 26.446 Thread 0x000001fae4f30800 Exception <a 'java/io/FileNotFoundException'{0x00000000ebc66398}> (0x00000000ebc66398) 
thrown [s\src\hotspot\share\prims\jni.cpp, line 516]
Event: 26.446 Thread 0x000001fae4f30800 Exception <a 'java/io/FileNotFoundException'{0x00000000ebc67120}> (0x00000000ebc67120) 
thrown [s\src\hotspot\share\prims\jni.cpp, line 516]
Event: 27.684 Thread 0x000001fae4f33590 Implicit null exception at 0x000001fad5dd07ac to 0x000001fad5dd089c
Event: 36.270 Thread 0x000001fae5029010 Implicit null exception at 0x000001fad5d3101c to 0x000001fad5d31494

VM Operations (20 events):
Event: 33.441 Executing VM operation: ParallelGCFailedAllocation
Event: 33.447 Executing VM operation: ParallelGCFailedAllocation done
Event: 33.900 Executing VM operation: ParallelGCFailedAllocation
Event: 33.908 Executing VM operation: ParallelGCFailedAllocation done
Event: 34.611 Executing VM operation: ParallelGCFailedAllocation
Event: 34.619 Executing VM operation: ParallelGCFailedAllocation done
Event: 35.099 Executing VM operation: ParallelGCFailedAllocation
Event: 35.133 Executing VM operation: ParallelGCFailedAllocation done
Event: 35.662 Executing VM operation: ParallelGCFailedAllocation
Event: 36.088 Executing VM operation: ParallelGCFailedAllocation done
Event: 36.449 Executing VM operation: ParallelGCFailedAllocation
Event: 36.459 Executing VM operation: ParallelGCFailedAllocation done
Event: 37.143 Executing VM operation: ParallelGCFailedAllocation
Event: 37.151 Executing VM operation: ParallelGCFailedAllocation done
Event: 37.443 Executing VM operation: ParallelGCFailedAllocation
Event: 37.450 Executing VM operation: ParallelGCFailedAllocation done
Event: 37.740 Executing VM operation: ParallelGCFailedAllocation
Event: 38.012 Executing VM operation: ParallelGCFailedAllocation done
Event: 38.331 Executing VM operation: ParallelGCFailedAllocation
Event: 38.335 Executing VM operation: ParallelGCFailedAllocation done

Events (20 events):
Event: 36.669 loading class sun/util/locale/provider/TimeZoneNameProviderImpl done
Event: 36.669 loading class sun/util/cldr/CLDRTimeZoneNameProviderImpl done
Event: 36.672 loading class sun/util/locale/provider/BaseLocaleDataMetaInfo
Event: 36.674 loading class sun/util/locale/provider/BaseLocaleDataMetaInfo done
Event: 36.726 loading class sun/util/resources/cldr/TimeZoneNames
Event: 36.736 loading class sun/util/resources/TimeZoneNamesBundle
Event: 36.745 loading class sun/util/resources/OpenListResourceBundle
Event: 36.758 loading class sun/util/resources/OpenListResourceBundle done
Event: 36.758 loading class sun/util/resources/TimeZoneNamesBundle done
Event: 36.758 loading class sun/util/resources/cldr/TimeZoneNames done
Event: 36.759 loading class sun/util/resources/cldr/TimeZoneNames_en
Event: 36.764 loading class sun/util/resources/cldr/TimeZoneNames_en done
Event: 36.764 loading class sun/util/resources/cldr/TimeZoneNames_en_US
Event: 36.765 loading class sun/util/resources/cldr/TimeZoneNames_en_US done
Event: 36.785 loading class sun/util/cldr/CLDRBaseLocaleDataMetaInfo$TZCanonicalIDMapHolder
Event: 36.801 loading class sun/util/cldr/CLDRBaseLocaleDataMetaInfo$TZCanonicalIDMapHolder done
Event: 36.808 loading class sun/util/resources/TimeZoneNames
Event: 36.810 loading class sun/util/resources/TimeZoneNames done
Event: 36.811 loading class sun/util/resources/TimeZoneNames_en
Event: 36.811 loading class sun/util/resources/TimeZoneNames_en done


Dynamic libraries:
0x00007ff6416b0000 - 0x00007ff6416be000 	c:\Users\jhonn\.vscode\extensions\redhat.java-1.29.0-win32-x64\jre\17.0.10-win32-x86_64\bin\java.exe
0x00007ff972450000 - 0x00007ff972648000 	C:\WINDOWS\SYSTEM32\ntdll.dll
0x00007ff971fa0000 - 0x00007ff97205d000 	C:\WINDOWS\System32\KERNEL32.DLL
0x00007ff96ffe0000 - 0x00007ff9702d6000 	C:\WINDOWS\System32\KERNELBASE.dll
0x00007ff970380000 - 0x00007ff970480000 	C:\WINDOWS\System32\ucrtbase.dll
0x00007ff968d70000 - 0x00007ff968d87000 	c:\Users\jhonn\.vscode\extensions\redhat.java-1.29.0-win32-x64\jre\17.0.10-win32-x86_64\bin\jli.dll
0x00007ff970480000 - 0x00007ff97061f000 	C:\WINDOWS\System32\USER32.dll
0x00007ff970350000 - 0x00007ff970372000 	C:\WINDOWS\System32\win32u.dll
0x00007ff971e10000 - 0x00007ff971e3b000 	C:\WINDOWS\System32\GDI32.dll
0x00007ff96fd60000 - 0x00007ff96fe77000 	C:\WINDOWS\System32\gdi32full.dll
0x00007ff96fc10000 - 0x00007ff96fcad000 	C:\WINDOWS\System32\msvcp_win.dll
0x00007ff968d50000 - 0x00007ff968d6b000 	c:\Users\jhonn\.vscode\extensions\redhat.java-1.29.0-win32-x64\jre\17.0.10-win32-x86_64\bin\VCRUNTIME140.dll
0x00007ff962a20000 - 0x00007ff962cba000 	C:\WINDOWS\WinSxS\amd64_microsoft.windows.common-controls_6595b64144ccf1df_6.0.19041.3636_none_60b6a03d71f818d5\COMCTL32.dll
0x00007ff972060000 - 0x00007ff9720fe000 	C:\WINDOWS\System32\msvcrt.dll
0x00007ff9707e0000 - 0x00007ff970812000 	C:\WINDOWS\System32\IMM32.DLL
0x00007ff968d40000 - 0x00007ff968d4c000 	c:\Users\jhonn\.vscode\extensions\redhat.java-1.29.0-win32-x64\jre\17.0.10-win32-x86_64\bin\vcruntime140_1.dll
0x00007ff968cb0000 - 0x00007ff968d3d000 	c:\Users\jhonn\.vscode\extensions\redhat.java-1.29.0-win32-x64\jre\17.0.10-win32-x86_64\bin\msvcp140.dll
0x00007ff925ae0000 - 0x00007ff926742000 	c:\Users\jhonn\.vscode\extensions\redhat.java-1.29.0-win32-x64\jre\17.0.10-win32-x86_64\bin\server\jvm.dll
0x00007ff9722c0000 - 0x00007ff972370000 	C:\WINDOWS\System32\ADVAPI32.dll
0x00007ff972100000 - 0x00007ff9721a0000 	C:\WINDOWS\System32\sechost.dll
0x00007ff971ce0000 - 0x00007ff971e03000 	C:\WINDOWS\System32\RPCRT4.dll
0x00007ff96fbe0000 - 0x00007ff96fc07000 	C:\WINDOWS\System32\bcrypt.dll
0x00007ff96f960000 - 0x00007ff96f9ab000 	C:\WINDOWS\SYSTEM32\POWRPROF.dll
0x00007ff952f90000 - 0x00007ff952f99000 	C:\WINDOWS\SYSTEM32\WSOCK32.dll
0x00007ff970620000 - 0x00007ff97068b000 	C:\WINDOWS\System32\WS2_32.dll
0x00007ff962fb0000 - 0x00007ff962fd7000 	C:\WINDOWS\SYSTEM32\WINMM.dll
0x00007ff962da0000 - 0x00007ff962daa000 	C:\WINDOWS\SYSTEM32\VERSION.dll
0x00007ff96f940000 - 0x00007ff96f952000 	C:\WINDOWS\SYSTEM32\UMPDC.dll
0x00007ff96d990000 - 0x00007ff96d9a2000 	C:\WINDOWS\SYSTEM32\kernel.appcore.dll
0x00007ff968ca0000 - 0x00007ff968caa000 	c:\Users\jhonn\.vscode\extensions\redhat.java-1.29.0-win32-x64\jre\17.0.10-win32-x86_64\bin\jimage.dll
0x00007ff962830000 - 0x00007ff962a14000 	C:\WINDOWS\SYSTEM32\DBGHELP.DLL
0x00007ff961480000 - 0x00007ff9614b4000 	C:\WINDOWS\SYSTEM32\dbgcore.DLL
0x00007ff96fb00000 - 0x00007ff96fb82000 	C:\WINDOWS\System32\bcryptPrimitives.dll
0x00007ff968c90000 - 0x00007ff968c9e000 	c:\Users\jhonn\.vscode\extensions\redhat.java-1.29.0-win32-x64\jre\17.0.10-win32-x86_64\bin\instrument.dll
0x00007ff968c60000 - 0x00007ff968c85000 	c:\Users\jhonn\.vscode\extensions\redhat.java-1.29.0-win32-x64\jre\17.0.10-win32-x86_64\bin\java.dll
0x00007ff968ab0000 - 0x00007ff968ac8000 	c:\Users\jhonn\.vscode\extensions\redhat.java-1.29.0-win32-x64\jre\17.0.10-win32-x86_64\bin\zip.dll
0x00007ff970e60000 - 0x00007ff9715cb000 	C:\WINDOWS\System32\SHELL32.dll
0x00007ff96db90000 - 0x00007ff96e32e000 	C:\WINDOWS\SYSTEM32\windows.storage.dll
0x00007ff970820000 - 0x00007ff970b73000 	C:\WINDOWS\System32\combase.dll
0x00007ff96f460000 - 0x00007ff96f48e000 	C:\WINDOWS\SYSTEM32\Wldp.dll
0x00007ff970710000 - 0x00007ff9707dd000 	C:\WINDOWS\System32\OLEAUT32.dll
0x00007ff971e40000 - 0x00007ff971eed000 	C:\WINDOWS\System32\SHCORE.dll
0x00007ff970b80000 - 0x00007ff970bd5000 	C:\WINDOWS\System32\shlwapi.dll
0x00007ff96fa30000 - 0x00007ff96fa53000 	C:\WINDOWS\SYSTEM32\profapi.dll
0x00007ff968a80000 - 0x00007ff968a99000 	C:\Users\jhonn\.vscode\extensions\redhat.java-1.29.0-win32-x64\jre\17.0.10-win32-x86_64\bin\net.dll
0x00007ff9672e0000 - 0x00007ff9673ea000 	C:\WINDOWS\SYSTEM32\WINHTTP.dll
0x00007ff96f1c0000 - 0x00007ff96f22a000 	C:\WINDOWS\system32\mswsock.dll
0x00007ff968a60000 - 0x00007ff968a76000 	C:\Users\jhonn\.vscode\extensions\redhat.java-1.29.0-win32-x64\jre\17.0.10-win32-x86_64\bin\nio.dll
0x00007ff968a50000 - 0x00007ff968a60000 	c:\Users\jhonn\.vscode\extensions\redhat.java-1.29.0-win32-x64\jre\17.0.10-win32-x86_64\bin\verify.dll
0x00007ff94e6b0000 - 0x00007ff94e6ee000 	C:\Users\jhonn\AppData\Roaming\Code\User\globalStorage\redhat.java\1.29.0\config_win\org.eclipse.equinox.launcher\org.eclipse.equinox.launcher.win32.win32.x86_64_1.2.900.v20240213-1244\eclipse_11900.dll
0x00007ff971710000 - 0x00007ff97183b000 	C:\WINDOWS\System32\ole32.dll
0x00007ff96f3c0000 - 0x00007ff96f3d8000 	C:\WINDOWS\SYSTEM32\CRYPTSP.dll
0x00007ff96eae0000 - 0x00007ff96eb14000 	C:\WINDOWS\system32\rsaenh.dll
0x00007ff96f9b0000 - 0x00007ff96f9de000 	C:\WINDOWS\SYSTEM32\USERENV.dll
0x00007ff96f3b0000 - 0x00007ff96f3bc000 	C:\WINDOWS\SYSTEM32\CRYPTBASE.dll
0x00007ff96eea0000 - 0x00007ff96eedb000 	C:\WINDOWS\SYSTEM32\IPHLPAPI.DLL
0x00007ff971840000 - 0x00007ff971848000 	C:\WINDOWS\System32\NSI.dll
0x00007ff966820000 - 0x00007ff966837000 	C:\WINDOWS\SYSTEM32\dhcpcsvc6.DLL
0x00007ff9673f0000 - 0x00007ff96740d000 	C:\WINDOWS\SYSTEM32\dhcpcsvc.DLL
0x00007ff96eee0000 - 0x00007ff96efab000 	C:\WINDOWS\SYSTEM32\DNSAPI.dll
0x00007ff940160000 - 0x00007ff9401a5000 	C:\Users\jhonn\AppData\Local\Temp\jna-101101681\jna18269454588550083336.dll
0x00007ff972400000 - 0x00007ff972408000 	C:\WINDOWS\System32\PSAPI.DLL

dbghelp: loaded successfully - version: 4.0.5 - missing functions: none
symbol engine: initialized successfully - sym options: 0x614 - pdb path: .;c:\Users\jhonn\.vscode\extensions\redhat.java-1.29.0-win32-x64\jre\17.0.10-win32-x86_64\bin;C:\WINDOWS\SYSTEM32;C:\WINDOWS\WinSxS\amd64_microsoft.windows.common-controls_6595b64144ccf1df_6.0.19041.3636_none_60b6a03d71f818d5;c:\Users\jhonn\.vscode\extensions\redhat.java-1.29.0-win32-x64\jre\17.0.10-win32-x86_64\bin\server;C:\Users\jhonn\AppData\Roaming\Code\User\globalStorage\redhat.java\1.29.0\config_win\org.eclipse.equinox.launcher\org.eclipse.equinox.launcher.win32.win32.x86_64_1.2.900.v20240213-1244;C:\Users\jhonn\AppData\Local\Temp\jna-101101681

VM Arguments:
jvm_args: --add-modules=ALL-SYSTEM --add-opens=java.base/java.util=ALL-UNNAMED --add-opens=java.base/java.lang=ALL-UNNAMED --add-opens=java.base/sun.nio.fs=ALL-UNNAMED -Declipse.application=org.eclipse.jdt.ls.core.id1 -Dosgi.bundles.defaultStartLevel=4 -Declipse.product=org.eclipse.jdt.ls.core.product -Djava.import.generatesMetadataFilesAtProjectRoot=false -DDetectVMInstallationsJob.disabled=true -Dfile.encoding=utf8 -XX:+UseParallelGC -XX:GCTimeRatio=4 -XX:AdaptiveSizePolicyWeight=90 -Dsun.zip.disableMemoryMapping=true -Xmx1G -Xms100m -Xlog:disable -javaagent:c:\Users\jhonn\.vscode\extensions\redhat.java-1.29.0-win32-x64\lombok\lombok-1.18.32.jar -XX:+HeapDumpOnOutOfMemoryError -XX:HeapDumpPath=c:\Users\jhonn\AppData\Roaming\Code\User\workspaceStorage\f926728e50f2738973d3538630756d0e\redhat.java -Daether.dependencyCollector.impl=bf 
java_command: c:\Users\jhonn\.vscode\extensions\redhat.java-1.29.0-win32-x64\server\plugins\org.eclipse.equinox.launcher_1.6.800.v20240304-1850.jar -configuration c:\Users\jhonn\AppData\Roaming\Code\User\globalStorage\redhat.java\1.29.0\config_win -data c:\Users\jhonn\AppData\Roaming\Code\User\workspaceStorage\f926728e50f2738973d3538630756d0e\redhat.java\jdt_ws --stdio
java_class_path (initial): c:\Users\jhonn\.vscode\extensions\redhat.java-1.29.0-win32-x64\server\plugins\org.eclipse.equinox.launcher_1.6.800.v20240304-1850.jar
Launcher Type: SUN_STANDARD

[Global flags]
    uintx AdaptiveSizePolicyWeight                 = 90                                        {product} {command line}
     intx CICompilerCount                          = 3                                         {product} {ergonomic}
    uintx GCTimeRatio                              = 4                                         {product} {command line}
     bool HeapDumpOnOutOfMemoryError               = true                                   {manageable} {command line}
    ccstr HeapDumpPath                             = c:\Users\jhonn\AppData\Roaming\Code\User\workspaceStorage\f926728e50f2738973d3538630756d0e\redhat.java         {manageable} {command line}
   size_t InitialHeapSize                          = 104857600                                 {product} {command line}
   size_t MaxHeapSize                              = 1073741824                                {product} {command line}
   size_t MaxNewSize                               = 357564416                                 {product} {ergonomic}
   size_t MinHeapDeltaBytes                        = 524288                                    {product} {ergonomic}
   size_t MinHeapSize                              = 104857600                                 {product} {command line}
   size_t NewSize                                  = 34603008                                  {product} {ergonomic}
    uintx NonNMethodCodeHeapSize                   = 5832780                                {pd product} {ergonomic}
    uintx NonProfiledCodeHeapSize                  = 122912730                              {pd product} {ergonomic}
   size_t OldSize                                  = 70254592                                  {product} {ergonomic}
    uintx ProfiledCodeHeapSize                     = 122912730                              {pd product} {ergonomic}
    uintx ReservedCodeCacheSize                    = 251658240                              {pd product} {ergonomic}
     bool SegmentedCodeCache                       = true                                      {product} {ergonomic}
   size_t SoftMaxHeapSize                          = 1073741824                             {manageable} {ergonomic}
     bool UseCompressedClassPointers               = true                           {product lp64_product} {ergonomic}
     bool UseCompressedOops                        = true                           {product lp64_product} {ergonomic}
     bool UseLargePagesIndividualAllocation        = false                                  {pd product} {ergonomic}
     bool UseParallelGC                            = true                                      {product} {command line}

Logging:
Log output configuration:
 #0: stdout all=off uptime,level,tags
 #1: stderr all=off uptime,level,tags

Environment Variables:
JAVA_HOME=C:\Program Files\Java\jdk-21
PATH=C:\Program Files\Common Files\Oracle\Java\javapath;C:\oraclexe\app\oracle\product\11.2.0\server\bin;C:\WINDOWS\system32;C:\WINDOWS;C:\WINDOWS\System32\Wbem;C:\WINDOWS\System32\WindowsPowerShell\v1.0\;C:\WINDOWS\System32\OpenSSH\;C:\Program Files\Microsoft VS Code\bin;C:\Program Files\Microsoft SQL Server\Client SDK\ODBC\170\Tools\Binn\;C:\Program Files (x86)\Microsoft SQL Server\150\Tools\Binn\;C:\Program Files\Microsoft SQL Server\150\Tools\Binn\;C:\Program Files\Microsoft SQL Server\150\DTS\Binn\;C:\Program Files (x86)\Microsoft SQL Server\150\DTS\Binn\;C:\Program Files\Azure Data Studio\bin;C:\Program Files\Git\cmd;C:\apache-maven-3.8.4\bin;C:\Automatizacion\gradle-8.7\bin;C:\Program Files\Java\jdk-21\bin;C:\Users\jhonn\AppData\Local\Microsoft\WindowsApps;;C:\Program Files\Azure Data Studio\bin
USERNAME=jhonn
OS=Windows_NT
PROCESSOR_IDENTIFIER=Intel64 Family 6 Model 58 Stepping 9, GenuineIntel
TMP=C:\Users\jhonn\AppData\Local\Temp
TEMP=C:\Users\jhonn\AppData\Local\Temp



Periodic native trim disabled


---------------  S Y S T E M  ---------------

OS:
 Windows 10 , 64 bit Build 19041 (10.0.19041.3636)
OS uptime: 0 days 0:10 hours

CPU: total 4 (initial active 4) (2 cores per cpu, 2 threads per core) family 6 model 58 stepping 9 microcode 0x21, cx8, cmov, fxsr, ht, mmx, sse, sse2, sse3, ssse3, sse4.1, sse4.2, popcnt, tsc, tscinvbit, avx, erms, clmul, vzeroupper, clflush
Processor Information for all 4 processors :
  Max Mhz: 1901, Current Mhz: 1901, Mhz Limit: 1901

Memory: 4k page, system-wide physical 1949M (122M free)
TotalPageFile size 7837M (AvailPageFile size 6M)
current process WorkingSet (physical memory assigned to process): 224M, peak: 227M
current process commit charge ("private bytes"): 331M, peak: 334M

vm_info: OpenJDK 64-Bit Server VM (17.0.10+7) for windows-amd64 JRE (17.0.10+7), built on Jan 16 2024 23:25:11 by "admin" with MS VC++ 16.10 / 16.11 (VS2019)

END.
