#
# There is insufficient memory for the Java Runtime Environment to continue.
# Native memory allocation (malloc) failed to allocate 1509920 bytes for Chunk::new
# Possible reasons:
#   The system is out of physical RAM or swap space
#   The process is running with CompressedOops enabled, and the Java Heap may be blocking the growth of the native heap
# Possible solutions:
#   Reduce memory load on the system
#   Increase physical memory or swap space
#   Check if swap backing store is full
#   Decrease Java heap size (-Xmx/-Xms)
#   Decrease number of Java threads
#   Decrease Java thread stack sizes (-Xss)
#   Set larger code cache with -XX:ReservedCodeCacheSize=
#   JVM is running with Unscaled Compressed Oops mode in which the Java heap is
#     placed in the first 4GB address space. The Java Heap base address is the
#     maximum limit for the native heap growth. Please use -XX:HeapBaseMinAddress
#     to set the Java Heap base and to place the Java Heap above 4GB virtual address.
# This output file may be truncated or incomplete.
#
#  Out of Memory Error (arena.cpp:191), pid=6168, tid=9732
#
# JRE version: OpenJDK Runtime Environment Temurin-17.0.10+7 (17.0.10+7) (build 17.0.10+7)
# Java VM: OpenJDK 64-Bit Server VM Temurin-17.0.10+7 (17.0.10+7, mixed mode, tiered, compressed oops, compressed class ptrs, parallel gc, windows-amd64)
# No core dump will be written. Minidumps are not enabled by default on client versions of Windows
#

---------------  S U M M A R Y ------------

Command Line: --add-modules=ALL-SYSTEM --add-opens=java.base/java.util=ALL-UNNAMED --add-opens=java.base/java.lang=ALL-UNNAMED --add-opens=java.base/sun.nio.fs=ALL-UNNAMED -Declipse.application=org.eclipse.jdt.ls.core.id1 -Dosgi.bundles.defaultStartLevel=4 -Declipse.product=org.eclipse.jdt.ls.core.product -Djava.import.generatesMetadataFilesAtProjectRoot=false -DDetectVMInstallationsJob.disabled=true -Dfile.encoding=utf8 -XX:+UseParallelGC -XX:GCTimeRatio=4 -XX:AdaptiveSizePolicyWeight=90 -Dsun.zip.disableMemoryMapping=true -Xmx1G -Xms100m -Xlog:disable -javaagent:c:\Users\jhonn\.vscode\extensions\redhat.java-1.29.0-win32-x64\lombok\lombok-1.18.32.jar -XX:+HeapDumpOnOutOfMemoryError -XX:HeapDumpPath=c:\Users\jhonn\AppData\Roaming\Code\User\workspaceStorage\f926728e50f2738973d3538630756d0e\redhat.java -Daether.dependencyCollector.impl=bf c:\Users\jhonn\.vscode\extensions\redhat.java-1.29.0-win32-x64\server\plugins\org.eclipse.equinox.launcher_1.6.800.v20240304-1850.jar -configuration c:\Users\jhonn\AppData\Roaming\Code\User\globalStorage\redhat.java\1.29.0\config_win -data c:\Users\jhonn\AppData\Roaming\Code\User\workspaceStorage\f926728e50f2738973d3538630756d0e\redhat.java\jdt_ws --stdio

Host: Intel(R) Core(TM) i3-3227U CPU @ 1.90GHz, 4 cores, 1G,  Windows 10 , 64 bit Build 19041 (10.0.19041.3636)
Time: Wed Apr 17 21:29:24 2024 Hora est. Pacífico, Sudamérica elapsed time: 58.761908 seconds (0d 0h 0m 58s)

---------------  T H R E A D  ---------------

Current thread (0x0000022d5b31de80):  JavaThread "C2 CompilerThread0" daemon [_thread_in_native, id=9732, stack(0x0000007d90700000,0x0000007d90800000)]


Current CompileTask:
C2:  58762 7146       4       org.eclipse.jdt.internal.compiler.util.JrtFileSystem$2::visitFile (72 bytes)

Stack: [0x0000007d90700000,0x0000007d90800000]
Native frames: (J=compiled Java code, j=interpreted, Vv=VM code, C=native code)
V  [jvm.dll+0x67d2c9]
V  [jvm.dll+0x834afa]
V  [jvm.dll+0x8365be]
V  [jvm.dll+0x836c23]
V  [jvm.dll+0x2477ff]
V  [jvm.dll+0xac514]
V  [jvm.dll+0xacb5c]
V  [jvm.dll+0x3667d7]
V  [jvm.dll+0x1bcf72]
V  [jvm.dll+0x21a049]
V  [jvm.dll+0x219311]
V  [jvm.dll+0x1a502d]
V  [jvm.dll+0x2290de]
V  [jvm.dll+0x2272ac]
V  [jvm.dll+0x7e9bb7]
V  [jvm.dll+0x7e3fba]
V  [jvm.dll+0x67c1b5]
C  [ucrtbase.dll+0x21bb2]
C  [KERNEL32.DLL+0x17344]
C  [ntdll.dll+0x526b1]


---------------  P R O C E S S  ---------------

Threads class SMR info:
_java_thread_list=0x0000022d63f53e70, length=30, elements={
0x0000022d474cfb10, 0x0000022d47589160, 0x0000022d4758aad0, 0x0000022d5b3195b0,
0x0000022d5b31a430, 0x0000022d5b31b2b0, 0x0000022d5b31cfe0, 0x0000022d5b31de80,
0x0000022d605a2710, 0x0000022d605a88e0, 0x0000022d60651ff0, 0x0000022d6083fc60,
0x0000022d60a7e3e0, 0x0000022d60f23af0, 0x0000022d60b687a0, 0x0000022d610e0d40,
0x0000022d60b4dc30, 0x0000022d60e3d730, 0x0000022d60e3a490, 0x0000022d60e3b3c0,
0x0000022d60e3b8d0, 0x0000022d60e3bde0, 0x0000022d60e3c2f0, 0x0000022d60e3d220,
0x0000022d60e39f80, 0x0000022d60e3a9a0, 0x0000022d60e3c800, 0x0000022d6221edb0,
0x0000022d6221c530, 0x0000022d6221ca40
}

Java Threads: ( => current thread )
  0x0000022d474cfb10 JavaThread "main" [_thread_blocked, id=11000, stack(0x0000007d8fe00000,0x0000007d8ff00000)]
  0x0000022d47589160 JavaThread "Reference Handler" daemon [_thread_blocked, id=2456, stack(0x0000007d90100000,0x0000007d90200000)]
  0x0000022d4758aad0 JavaThread "Finalizer" daemon [_thread_blocked, id=10596, stack(0x0000007d90200000,0x0000007d90300000)]
  0x0000022d5b3195b0 JavaThread "Signal Dispatcher" daemon [_thread_blocked, id=11728, stack(0x0000007d90300000,0x0000007d90400000)]
  0x0000022d5b31a430 JavaThread "Attach Listener" daemon [_thread_blocked, id=7876, stack(0x0000007d90400000,0x0000007d90500000)]
  0x0000022d5b31b2b0 JavaThread "Service Thread" daemon [_thread_blocked, id=9280, stack(0x0000007d90500000,0x0000007d90600000)]
  0x0000022d5b31cfe0 JavaThread "Monitor Deflation Thread" daemon [_thread_blocked, id=12704, stack(0x0000007d90600000,0x0000007d90700000)]
=>0x0000022d5b31de80 JavaThread "C2 CompilerThread0" daemon [_thread_in_native, id=9732, stack(0x0000007d90700000,0x0000007d90800000)]
  0x0000022d605a2710 JavaThread "C1 CompilerThread0" daemon [_thread_blocked, id=11612, stack(0x0000007d90800000,0x0000007d90900000)]
  0x0000022d605a88e0 JavaThread "Sweeper thread" daemon [_thread_blocked, id=11096, stack(0x0000007d90900000,0x0000007d90a00000)]
  0x0000022d60651ff0 JavaThread "Common-Cleaner" daemon [_thread_blocked, id=10300, stack(0x0000007d90a00000,0x0000007d90b00000)]
  0x0000022d6083fc60 JavaThread "Notification Thread" daemon [_thread_blocked, id=10340, stack(0x0000007d90b00000,0x0000007d90c00000)]
  0x0000022d60a7e3e0 JavaThread "Active Thread: Equinox Container: b24d8ad6-0ee3-44c6-9bdd-598163b8a5f3" [_thread_blocked, id=2508, stack(0x0000007d91000000,0x0000007d91100000)]
  0x0000022d60f23af0 JavaThread "Framework Event Dispatcher: Equinox Container: b24d8ad6-0ee3-44c6-9bdd-598163b8a5f3" daemon [_thread_blocked, id=9744, stack(0x0000007d91100000,0x0000007d91200000)]
  0x0000022d60b687a0 JavaThread "Start Level: Equinox Container: b24d8ad6-0ee3-44c6-9bdd-598163b8a5f3" daemon [_thread_blocked, id=6236, stack(0x0000007d91200000,0x0000007d91300000)]
  0x0000022d610e0d40 JavaThread "Bundle File Closer" daemon [_thread_blocked, id=9348, stack(0x0000007d91300000,0x0000007d91400000)]
  0x0000022d60b4dc30 JavaThread "SCR Component Actor" daemon [_thread_blocked, id=11112, stack(0x0000007d91400000,0x0000007d91500000)]
  0x0000022d60e3d730 JavaThread "Worker-JM" [_thread_blocked, id=6232, stack(0x0000007d91600000,0x0000007d91700000)]
  0x0000022d60e3a490 JavaThread "Worker-0" [_thread_blocked, id=7676, stack(0x0000007d91700000,0x0000007d91800000)]
  0x0000022d60e3b3c0 JavaThread "Worker-1: Java indexing... " [_thread_blocked, id=4324, stack(0x0000007d91800000,0x0000007d91900000)]
  0x0000022d60e3b8d0 JavaThread "Worker-2" [_thread_blocked, id=3420, stack(0x0000007d91900000,0x0000007d91a00000)]
  0x0000022d60e3bde0 JavaThread "Java indexing" daemon [_thread_in_vm, id=3248, stack(0x0000007d91500000,0x0000007d91600000)]
  0x0000022d60e3c2f0 JavaThread "Worker-3: Initialize Workspace" [_thread_blocked, id=7712, stack(0x0000007d91a00000,0x0000007d91b00000)]
  0x0000022d60e3d220 JavaThread "JNA Cleaner" daemon [_thread_blocked, id=12116, stack(0x0000007d91b00000,0x0000007d91c00000)]
  0x0000022d60e39f80 JavaThread "pool-2-thread-1" [_thread_blocked, id=10688, stack(0x0000007d91c00000,0x0000007d91d00000)]
  0x0000022d60e3a9a0 JavaThread "WorkspaceEventsHandler" [_thread_blocked, id=1044, stack(0x0000007d91d00000,0x0000007d91e00000)]
  0x0000022d60e3c800 JavaThread "pool-1-thread-1" [_thread_blocked, id=12684, stack(0x0000007d91e00000,0x0000007d91f00000)]
  0x0000022d6221edb0 JavaThread "pool-3-thread-1" [_thread_in_native, id=4160, stack(0x0000007d91f00000,0x0000007d92000000)]
  0x0000022d6221c530 JavaThread "Worker-4" [_thread_blocked, id=7524, stack(0x0000007d92000000,0x0000007d92100000)]
  0x0000022d6221ca40 JavaThread "Worker-5" [_thread_blocked, id=10284, stack(0x0000007d92100000,0x0000007d92200000)]

Other Threads:
  0x0000022d5b2fc350 VMThread "VM Thread" [stack: 0x0000007d90000000,0x0000007d90100000] [id=3776]
  0x0000022d60857040 WatcherThread [stack: 0x0000007d90c00000,0x0000007d90d00000] [id=11192]
  0x0000022d474e7a10 GCTaskThread "GC Thread#0" [stack: 0x0000007d8ff00000,0x0000007d90000000] [id=11520]
  0x0000022d607b2e80 GCTaskThread "GC Thread#1" [stack: 0x0000007d90d00000,0x0000007d90e00000] [id=12268]
  0x0000022d5b36ab60 GCTaskThread "GC Thread#2" [stack: 0x0000007d90e00000,0x0000007d90f00000] [id=11168]
  0x0000022d5b36ae20 GCTaskThread "GC Thread#3" [stack: 0x0000007d90f00000,0x0000007d91000000] [id=3356]

Threads with active compile tasks:
C2 CompilerThread0    58837 7146       4       org.eclipse.jdt.internal.compiler.util.JrtFileSystem$2::visitFile (72 bytes)

VM state: not at safepoint (normal execution)

VM Mutex/Monitor currently owned by a thread: None

Heap address: 0x00000000c0000000, size: 1024 MB, Compressed Oops mode: 32-bit

CDS archive(s) not mapped
Compressed class space mapped at: 0x0000000100000000-0x0000000140000000, reserved size: 1073741824
Narrow klass base: 0x0000000000000000, Narrow klass shift: 3, Narrow klass range: 0x140000000

GC Precious Log:
 CPUs: 4 total, 4 available
 Memory: 1949M
 Large Page Support: Disabled
 NUMA Support: Disabled
 Compressed Oops: Enabled (32-bit)
 Alignments: Space 512K, Generation 512K, Heap 2M
 Heap Min Capacity: 100M
 Heap Initial Capacity: 100M
 Heap Max Capacity: 1G
 Pre-touch: Disabled
 Parallel Workers: 4

Heap:
 PSYoungGen      total 22528K, used 17361K [0x00000000eab00000, 0x00000000ec580000, 0x0000000100000000)
  eden space 19968K, 76% used [0x00000000eab00000,0x00000000eb9e6220,0x00000000ebe80000)
  from space 2560K, 82% used [0x00000000ec000000,0x00000000ec20e290,0x00000000ec280000)
  to   space 2560K, 0% used [0x00000000ec300000,0x00000000ec300000,0x00000000ec580000)
 ParOldGen       total 68608K, used 42955K [0x00000000c0000000, 0x00000000c4300000, 0x00000000eab00000)
  object space 68608K, 62% used [0x00000000c0000000,0x00000000c29f2c88,0x00000000c4300000)
 Metaspace       used 55211K, committed 56320K, reserved 1114112K
  class space    used 5873K, committed 6336K, reserved 1048576K

Card table byte_map: [0x0000022d46ea0000,0x0000022d470b0000] _byte_map_base: 0x0000022d468a0000

Marking Bits: (ParMarkBitMap*) 0x00007ff92667d7d0
 Begin Bits: [0x0000022d59170000, 0x0000022d5a170000)
 End Bits:   [0x0000022d5a170000, 0x0000022d5b170000)

Polling page: 0x0000022d46c90000

Metaspace:

Usage:
  Non-class:     48.18 MB used.
      Class:      5.74 MB used.
       Both:     53.92 MB used.

Virtual space:
  Non-class space:       64.00 MB reserved,      48.81 MB ( 76%) committed,  1 nodes.
      Class space:        1.00 GB reserved,       6.19 MB ( <1%) committed,  1 nodes.
             Both:        1.06 GB reserved,      55.00 MB (  5%) committed. 

Chunk freelists:
   Non-Class:  14.55 MB
       Class:  9.85 MB
        Both:  24.39 MB

MaxMetaspaceSize: unlimited
CompressedClassSpaceSize: 1.00 GB
Initial GC threshold: 21.00 MB
Current GC threshold: 58.38 MB
CDS: off
MetaspaceReclaimPolicy: balanced
 - commit_granule_bytes: 65536.
 - commit_granule_words: 8192.
 - virtual_space_node_default_size: 8388608.
 - enlarge_chunks_in_place: 1.
 - new_chunks_are_fully_committed: 0.
 - uncommit_free_chunks: 1.
 - use_allocation_guard: 0.
 - handle_deallocations: 1.


Internal statistics:

num_allocs_failed_limit: 6.
num_arena_births: 584.
num_arena_deaths: 18.
num_vsnodes_births: 2.
num_vsnodes_deaths: 0.
num_space_committed: 880.
num_space_uncommitted: 0.
num_chunks_returned_to_freelist: 26.
num_chunks_taken_from_freelist: 2700.
num_chunk_merges: 5.
num_chunk_splits: 1672.
num_chunks_enlarged: 1025.
num_inconsistent_stats: 0.

CodeHeap 'non-profiled nmethods': size=120000Kb used=3127Kb max_used=3127Kb free=116872Kb
 bounds [0x0000022d51c40000, 0x0000022d51f50000, 0x0000022d59170000]
CodeHeap 'profiled nmethods': size=120000Kb used=13515Kb max_used=13515Kb free=106484Kb
 bounds [0x0000022d4a170000, 0x0000022d4aeb0000, 0x0000022d516a0000]
CodeHeap 'non-nmethods': size=5760Kb used=1313Kb max_used=1355Kb free=4446Kb
 bounds [0x0000022d516a0000, 0x0000022d51910000, 0x0000022d51c40000]
 total_blobs=7191 nmethods=6546 adapters=557
 compilation: enabled
              stopped_count=0, restarted_count=0
 full_count=0

Compilation events (20 events):
Event: 58.223 Thread 0x0000022d605a2710 7337       2       org.eclipse.jdt.internal.core.index.MemoryIndex::addIndexEntry (118 bytes)
Event: 58.224 Thread 0x0000022d605a2710 nmethod 7337 0x0000022d4ae94690 code [0x0000022d4ae948a0, 0x0000022d4ae94ce8]
Event: 58.224 Thread 0x0000022d605a2710 7338   !   2       sun.nio.ch.ChannelInputStream::read (95 bytes)
Event: 58.225 Thread 0x0000022d605a2710 nmethod 7338 0x0000022d4ae95010 code [0x0000022d4ae95220, 0x0000022d4ae95628]
Event: 58.319 Thread 0x0000022d605a2710 7339       2       org.eclipse.core.runtime.jobs.Job::getJobManager (4 bytes)
Event: 58.320 Thread 0x0000022d605a2710 nmethod 7339 0x0000022d4a9f3110 code [0x0000022d4a9f32a0, 0x0000022d4a9f3398]
Event: 58.353 Thread 0x0000022d605a2710 7340       2       org.eclipse.jdt.internal.core.search.indexing.AbstractIndexer::addNameReference (9 bytes)
Event: 58.354 Thread 0x0000022d605a2710 nmethod 7340 0x0000022d4ae95990 code [0x0000022d4ae95b40, 0x0000022d4ae95d38]
Event: 58.364 Thread 0x0000022d605a2710 7341       2       org.eclipse.jdt.core.compiler.CharOperation::contains (24 bytes)
Event: 58.364 Thread 0x0000022d605a2710 nmethod 7341 0x0000022d4ae95f10 code [0x0000022d4ae960a0, 0x0000022d4ae96278]
Event: 58.365 Thread 0x0000022d605a2710 7342       2       org.eclipse.jdt.core.compiler.CharOperation::replaceOnCopy (78 bytes)
Event: 58.366 Thread 0x0000022d605a2710 nmethod 7342 0x0000022d4ae96390 code [0x0000022d4ae96540, 0x0000022d4ae968e8]
Event: 58.366 Thread 0x0000022d605a2710 7343       2       org.eclipse.jdt.internal.core.search.indexing.BinaryIndexer::replace (41 bytes)
Event: 58.366 Thread 0x0000022d605a2710 nmethod 7343 0x0000022d4ae96b10 code [0x0000022d4ae96cc0, 0x0000022d4ae96eb8]
Event: 58.369 Thread 0x0000022d605a2710 7344       3       org.eclipse.jdt.internal.core.util.SimpleWordSet::add (81 bytes)
Event: 58.370 Thread 0x0000022d605a2710 nmethod 7344 0x0000022d4ae97010 code [0x0000022d4ae97200, 0x0000022d4ae977c8]
Event: 58.376 Thread 0x0000022d605a2710 7346       2       org.eclipse.jdt.internal.compiler.util.CharDeduplication::intern (11 bytes)
Event: 58.376 Thread 0x0000022d605a2710 nmethod 7346 0x0000022d4ae97a90 code [0x0000022d4ae97c40, 0x0000022d4ae97d78]
Event: 58.377 Thread 0x0000022d605a2710 7347       2       org.eclipse.jdt.core.compiler.CharOperation::lastSegment (22 bytes)
Event: 58.377 Thread 0x0000022d605a2710 nmethod 7347 0x0000022d4ae97e90 code [0x0000022d4ae98040, 0x0000022d4ae98228]

GC Heap History (20 events):
Event: 52.900 GC heap before
{Heap before GC invocations=22 (full 2):
 PSYoungGen      total 24064K, used 23760K [0x00000000eab00000, 0x00000000ec580000, 0x0000000100000000)
  eden space 22016K, 100% used [0x00000000eab00000,0x00000000ec080000,0x00000000ec080000)
  from space 2048K, 85% used [0x00000000ec080000,0x00000000ec234050,0x00000000ec280000)
  to   space 2560K, 0% used [0x00000000ec300000,0x00000000ec300000,0x00000000ec580000)
 ParOldGen       total 68608K, used 23138K [0x00000000c0000000, 0x00000000c4300000, 0x00000000eab00000)
  object space 68608K, 33% used [0x00000000c0000000,0x00000000c1698a68,0x00000000c4300000)
 Metaspace       used 52933K, committed 53952K, reserved 1114112K
  class space    used 5673K, committed 6144K, reserved 1048576K
}
Event: 52.910 GC heap after
{Heap after GC invocations=22 (full 2):
 PSYoungGen      total 24576K, used 2112K [0x00000000eab00000, 0x00000000ec580000, 0x0000000100000000)
  eden space 22016K, 0% used [0x00000000eab00000,0x00000000eab00000,0x00000000ec080000)
  from space 2560K, 82% used [0x00000000ec300000,0x00000000ec510010,0x00000000ec580000)
  to   space 2560K, 0% used [0x00000000ec080000,0x00000000ec080000,0x00000000ec300000)
 ParOldGen       total 68608K, used 24791K [0x00000000c0000000, 0x00000000c4300000, 0x00000000eab00000)
  object space 68608K, 36% used [0x00000000c0000000,0x00000000c1835db0,0x00000000c4300000)
 Metaspace       used 52933K, committed 53952K, reserved 1114112K
  class space    used 5673K, committed 6144K, reserved 1048576K
}
Event: 53.193 GC heap before
{Heap before GC invocations=23 (full 2):
 PSYoungGen      total 24576K, used 24128K [0x00000000eab00000, 0x00000000ec580000, 0x0000000100000000)
  eden space 22016K, 100% used [0x00000000eab00000,0x00000000ec080000,0x00000000ec080000)
  from space 2560K, 82% used [0x00000000ec300000,0x00000000ec510010,0x00000000ec580000)
  to   space 2560K, 0% used [0x00000000ec080000,0x00000000ec080000,0x00000000ec300000)
 ParOldGen       total 68608K, used 24791K [0x00000000c0000000, 0x00000000c4300000, 0x00000000eab00000)
  object space 68608K, 36% used [0x00000000c0000000,0x00000000c1835db0,0x00000000c4300000)
 Metaspace       used 52969K, committed 53952K, reserved 1114112K
  class space    used 5673K, committed 6144K, reserved 1048576K
}
Event: 53.200 GC heap after
{Heap after GC invocations=23 (full 2):
 PSYoungGen      total 24064K, used 1920K [0x00000000eab00000, 0x00000000ec480000, 0x0000000100000000)
  eden space 22016K, 0% used [0x00000000eab00000,0x00000000eab00000,0x00000000ec080000)
  from space 2048K, 93% used [0x00000000ec080000,0x00000000ec260010,0x00000000ec280000)
  to   space 2048K, 0% used [0x00000000ec280000,0x00000000ec280000,0x00000000ec480000)
 ParOldGen       total 68608K, used 26771K [0x00000000c0000000, 0x00000000c4300000, 0x00000000eab00000)
  object space 68608K, 39% used [0x00000000c0000000,0x00000000c1a24e68,0x00000000c4300000)
 Metaspace       used 52969K, committed 53952K, reserved 1114112K
  class space    used 5673K, committed 6144K, reserved 1048576K
}
Event: 53.728 GC heap before
{Heap before GC invocations=24 (full 2):
 PSYoungGen      total 24064K, used 23936K [0x00000000eab00000, 0x00000000ec480000, 0x0000000100000000)
  eden space 22016K, 100% used [0x00000000eab00000,0x00000000ec080000,0x00000000ec080000)
  from space 2048K, 93% used [0x00000000ec080000,0x00000000ec260010,0x00000000ec280000)
  to   space 2048K, 0% used [0x00000000ec280000,0x00000000ec280000,0x00000000ec480000)
 ParOldGen       total 68608K, used 26771K [0x00000000c0000000, 0x00000000c4300000, 0x00000000eab00000)
  object space 68608K, 39% used [0x00000000c0000000,0x00000000c1a24e68,0x00000000c4300000)
 Metaspace       used 53184K, committed 54208K, reserved 1114112K
  class space    used 5704K, committed 6208K, reserved 1048576K
}
Event: 53.735 GC heap after
{Heap after GC invocations=24 (full 2):
 PSYoungGen      total 24064K, used 1816K [0x00000000eab00000, 0x00000000ec480000, 0x0000000100000000)
  eden space 22016K, 0% used [0x00000000eab00000,0x00000000eab00000,0x00000000ec080000)
  from space 2048K, 88% used [0x00000000ec280000,0x00000000ec446218,0x00000000ec480000)
  to   space 2048K, 0% used [0x00000000ec080000,0x00000000ec080000,0x00000000ec280000)
 ParOldGen       total 68608K, used 28651K [0x00000000c0000000, 0x00000000c4300000, 0x00000000eab00000)
  object space 68608K, 41% used [0x00000000c0000000,0x00000000c1bfae78,0x00000000c4300000)
 Metaspace       used 53184K, committed 54208K, reserved 1114112K
  class space    used 5704K, committed 6208K, reserved 1048576K
}
Event: 53.858 GC heap before
{Heap before GC invocations=25 (full 2):
 PSYoungGen      total 24064K, used 23832K [0x00000000eab00000, 0x00000000ec480000, 0x0000000100000000)
  eden space 22016K, 100% used [0x00000000eab00000,0x00000000ec080000,0x00000000ec080000)
  from space 2048K, 88% used [0x00000000ec280000,0x00000000ec446218,0x00000000ec480000)
  to   space 2048K, 0% used [0x00000000ec080000,0x00000000ec080000,0x00000000ec280000)
 ParOldGen       total 68608K, used 28651K [0x00000000c0000000, 0x00000000c4300000, 0x00000000eab00000)
  object space 68608K, 41% used [0x00000000c0000000,0x00000000c1bfae78,0x00000000c4300000)
 Metaspace       used 53191K, committed 54208K, reserved 1114112K
  class space    used 5704K, committed 6208K, reserved 1048576K
}
Event: 53.863 GC heap after
{Heap after GC invocations=25 (full 2):
 PSYoungGen      total 24064K, used 1440K [0x00000000eab00000, 0x00000000ec480000, 0x0000000100000000)
  eden space 22016K, 0% used [0x00000000eab00000,0x00000000eab00000,0x00000000ec080000)
  from space 2048K, 70% used [0x00000000ec080000,0x00000000ec1e8000,0x00000000ec280000)
  to   space 2048K, 0% used [0x00000000ec280000,0x00000000ec280000,0x00000000ec480000)
 ParOldGen       total 68608K, used 30325K [0x00000000c0000000, 0x00000000c4300000, 0x00000000eab00000)
  object space 68608K, 44% used [0x00000000c0000000,0x00000000c1d9d548,0x00000000c4300000)
 Metaspace       used 53191K, committed 54208K, reserved 1114112K
  class space    used 5704K, committed 6208K, reserved 1048576K
}
Event: 54.108 GC heap before
{Heap before GC invocations=26 (full 2):
 PSYoungGen      total 24064K, used 23456K [0x00000000eab00000, 0x00000000ec480000, 0x0000000100000000)
  eden space 22016K, 100% used [0x00000000eab00000,0x00000000ec080000,0x00000000ec080000)
  from space 2048K, 70% used [0x00000000ec080000,0x00000000ec1e8000,0x00000000ec280000)
  to   space 2048K, 0% used [0x00000000ec280000,0x00000000ec280000,0x00000000ec480000)
 ParOldGen       total 68608K, used 30325K [0x00000000c0000000, 0x00000000c4300000, 0x00000000eab00000)
  object space 68608K, 44% used [0x00000000c0000000,0x00000000c1d9d548,0x00000000c4300000)
 Metaspace       used 53335K, committed 54400K, reserved 1114112K
  class space    used 5712K, committed 6208K, reserved 1048576K
}
Event: 54.114 GC heap after
{Heap after GC invocations=26 (full 2):
 PSYoungGen      total 22016K, used 2016K [0x00000000eab00000, 0x00000000ec880000, 0x0000000100000000)
  eden space 19968K, 0% used [0x00000000eab00000,0x00000000eab00000,0x00000000ebe80000)
  from space 2048K, 98% used [0x00000000ec280000,0x00000000ec478010,0x00000000ec480000)
  to   space 4096K, 0% used [0x00000000ebe80000,0x00000000ebe80000,0x00000000ec280000)
 ParOldGen       total 68608K, used 31717K [0x00000000c0000000, 0x00000000c4300000, 0x00000000eab00000)
  object space 68608K, 46% used [0x00000000c0000000,0x00000000c1ef9548,0x00000000c4300000)
 Metaspace       used 53335K, committed 54400K, reserved 1114112K
  class space    used 5712K, committed 6208K, reserved 1048576K
}
Event: 54.360 GC heap before
{Heap before GC invocations=27 (full 2):
 PSYoungGen      total 22016K, used 21984K [0x00000000eab00000, 0x00000000ec880000, 0x0000000100000000)
  eden space 19968K, 100% used [0x00000000eab00000,0x00000000ebe80000,0x00000000ebe80000)
  from space 2048K, 98% used [0x00000000ec280000,0x00000000ec478010,0x00000000ec480000)
  to   space 4096K, 0% used [0x00000000ebe80000,0x00000000ebe80000,0x00000000ec280000)
 ParOldGen       total 68608K, used 31717K [0x00000000c0000000, 0x00000000c4300000, 0x00000000eab00000)
  object space 68608K, 46% used [0x00000000c0000000,0x00000000c1ef9548,0x00000000c4300000)
 Metaspace       used 53546K, committed 54592K, reserved 1114112K
  class space    used 5726K, committed 6208K, reserved 1048576K
}
Event: 54.367 GC heap after
{Heap after GC invocations=27 (full 2):
 PSYoungGen      total 22016K, used 1872K [0x00000000eab00000, 0x00000000ec380000, 0x0000000100000000)
  eden space 19968K, 0% used [0x00000000eab00000,0x00000000eab00000,0x00000000ebe80000)
  from space 2048K, 91% used [0x00000000ebe80000,0x00000000ec054010,0x00000000ec080000)
  to   space 2560K, 0% used [0x00000000ec100000,0x00000000ec100000,0x00000000ec380000)
 ParOldGen       total 68608K, used 33645K [0x00000000c0000000, 0x00000000c4300000, 0x00000000eab00000)
  object space 68608K, 49% used [0x00000000c0000000,0x00000000c20db558,0x00000000c4300000)
 Metaspace       used 53546K, committed 54592K, reserved 1114112K
  class space    used 5726K, committed 6208K, reserved 1048576K
}
Event: 54.543 GC heap before
{Heap before GC invocations=28 (full 2):
 PSYoungGen      total 22016K, used 21840K [0x00000000eab00000, 0x00000000ec380000, 0x0000000100000000)
  eden space 19968K, 100% used [0x00000000eab00000,0x00000000ebe80000,0x00000000ebe80000)
  from space 2048K, 91% used [0x00000000ebe80000,0x00000000ec054010,0x00000000ec080000)
  to   space 2560K, 0% used [0x00000000ec100000,0x00000000ec100000,0x00000000ec380000)
 ParOldGen       total 68608K, used 33645K [0x00000000c0000000, 0x00000000c4300000, 0x00000000eab00000)
  object space 68608K, 49% used [0x00000000c0000000,0x00000000c20db558,0x00000000c4300000)
 Metaspace       used 53627K, committed 54656K, reserved 1114112K
  class space    used 5734K, committed 6208K, reserved 1048576K
}
Event: 54.551 GC heap after
{Heap after GC invocations=28 (full 2):
 PSYoungGen      total 22528K, used 2008K [0x00000000eab00000, 0x00000000ec380000, 0x0000000100000000)
  eden space 19968K, 0% used [0x00000000eab00000,0x00000000eab00000,0x00000000ebe80000)
  from space 2560K, 78% used [0x00000000ec100000,0x00000000ec2f6240,0x00000000ec380000)
  to   space 2560K, 0% used [0x00000000ebe80000,0x00000000ebe80000,0x00000000ec100000)
 ParOldGen       total 68608K, used 35426K [0x00000000c0000000, 0x00000000c4300000, 0x00000000eab00000)
  object space 68608K, 51% used [0x00000000c0000000,0x00000000c22988b0,0x00000000c4300000)
 Metaspace       used 53627K, committed 54656K, reserved 1114112K
  class space    used 5734K, committed 6208K, reserved 1048576K
}
Event: 54.918 GC heap before
{Heap before GC invocations=29 (full 2):
 PSYoungGen      total 22528K, used 21976K [0x00000000eab00000, 0x00000000ec380000, 0x0000000100000000)
  eden space 19968K, 100% used [0x00000000eab00000,0x00000000ebe80000,0x00000000ebe80000)
  from space 2560K, 78% used [0x00000000ec100000,0x00000000ec2f6240,0x00000000ec380000)
  to   space 2560K, 0% used [0x00000000ebe80000,0x00000000ebe80000,0x00000000ec100000)
 ParOldGen       total 68608K, used 35426K [0x00000000c0000000, 0x00000000c4300000, 0x00000000eab00000)
  object space 68608K, 51% used [0x00000000c0000000,0x00000000c22988b0,0x00000000c4300000)
 Metaspace       used 53977K, committed 55040K, reserved 1114112K
  class space    used 5752K, committed 6208K, reserved 1048576K
}
Event: 54.929 GC heap after
{Heap after GC invocations=29 (full 2):
 PSYoungGen      total 22528K, used 2528K [0x00000000eab00000, 0x00000000ecb80000, 0x0000000100000000)
  eden space 19968K, 0% used [0x00000000eab00000,0x00000000eab00000,0x00000000ebe80000)
  from space 2560K, 98% used [0x00000000ebe80000,0x00000000ec0f8010,0x00000000ec100000)
  to   space 6656K, 0% used [0x00000000ec500000,0x00000000ec500000,0x00000000ecb80000)
 ParOldGen       total 68608K, used 38683K [0x00000000c0000000, 0x00000000c4300000, 0x00000000eab00000)
  object space 68608K, 56% used [0x00000000c0000000,0x00000000c25c6c48,0x00000000c4300000)
 Metaspace       used 53977K, committed 55040K, reserved 1114112K
  class space    used 5752K, committed 6208K, reserved 1048576K
}
Event: 55.253 GC heap before
{Heap before GC invocations=30 (full 2):
 PSYoungGen      total 22528K, used 22496K [0x00000000eab00000, 0x00000000ecb80000, 0x0000000100000000)
  eden space 19968K, 100% used [0x00000000eab00000,0x00000000ebe80000,0x00000000ebe80000)
  from space 2560K, 98% used [0x00000000ebe80000,0x00000000ec0f8010,0x00000000ec100000)
  to   space 6656K, 0% used [0x00000000ec500000,0x00000000ec500000,0x00000000ecb80000)
 ParOldGen       total 68608K, used 38683K [0x00000000c0000000, 0x00000000c4300000, 0x00000000eab00000)
  object space 68608K, 56% used [0x00000000c0000000,0x00000000c25c6c48,0x00000000c4300000)
 Metaspace       used 54262K, committed 55360K, reserved 1114112K
  class space    used 5787K, committed 6272K, reserved 1048576K
}
Event: 55.265 GC heap after
{Heap after GC invocations=30 (full 2):
 PSYoungGen      total 22016K, used 1984K [0x00000000eab00000, 0x00000000ec700000, 0x0000000100000000)
  eden space 19968K, 0% used [0x00000000eab00000,0x00000000eab00000,0x00000000ebe80000)
  from space 2048K, 96% used [0x00000000ec500000,0x00000000ec6f0010,0x00000000ec700000)
  to   space 3584K, 0% used [0x00000000ec000000,0x00000000ec000000,0x00000000ec380000)
 ParOldGen       total 68608K, used 41179K [0x00000000c0000000, 0x00000000c4300000, 0x00000000eab00000)
  object space 68608K, 60% used [0x00000000c0000000,0x00000000c2836c48,0x00000000c4300000)
 Metaspace       used 54262K, committed 55360K, reserved 1114112K
  class space    used 5787K, committed 6272K, reserved 1048576K
}
Event: 57.439 GC heap before
{Heap before GC invocations=31 (full 2):
 PSYoungGen      total 22016K, used 21941K [0x00000000eab00000, 0x00000000ec700000, 0x0000000100000000)
  eden space 19968K, 99% used [0x00000000eab00000,0x00000000ebe7d400,0x00000000ebe80000)
  from space 2048K, 96% used [0x00000000ec500000,0x00000000ec6f0010,0x00000000ec700000)
  to   space 3584K, 0% used [0x00000000ec000000,0x00000000ec000000,0x00000000ec380000)
 ParOldGen       total 68608K, used 41179K [0x00000000c0000000, 0x00000000c4300000, 0x00000000eab00000)
  object space 68608K, 60% used [0x00000000c0000000,0x00000000c2836c48,0x00000000c4300000)
 Metaspace       used 54764K, committed 55808K, reserved 1114112K
  class space    used 5823K, committed 6272K, reserved 1048576K
}
Event: 57.447 GC heap after
{Heap after GC invocations=31 (full 2):
 PSYoungGen      total 22528K, used 2104K [0x00000000eab00000, 0x00000000ec580000, 0x0000000100000000)
  eden space 19968K, 0% used [0x00000000eab00000,0x00000000eab00000,0x00000000ebe80000)
  from space 2560K, 82% used [0x00000000ec000000,0x00000000ec20e290,0x00000000ec280000)
  to   space 2560K, 0% used [0x00000000ec300000,0x00000000ec300000,0x00000000ec580000)
 ParOldGen       total 68608K, used 42955K [0x00000000c0000000, 0x00000000c4300000, 0x00000000eab00000)
  object space 68608K, 62% used [0x00000000c0000000,0x00000000c29f2c88,0x00000000c4300000)
 Metaspace       used 54764K, committed 55808K, reserved 1114112K
  class space    used 5823K, committed 6272K, reserved 1048576K
}

Dll operation events (10 events):
Event: 0.061 Loaded shared library c:\Users\jhonn\.vscode\extensions\redhat.java-1.29.0-win32-x64\jre\17.0.10-win32-x86_64\bin\java.dll
Event: 1.654 Loaded shared library c:\Users\jhonn\.vscode\extensions\redhat.java-1.29.0-win32-x64\jre\17.0.10-win32-x86_64\bin\zip.dll
Event: 1.681 Loaded shared library C:\Users\jhonn\.vscode\extensions\redhat.java-1.29.0-win32-x64\jre\17.0.10-win32-x86_64\bin\instrument.dll
Event: 1.719 Loaded shared library C:\Users\jhonn\.vscode\extensions\redhat.java-1.29.0-win32-x64\jre\17.0.10-win32-x86_64\bin\net.dll
Event: 1.794 Loaded shared library C:\Users\jhonn\.vscode\extensions\redhat.java-1.29.0-win32-x64\jre\17.0.10-win32-x86_64\bin\nio.dll
Event: 1.958 Loaded shared library C:\Users\jhonn\.vscode\extensions\redhat.java-1.29.0-win32-x64\jre\17.0.10-win32-x86_64\bin\zip.dll
Event: 2.211 Loaded shared library C:\Users\jhonn\.vscode\extensions\redhat.java-1.29.0-win32-x64\jre\17.0.10-win32-x86_64\bin\jimage.dll
Event: 3.226 Loaded shared library c:\Users\jhonn\.vscode\extensions\redhat.java-1.29.0-win32-x64\jre\17.0.10-win32-x86_64\bin\verify.dll
Event: 27.996 Loaded shared library C:\Users\jhonn\AppData\Roaming\Code\User\globalStorage\redhat.java\1.29.0\config_win\org.eclipse.equinox.launcher\org.eclipse.equinox.launcher.win32.win32.x86_64_1.2.900.v20240213-1244\eclipse_11900.dll
Event: 45.919 Loaded shared library C:\Users\jhonn\AppData\Local\Temp\jna-101101681\jna9747474406286002858.dll

Deoptimization events (20 events):
Event: 55.124 Thread 0x0000022d60e3b8d0 Uncommon trap: trap_request=0xffffffbe fr.pc=0x0000022d51f17860 relative=0x00000000000006a0
Event: 55.124 Thread 0x0000022d60e3b8d0 Uncommon trap: reason=profile_predicate action=maybe_recompile pc=0x0000022d51f17860 method=org.eclipse.jdt.internal.core.util.HashtableOfArrayToObject.get([Ljava/lang/Object;)Ljava/lang/Object; @ 64 c2
Event: 55.124 Thread 0x0000022d60e3b8d0 DEOPT PACKING pc=0x0000022d51f17860 sp=0x0000007d919fd400
Event: 55.125 Thread 0x0000022d60e3b8d0 DEOPT UNPACKING pc=0x0000022d516f66a3 sp=0x0000007d919fd3b0 mode 2
Event: 55.355 Thread 0x0000022d60e3b8d0 DEOPT PACKING pc=0x0000022d4adf357c sp=0x0000007d919fcd40
Event: 55.355 Thread 0x0000022d60e3b8d0 DEOPT UNPACKING pc=0x0000022d516f6e43 sp=0x0000007d919fc2c0 mode 0
Event: 55.360 Thread 0x0000022d60e3b8d0 DEOPT PACKING pc=0x0000022d4acf0618 sp=0x0000007d919fd180
Event: 55.360 Thread 0x0000022d60e3b8d0 DEOPT UNPACKING pc=0x0000022d516f6e43 sp=0x0000007d919fc670 mode 0
Event: 57.563 Thread 0x0000022d60e3b8d0 DEOPT PACKING pc=0x0000022d4adf357c sp=0x0000007d919fe4a0
Event: 57.564 Thread 0x0000022d60e3b8d0 DEOPT UNPACKING pc=0x0000022d516f6e43 sp=0x0000007d919fda20 mode 0
Event: 57.684 Thread 0x0000022d60e3b8d0 DEOPT PACKING pc=0x0000022d4adf357c sp=0x0000007d919fe4a0
Event: 57.684 Thread 0x0000022d60e3b8d0 DEOPT UNPACKING pc=0x0000022d516f6e43 sp=0x0000007d919fda20 mode 0
Event: 57.837 Thread 0x0000022d60e3b8d0 DEOPT PACKING pc=0x0000022d4adf357c sp=0x0000007d919fdee0
Event: 57.837 Thread 0x0000022d60e3b8d0 DEOPT UNPACKING pc=0x0000022d516f6e43 sp=0x0000007d919fd460 mode 0
Event: 57.884 Thread 0x0000022d60e3b8d0 DEOPT PACKING pc=0x0000022d4adf357c sp=0x0000007d919fdee0
Event: 57.884 Thread 0x0000022d60e3b8d0 DEOPT UNPACKING pc=0x0000022d516f6e43 sp=0x0000007d919fd460 mode 0
Event: 58.368 Thread 0x0000022d60e3bde0 Uncommon trap: trap_request=0xffffff6e fr.pc=0x0000022d51f2a4cc relative=0x00000000000003ac
Event: 58.368 Thread 0x0000022d60e3bde0 Uncommon trap: reason=loop_limit_check action=maybe_recompile pc=0x0000022d51f2a4cc method=org.eclipse.jdt.internal.compiler.classfmt.ClassFileStruct.utf8At(II)[C @ 143 c2
Event: 58.368 Thread 0x0000022d60e3bde0 DEOPT PACKING pc=0x0000022d51f2a4cc sp=0x0000007d915fee20
Event: 58.368 Thread 0x0000022d60e3bde0 DEOPT UNPACKING pc=0x0000022d516f66a3 sp=0x0000007d915fedb8 mode 2

Classes unloaded (9 events):
Event: 40.927 Thread 0x0000022d5b2fc350 Unloading class 0x0000000100382000 'java/lang/invoke/LambdaForm$MH+0x0000000100382000'
Event: 40.927 Thread 0x0000022d5b2fc350 Unloading class 0x0000000100381400 'java/lang/invoke/LambdaForm$MH+0x0000000100381400'
Event: 40.927 Thread 0x0000022d5b2fc350 Unloading class 0x000000010024a400 'java/lang/invoke/LambdaForm$MH+0x000000010024a400'
Event: 40.927 Thread 0x0000022d5b2fc350 Unloading class 0x000000010024a000 'java/lang/invoke/LambdaForm$MH+0x000000010024a000'
Event: 40.927 Thread 0x0000022d5b2fc350 Unloading class 0x0000000100249c00 'java/lang/invoke/LambdaForm$MH+0x0000000100249c00'
Event: 40.927 Thread 0x0000022d5b2fc350 Unloading class 0x0000000100249800 'java/lang/invoke/LambdaForm$MH+0x0000000100249800'
Event: 40.927 Thread 0x0000022d5b2fc350 Unloading class 0x0000000100249400 'java/lang/invoke/LambdaForm$BMH+0x0000000100249400'
Event: 40.927 Thread 0x0000022d5b2fc350 Unloading class 0x0000000100249000 'java/lang/invoke/LambdaForm$DMH+0x0000000100249000'
Event: 40.927 Thread 0x0000022d5b2fc350 Unloading class 0x0000000100244400 'java/lang/invoke/LambdaForm$DMH+0x0000000100244400'

Classes redefined (0 events):
No events

Internal exceptions (20 events):
Event: 54.798 Thread 0x0000022d60e3c2f0 Exception <a 'sun/nio/fs/WindowsException'{0x00000000eb6bb760}> (0x00000000eb6bb760) 
thrown [s\src\hotspot\share\prims\jni.cpp, line 516]
Event: 54.800 Thread 0x0000022d60e3c2f0 Exception <a 'sun/nio/fs/WindowsException'{0x00000000eb6bea30}> (0x00000000eb6bea30) 
thrown [s\src\hotspot\share\prims\jni.cpp, line 516]
Event: 54.810 Thread 0x0000022d60e3c2f0 Exception <a 'sun/nio/fs/WindowsException'{0x00000000eb6c25f8}> (0x00000000eb6c25f8) 
thrown [s\src\hotspot\share\prims\jni.cpp, line 516]
Event: 54.814 Thread 0x0000022d60e3c2f0 Exception <a 'sun/nio/fs/WindowsException'{0x00000000eb6c5768}> (0x00000000eb6c5768) 
thrown [s\src\hotspot\share\prims\jni.cpp, line 516]
Event: 54.819 Thread 0x0000022d60e3c2f0 Exception <a 'sun/nio/fs/WindowsException'{0x00000000eb6cb5d0}> (0x00000000eb6cb5d0) 
thrown [s\src\hotspot\share\prims\jni.cpp, line 516]
Event: 54.821 Thread 0x0000022d60e3c2f0 Exception <a 'sun/nio/fs/WindowsException'{0x00000000eb6ce7a0}> (0x00000000eb6ce7a0) 
thrown [s\src\hotspot\share\prims\jni.cpp, line 516]
Event: 54.823 Thread 0x0000022d60e3c2f0 Exception <a 'sun/nio/fs/WindowsException'{0x00000000ebb20c20}> (0x00000000ebb20c20) 
thrown [s\src\hotspot\share\prims\jni.cpp, line 516]
Event: 54.824 Thread 0x0000022d60e3c2f0 Exception <a 'sun/nio/fs/WindowsException'{0x00000000ebb23ce8}> (0x00000000ebb23ce8) 
thrown [s\src\hotspot\share\prims\jni.cpp, line 516]
Event: 54.826 Thread 0x0000022d60e3c2f0 Exception <a 'sun/nio/fs/WindowsException'{0x00000000ebb26fd8}> (0x00000000ebb26fd8) 
thrown [s\src\hotspot\share\prims\jni.cpp, line 516]
Event: 54.862 Thread 0x0000022d60e3c2f0 Exception <a 'sun/nio/fs/WindowsException'{0x00000000ebb2a568}> (0x00000000ebb2a568) 
thrown [s\src\hotspot\share\prims\jni.cpp, line 516]
Event: 54.869 Thread 0x0000022d60e3c2f0 Exception <a 'sun/nio/fs/WindowsException'{0x00000000ebb2e068}> (0x00000000ebb2e068) 
thrown [s\src\hotspot\share\prims\jni.cpp, line 516]
Event: 54.872 Thread 0x0000022d60e3c2f0 Exception <a 'sun/nio/fs/WindowsException'{0x00000000ebb31620}> (0x00000000ebb31620) 
thrown [s\src\hotspot\share\prims\jni.cpp, line 516]
Event: 54.874 Thread 0x0000022d60e3c2f0 Exception <a 'sun/nio/fs/WindowsException'{0x00000000ebb34820}> (0x00000000ebb34820) 
thrown [s\src\hotspot\share\prims\jni.cpp, line 516]
Event: 54.954 Thread 0x0000022d60e3c2f0 Exception <a 'java/lang/NoSuchMethodError'{0x00000000eaccc810}: 'void java.lang.invoke.DirectMethodHandle$Holder.invokeStatic(java.lang.Object, long)'> (0x00000000eaccc810) 
thrown [s\src\hotspot\share\interpreter\linkResolver.cpp, line 759]
Event: 54.955 Thread 0x0000022d60e3c2f0 Exception <a 'java/lang/NoSuchMethodError'{0x00000000eacd1bb8}: 'java.lang.Object java.lang.invoke.DirectMethodHandle$Holder.newInvokeSpecial(java.lang.Object, long)'> (0x00000000eacd1bb8) 
thrown [s\src\hotspot\share\interpreter\linkResolver.cpp, line 759]
Event: 55.588 Thread 0x0000022d60e3b8d0 Exception <a 'java/io/FileNotFoundException'{0x00000000eaee94e0}> (0x00000000eaee94e0) 
thrown [s\src\hotspot\share\prims\jni.cpp, line 516]
Event: 55.902 Thread 0x0000022d60e3b8d0 Exception <a 'java/io/FileNotFoundException'{0x00000000eb908800}> (0x00000000eb908800) 
thrown [s\src\hotspot\share\prims\jni.cpp, line 516]
Event: 57.904 Thread 0x0000022d60e3b8d0 Exception <a 'java/io/FileNotFoundException'{0x00000000eb743d10}> (0x00000000eb743d10) 
thrown [s\src\hotspot\share\prims\jni.cpp, line 516]
Event: 57.905 Thread 0x0000022d60e3b8d0 Exception <a 'java/io/FileNotFoundException'{0x00000000eb744d48}> (0x00000000eb744d48) 
thrown [s\src\hotspot\share\prims\jni.cpp, line 516]
Event: 57.905 Thread 0x0000022d60e3b8d0 Exception <a 'java/io/FileNotFoundException'{0x00000000eb745ad0}> (0x00000000eb745ad0) 
thrown [s\src\hotspot\share\prims\jni.cpp, line 516]

VM Operations (20 events):
Event: 53.736 Executing VM operation: ParallelGCFailedAllocation done
Event: 53.858 Executing VM operation: ParallelGCFailedAllocation
Event: 53.863 Executing VM operation: ParallelGCFailedAllocation done
Event: 54.107 Executing VM operation: ParallelGCFailedAllocation
Event: 54.114 Executing VM operation: ParallelGCFailedAllocation done
Event: 54.353 Executing VM operation: ParallelGCFailedAllocation
Event: 54.368 Executing VM operation: ParallelGCFailedAllocation done
Event: 54.543 Executing VM operation: ParallelGCFailedAllocation
Event: 54.551 Executing VM operation: ParallelGCFailedAllocation done
Event: 54.918 Executing VM operation: ParallelGCFailedAllocation
Event: 54.929 Executing VM operation: ParallelGCFailedAllocation done
Event: 54.959 Executing VM operation: HandshakeAllThreads
Event: 54.959 Executing VM operation: HandshakeAllThreads done
Event: 55.253 Executing VM operation: ParallelGCFailedAllocation
Event: 55.265 Executing VM operation: ParallelGCFailedAllocation done
Event: 56.269 Executing VM operation: Cleanup
Event: 57.011 Executing VM operation: Cleanup done
Event: 57.439 Executing VM operation: ParallelGCFailedAllocation
Event: 57.448 Executing VM operation: ParallelGCFailedAllocation done
Event: 58.448 Executing VM operation: Cleanup

Events (20 events):
Event: 54.959 loading class jdk/internal/event/ProcessStartEvent done
Event: 55.062 Thread 0x0000022d6221edb0 Thread added: 0x0000022d6221edb0
Event: 55.131 loading class java/util/concurrent/CompletableFuture$Signaller
Event: 55.132 loading class java/util/concurrent/CompletableFuture$Signaller done
Event: 55.132 loading class java/util/concurrent/ForkJoinTask$Aux
Event: 55.133 loading class java/util/concurrent/ForkJoinTask$Aux done
Event: 55.901 Thread 0x0000022d6221c530 Thread added: 0x0000022d6221c530
Event: 55.930 loading class java/util/zip/ZipError
Event: 55.931 loading class java/util/zip/ZipError done
Event: 57.003 Thread 0x0000022d6221ca40 Thread added: 0x0000022d6221ca40
Event: 57.060 loading class java/lang/invoke/BoundMethodHandle$Species_LLLLLLLLLL
Event: 57.061 loading class java/lang/invoke/BoundMethodHandle$Species_LLLLLLLLLL done
Event: 57.072 loading class java/lang/invoke/BoundMethodHandle$Species_LLLLLLLLLLL
Event: 57.072 loading class java/lang/invoke/BoundMethodHandle$Species_LLLLLLLLLLL done
Event: 57.091 loading class java/lang/invoke/BoundMethodHandle$Species_LLLLLLLLLLLL
Event: 57.108 loading class java/lang/invoke/BoundMethodHandle$Species_LLLLLLLLLLLL done
Event: 57.111 loading class java/lang/invoke/BoundMethodHandle$Species_LLLLLLLLLLLLL
Event: 57.111 loading class java/lang/invoke/BoundMethodHandle$Species_LLLLLLLLLLLLL done
Event: 57.898 loading class java/util/WeakHashMap$KeyIterator
Event: 57.898 loading class java/util/WeakHashMap$KeyIterator done


Dynamic libraries:
0x00007ff6416b0000 - 0x00007ff6416be000 	c:\Users\jhonn\.vscode\extensions\redhat.java-1.29.0-win32-x64\jre\17.0.10-win32-x86_64\bin\java.exe
0x00007ff972450000 - 0x00007ff972648000 	C:\WINDOWS\SYSTEM32\ntdll.dll
0x00007ff971fa0000 - 0x00007ff97205d000 	C:\WINDOWS\System32\KERNEL32.DLL
0x00007ff96ffe0000 - 0x00007ff9702d6000 	C:\WINDOWS\System32\KERNELBASE.dll
0x00007ff970380000 - 0x00007ff970480000 	C:\WINDOWS\System32\ucrtbase.dll
0x00007ff968d70000 - 0x00007ff968d87000 	c:\Users\jhonn\.vscode\extensions\redhat.java-1.29.0-win32-x64\jre\17.0.10-win32-x86_64\bin\jli.dll
0x00007ff970480000 - 0x00007ff97061f000 	C:\WINDOWS\System32\USER32.dll
0x00007ff970350000 - 0x00007ff970372000 	C:\WINDOWS\System32\win32u.dll
0x00007ff971e10000 - 0x00007ff971e3b000 	C:\WINDOWS\System32\GDI32.dll
0x00007ff96fd60000 - 0x00007ff96fe77000 	C:\WINDOWS\System32\gdi32full.dll
0x00007ff96fc10000 - 0x00007ff96fcad000 	C:\WINDOWS\System32\msvcp_win.dll
0x00007ff968d50000 - 0x00007ff968d6b000 	c:\Users\jhonn\.vscode\extensions\redhat.java-1.29.0-win32-x64\jre\17.0.10-win32-x86_64\bin\VCRUNTIME140.dll
0x00007ff962a20000 - 0x00007ff962cba000 	C:\WINDOWS\WinSxS\amd64_microsoft.windows.common-controls_6595b64144ccf1df_6.0.19041.3636_none_60b6a03d71f818d5\COMCTL32.dll
0x00007ff972060000 - 0x00007ff9720fe000 	C:\WINDOWS\System32\msvcrt.dll
0x00007ff9707e0000 - 0x00007ff970812000 	C:\WINDOWS\System32\IMM32.DLL
0x00007ff968d40000 - 0x00007ff968d4c000 	c:\Users\jhonn\.vscode\extensions\redhat.java-1.29.0-win32-x64\jre\17.0.10-win32-x86_64\bin\vcruntime140_1.dll
0x00007ff968cb0000 - 0x00007ff968d3d000 	c:\Users\jhonn\.vscode\extensions\redhat.java-1.29.0-win32-x64\jre\17.0.10-win32-x86_64\bin\msvcp140.dll
0x00007ff925ae0000 - 0x00007ff926742000 	c:\Users\jhonn\.vscode\extensions\redhat.java-1.29.0-win32-x64\jre\17.0.10-win32-x86_64\bin\server\jvm.dll
0x00007ff9722c0000 - 0x00007ff972370000 	C:\WINDOWS\System32\ADVAPI32.dll
0x00007ff972100000 - 0x00007ff9721a0000 	C:\WINDOWS\System32\sechost.dll
0x00007ff971ce0000 - 0x00007ff971e03000 	C:\WINDOWS\System32\RPCRT4.dll
0x00007ff96fbe0000 - 0x00007ff96fc07000 	C:\WINDOWS\System32\bcrypt.dll
0x00007ff96f960000 - 0x00007ff96f9ab000 	C:\WINDOWS\SYSTEM32\POWRPROF.dll
0x00007ff952f90000 - 0x00007ff952f99000 	C:\WINDOWS\SYSTEM32\WSOCK32.dll
0x00007ff970620000 - 0x00007ff97068b000 	C:\WINDOWS\System32\WS2_32.dll
0x00007ff962fb0000 - 0x00007ff962fd7000 	C:\WINDOWS\SYSTEM32\WINMM.dll
0x00007ff962da0000 - 0x00007ff962daa000 	C:\WINDOWS\SYSTEM32\VERSION.dll
0x00007ff96f940000 - 0x00007ff96f952000 	C:\WINDOWS\SYSTEM32\UMPDC.dll
0x00007ff96d990000 - 0x00007ff96d9a2000 	C:\WINDOWS\SYSTEM32\kernel.appcore.dll
0x00007ff968ca0000 - 0x00007ff968caa000 	c:\Users\jhonn\.vscode\extensions\redhat.java-1.29.0-win32-x64\jre\17.0.10-win32-x86_64\bin\jimage.dll
0x00007ff962830000 - 0x00007ff962a14000 	C:\WINDOWS\SYSTEM32\DBGHELP.DLL
0x00007ff961480000 - 0x00007ff9614b4000 	C:\WINDOWS\SYSTEM32\dbgcore.DLL
0x00007ff96fb00000 - 0x00007ff96fb82000 	C:\WINDOWS\System32\bcryptPrimitives.dll
0x00007ff968c90000 - 0x00007ff968c9e000 	c:\Users\jhonn\.vscode\extensions\redhat.java-1.29.0-win32-x64\jre\17.0.10-win32-x86_64\bin\instrument.dll
0x00007ff968c60000 - 0x00007ff968c85000 	c:\Users\jhonn\.vscode\extensions\redhat.java-1.29.0-win32-x64\jre\17.0.10-win32-x86_64\bin\java.dll
0x00007ff968ab0000 - 0x00007ff968ac8000 	c:\Users\jhonn\.vscode\extensions\redhat.java-1.29.0-win32-x64\jre\17.0.10-win32-x86_64\bin\zip.dll
0x00007ff970e60000 - 0x00007ff9715cb000 	C:\WINDOWS\System32\SHELL32.dll
0x00007ff96db90000 - 0x00007ff96e32e000 	C:\WINDOWS\SYSTEM32\windows.storage.dll
0x00007ff970820000 - 0x00007ff970b73000 	C:\WINDOWS\System32\combase.dll
0x00007ff96f460000 - 0x00007ff96f48e000 	C:\WINDOWS\SYSTEM32\Wldp.dll
0x00007ff970710000 - 0x00007ff9707dd000 	C:\WINDOWS\System32\OLEAUT32.dll
0x00007ff971e40000 - 0x00007ff971eed000 	C:\WINDOWS\System32\SHCORE.dll
0x00007ff970b80000 - 0x00007ff970bd5000 	C:\WINDOWS\System32\shlwapi.dll
0x00007ff96fa30000 - 0x00007ff96fa53000 	C:\WINDOWS\SYSTEM32\profapi.dll
0x00007ff968a80000 - 0x00007ff968a99000 	C:\Users\jhonn\.vscode\extensions\redhat.java-1.29.0-win32-x64\jre\17.0.10-win32-x86_64\bin\net.dll
0x00007ff9672e0000 - 0x00007ff9673ea000 	C:\WINDOWS\SYSTEM32\WINHTTP.dll
0x00007ff96f1c0000 - 0x00007ff96f22a000 	C:\WINDOWS\system32\mswsock.dll
0x00007ff968a60000 - 0x00007ff968a76000 	C:\Users\jhonn\.vscode\extensions\redhat.java-1.29.0-win32-x64\jre\17.0.10-win32-x86_64\bin\nio.dll
0x00007ff968a50000 - 0x00007ff968a60000 	c:\Users\jhonn\.vscode\extensions\redhat.java-1.29.0-win32-x64\jre\17.0.10-win32-x86_64\bin\verify.dll
0x00007ff94e6b0000 - 0x00007ff94e6ee000 	C:\Users\jhonn\AppData\Roaming\Code\User\globalStorage\redhat.java\1.29.0\config_win\org.eclipse.equinox.launcher\org.eclipse.equinox.launcher.win32.win32.x86_64_1.2.900.v20240213-1244\eclipse_11900.dll
0x00007ff971710000 - 0x00007ff97183b000 	C:\WINDOWS\System32\ole32.dll
0x00007ff96f3c0000 - 0x00007ff96f3d8000 	C:\WINDOWS\SYSTEM32\CRYPTSP.dll
0x00007ff96eae0000 - 0x00007ff96eb14000 	C:\WINDOWS\system32\rsaenh.dll
0x00007ff96f9b0000 - 0x00007ff96f9de000 	C:\WINDOWS\SYSTEM32\USERENV.dll
0x00007ff96f3b0000 - 0x00007ff96f3bc000 	C:\WINDOWS\SYSTEM32\CRYPTBASE.dll
0x00007ff96eea0000 - 0x00007ff96eedb000 	C:\WINDOWS\SYSTEM32\IPHLPAPI.DLL
0x00007ff971840000 - 0x00007ff971848000 	C:\WINDOWS\System32\NSI.dll
0x00007ff966820000 - 0x00007ff966837000 	C:\WINDOWS\SYSTEM32\dhcpcsvc6.DLL
0x00007ff9673f0000 - 0x00007ff96740d000 	C:\WINDOWS\SYSTEM32\dhcpcsvc.DLL
0x00007ff96eee0000 - 0x00007ff96efab000 	C:\WINDOWS\SYSTEM32\DNSAPI.dll
0x00007ff940160000 - 0x00007ff9401a5000 	C:\Users\jhonn\AppData\Local\Temp\jna-101101681\jna9747474406286002858.dll
0x00007ff972400000 - 0x00007ff972408000 	C:\WINDOWS\System32\PSAPI.DLL

dbghelp: loaded successfully - version: 4.0.5 - missing functions: none
symbol engine: initialized successfully - sym options: 0x614 - pdb path: .;c:\Users\jhonn\.vscode\extensions\redhat.java-1.29.0-win32-x64\jre\17.0.10-win32-x86_64\bin;C:\WINDOWS\SYSTEM32;C:\WINDOWS\WinSxS\amd64_microsoft.windows.common-controls_6595b64144ccf1df_6.0.19041.3636_none_60b6a03d71f818d5;c:\Users\jhonn\.vscode\extensions\redhat.java-1.29.0-win32-x64\jre\17.0.10-win32-x86_64\bin\server;C:\Users\jhonn\AppData\Roaming\Code\User\globalStorage\redhat.java\1.29.0\config_win\org.eclipse.equinox.launcher\org.eclipse.equinox.launcher.win32.win32.x86_64_1.2.900.v20240213-1244;C:\Users\jhonn\AppData\Local\Temp\jna-101101681

VM Arguments:
jvm_args: --add-modules=ALL-SYSTEM --add-opens=java.base/java.util=ALL-UNNAMED --add-opens=java.base/java.lang=ALL-UNNAMED --add-opens=java.base/sun.nio.fs=ALL-UNNAMED -Declipse.application=org.eclipse.jdt.ls.core.id1 -Dosgi.bundles.defaultStartLevel=4 -Declipse.product=org.eclipse.jdt.ls.core.product -Djava.import.generatesMetadataFilesAtProjectRoot=false -DDetectVMInstallationsJob.disabled=true -Dfile.encoding=utf8 -XX:+UseParallelGC -XX:GCTimeRatio=4 -XX:AdaptiveSizePolicyWeight=90 -Dsun.zip.disableMemoryMapping=true -Xmx1G -Xms100m -Xlog:disable -javaagent:c:\Users\jhonn\.vscode\extensions\redhat.java-1.29.0-win32-x64\lombok\lombok-1.18.32.jar -XX:+HeapDumpOnOutOfMemoryError -XX:HeapDumpPath=c:\Users\jhonn\AppData\Roaming\Code\User\workspaceStorage\f926728e50f2738973d3538630756d0e\redhat.java -Daether.dependencyCollector.impl=bf 
java_command: c:\Users\jhonn\.vscode\extensions\redhat.java-1.29.0-win32-x64\server\plugins\org.eclipse.equinox.launcher_1.6.800.v20240304-1850.jar -configuration c:\Users\jhonn\AppData\Roaming\Code\User\globalStorage\redhat.java\1.29.0\config_win -data c:\Users\jhonn\AppData\Roaming\Code\User\workspaceStorage\f926728e50f2738973d3538630756d0e\redhat.java\jdt_ws --stdio
java_class_path (initial): c:\Users\jhonn\.vscode\extensions\redhat.java-1.29.0-win32-x64\server\plugins\org.eclipse.equinox.launcher_1.6.800.v20240304-1850.jar
Launcher Type: SUN_STANDARD

[Global flags]
    uintx AdaptiveSizePolicyWeight                 = 90                                        {product} {command line}
     intx CICompilerCount                          = 3                                         {product} {ergonomic}
    uintx GCTimeRatio                              = 4                                         {product} {command line}
     bool HeapDumpOnOutOfMemoryError               = true                                   {manageable} {command line}
    ccstr HeapDumpPath                             = c:\Users\jhonn\AppData\Roaming\Code\User\workspaceStorage\f926728e50f2738973d3538630756d0e\redhat.java         {manageable} {command line}
   size_t InitialHeapSize                          = 104857600                                 {product} {command line}
   size_t MaxHeapSize                              = 1073741824                                {product} {command line}
   size_t MaxNewSize                               = 357564416                                 {product} {ergonomic}
   size_t MinHeapDeltaBytes                        = 524288                                    {product} {ergonomic}
   size_t MinHeapSize                              = 104857600                                 {product} {command line}
   size_t NewSize                                  = 34603008                                  {product} {ergonomic}
    uintx NonNMethodCodeHeapSize                   = 5832780                                {pd product} {ergonomic}
    uintx NonProfiledCodeHeapSize                  = 122912730                              {pd product} {ergonomic}
   size_t OldSize                                  = 70254592                                  {product} {ergonomic}
    uintx ProfiledCodeHeapSize                     = 122912730                              {pd product} {ergonomic}
    uintx ReservedCodeCacheSize                    = 251658240                              {pd product} {ergonomic}
     bool SegmentedCodeCache                       = true                                      {product} {ergonomic}
   size_t SoftMaxHeapSize                          = 1073741824                             {manageable} {ergonomic}
     bool UseCompressedClassPointers               = true                           {product lp64_product} {ergonomic}
     bool UseCompressedOops                        = true                           {product lp64_product} {ergonomic}
     bool UseLargePagesIndividualAllocation        = false                                  {pd product} {ergonomic}
     bool UseParallelGC                            = true                                      {product} {command line}

Logging:
Log output configuration:
 #0: stdout all=off uptime,level,tags
 #1: stderr all=off uptime,level,tags

Environment Variables:
JAVA_HOME=C:\Program Files\Java\jdk-21
PATH=C:\Program Files\Common Files\Oracle\Java\javapath;C:\oraclexe\app\oracle\product\11.2.0\server\bin;C:\WINDOWS\system32;C:\WINDOWS;C:\WINDOWS\System32\Wbem;C:\WINDOWS\System32\WindowsPowerShell\v1.0\;C:\WINDOWS\System32\OpenSSH\;C:\Program Files\Microsoft VS Code\bin;C:\Program Files\Microsoft SQL Server\Client SDK\ODBC\170\Tools\Binn\;C:\Program Files (x86)\Microsoft SQL Server\150\Tools\Binn\;C:\Program Files\Microsoft SQL Server\150\Tools\Binn\;C:\Program Files\Microsoft SQL Server\150\DTS\Binn\;C:\Program Files (x86)\Microsoft SQL Server\150\DTS\Binn\;C:\Program Files\Azure Data Studio\bin;C:\Program Files\Git\cmd;C:\apache-maven-3.8.4\bin;C:\Automatizacion\gradle-8.7\bin;C:\Program Files\Java\jdk-21\bin;C:\Users\jhonn\AppData\Local\Microsoft\WindowsApps;;C:\Program Files\Azure Data Studio\bin
USERNAME=jhonn
OS=Windows_NT
PROCESSOR_IDENTIFIER=Intel64 Family 6 Model 58 Stepping 9, GenuineIntel
TMP=C:\Users\jhonn\AppData\Local\Temp
TEMP=C:\Users\jhonn\AppData\Local\Temp



Periodic native trim disabled


---------------  S Y S T E M  ---------------

OS:
 Windows 10 , 64 bit Build 19041 (10.0.19041.3636)
OS uptime: 0 days 0:12 hours

CPU: total 4 (initial active 4) (2 cores per cpu, 2 threads per core) family 6 model 58 stepping 9 microcode 0x21, cx8, cmov, fxsr, ht, mmx, sse, sse2, sse3, ssse3, sse4.1, sse4.2, popcnt, tsc, tscinvbit, avx, erms, clmul, vzeroupper, clflush
Processor Information for all 4 processors :
  Max Mhz: 1901, Current Mhz: 1901, Mhz Limit: 1901

Memory: 4k page, system-wide physical 1949M (148M free)
TotalPageFile size 7837M (AvailPageFile size 14M)
current process WorkingSet (physical memory assigned to process): 160M, peak: 169M
current process commit charge ("private bytes"): 279M, peak: 280M

vm_info: OpenJDK 64-Bit Server VM (17.0.10+7) for windows-amd64 JRE (17.0.10+7), built on Jan 16 2024 23:25:11 by "admin" with MS VC++ 16.10 / 16.11 (VS2019)

END.
