#
# There is insufficient memory for the Java Runtime Environment to continue.
# Native memory allocation (malloc) failed to allocate 1059136 bytes for Chunk::new
# Possible reasons:
#   The system is out of physical RAM or swap space
#   The process is running with CompressedOops enabled, and the Java Heap may be blocking the growth of the native heap
# Possible solutions:
#   Reduce memory load on the system
#   Increase physical memory or swap space
#   Check if swap backing store is full
#   Decrease Java heap size (-Xmx/-Xms)
#   Decrease number of Java threads
#   Decrease Java thread stack sizes (-Xss)
#   Set larger code cache with -XX:ReservedCodeCacheSize=
#   JVM is running with Unscaled Compressed Oops mode in which the Java heap is
#     placed in the first 4GB address space. The Java Heap base address is the
#     maximum limit for the native heap growth. Please use -XX:HeapBaseMinAddress
#     to set the Java Heap base and to place the Java Heap above 4GB virtual address.
# This output file may be truncated or incomplete.
#
#  Out of Memory Error (arena.cpp:168), pid=12248, tid=9728
#
# JRE version: Java(TM) SE Runtime Environment (21.0.2+13) (build 21.0.2+13-LTS-58)
# Java VM: Java HotSpot(TM) 64-Bit Server VM (21.0.2+13-LTS-58, mixed mode, sharing, tiered, compressed oops, compressed class ptrs, g1 gc, windows-amd64)
# No core dump will be written. Minidumps are not enabled by default on client versions of Windows
#

---------------  S U M M A R Y ------------

Command Line: --add-opens=java.base/java.util=ALL-UNNAMED --add-opens=java.base/java.lang=ALL-UNNAMED --add-opens=java.base/java.lang.invoke=ALL-UNNAMED --add-opens=java.prefs/java.util.prefs=ALL-UNNAMED --add-opens=java.base/java.nio.charset=ALL-UNNAMED --add-opens=java.base/java.net=ALL-UNNAMED --add-opens=java.base/java.util.concurrent.atomic=ALL-UNNAMED -XX:MaxMetaspaceSize=384m -XX:+HeapDumpOnOutOfMemoryError -Xms256m -Xmx512m -Dfile.encoding=UTF-8 -Duser.country=PE -Duser.language=es -Duser.variant -javaagent:C:\Automatizacion\gradle-8.7\lib\agents\gradle-instrumentation-agent-8.7.jar org.gradle.launcher.daemon.bootstrap.GradleDaemon 8.7

Host: Intel(R) Core(TM) i3-3227U CPU @ 1.90GHz, 4 cores, 1G,  Windows 10 , 64 bit Build 19041 (10.0.19041.3636)
Time: Wed May 29 22:38:28 2024 Hora est. Pacífico, Sudamérica elapsed time: 12.490030 seconds (0d 0h 0m 12s)

---------------  T H R E A D  ---------------

Current thread (0x000001f2ff06ac20):  JavaThread "C2 CompilerThread0" daemon [_thread_in_native, id=9728, stack(0x0000008d18800000,0x0000008d18900000) (1024K)]


Current CompileTask:
C2:  12490 3065   !   4       java.net.URLClassLoader::findClass (47 bytes)

Stack: [0x0000008d18800000,0x0000008d18900000]
Native frames: (J=compiled Java code, j=interpreted, Vv=VM code, C=native code)
V  [jvm.dll+0x6cade9]
V  [jvm.dll+0x8569c1]
V  [jvm.dll+0x858d2e]
V  [jvm.dll+0x859413]
V  [jvm.dll+0x280e56]
V  [jvm.dll+0xc3f3d]
V  [jvm.dll+0xc4473]
V  [jvm.dll+0x2f437f]
V  [jvm.dll+0x5f5056]
V  [jvm.dll+0x252d7f]
V  [jvm.dll+0x25315f]
V  [jvm.dll+0x24b8e0]
V  [jvm.dll+0x2490a3]
V  [jvm.dll+0x1c9634]
V  [jvm.dll+0x258859]
V  [jvm.dll+0x256e3a]
V  [jvm.dll+0x3ef6c6]
V  [jvm.dll+0x7ff568]
V  [jvm.dll+0x6c953d]
C  [ucrtbase.dll+0x21bb2]
C  [KERNEL32.DLL+0x17344]
C  [ntdll.dll+0x526b1]


---------------  P R O C E S S  ---------------

Threads class SMR info:
_java_thread_list=0x000001f29c6a8020, length=27, elements={
0x000001f2e6ccf2f0, 0x000001f2ff05b9a0, 0x000001f2ff05cf60, 0x000001f2ff05e8a0,
0x000001f2ff062580, 0x000001f2ff063780, 0x000001f2ff064980, 0x000001f2ff06ac20,
0x000001f2ff06de70, 0x000001f2ff09e2f0, 0x000001f2ff3e35a0, 0x000001f2ff1e99c0,
0x000001f29b1c33f0, 0x000001f2ffc92610, 0x000001f2ffc7d1f0, 0x000001f2ffc7dc30,
0x000001f29bb9d9e0, 0x000001f2ffcc6070, 0x000001f29b412ad0, 0x000001f29b410a00,
0x000001f29b40f650, 0x000001f29b411090, 0x000001f29b40fce0, 0x000001f29b410370,
0x000001f29b411720, 0x000001f29b411db0, 0x000001f29d3fa520
}

Java Threads: ( => current thread )
  0x000001f2e6ccf2f0 JavaThread "main"                              [_thread_blocked, id=7300, stack(0x0000008d17a00000,0x0000008d17b00000) (1024K)]
  0x000001f2ff05b9a0 JavaThread "Reference Handler"          daemon [_thread_blocked, id=12000, stack(0x0000008d18200000,0x0000008d18300000) (1024K)]
  0x000001f2ff05cf60 JavaThread "Finalizer"                  daemon [_thread_blocked, id=2196, stack(0x0000008d18300000,0x0000008d18400000) (1024K)]
  0x000001f2ff05e8a0 JavaThread "Signal Dispatcher"          daemon [_thread_blocked, id=8692, stack(0x0000008d18400000,0x0000008d18500000) (1024K)]
  0x000001f2ff062580 JavaThread "Attach Listener"            daemon [_thread_blocked, id=4832, stack(0x0000008d18500000,0x0000008d18600000) (1024K)]
  0x000001f2ff063780 JavaThread "Service Thread"             daemon [_thread_blocked, id=2704, stack(0x0000008d18600000,0x0000008d18700000) (1024K)]
  0x000001f2ff064980 JavaThread "Monitor Deflation Thread"   daemon [_thread_blocked, id=248, stack(0x0000008d18700000,0x0000008d18800000) (1024K)]
=>0x000001f2ff06ac20 JavaThread "C2 CompilerThread0"         daemon [_thread_in_native, id=9728, stack(0x0000008d18800000,0x0000008d18900000) (1024K)]
  0x000001f2ff06de70 JavaThread "C1 CompilerThread0"         daemon [_thread_in_native, id=11564, stack(0x0000008d18900000,0x0000008d18a00000) (1024K)]
  0x000001f2ff09e2f0 JavaThread "Common-Cleaner"             daemon [_thread_blocked, id=9648, stack(0x0000008d18a00000,0x0000008d18b00000) (1024K)]
  0x000001f2ff3e35a0 JavaThread "Notification Thread"        daemon [_thread_blocked, id=8264, stack(0x0000008d18b00000,0x0000008d18c00000) (1024K)]
  0x000001f2ff1e99c0 JavaThread "Daemon health stats"               [_thread_blocked, id=7256, stack(0x0000008d18f00000,0x0000008d19000000) (1024K)]
  0x000001f29b1c33f0 JavaThread "Incoming local TCP Connector on port 51594"        [_thread_in_native, id=124, stack(0x0000008d19000000,0x0000008d19100000) (1024K)]
  0x000001f2ffc92610 JavaThread "Daemon periodic checks"            [_thread_blocked, id=5980, stack(0x0000008d19100000,0x0000008d19200000) (1024K)]
  0x000001f2ffc7d1f0 JavaThread "Daemon"                            [_thread_blocked, id=7576, stack(0x0000008d19200000,0x0000008d19300000) (1024K)]
  0x000001f2ffc7dc30 JavaThread "Handler for socket connection from /127.0.0.1:51594 to /127.0.0.1:51595"        [_thread_in_native, id=10684, stack(0x0000008d19300000,0x0000008d19400000) (1024K)]
  0x000001f29bb9d9e0 JavaThread "Cancel handler"                    [_thread_blocked, id=896, stack(0x0000008d19400000,0x0000008d19500000) (1024K)]
  0x000001f2ffcc6070 JavaThread "Daemon worker"                     [_thread_in_Java, id=9664, stack(0x0000008d19500000,0x0000008d19600000) (1024K)]
  0x000001f29b412ad0 JavaThread "Asynchronous log dispatcher for DefaultDaemonConnection: socket connection from /127.0.0.1:51594 to /127.0.0.1:51595"        [_thread_blocked, id=2104, stack(0x0000008d19600000,0x0000008d19700000) (1024K)]
  0x000001f29b410a00 JavaThread "Stdin handler"                     [_thread_blocked, id=7992, stack(0x0000008d19700000,0x0000008d19800000) (1024K)]
  0x000001f29b40f650 JavaThread "Daemon client event forwarder"        [_thread_blocked, id=8220, stack(0x0000008d19800000,0x0000008d19900000) (1024K)]
  0x000001f29b411090 JavaThread "Cache worker for journal cache (C:\Users\jhonn\.gradle\caches\journal-1)"        [_thread_blocked, id=4652, stack(0x0000008d19900000,0x0000008d19a00000) (1024K)]
  0x000001f29b40fce0 JavaThread "File lock request listener"        [_thread_in_native, id=880, stack(0x0000008d19a00000,0x0000008d19b00000) (1024K)]
  0x000001f29b410370 JavaThread "Cache worker for file hash cache (C:\Users\jhonn\.gradle\caches\8.7\fileHashes)"        [_thread_blocked, id=5336, stack(0x0000008d19b00000,0x0000008d19c00000) (1024K)]
  0x000001f29b411720 JavaThread "Cache worker for file hash cache (D:\Selenium\SeleniumFree\.gradle\8.7\fileHashes)"        [_thread_blocked, id=5860, stack(0x0000008d19c00000,0x0000008d19d00000) (1024K)]
  0x000001f29b411db0 JavaThread "File watcher server"        daemon [_thread_in_native, id=11988, stack(0x0000008d19d00000,0x0000008d19e00000) (1024K)]
  0x000001f29d3fa520 JavaThread "File watcher consumer"      daemon [_thread_blocked, id=5348, stack(0x0000008d19e00000,0x0000008d19f00000) (1024K)]
Total: 27

Other Threads:
  0x000001f2ff03b9b0 VMThread "VM Thread"                           [id=3432, stack(0x0000008d18100000,0x0000008d18200000) (1024K)]
  0x000001f2ff024db0 WatcherThread "VM Periodic Task Thread"        [id=4728, stack(0x0000008d18000000,0x0000008d18100000) (1024K)]
  0x000001f2e6cf8400 WorkerThread "GC Thread#0"                     [id=5340, stack(0x0000008d17b00000,0x0000008d17c00000) (1024K)]
  0x000001f2ff9dcb20 WorkerThread "GC Thread#1"                     [id=10464, stack(0x0000008d18c00000,0x0000008d18d00000) (1024K)]
  0x000001f2ff6525e0 WorkerThread "GC Thread#2"                     [id=12260, stack(0x0000008d18d00000,0x0000008d18e00000) (1024K)]
  0x000001f2ff652980 WorkerThread "GC Thread#3"                     [id=10384, stack(0x0000008d18e00000,0x0000008d18f00000) (1024K)]
  0x000001f2e6cfdcb0 ConcurrentGCThread "G1 Main Marker"            [id=8616, stack(0x0000008d17c00000,0x0000008d17d00000) (1024K)]
  0x000001f2e6cfee60 WorkerThread "G1 Conc#0"                       [id=5712, stack(0x0000008d17d00000,0x0000008d17e00000) (1024K)]
  0x000001f2e6d9e400 ConcurrentGCThread "G1 Refine#0"               [id=10600, stack(0x0000008d17e00000,0x0000008d17f00000) (1024K)]
  0x000001f2feefc560 ConcurrentGCThread "G1 Service"                [id=1256, stack(0x0000008d17f00000,0x0000008d18000000) (1024K)]
Total: 10

Threads with active compile tasks:
C2 CompilerThread0    12590 3065   !   4       java.net.URLClassLoader::findClass (47 bytes)
Total: 1

VM state: not at safepoint (normal execution)

VM Mutex/Monitor currently owned by a thread: None

Heap address: 0x00000000e0000000, size: 512 MB, Compressed Oops mode: 32-bit

CDS archive(s) mapped at: [0x000001f282000000-0x000001f282c90000-0x000001f282c90000), size 13172736, SharedBaseAddress: 0x000001f282000000, ArchiveRelocationMode: 1.
Compressed class space mapped at: 0x000001f283000000-0x000001f297000000, reserved size: 335544320
Narrow klass base: 0x000001f282000000, Narrow klass shift: 0, Narrow klass range: 0x100000000

GC Precious Log:
 CardTable entry size: 512
 Card Set container configuration: InlinePtr #cards 5 size 8 Array Of Cards #cards 12 size 40 Howl #buckets 4 coarsen threshold 1843 Howl Bitmap #cards 512 size 80 coarsen threshold 460 Card regions per heap region 1 cards per card region 2048
 CPUs: 4 total, 4 available
 Memory: 1949M
 Large Page Support: Disabled
 NUMA Support: Disabled
 Compressed Oops: Enabled (32-bit)
 Heap Region Size: 1M
 Heap Min Capacity: 256M
 Heap Initial Capacity: 256M
 Heap Max Capacity: 512M
 Pre-touch: Disabled
 Parallel Workers: 4
 Concurrent Workers: 1
 Concurrent Refinement Workers: 4
 Periodic GC: Disabled

Heap:
 garbage-first heap   total 262144K, used 34827K [0x00000000e0000000, 0x0000000100000000)
  region size 1024K, 24 young (24576K), 12 survivors (12288K)
 Metaspace       used 22412K, committed 23168K, reserved 393216K
  class space    used 3284K, committed 3648K, reserved 327680K

Heap Regions: E=young(eden), S=young(survivor), O=old, HS=humongous(starts), HC=humongous(continues), CS=collection set, F=free, TAMS=top-at-mark-start, PB=parsable bottom
|   0|0x00000000e0000000, 0x00000000e0100000, 0x00000000e0100000|100%| O|Cm|TAMS 0x00000000e0000000| PB 0x00000000e0000000| Complete 
|   1|0x00000000e0100000, 0x00000000e0200000, 0x00000000e0200000|100%| O|  |TAMS 0x00000000e0100000| PB 0x00000000e0100000| Untracked 
|   2|0x00000000e0200000, 0x00000000e0300000, 0x00000000e0300000|100%| O|  |TAMS 0x00000000e0200000| PB 0x00000000e0200000| Untracked 
|   3|0x00000000e0300000, 0x00000000e0400000, 0x00000000e0400000|100%|HS|  |TAMS 0x00000000e0300000| PB 0x00000000e0300000| Complete 
|   4|0x00000000e0400000, 0x00000000e0500000, 0x00000000e0500000|100%|HC|  |TAMS 0x00000000e0400000| PB 0x00000000e0400000| Complete 
|   5|0x00000000e0500000, 0x00000000e0600000, 0x00000000e0600000|100%|HC|  |TAMS 0x00000000e0500000| PB 0x00000000e0500000| Complete 
|   6|0x00000000e0600000, 0x00000000e0700000, 0x00000000e0700000|100%|HC|  |TAMS 0x00000000e0600000| PB 0x00000000e0600000| Complete 
|   7|0x00000000e0700000, 0x00000000e0800000, 0x00000000e0800000|100%| O|  |TAMS 0x00000000e0700000| PB 0x00000000e0700000| Untracked 
|   8|0x00000000e0800000, 0x00000000e0900000, 0x00000000e0900000|100%| O|  |TAMS 0x00000000e0800000| PB 0x00000000e0800000| Untracked 
|   9|0x00000000e0900000, 0x00000000e0900000, 0x00000000e0a00000|  0%| F|  |TAMS 0x00000000e0900000| PB 0x00000000e0900000| Untracked 
|  10|0x00000000e0a00000, 0x00000000e0b00000, 0x00000000e0b00000|100%| O|  |TAMS 0x00000000e0a00000| PB 0x00000000e0a00000| Untracked 
|  11|0x00000000e0b00000, 0x00000000e0c00000, 0x00000000e0c00000|100%| O|  |TAMS 0x00000000e0b00000| PB 0x00000000e0b00000| Untracked 
|  12|0x00000000e0c00000, 0x00000000e0c1bc18, 0x00000000e0d00000| 10%| O|  |TAMS 0x00000000e0c00000| PB 0x00000000e0c00000| Untracked 
|  13|0x00000000e0d00000, 0x00000000e0d00000, 0x00000000e0e00000|  0%| F|  |TAMS 0x00000000e0d00000| PB 0x00000000e0d00000| Untracked 
|  14|0x00000000e0e00000, 0x00000000e0e00000, 0x00000000e0f00000|  0%| F|  |TAMS 0x00000000e0e00000| PB 0x00000000e0e00000| Untracked 
|  15|0x00000000e0f00000, 0x00000000e0f00000, 0x00000000e1000000|  0%| F|  |TAMS 0x00000000e0f00000| PB 0x00000000e0f00000| Untracked 
|  16|0x00000000e1000000, 0x00000000e1000000, 0x00000000e1100000|  0%| F|  |TAMS 0x00000000e1000000| PB 0x00000000e1000000| Untracked 
|  17|0x00000000e1100000, 0x00000000e1100000, 0x00000000e1200000|  0%| F|  |TAMS 0x00000000e1100000| PB 0x00000000e1100000| Untracked 
|  18|0x00000000e1200000, 0x00000000e1200000, 0x00000000e1300000|  0%| F|  |TAMS 0x00000000e1200000| PB 0x00000000e1200000| Untracked 
|  19|0x00000000e1300000, 0x00000000e1300000, 0x00000000e1400000|  0%| F|  |TAMS 0x00000000e1300000| PB 0x00000000e1300000| Untracked 
|  20|0x00000000e1400000, 0x00000000e1400000, 0x00000000e1500000|  0%| F|  |TAMS 0x00000000e1400000| PB 0x00000000e1400000| Untracked 
|  21|0x00000000e1500000, 0x00000000e1500000, 0x00000000e1600000|  0%| F|  |TAMS 0x00000000e1500000| PB 0x00000000e1500000| Untracked 
|  22|0x00000000e1600000, 0x00000000e1600000, 0x00000000e1700000|  0%| F|  |TAMS 0x00000000e1600000| PB 0x00000000e1600000| Untracked 
|  23|0x00000000e1700000, 0x00000000e1700000, 0x00000000e1800000|  0%| F|  |TAMS 0x00000000e1700000| PB 0x00000000e1700000| Untracked 
|  24|0x00000000e1800000, 0x00000000e1800000, 0x00000000e1900000|  0%| F|  |TAMS 0x00000000e1800000| PB 0x00000000e1800000| Untracked 
|  25|0x00000000e1900000, 0x00000000e1900000, 0x00000000e1a00000|  0%| F|  |TAMS 0x00000000e1900000| PB 0x00000000e1900000| Untracked 
|  26|0x00000000e1a00000, 0x00000000e1a00000, 0x00000000e1b00000|  0%| F|  |TAMS 0x00000000e1a00000| PB 0x00000000e1a00000| Untracked 
|  27|0x00000000e1b00000, 0x00000000e1b00000, 0x00000000e1c00000|  0%| F|  |TAMS 0x00000000e1b00000| PB 0x00000000e1b00000| Untracked 
|  28|0x00000000e1c00000, 0x00000000e1c00000, 0x00000000e1d00000|  0%| F|  |TAMS 0x00000000e1c00000| PB 0x00000000e1c00000| Untracked 
|  29|0x00000000e1d00000, 0x00000000e1d00000, 0x00000000e1e00000|  0%| F|  |TAMS 0x00000000e1d00000| PB 0x00000000e1d00000| Untracked 
|  30|0x00000000e1e00000, 0x00000000e1e00000, 0x00000000e1f00000|  0%| F|  |TAMS 0x00000000e1e00000| PB 0x00000000e1e00000| Untracked 
|  31|0x00000000e1f00000, 0x00000000e1f00000, 0x00000000e2000000|  0%| F|  |TAMS 0x00000000e1f00000| PB 0x00000000e1f00000| Untracked 
|  32|0x00000000e2000000, 0x00000000e2000000, 0x00000000e2100000|  0%| F|  |TAMS 0x00000000e2000000| PB 0x00000000e2000000| Untracked 
|  33|0x00000000e2100000, 0x00000000e2100000, 0x00000000e2200000|  0%| F|  |TAMS 0x00000000e2100000| PB 0x00000000e2100000| Untracked 
|  34|0x00000000e2200000, 0x00000000e2200000, 0x00000000e2300000|  0%| F|  |TAMS 0x00000000e2200000| PB 0x00000000e2200000| Untracked 
|  35|0x00000000e2300000, 0x00000000e2300000, 0x00000000e2400000|  0%| F|  |TAMS 0x00000000e2300000| PB 0x00000000e2300000| Untracked 
|  36|0x00000000e2400000, 0x00000000e2400000, 0x00000000e2500000|  0%| F|  |TAMS 0x00000000e2400000| PB 0x00000000e2400000| Untracked 
|  37|0x00000000e2500000, 0x00000000e2500000, 0x00000000e2600000|  0%| F|  |TAMS 0x00000000e2500000| PB 0x00000000e2500000| Untracked 
|  38|0x00000000e2600000, 0x00000000e2600000, 0x00000000e2700000|  0%| F|  |TAMS 0x00000000e2600000| PB 0x00000000e2600000| Untracked 
|  39|0x00000000e2700000, 0x00000000e2700000, 0x00000000e2800000|  0%| F|  |TAMS 0x00000000e2700000| PB 0x00000000e2700000| Untracked 
|  40|0x00000000e2800000, 0x00000000e2800000, 0x00000000e2900000|  0%| F|  |TAMS 0x00000000e2800000| PB 0x00000000e2800000| Untracked 
|  41|0x00000000e2900000, 0x00000000e2900000, 0x00000000e2a00000|  0%| F|  |TAMS 0x00000000e2900000| PB 0x00000000e2900000| Untracked 
|  42|0x00000000e2a00000, 0x00000000e2a00000, 0x00000000e2b00000|  0%| F|  |TAMS 0x00000000e2a00000| PB 0x00000000e2a00000| Untracked 
|  43|0x00000000e2b00000, 0x00000000e2b00000, 0x00000000e2c00000|  0%| F|  |TAMS 0x00000000e2b00000| PB 0x00000000e2b00000| Untracked 
|  44|0x00000000e2c00000, 0x00000000e2c00000, 0x00000000e2d00000|  0%| F|  |TAMS 0x00000000e2c00000| PB 0x00000000e2c00000| Untracked 
|  45|0x00000000e2d00000, 0x00000000e2d00000, 0x00000000e2e00000|  0%| F|  |TAMS 0x00000000e2d00000| PB 0x00000000e2d00000| Untracked 
|  46|0x00000000e2e00000, 0x00000000e2e00000, 0x00000000e2f00000|  0%| F|  |TAMS 0x00000000e2e00000| PB 0x00000000e2e00000| Untracked 
|  47|0x00000000e2f00000, 0x00000000e2f00000, 0x00000000e3000000|  0%| F|  |TAMS 0x00000000e2f00000| PB 0x00000000e2f00000| Untracked 
|  48|0x00000000e3000000, 0x00000000e3000000, 0x00000000e3100000|  0%| F|  |TAMS 0x00000000e3000000| PB 0x00000000e3000000| Untracked 
|  49|0x00000000e3100000, 0x00000000e3100000, 0x00000000e3200000|  0%| F|  |TAMS 0x00000000e3100000| PB 0x00000000e3100000| Untracked 
|  50|0x00000000e3200000, 0x00000000e3200000, 0x00000000e3300000|  0%| F|  |TAMS 0x00000000e3200000| PB 0x00000000e3200000| Untracked 
|  51|0x00000000e3300000, 0x00000000e3300000, 0x00000000e3400000|  0%| F|  |TAMS 0x00000000e3300000| PB 0x00000000e3300000| Untracked 
|  52|0x00000000e3400000, 0x00000000e3400000, 0x00000000e3500000|  0%| F|  |TAMS 0x00000000e3400000| PB 0x00000000e3400000| Untracked 
|  53|0x00000000e3500000, 0x00000000e3500000, 0x00000000e3600000|  0%| F|  |TAMS 0x00000000e3500000| PB 0x00000000e3500000| Untracked 
|  54|0x00000000e3600000, 0x00000000e3600000, 0x00000000e3700000|  0%| F|  |TAMS 0x00000000e3600000| PB 0x00000000e3600000| Untracked 
|  55|0x00000000e3700000, 0x00000000e3700000, 0x00000000e3800000|  0%| F|  |TAMS 0x00000000e3700000| PB 0x00000000e3700000| Untracked 
|  56|0x00000000e3800000, 0x00000000e3800000, 0x00000000e3900000|  0%| F|  |TAMS 0x00000000e3800000| PB 0x00000000e3800000| Untracked 
|  57|0x00000000e3900000, 0x00000000e3900000, 0x00000000e3a00000|  0%| F|  |TAMS 0x00000000e3900000| PB 0x00000000e3900000| Untracked 
|  58|0x00000000e3a00000, 0x00000000e3a00000, 0x00000000e3b00000|  0%| F|  |TAMS 0x00000000e3a00000| PB 0x00000000e3a00000| Untracked 
|  59|0x00000000e3b00000, 0x00000000e3b00000, 0x00000000e3c00000|  0%| F|  |TAMS 0x00000000e3b00000| PB 0x00000000e3b00000| Untracked 
|  60|0x00000000e3c00000, 0x00000000e3c00000, 0x00000000e3d00000|  0%| F|  |TAMS 0x00000000e3c00000| PB 0x00000000e3c00000| Untracked 
|  61|0x00000000e3d00000, 0x00000000e3d00000, 0x00000000e3e00000|  0%| F|  |TAMS 0x00000000e3d00000| PB 0x00000000e3d00000| Untracked 
|  62|0x00000000e3e00000, 0x00000000e3e00000, 0x00000000e3f00000|  0%| F|  |TAMS 0x00000000e3e00000| PB 0x00000000e3e00000| Untracked 
|  63|0x00000000e3f00000, 0x00000000e3f00000, 0x00000000e4000000|  0%| F|  |TAMS 0x00000000e3f00000| PB 0x00000000e3f00000| Untracked 
|  64|0x00000000e4000000, 0x00000000e4000000, 0x00000000e4100000|  0%| F|  |TAMS 0x00000000e4000000| PB 0x00000000e4000000| Untracked 
|  65|0x00000000e4100000, 0x00000000e4100000, 0x00000000e4200000|  0%| F|  |TAMS 0x00000000e4100000| PB 0x00000000e4100000| Untracked 
|  66|0x00000000e4200000, 0x00000000e4200000, 0x00000000e4300000|  0%| F|  |TAMS 0x00000000e4200000| PB 0x00000000e4200000| Untracked 
|  67|0x00000000e4300000, 0x00000000e4300000, 0x00000000e4400000|  0%| F|  |TAMS 0x00000000e4300000| PB 0x00000000e4300000| Untracked 
|  68|0x00000000e4400000, 0x00000000e4400000, 0x00000000e4500000|  0%| F|  |TAMS 0x00000000e4400000| PB 0x00000000e4400000| Untracked 
|  69|0x00000000e4500000, 0x00000000e4500000, 0x00000000e4600000|  0%| F|  |TAMS 0x00000000e4500000| PB 0x00000000e4500000| Untracked 
|  70|0x00000000e4600000, 0x00000000e4600000, 0x00000000e4700000|  0%| F|  |TAMS 0x00000000e4600000| PB 0x00000000e4600000| Untracked 
|  71|0x00000000e4700000, 0x00000000e4700000, 0x00000000e4800000|  0%| F|  |TAMS 0x00000000e4700000| PB 0x00000000e4700000| Untracked 
|  72|0x00000000e4800000, 0x00000000e4800000, 0x00000000e4900000|  0%| F|  |TAMS 0x00000000e4800000| PB 0x00000000e4800000| Untracked 
|  73|0x00000000e4900000, 0x00000000e4900000, 0x00000000e4a00000|  0%| F|  |TAMS 0x00000000e4900000| PB 0x00000000e4900000| Untracked 
|  74|0x00000000e4a00000, 0x00000000e4a00000, 0x00000000e4b00000|  0%| F|  |TAMS 0x00000000e4a00000| PB 0x00000000e4a00000| Untracked 
|  75|0x00000000e4b00000, 0x00000000e4b00000, 0x00000000e4c00000|  0%| F|  |TAMS 0x00000000e4b00000| PB 0x00000000e4b00000| Untracked 
|  76|0x00000000e4c00000, 0x00000000e4c00000, 0x00000000e4d00000|  0%| F|  |TAMS 0x00000000e4c00000| PB 0x00000000e4c00000| Untracked 
|  77|0x00000000e4d00000, 0x00000000e4d00000, 0x00000000e4e00000|  0%| F|  |TAMS 0x00000000e4d00000| PB 0x00000000e4d00000| Untracked 
|  78|0x00000000e4e00000, 0x00000000e4e00000, 0x00000000e4f00000|  0%| F|  |TAMS 0x00000000e4e00000| PB 0x00000000e4e00000| Untracked 
|  79|0x00000000e4f00000, 0x00000000e4f00000, 0x00000000e5000000|  0%| F|  |TAMS 0x00000000e4f00000| PB 0x00000000e4f00000| Untracked 
|  80|0x00000000e5000000, 0x00000000e5000000, 0x00000000e5100000|  0%| F|  |TAMS 0x00000000e5000000| PB 0x00000000e5000000| Untracked 
|  81|0x00000000e5100000, 0x00000000e5100000, 0x00000000e5200000|  0%| F|  |TAMS 0x00000000e5100000| PB 0x00000000e5100000| Untracked 
|  82|0x00000000e5200000, 0x00000000e5200000, 0x00000000e5300000|  0%| F|  |TAMS 0x00000000e5200000| PB 0x00000000e5200000| Untracked 
|  83|0x00000000e5300000, 0x00000000e5300000, 0x00000000e5400000|  0%| F|  |TAMS 0x00000000e5300000| PB 0x00000000e5300000| Untracked 
|  84|0x00000000e5400000, 0x00000000e5400000, 0x00000000e5500000|  0%| F|  |TAMS 0x00000000e5400000| PB 0x00000000e5400000| Untracked 
|  85|0x00000000e5500000, 0x00000000e5500000, 0x00000000e5600000|  0%| F|  |TAMS 0x00000000e5500000| PB 0x00000000e5500000| Untracked 
|  86|0x00000000e5600000, 0x00000000e5600000, 0x00000000e5700000|  0%| F|  |TAMS 0x00000000e5600000| PB 0x00000000e5600000| Untracked 
|  87|0x00000000e5700000, 0x00000000e5700000, 0x00000000e5800000|  0%| F|  |TAMS 0x00000000e5700000| PB 0x00000000e5700000| Untracked 
|  88|0x00000000e5800000, 0x00000000e5800000, 0x00000000e5900000|  0%| F|  |TAMS 0x00000000e5800000| PB 0x00000000e5800000| Untracked 
|  89|0x00000000e5900000, 0x00000000e5900000, 0x00000000e5a00000|  0%| F|  |TAMS 0x00000000e5900000| PB 0x00000000e5900000| Untracked 
|  90|0x00000000e5a00000, 0x00000000e5a00000, 0x00000000e5b00000|  0%| F|  |TAMS 0x00000000e5a00000| PB 0x00000000e5a00000| Untracked 
|  91|0x00000000e5b00000, 0x00000000e5b00000, 0x00000000e5c00000|  0%| F|  |TAMS 0x00000000e5b00000| PB 0x00000000e5b00000| Untracked 
|  92|0x00000000e5c00000, 0x00000000e5c00000, 0x00000000e5d00000|  0%| F|  |TAMS 0x00000000e5c00000| PB 0x00000000e5c00000| Untracked 
|  93|0x00000000e5d00000, 0x00000000e5d00000, 0x00000000e5e00000|  0%| F|  |TAMS 0x00000000e5d00000| PB 0x00000000e5d00000| Untracked 
|  94|0x00000000e5e00000, 0x00000000e5e00000, 0x00000000e5f00000|  0%| F|  |TAMS 0x00000000e5e00000| PB 0x00000000e5e00000| Untracked 
|  95|0x00000000e5f00000, 0x00000000e5f00000, 0x00000000e6000000|  0%| F|  |TAMS 0x00000000e5f00000| PB 0x00000000e5f00000| Untracked 
|  96|0x00000000e6000000, 0x00000000e6000000, 0x00000000e6100000|  0%| F|  |TAMS 0x00000000e6000000| PB 0x00000000e6000000| Untracked 
|  97|0x00000000e6100000, 0x00000000e6100000, 0x00000000e6200000|  0%| F|  |TAMS 0x00000000e6100000| PB 0x00000000e6100000| Untracked 
|  98|0x00000000e6200000, 0x00000000e6200000, 0x00000000e6300000|  0%| F|  |TAMS 0x00000000e6200000| PB 0x00000000e6200000| Untracked 
|  99|0x00000000e6300000, 0x00000000e6300000, 0x00000000e6400000|  0%| F|  |TAMS 0x00000000e6300000| PB 0x00000000e6300000| Untracked 
| 100|0x00000000e6400000, 0x00000000e6400000, 0x00000000e6500000|  0%| F|  |TAMS 0x00000000e6400000| PB 0x00000000e6400000| Untracked 
| 101|0x00000000e6500000, 0x00000000e6500000, 0x00000000e6600000|  0%| F|  |TAMS 0x00000000e6500000| PB 0x00000000e6500000| Untracked 
| 102|0x00000000e6600000, 0x00000000e6600000, 0x00000000e6700000|  0%| F|  |TAMS 0x00000000e6600000| PB 0x00000000e6600000| Untracked 
| 103|0x00000000e6700000, 0x00000000e6700000, 0x00000000e6800000|  0%| F|  |TAMS 0x00000000e6700000| PB 0x00000000e6700000| Untracked 
| 104|0x00000000e6800000, 0x00000000e6800000, 0x00000000e6900000|  0%| F|  |TAMS 0x00000000e6800000| PB 0x00000000e6800000| Untracked 
| 105|0x00000000e6900000, 0x00000000e6900000, 0x00000000e6a00000|  0%| F|  |TAMS 0x00000000e6900000| PB 0x00000000e6900000| Untracked 
| 106|0x00000000e6a00000, 0x00000000e6a00000, 0x00000000e6b00000|  0%| F|  |TAMS 0x00000000e6a00000| PB 0x00000000e6a00000| Untracked 
| 107|0x00000000e6b00000, 0x00000000e6b00000, 0x00000000e6c00000|  0%| F|  |TAMS 0x00000000e6b00000| PB 0x00000000e6b00000| Untracked 
| 108|0x00000000e6c00000, 0x00000000e6c00000, 0x00000000e6d00000|  0%| F|  |TAMS 0x00000000e6c00000| PB 0x00000000e6c00000| Untracked 
| 109|0x00000000e6d00000, 0x00000000e6d00000, 0x00000000e6e00000|  0%| F|  |TAMS 0x00000000e6d00000| PB 0x00000000e6d00000| Untracked 
| 110|0x00000000e6e00000, 0x00000000e6e00000, 0x00000000e6f00000|  0%| F|  |TAMS 0x00000000e6e00000| PB 0x00000000e6e00000| Untracked 
| 111|0x00000000e6f00000, 0x00000000e6f00000, 0x00000000e7000000|  0%| F|  |TAMS 0x00000000e6f00000| PB 0x00000000e6f00000| Untracked 
| 112|0x00000000e7000000, 0x00000000e7000000, 0x00000000e7100000|  0%| F|  |TAMS 0x00000000e7000000| PB 0x00000000e7000000| Untracked 
| 113|0x00000000e7100000, 0x00000000e7100000, 0x00000000e7200000|  0%| F|  |TAMS 0x00000000e7100000| PB 0x00000000e7100000| Untracked 
| 114|0x00000000e7200000, 0x00000000e7200000, 0x00000000e7300000|  0%| F|  |TAMS 0x00000000e7200000| PB 0x00000000e7200000| Untracked 
| 115|0x00000000e7300000, 0x00000000e7300000, 0x00000000e7400000|  0%| F|  |TAMS 0x00000000e7300000| PB 0x00000000e7300000| Untracked 
| 116|0x00000000e7400000, 0x00000000e7400000, 0x00000000e7500000|  0%| F|  |TAMS 0x00000000e7400000| PB 0x00000000e7400000| Untracked 
| 117|0x00000000e7500000, 0x00000000e7500000, 0x00000000e7600000|  0%| F|  |TAMS 0x00000000e7500000| PB 0x00000000e7500000| Untracked 
| 118|0x00000000e7600000, 0x00000000e7600000, 0x00000000e7700000|  0%| F|  |TAMS 0x00000000e7600000| PB 0x00000000e7600000| Untracked 
| 119|0x00000000e7700000, 0x00000000e7700000, 0x00000000e7800000|  0%| F|  |TAMS 0x00000000e7700000| PB 0x00000000e7700000| Untracked 
| 120|0x00000000e7800000, 0x00000000e7800000, 0x00000000e7900000|  0%| F|  |TAMS 0x00000000e7800000| PB 0x00000000e7800000| Untracked 
| 121|0x00000000e7900000, 0x00000000e7900000, 0x00000000e7a00000|  0%| F|  |TAMS 0x00000000e7900000| PB 0x00000000e7900000| Untracked 
| 122|0x00000000e7a00000, 0x00000000e7a00000, 0x00000000e7b00000|  0%| F|  |TAMS 0x00000000e7a00000| PB 0x00000000e7a00000| Untracked 
| 123|0x00000000e7b00000, 0x00000000e7b00000, 0x00000000e7c00000|  0%| F|  |TAMS 0x00000000e7b00000| PB 0x00000000e7b00000| Untracked 
| 124|0x00000000e7c00000, 0x00000000e7c00000, 0x00000000e7d00000|  0%| F|  |TAMS 0x00000000e7c00000| PB 0x00000000e7c00000| Untracked 
| 125|0x00000000e7d00000, 0x00000000e7d00000, 0x00000000e7e00000|  0%| F|  |TAMS 0x00000000e7d00000| PB 0x00000000e7d00000| Untracked 
| 126|0x00000000e7e00000, 0x00000000e7e00000, 0x00000000e7f00000|  0%| F|  |TAMS 0x00000000e7e00000| PB 0x00000000e7e00000| Untracked 
| 127|0x00000000e7f00000, 0x00000000e7f00000, 0x00000000e8000000|  0%| F|  |TAMS 0x00000000e7f00000| PB 0x00000000e7f00000| Untracked 
| 128|0x00000000e8000000, 0x00000000e8000000, 0x00000000e8100000|  0%| F|  |TAMS 0x00000000e8000000| PB 0x00000000e8000000| Untracked 
| 129|0x00000000e8100000, 0x00000000e8100000, 0x00000000e8200000|  0%| F|  |TAMS 0x00000000e8100000| PB 0x00000000e8100000| Untracked 
| 130|0x00000000e8200000, 0x00000000e8200000, 0x00000000e8300000|  0%| F|  |TAMS 0x00000000e8200000| PB 0x00000000e8200000| Untracked 
| 131|0x00000000e8300000, 0x00000000e8300000, 0x00000000e8400000|  0%| F|  |TAMS 0x00000000e8300000| PB 0x00000000e8300000| Untracked 
| 132|0x00000000e8400000, 0x00000000e8400000, 0x00000000e8500000|  0%| F|  |TAMS 0x00000000e8400000| PB 0x00000000e8400000| Untracked 
| 133|0x00000000e8500000, 0x00000000e8500000, 0x00000000e8600000|  0%| F|  |TAMS 0x00000000e8500000| PB 0x00000000e8500000| Untracked 
| 134|0x00000000e8600000, 0x00000000e8600000, 0x00000000e8700000|  0%| F|  |TAMS 0x00000000e8600000| PB 0x00000000e8600000| Untracked 
| 135|0x00000000e8700000, 0x00000000e8700000, 0x00000000e8800000|  0%| F|  |TAMS 0x00000000e8700000| PB 0x00000000e8700000| Untracked 
| 136|0x00000000e8800000, 0x00000000e8800000, 0x00000000e8900000|  0%| F|  |TAMS 0x00000000e8800000| PB 0x00000000e8800000| Untracked 
| 137|0x00000000e8900000, 0x00000000e8900000, 0x00000000e8a00000|  0%| F|  |TAMS 0x00000000e8900000| PB 0x00000000e8900000| Untracked 
| 138|0x00000000e8a00000, 0x00000000e8a00000, 0x00000000e8b00000|  0%| F|  |TAMS 0x00000000e8a00000| PB 0x00000000e8a00000| Untracked 
| 139|0x00000000e8b00000, 0x00000000e8b00000, 0x00000000e8c00000|  0%| F|  |TAMS 0x00000000e8b00000| PB 0x00000000e8b00000| Untracked 
| 140|0x00000000e8c00000, 0x00000000e8c00000, 0x00000000e8d00000|  0%| F|  |TAMS 0x00000000e8c00000| PB 0x00000000e8c00000| Untracked 
| 141|0x00000000e8d00000, 0x00000000e8d00000, 0x00000000e8e00000|  0%| F|  |TAMS 0x00000000e8d00000| PB 0x00000000e8d00000| Untracked 
| 142|0x00000000e8e00000, 0x00000000e8e00000, 0x00000000e8f00000|  0%| F|  |TAMS 0x00000000e8e00000| PB 0x00000000e8e00000| Untracked 
| 143|0x00000000e8f00000, 0x00000000e8f00000, 0x00000000e9000000|  0%| F|  |TAMS 0x00000000e8f00000| PB 0x00000000e8f00000| Untracked 
| 144|0x00000000e9000000, 0x00000000e9000000, 0x00000000e9100000|  0%| F|  |TAMS 0x00000000e9000000| PB 0x00000000e9000000| Untracked 
| 145|0x00000000e9100000, 0x00000000e9100000, 0x00000000e9200000|  0%| F|  |TAMS 0x00000000e9100000| PB 0x00000000e9100000| Untracked 
| 146|0x00000000e9200000, 0x00000000e9200000, 0x00000000e9300000|  0%| F|  |TAMS 0x00000000e9200000| PB 0x00000000e9200000| Untracked 
| 147|0x00000000e9300000, 0x00000000e9300000, 0x00000000e9400000|  0%| F|  |TAMS 0x00000000e9300000| PB 0x00000000e9300000| Untracked 
| 148|0x00000000e9400000, 0x00000000e94e7060, 0x00000000e9500000| 90%| S|CS|TAMS 0x00000000e9400000| PB 0x00000000e9400000| Complete 
| 149|0x00000000e9500000, 0x00000000e9600000, 0x00000000e9600000|100%| S|CS|TAMS 0x00000000e9500000| PB 0x00000000e9500000| Complete 
| 150|0x00000000e9600000, 0x00000000e9700000, 0x00000000e9700000|100%| S|CS|TAMS 0x00000000e9600000| PB 0x00000000e9600000| Complete 
| 151|0x00000000e9700000, 0x00000000e9800000, 0x00000000e9800000|100%| S|CS|TAMS 0x00000000e9700000| PB 0x00000000e9700000| Complete 
| 152|0x00000000e9800000, 0x00000000e9900000, 0x00000000e9900000|100%| S|CS|TAMS 0x00000000e9800000| PB 0x00000000e9800000| Complete 
| 153|0x00000000e9900000, 0x00000000e9a00000, 0x00000000e9a00000|100%| S|CS|TAMS 0x00000000e9900000| PB 0x00000000e9900000| Complete 
| 154|0x00000000e9a00000, 0x00000000e9b00000, 0x00000000e9b00000|100%| S|CS|TAMS 0x00000000e9a00000| PB 0x00000000e9a00000| Complete 
| 155|0x00000000e9b00000, 0x00000000e9c00000, 0x00000000e9c00000|100%| S|CS|TAMS 0x00000000e9b00000| PB 0x00000000e9b00000| Complete 
| 156|0x00000000e9c00000, 0x00000000e9d00000, 0x00000000e9d00000|100%| S|CS|TAMS 0x00000000e9c00000| PB 0x00000000e9c00000| Complete 
| 157|0x00000000e9d00000, 0x00000000e9e00000, 0x00000000e9e00000|100%| S|CS|TAMS 0x00000000e9d00000| PB 0x00000000e9d00000| Complete 
| 158|0x00000000e9e00000, 0x00000000e9f00000, 0x00000000e9f00000|100%| S|CS|TAMS 0x00000000e9e00000| PB 0x00000000e9e00000| Complete 
| 159|0x00000000e9f00000, 0x00000000ea000000, 0x00000000ea000000|100%| S|CS|TAMS 0x00000000e9f00000| PB 0x00000000e9f00000| Complete 
| 160|0x00000000ea000000, 0x00000000ea000000, 0x00000000ea100000|  0%| F|  |TAMS 0x00000000ea000000| PB 0x00000000ea000000| Untracked 
| 161|0x00000000ea100000, 0x00000000ea100000, 0x00000000ea200000|  0%| F|  |TAMS 0x00000000ea100000| PB 0x00000000ea100000| Untracked 
| 162|0x00000000ea200000, 0x00000000ea200000, 0x00000000ea300000|  0%| F|  |TAMS 0x00000000ea200000| PB 0x00000000ea200000| Untracked 
| 163|0x00000000ea300000, 0x00000000ea300000, 0x00000000ea400000|  0%| F|  |TAMS 0x00000000ea300000| PB 0x00000000ea300000| Untracked 
| 164|0x00000000ea400000, 0x00000000ea400000, 0x00000000ea500000|  0%| F|  |TAMS 0x00000000ea400000| PB 0x00000000ea400000| Untracked 
| 165|0x00000000ea500000, 0x00000000ea500000, 0x00000000ea600000|  0%| F|  |TAMS 0x00000000ea500000| PB 0x00000000ea500000| Untracked 
| 166|0x00000000ea600000, 0x00000000ea600000, 0x00000000ea700000|  0%| F|  |TAMS 0x00000000ea600000| PB 0x00000000ea600000| Untracked 
| 167|0x00000000ea700000, 0x00000000ea700000, 0x00000000ea800000|  0%| F|  |TAMS 0x00000000ea700000| PB 0x00000000ea700000| Untracked 
| 168|0x00000000ea800000, 0x00000000ea800000, 0x00000000ea900000|  0%| F|  |TAMS 0x00000000ea800000| PB 0x00000000ea800000| Untracked 
| 169|0x00000000ea900000, 0x00000000ea900000, 0x00000000eaa00000|  0%| F|  |TAMS 0x00000000ea900000| PB 0x00000000ea900000| Untracked 
| 170|0x00000000eaa00000, 0x00000000eaa00000, 0x00000000eab00000|  0%| F|  |TAMS 0x00000000eaa00000| PB 0x00000000eaa00000| Untracked 
| 171|0x00000000eab00000, 0x00000000eab00000, 0x00000000eac00000|  0%| F|  |TAMS 0x00000000eab00000| PB 0x00000000eab00000| Untracked 
| 172|0x00000000eac00000, 0x00000000eac00000, 0x00000000ead00000|  0%| F|  |TAMS 0x00000000eac00000| PB 0x00000000eac00000| Untracked 
| 173|0x00000000ead00000, 0x00000000ead00000, 0x00000000eae00000|  0%| F|  |TAMS 0x00000000ead00000| PB 0x00000000ead00000| Untracked 
| 174|0x00000000eae00000, 0x00000000eae00000, 0x00000000eaf00000|  0%| F|  |TAMS 0x00000000eae00000| PB 0x00000000eae00000| Untracked 
| 175|0x00000000eaf00000, 0x00000000eaf00000, 0x00000000eb000000|  0%| F|  |TAMS 0x00000000eaf00000| PB 0x00000000eaf00000| Untracked 
| 176|0x00000000eb000000, 0x00000000eb000000, 0x00000000eb100000|  0%| F|  |TAMS 0x00000000eb000000| PB 0x00000000eb000000| Untracked 
| 177|0x00000000eb100000, 0x00000000eb100000, 0x00000000eb200000|  0%| F|  |TAMS 0x00000000eb100000| PB 0x00000000eb100000| Untracked 
| 178|0x00000000eb200000, 0x00000000eb200000, 0x00000000eb300000|  0%| F|  |TAMS 0x00000000eb200000| PB 0x00000000eb200000| Untracked 
| 179|0x00000000eb300000, 0x00000000eb300000, 0x00000000eb400000|  0%| F|  |TAMS 0x00000000eb300000| PB 0x00000000eb300000| Untracked 
| 180|0x00000000eb400000, 0x00000000eb400000, 0x00000000eb500000|  0%| F|  |TAMS 0x00000000eb400000| PB 0x00000000eb400000| Untracked 
| 181|0x00000000eb500000, 0x00000000eb500000, 0x00000000eb600000|  0%| F|  |TAMS 0x00000000eb500000| PB 0x00000000eb500000| Untracked 
| 182|0x00000000eb600000, 0x00000000eb600000, 0x00000000eb700000|  0%| F|  |TAMS 0x00000000eb600000| PB 0x00000000eb600000| Untracked 
| 183|0x00000000eb700000, 0x00000000eb700000, 0x00000000eb800000|  0%| F|  |TAMS 0x00000000eb700000| PB 0x00000000eb700000| Untracked 
| 184|0x00000000eb800000, 0x00000000eb800000, 0x00000000eb900000|  0%| F|  |TAMS 0x00000000eb800000| PB 0x00000000eb800000| Untracked 
| 185|0x00000000eb900000, 0x00000000eb900000, 0x00000000eba00000|  0%| F|  |TAMS 0x00000000eb900000| PB 0x00000000eb900000| Untracked 
| 186|0x00000000eba00000, 0x00000000eba00000, 0x00000000ebb00000|  0%| F|  |TAMS 0x00000000eba00000| PB 0x00000000eba00000| Untracked 
| 187|0x00000000ebb00000, 0x00000000ebb00000, 0x00000000ebc00000|  0%| F|  |TAMS 0x00000000ebb00000| PB 0x00000000ebb00000| Untracked 
| 188|0x00000000ebc00000, 0x00000000ebc00000, 0x00000000ebd00000|  0%| F|  |TAMS 0x00000000ebc00000| PB 0x00000000ebc00000| Untracked 
| 189|0x00000000ebd00000, 0x00000000ebd00000, 0x00000000ebe00000|  0%| F|  |TAMS 0x00000000ebd00000| PB 0x00000000ebd00000| Untracked 
| 190|0x00000000ebe00000, 0x00000000ebe00000, 0x00000000ebf00000|  0%| F|  |TAMS 0x00000000ebe00000| PB 0x00000000ebe00000| Untracked 
| 191|0x00000000ebf00000, 0x00000000ebf00000, 0x00000000ec000000|  0%| F|  |TAMS 0x00000000ebf00000| PB 0x00000000ebf00000| Untracked 
| 192|0x00000000ec000000, 0x00000000ec000000, 0x00000000ec100000|  0%| F|  |TAMS 0x00000000ec000000| PB 0x00000000ec000000| Untracked 
| 193|0x00000000ec100000, 0x00000000ec100000, 0x00000000ec200000|  0%| F|  |TAMS 0x00000000ec100000| PB 0x00000000ec100000| Untracked 
| 194|0x00000000ec200000, 0x00000000ec200000, 0x00000000ec300000|  0%| F|  |TAMS 0x00000000ec200000| PB 0x00000000ec200000| Untracked 
| 195|0x00000000ec300000, 0x00000000ec300000, 0x00000000ec400000|  0%| F|  |TAMS 0x00000000ec300000| PB 0x00000000ec300000| Untracked 
| 196|0x00000000ec400000, 0x00000000ec400000, 0x00000000ec500000|  0%| F|  |TAMS 0x00000000ec400000| PB 0x00000000ec400000| Untracked 
| 197|0x00000000ec500000, 0x00000000ec500000, 0x00000000ec600000|  0%| F|  |TAMS 0x00000000ec500000| PB 0x00000000ec500000| Untracked 
| 198|0x00000000ec600000, 0x00000000ec600000, 0x00000000ec700000|  0%| F|  |TAMS 0x00000000ec600000| PB 0x00000000ec600000| Untracked 
| 199|0x00000000ec700000, 0x00000000ec700000, 0x00000000ec800000|  0%| F|  |TAMS 0x00000000ec700000| PB 0x00000000ec700000| Untracked 
| 200|0x00000000ec800000, 0x00000000ec800000, 0x00000000ec900000|  0%| F|  |TAMS 0x00000000ec800000| PB 0x00000000ec800000| Untracked 
| 201|0x00000000ec900000, 0x00000000ec900000, 0x00000000eca00000|  0%| F|  |TAMS 0x00000000ec900000| PB 0x00000000ec900000| Untracked 
| 202|0x00000000eca00000, 0x00000000eca00000, 0x00000000ecb00000|  0%| F|  |TAMS 0x00000000eca00000| PB 0x00000000eca00000| Untracked 
| 203|0x00000000ecb00000, 0x00000000ecb00000, 0x00000000ecc00000|  0%| F|  |TAMS 0x00000000ecb00000| PB 0x00000000ecb00000| Untracked 
| 204|0x00000000ecc00000, 0x00000000ecc00000, 0x00000000ecd00000|  0%| F|  |TAMS 0x00000000ecc00000| PB 0x00000000ecc00000| Untracked 
| 205|0x00000000ecd00000, 0x00000000ecd00000, 0x00000000ece00000|  0%| F|  |TAMS 0x00000000ecd00000| PB 0x00000000ecd00000| Untracked 
| 206|0x00000000ece00000, 0x00000000ece00000, 0x00000000ecf00000|  0%| F|  |TAMS 0x00000000ece00000| PB 0x00000000ece00000| Untracked 
| 207|0x00000000ecf00000, 0x00000000ecf00000, 0x00000000ed000000|  0%| F|  |TAMS 0x00000000ecf00000| PB 0x00000000ecf00000| Untracked 
| 208|0x00000000ed000000, 0x00000000ed000000, 0x00000000ed100000|  0%| F|  |TAMS 0x00000000ed000000| PB 0x00000000ed000000| Untracked 
| 209|0x00000000ed100000, 0x00000000ed100000, 0x00000000ed200000|  0%| F|  |TAMS 0x00000000ed100000| PB 0x00000000ed100000| Untracked 
| 210|0x00000000ed200000, 0x00000000ed200000, 0x00000000ed300000|  0%| F|  |TAMS 0x00000000ed200000| PB 0x00000000ed200000| Untracked 
| 211|0x00000000ed300000, 0x00000000ed300000, 0x00000000ed400000|  0%| F|  |TAMS 0x00000000ed300000| PB 0x00000000ed300000| Untracked 
| 212|0x00000000ed400000, 0x00000000ed400000, 0x00000000ed500000|  0%| F|  |TAMS 0x00000000ed400000| PB 0x00000000ed400000| Untracked 
| 213|0x00000000ed500000, 0x00000000ed500000, 0x00000000ed600000|  0%| F|  |TAMS 0x00000000ed500000| PB 0x00000000ed500000| Untracked 
| 214|0x00000000ed600000, 0x00000000ed600000, 0x00000000ed700000|  0%| F|  |TAMS 0x00000000ed600000| PB 0x00000000ed600000| Untracked 
| 215|0x00000000ed700000, 0x00000000ed700000, 0x00000000ed800000|  0%| F|  |TAMS 0x00000000ed700000| PB 0x00000000ed700000| Untracked 
| 216|0x00000000ed800000, 0x00000000ed800000, 0x00000000ed900000|  0%| F|  |TAMS 0x00000000ed800000| PB 0x00000000ed800000| Untracked 
| 217|0x00000000ed900000, 0x00000000ed900000, 0x00000000eda00000|  0%| F|  |TAMS 0x00000000ed900000| PB 0x00000000ed900000| Untracked 
| 218|0x00000000eda00000, 0x00000000eda00000, 0x00000000edb00000|  0%| F|  |TAMS 0x00000000eda00000| PB 0x00000000eda00000| Untracked 
| 219|0x00000000edb00000, 0x00000000edb00000, 0x00000000edc00000|  0%| F|  |TAMS 0x00000000edb00000| PB 0x00000000edb00000| Untracked 
| 220|0x00000000edc00000, 0x00000000edc00000, 0x00000000edd00000|  0%| F|  |TAMS 0x00000000edc00000| PB 0x00000000edc00000| Untracked 
| 221|0x00000000edd00000, 0x00000000edd00000, 0x00000000ede00000|  0%| F|  |TAMS 0x00000000edd00000| PB 0x00000000edd00000| Untracked 
| 222|0x00000000ede00000, 0x00000000ede00000, 0x00000000edf00000|  0%| F|  |TAMS 0x00000000ede00000| PB 0x00000000ede00000| Untracked 
| 223|0x00000000edf00000, 0x00000000edf00000, 0x00000000ee000000|  0%| F|  |TAMS 0x00000000edf00000| PB 0x00000000edf00000| Untracked 
| 224|0x00000000ee000000, 0x00000000ee000000, 0x00000000ee100000|  0%| F|  |TAMS 0x00000000ee000000| PB 0x00000000ee000000| Untracked 
| 225|0x00000000ee100000, 0x00000000ee100000, 0x00000000ee200000|  0%| F|  |TAMS 0x00000000ee100000| PB 0x00000000ee100000| Untracked 
| 226|0x00000000ee200000, 0x00000000ee200000, 0x00000000ee300000|  0%| F|  |TAMS 0x00000000ee200000| PB 0x00000000ee200000| Untracked 
| 227|0x00000000ee300000, 0x00000000ee300000, 0x00000000ee400000|  0%| F|  |TAMS 0x00000000ee300000| PB 0x00000000ee300000| Untracked 
| 228|0x00000000ee400000, 0x00000000ee400000, 0x00000000ee500000|  0%| F|  |TAMS 0x00000000ee400000| PB 0x00000000ee400000| Untracked 
| 229|0x00000000ee500000, 0x00000000ee500000, 0x00000000ee600000|  0%| F|  |TAMS 0x00000000ee500000| PB 0x00000000ee500000| Untracked 
| 230|0x00000000ee600000, 0x00000000ee600000, 0x00000000ee700000|  0%| F|  |TAMS 0x00000000ee600000| PB 0x00000000ee600000| Untracked 
| 231|0x00000000ee700000, 0x00000000ee700000, 0x00000000ee800000|  0%| F|  |TAMS 0x00000000ee700000| PB 0x00000000ee700000| Untracked 
| 232|0x00000000ee800000, 0x00000000ee800000, 0x00000000ee900000|  0%| F|  |TAMS 0x00000000ee800000| PB 0x00000000ee800000| Untracked 
| 233|0x00000000ee900000, 0x00000000ee900000, 0x00000000eea00000|  0%| F|  |TAMS 0x00000000ee900000| PB 0x00000000ee900000| Untracked 
| 234|0x00000000eea00000, 0x00000000eea00000, 0x00000000eeb00000|  0%| F|  |TAMS 0x00000000eea00000| PB 0x00000000eea00000| Untracked 
| 235|0x00000000eeb00000, 0x00000000eeb00000, 0x00000000eec00000|  0%| F|  |TAMS 0x00000000eeb00000| PB 0x00000000eeb00000| Untracked 
| 236|0x00000000eec00000, 0x00000000eec00000, 0x00000000eed00000|  0%| F|  |TAMS 0x00000000eec00000| PB 0x00000000eec00000| Untracked 
| 237|0x00000000eed00000, 0x00000000eed00000, 0x00000000eee00000|  0%| F|  |TAMS 0x00000000eed00000| PB 0x00000000eed00000| Untracked 
| 238|0x00000000eee00000, 0x00000000eee00000, 0x00000000eef00000|  0%| F|  |TAMS 0x00000000eee00000| PB 0x00000000eee00000| Untracked 
| 239|0x00000000eef00000, 0x00000000eef00000, 0x00000000ef000000|  0%| F|  |TAMS 0x00000000eef00000| PB 0x00000000eef00000| Untracked 
| 240|0x00000000ef000000, 0x00000000ef000000, 0x00000000ef100000|  0%| F|  |TAMS 0x00000000ef000000| PB 0x00000000ef000000| Untracked 
| 241|0x00000000ef100000, 0x00000000ef100000, 0x00000000ef200000|  0%| F|  |TAMS 0x00000000ef100000| PB 0x00000000ef100000| Untracked 
| 242|0x00000000ef200000, 0x00000000ef200000, 0x00000000ef300000|  0%| F|  |TAMS 0x00000000ef200000| PB 0x00000000ef200000| Untracked 
| 243|0x00000000ef300000, 0x00000000ef300000, 0x00000000ef400000|  0%| F|  |TAMS 0x00000000ef300000| PB 0x00000000ef300000| Untracked 
| 244|0x00000000ef400000, 0x00000000ef480800, 0x00000000ef500000| 50%| E|  |TAMS 0x00000000ef400000| PB 0x00000000ef400000| Complete 
| 245|0x00000000ef500000, 0x00000000ef600000, 0x00000000ef600000|100%| E|CS|TAMS 0x00000000ef500000| PB 0x00000000ef500000| Complete 
| 246|0x00000000ef600000, 0x00000000ef700000, 0x00000000ef700000|100%| E|CS|TAMS 0x00000000ef600000| PB 0x00000000ef600000| Complete 
| 247|0x00000000ef700000, 0x00000000ef800000, 0x00000000ef800000|100%| E|CS|TAMS 0x00000000ef700000| PB 0x00000000ef700000| Complete 
| 248|0x00000000ef800000, 0x00000000ef900000, 0x00000000ef900000|100%| E|CS|TAMS 0x00000000ef800000| PB 0x00000000ef800000| Complete 
| 249|0x00000000ef900000, 0x00000000efa00000, 0x00000000efa00000|100%| E|CS|TAMS 0x00000000ef900000| PB 0x00000000ef900000| Complete 
| 250|0x00000000efa00000, 0x00000000efb00000, 0x00000000efb00000|100%| E|CS|TAMS 0x00000000efa00000| PB 0x00000000efa00000| Complete 
| 251|0x00000000efb00000, 0x00000000efc00000, 0x00000000efc00000|100%| E|CS|TAMS 0x00000000efb00000| PB 0x00000000efb00000| Complete 
| 252|0x00000000efc00000, 0x00000000efd00000, 0x00000000efd00000|100%| E|CS|TAMS 0x00000000efc00000| PB 0x00000000efc00000| Complete 
| 253|0x00000000efd00000, 0x00000000efe00000, 0x00000000efe00000|100%| E|CS|TAMS 0x00000000efd00000| PB 0x00000000efd00000| Complete 
| 254|0x00000000efe00000, 0x00000000eff00000, 0x00000000eff00000|100%| E|CS|TAMS 0x00000000efe00000| PB 0x00000000efe00000| Complete 
| 255|0x00000000eff00000, 0x00000000f0000000, 0x00000000f0000000|100%| E|CS|TAMS 0x00000000eff00000| PB 0x00000000eff00000| Complete 

Card table byte_map: [0x000001f2fe140000,0x000001f2fe240000] _byte_map_base: 0x000001f2fda40000

Marking Bits: (CMBitMap*) 0x000001f2e6cf9220
 Bits: [0x000001f2fe240000, 0x000001f2fea40000)

Polling page: 0x000001f2e4b80000

Metaspace:

Usage:
  Non-class:     18.71 MB used.
      Class:      3.22 MB used.
       Both:     21.92 MB used.

Virtual space:
  Non-class space:       64.00 MB reserved,      19.12 MB ( 30%) committed,  1 nodes.
      Class space:      320.00 MB reserved,       3.56 MB (  1%) committed,  1 nodes.
             Both:      384.00 MB reserved,      22.69 MB (  6%) committed. 

Chunk freelists:
   Non-Class:  12.06 MB
       Class:  12.47 MB
        Both:  24.53 MB

MaxMetaspaceSize: 384.00 MB
CompressedClassSpaceSize: 320.00 MB
Initial GC threshold: 21.00 MB
Current GC threshold: 35.12 MB
CDS: on
 - commit_granule_bytes: 65536.
 - commit_granule_words: 8192.
 - virtual_space_node_default_size: 8388608.
 - enlarge_chunks_in_place: 1.
 - use_allocation_guard: 0.


Internal statistics:

num_allocs_failed_limit: 3.
num_arena_births: 1184.
num_arena_deaths: 0.
num_vsnodes_births: 2.
num_vsnodes_deaths: 0.
num_space_committed: 363.
num_space_uncommitted: 0.
num_chunks_returned_to_freelist: 3.
num_chunks_taken_from_freelist: 2082.
num_chunk_merges: 3.
num_chunk_splits: 1372.
num_chunks_enlarged: 898.
num_inconsistent_stats: 0.

CodeHeap 'non-profiled nmethods': size=120000Kb used=1456Kb max_used=1456Kb free=118543Kb
 bounds [0x000001f2f6c10000, 0x000001f2f6e80000, 0x000001f2fe140000]
CodeHeap 'profiled nmethods': size=120000Kb used=6431Kb max_used=6431Kb free=113568Kb
 bounds [0x000001f2ef140000, 0x000001f2ef790000, 0x000001f2f6670000]
CodeHeap 'non-nmethods': size=5760Kb used=1497Kb max_used=1544Kb free=4262Kb
 bounds [0x000001f2f6670000, 0x000001f2f68e0000, 0x000001f2f6c10000]
 total_blobs=3696 nmethods=3121 adapters=479
 compilation: enabled
              stopped_count=0, restarted_count=0
 full_count=0

Compilation events (20 events):
Event: 12.209 Thread 0x000001f2ff06de70 3097   !   3       sun.reflect.annotation.AnnotationParser::parseClassValue (56 bytes)
Event: 12.210 Thread 0x000001f2ff06de70 nmethod 3097 0x000001f2ef773c10 code [0x000001f2ef773e40, 0x000001f2ef7744f8]
Event: 12.238 Thread 0x000001f2ff06de70 3101       3       java.lang.invoke.DirectMethodHandle$Holder::invokeStatic (22 bytes)
Event: 12.239 Thread 0x000001f2ff06de70 nmethod 3101 0x000001f2ef774810 code [0x000001f2ef7749e0, 0x000001f2ef774f00]
Event: 12.274 Thread 0x000001f2ff06de70 3103       3       java.lang.invoke.MethodHandles$Lookup::findVirtual (91 bytes)
Event: 12.276 Thread 0x000001f2ff06de70 nmethod 3103 0x000001f2ef775010 code [0x000001f2ef7752e0, 0x000001f2ef775ea8]
Event: 12.276 Thread 0x000001f2ff06de70 3105       3       java.lang.ThreadLocal::get (8 bytes)
Event: 12.277 Thread 0x000001f2ff06de70 nmethod 3105 0x000001f2ef776390 code [0x000001f2ef776540, 0x000001f2ef776698]
Event: 12.277 Thread 0x000001f2ff06de70 3104   !   3       java.lang.invoke.MethodHandleImpl$1::findVirtual (14 bytes)
Event: 12.277 Thread 0x000001f2ff06de70 nmethod 3104 0x000001f2ef776710 code [0x000001f2ef7768c0, 0x000001f2ef776a58]
Event: 12.295 Thread 0x000001f2ff06de70 3106       3       java.lang.invoke.BoundMethodHandle$Species_LLL::make (14 bytes)
Event: 12.295 Thread 0x000001f2ff06de70 nmethod 3106 0x000001f2ef776b10 code [0x000001f2ef776ce0, 0x000001f2ef777010]
Event: 12.295 Thread 0x000001f2ff06de70 3107       3       java.lang.invoke.BoundMethodHandle$Species_LLL::<init> (24 bytes)
Event: 12.296 Thread 0x000001f2ff06de70 nmethod 3107 0x000001f2ef777190 code [0x000001f2ef777360, 0x000001f2ef777650]
Event: 12.338 Thread 0x000001f2ff06de70 3108       3       jdk.internal.reflect.ReflectionFactory::copyField (11 bytes)
Event: 12.338 Thread 0x000001f2ff06de70 nmethod 3108 0x000001f2ef777790 code [0x000001f2ef777940, 0x000001f2ef777b38]
Event: 12.338 Thread 0x000001f2ff06de70 3109       3       java.lang.reflect.ReflectAccess::copyField (5 bytes)
Event: 12.339 Thread 0x000001f2ff06de70 nmethod 3109 0x000001f2ef777c90 code [0x000001f2ef777e40, 0x000001f2ef777f80]
Event: 12.367 Thread 0x000001f2ff06de70 3111       3       com.google.common.base.CharMatcher$IsEither::matches (22 bytes)
Event: 12.368 Thread 0x000001f2ff06de70 nmethod 3111 0x000001f2ef778090 code [0x000001f2ef778240, 0x000001f2ef7783e0]

GC Heap History (8 events):
Event: 1.370 GC heap before
{Heap before GC invocations=0 (full 0):
 garbage-first heap   total 262144K, used 12288K [0x00000000e0000000, 0x0000000100000000)
  region size 1024K, 13 young (13312K), 0 survivors (0K)
 Metaspace       used 1085K, committed 1216K, reserved 393216K
  class space    used 86K, committed 128K, reserved 327680K
}
Event: 1.379 GC heap after
{Heap after GC invocations=1 (full 0):
 garbage-first heap   total 262144K, used 4324K [0x00000000e0000000, 0x0000000100000000)
  region size 1024K, 2 young (2048K), 2 survivors (2048K)
 Metaspace       used 1085K, committed 1216K, reserved 393216K
  class space    used 86K, committed 128K, reserved 327680K
}
Event: 3.540 GC heap before
{Heap before GC invocations=1 (full 0):
 garbage-first heap   total 262144K, used 25828K [0x00000000e0000000, 0x0000000100000000)
  region size 1024K, 20 young (20480K), 2 survivors (2048K)
 Metaspace       used 4111K, committed 4352K, reserved 393216K
  class space    used 502K, committed 640K, reserved 327680K
}
Event: 3.547 GC heap after
{Heap after GC invocations=2 (full 0):
 garbage-first heap   total 262144K, used 11214K [0x00000000e0000000, 0x0000000100000000)
  region size 1024K, 3 young (3072K), 3 survivors (3072K)
 Metaspace       used 4111K, committed 4352K, reserved 393216K
  class space    used 502K, committed 640K, reserved 327680K
}
Event: 4.869 GC heap before
{Heap before GC invocations=2 (full 0):
 garbage-first heap   total 262144K, used 34766K [0x00000000e0000000, 0x0000000100000000)
  region size 1024K, 26 young (26624K), 3 survivors (3072K)
 Metaspace       used 4328K, committed 4544K, reserved 393216K
  class space    used 517K, committed 640K, reserved 327680K
}
Event: 4.876 GC heap after
{Heap after GC invocations=3 (full 0):
 garbage-first heap   total 262144K, used 15471K [0x00000000e0000000, 0x0000000100000000)
  region size 1024K, 4 young (4096K), 4 survivors (4096K)
 Metaspace       used 4328K, committed 4544K, reserved 393216K
  class space    used 517K, committed 640K, reserved 327680K
}
Event: 11.637 GC heap before
{Heap before GC invocations=3 (full 0):
 garbage-first heap   total 262144K, used 107631K [0x00000000e0000000, 0x0000000100000000)
  region size 1024K, 96 young (98304K), 4 survivors (4096K)
 Metaspace       used 20827K, committed 21504K, reserved 393216K
  class space    used 2992K, committed 3328K, reserved 327680K
}
Event: 11.716 GC heap after
{Heap after GC invocations=4 (full 0):
 garbage-first heap   total 262144K, used 23563K [0x00000000e0000000, 0x0000000100000000)
  region size 1024K, 12 young (12288K), 12 survivors (12288K)
 Metaspace       used 20827K, committed 21504K, reserved 393216K
  class space    used 2992K, committed 3328K, reserved 327680K
}

Dll operation events (15 events):
Event: 0.027 Loaded shared library C:\Program Files\Java\jdk-21\bin\java.dll
Event: 0.127 Loaded shared library C:\Program Files\Java\jdk-21\bin\jsvml.dll
Event: 0.288 Loaded shared library C:\Program Files\Java\jdk-21\bin\zip.dll
Event: 0.295 Loaded shared library C:\Program Files\Java\jdk-21\bin\instrument.dll
Event: 0.306 Loaded shared library C:\Program Files\Java\jdk-21\bin\net.dll
Event: 0.309 Loaded shared library C:\Program Files\Java\jdk-21\bin\nio.dll
Event: 0.320 Loaded shared library C:\Program Files\Java\jdk-21\bin\zip.dll
Event: 0.979 Loaded shared library C:\Program Files\Java\jdk-21\bin\jimage.dll
Event: 1.262 Loaded shared library C:\Program Files\Java\jdk-21\bin\verify.dll
Event: 1.941 Loaded shared library C:\Users\jhonn\.gradle\native\c067742578af261105cb4f569cf0c3c89f3d7b1fecec35dd04571415982c5e48\windows-amd64\native-platform.dll
Event: 1.989 Loaded shared library C:\Users\jhonn\.gradle\native\38dada09dfb8b06ba9b0570ebf7e218e3eb74d4ef43ca46872605cf95ebc2f47\windows-amd64\native-platform-file-events.dll
Event: 5.499 Loaded shared library C:\Program Files\Java\jdk-21\bin\management.dll
Event: 5.505 Loaded shared library C:\Program Files\Java\jdk-21\bin\management_ext.dll
Event: 5.973 Loaded shared library C:\Program Files\Java\jdk-21\bin\extnet.dll
Event: 6.317 Loaded shared library C:\Program Files\Java\jdk-21\bin\sunmscapi.dll

Deoptimization events (20 events):
Event: 9.645 Thread 0x000001f2ffcc6070 Uncommon trap: trap_request=0xffffffcc fr.pc=0x000001f2f6d3c884 relative=0x0000000000000344
Event: 9.645 Thread 0x000001f2ffcc6070 Uncommon trap: reason=intrinsic_or_type_checked_inlining action=make_not_entrant pc=0x000001f2f6d3c884 method=java.util.Arrays.copyOf([Ljava/lang/Object;ILjava/lang/Class;)[Ljava/lang/Object; @ 35 c2
Event: 9.645 Thread 0x000001f2ffcc6070 DEOPT PACKING pc=0x000001f2f6d3c884 sp=0x0000008d195fbdd0
Event: 9.645 Thread 0x000001f2ffcc6070 DEOPT UNPACKING pc=0x000001f2f66c46a2 sp=0x0000008d195fbd60 mode 2
Event: 10.445 Thread 0x000001f2ffcc6070 Uncommon trap: trap_request=0xffffff45 fr.pc=0x000001f2f6d0c6c8 relative=0x00000000000001e8
Event: 10.445 Thread 0x000001f2ffcc6070 Uncommon trap: reason=unstable_if action=reinterpret pc=0x000001f2f6d0c6c8 method=java.util.HashMap.getNode(Ljava/lang/Object;)Ljava/util/HashMap$Node; @ 131 c2
Event: 10.445 Thread 0x000001f2ffcc6070 DEOPT PACKING pc=0x000001f2f6d0c6c8 sp=0x0000008d195fb580
Event: 10.445 Thread 0x000001f2ffcc6070 DEOPT UNPACKING pc=0x000001f2f66c46a2 sp=0x0000008d195fb4a0 mode 2
Event: 12.080 Thread 0x000001f2ffcc6070 Uncommon trap: trap_request=0xffffff45 fr.pc=0x000001f2f6d22de8 relative=0x0000000000000388
Event: 12.080 Thread 0x000001f2ffcc6070 Uncommon trap: reason=unstable_if action=reinterpret pc=0x000001f2f6d22de8 method=jdk.internal.org.objectweb.asm.SymbolTable.addType(Ljava/lang/String;)I @ 33 c2
Event: 12.080 Thread 0x000001f2ffcc6070 DEOPT PACKING pc=0x000001f2f6d22de8 sp=0x0000008d195fa630
Event: 12.080 Thread 0x000001f2ffcc6070 DEOPT UNPACKING pc=0x000001f2f66c46a2 sp=0x0000008d195fa5b8 mode 2
Event: 12.198 Thread 0x000001f2ffcc6070 Uncommon trap: trap_request=0xffffff45 fr.pc=0x000001f2f6d3e9c8 relative=0x0000000000000c88
Event: 12.198 Thread 0x000001f2ffcc6070 Uncommon trap: reason=unstable_if action=reinterpret pc=0x000001f2f6d3e9c8 method=jdk.internal.org.objectweb.asm.SymbolTable.addType(Ljava/lang/String;)I @ 33 c2
Event: 12.198 Thread 0x000001f2ffcc6070 DEOPT PACKING pc=0x000001f2f6d3e9c8 sp=0x0000008d195fba40
Event: 12.198 Thread 0x000001f2ffcc6070 DEOPT UNPACKING pc=0x000001f2f66c46a2 sp=0x0000008d195fb978 mode 2
Event: 12.357 Thread 0x000001f2ffcc6070 Uncommon trap: trap_request=0xffffff76 fr.pc=0x000001f2f6d68184 relative=0x00000000000001c4
Event: 12.357 Thread 0x000001f2ffcc6070 Uncommon trap: reason=predicate action=maybe_recompile pc=0x000001f2f6d68184 method=com.google.common.base.CharMatcher.indexIn(Ljava/lang/CharSequence;I)I @ 19 c2
Event: 12.357 Thread 0x000001f2ffcc6070 DEOPT PACKING pc=0x000001f2f6d68184 sp=0x0000008d195fac80
Event: 12.357 Thread 0x000001f2ffcc6070 DEOPT UNPACKING pc=0x000001f2f66c46a2 sp=0x0000008d195fac10 mode 2

Classes loaded (20 events):
Event: 9.610 Loading class java/io/ObjectInputStream
Event: 9.611 Loading class java/io/ObjectInput
Event: 9.612 Loading class java/io/ObjectInput done
Event: 9.612 Loading class java/io/ObjectInputStream done
Event: 10.323 Loading class javax/xml/parsers/ParserConfigurationException
Event: 10.325 Loading class javax/xml/parsers/ParserConfigurationException done
Event: 10.325 Loading class org/xml/sax/SAXException
Event: 10.325 Loading class org/xml/sax/SAXException done
Event: 10.325 Loading class javax/xml/xpath/XPathExpressionException
Event: 10.326 Loading class javax/xml/xpath/XPathException
Event: 10.326 Loading class javax/xml/xpath/XPathException done
Event: 10.326 Loading class javax/xml/xpath/XPathExpressionException done
Event: 10.326 Loading class org/xml/sax/ErrorHandler
Event: 10.327 Loading class org/xml/sax/ErrorHandler done
Event: 12.275 Loading class java/util/function/UnaryOperator
Event: 12.276 Loading class java/util/function/UnaryOperator done
Event: 12.329 Loading class java/util/concurrent/TimeoutException
Event: 12.330 Loading class java/util/concurrent/TimeoutException done
Event: 12.330 Loading class java/util/concurrent/CancellationException
Event: 12.330 Loading class java/util/concurrent/CancellationException done

Classes unloaded (0 events):
No events

Classes redefined (0 events):
No events

Internal exceptions (20 events):
Event: 9.142 Thread 0x000001f2ffcc6070 Exception <a 'java/lang/NoSuchMethodError'{0x00000000ec17fa70}: 'java.lang.Object java.lang.invoke.DirectMethodHandle$Holder.invokeStatic(java.lang.Object, java.lang.Object, java.lang.Object, java.lang.Object, java.lang.Object, java.lang.Object, java.lang.Object, java.lang.Object, java.lang.Object, java.lang.Object, java.lang.Object, java.lang.Object, java.lang.Object, java.lang.Object, java.lang.Object, java.lang.Object, java.lang.Object, java.lang.Object, java.lang.Object, java.lang.Object, java.lang.Obj
Event: 9.559 Thread 0x000001f2ffcc6070 Exception <a 'java/lang/IncompatibleClassChangeError'{0x00000000eb92e1b8}: Found class java.lang.Object, but interface was expected> (0x00000000eb92e1b8) 
thrown [s\open\src\hotspot\share\interpreter\linkResolver.cpp, line 840]
Event: 9.571 Thread 0x000001f2ffcc6070 Exception <a 'java/lang/NoSuchMethodError'{0x00000000eb95cea8}: 'java.lang.Object java.lang.invoke.DirectMethodHandle$Holder.newInvokeSpecial(java.lang.Object, java.lang.Object, java.lang.Object, java.lang.Object, java.lang.Object, java.lang.Object, java.lang.Object, java.lang.Object, java.lang.Object, java.lang.Object, java.lang.Object, java.lang.Object, java.lang.Object, java.lang.Object)'> (0x00000000eb95cea8) 
thrown [s\open\src\hotspot\share\interpreter\linkResolver.cpp, line 773]
Event: 9.572 Thread 0x000001f2ffcc6070 Exception <a 'java/lang/NoSuchMethodError'{0x00000000eb962558}: 'java.lang.Object java.lang.invoke.DirectMethodHandle$Holder.invokeSpecial(java.lang.Object, java.lang.Object, java.lang.Object, java.lang.Object, java.lang.Object, java.lang.Object, java.lang.Object, java.lang.Object, java.lang.Object, java.lang.Object, java.lang.Object, java.lang.Object, java.lang.Object, java.lang.Object, java.lang.Object)'> (0x00000000eb962558) 
thrown [s\open\src\hotspot\share\interpreter\linkResolver.cpp, line 773]
Event: 9.572 Thread 0x000001f2ffcc6070 Exception <a 'java/lang/NoSuchMethodError'{0x00000000eb966e98}: 'java.lang.Object java.lang.invoke.DelegatingMethodHandle$Holder.reinvoke_L(java.lang.Object, java.lang.Object, java.lang.Object, java.lang.Object, java.lang.Object, java.lang.Object, java.lang.Object, java.lang.Object, java.lang.Object, java.lang.Object, java.lang.Object, java.lang.Object, java.lang.Object, java.lang.Object)'> (0x00000000eb966e98) 
thrown [s\open\src\hotspot\share\interpreter\linkResolver.cpp, line 773]
Event: 9.659 Thread 0x000001f2ffcc6070 Exception <a 'java/lang/NoSuchMethodError'{0x00000000eb8b27b8}: 'java.lang.Object java.lang.invoke.DirectMethodHandle$Holder.newInvokeSpecial(java.lang.Object, java.lang.Object, java.lang.Object, java.lang.Object, java.lang.Object, java.lang.Object, java.lang.Object)'> (0x00000000eb8b27b8) 
thrown [s\open\src\hotspot\share\interpreter\linkResolver.cpp, line 773]
Event: 9.750 Thread 0x000001f2ffcc6070 Exception <a 'java/lang/NoSuchMethodError'{0x00000000eb72e130}: 'java.lang.Object java.lang.invoke.DirectMethodHandle$Holder.invokeVirtual(java.lang.Object, java.lang.Object, java.lang.Object, java.lang.Object, java.lang.Object, java.lang.Object, java.lang.Object, java.lang.Object, java.lang.Object, java.lang.Object, java.lang.Object, java.lang.Object, java.lang.Object, java.lang.Object, java.lang.Object, java.lang.Object, java.lang.Object, java.lang.Object, java.lang.Object, java.lang.Object, java.lang.Ob
Event: 9.751 Thread 0x000001f2ffcc6070 Exception <a 'java/lang/NoSuchMethodError'{0x00000000eb734598}: 'java.lang.Object java.lang.invoke.DirectMethodHandle$Holder.invokeSpecial(java.lang.Object, java.lang.Object, java.lang.Object, java.lang.Object, java.lang.Object, java.lang.Object, java.lang.Object, java.lang.Object, java.lang.Object, java.lang.Object, java.lang.Object, java.lang.Object, java.lang.Object, java.lang.Object, java.lang.Object, java.lang.Object, java.lang.Object, java.lang.Object, java.lang.Object, java.lang.Object, java.lang.Ob
Event: 9.752 Thread 0x000001f2ffcc6070 Exception <a 'java/lang/NoSuchMethodError'{0x00000000eb739fa0}: 'java.lang.Object java.lang.invoke.DelegatingMethodHandle$Holder.reinvoke_L(java.lang.Object, java.lang.Object, java.lang.Object, java.lang.Object, java.lang.Object, java.lang.Object, java.lang.Object, java.lang.Object, java.lang.Object, java.lang.Object, java.lang.Object, java.lang.Object, java.lang.Object, java.lang.Object, java.lang.Object, java.lang.Object, java.lang.Object, java.lang.Object, java.lang.Object, java.lang.Object, java.lang.O
Event: 10.117 Thread 0x000001f2ffcc6070 Exception <a 'java/lang/NoSuchMethodError'{0x00000000eb207d50}: 'java.lang.Object java.lang.invoke.DirectMethodHandle$Holder.invokeSpecial(java.lang.Object, java.lang.Object, java.lang.Object, java.lang.Object, java.lang.Object, java.lang.Object, java.lang.Object, java.lang.Object, java.lang.Object, java.lang.Object, java.lang.Object, java.lang.Object, java.lang.Object, java.lang.Object, java.lang.Object, java.lang.Object, java.lang.Object, java.lang.Object, java.lang.Object, java.lang.Object, java.lang.Ob
Event: 10.710 Thread 0x000001f2ffcc6070 Exception <a 'java/lang/NoSuchMethodError'{0x00000000ea8028a8}: 'java.lang.Object java.lang.invoke.DirectMethodHandle$Holder.invokeVirtual(java.lang.Object, java.lang.Object, java.lang.Object, java.lang.Object, java.lang.Object, java.lang.Object, java.lang.Object, java.lang.Object, java.lang.Object, java.lang.Object, java.lang.Object)'> (0x00000000ea8028a8) 
thrown [s\open\src\hotspot\share\interpreter\linkResolver.cpp, line 773]
Event: 11.262 Thread 0x000001f2ffcc6070 Exception <a 'java/lang/NoSuchMethodError'{0x00000000ea329838}: 'java.lang.Object java.lang.invoke.DirectMethodHandle$Holder.invokeVirtual(java.lang.Object, java.lang.Object, java.lang.Object, java.lang.Object, java.lang.Object, java.lang.Object, java.lang.Object, java.lang.Object, java.lang.Object, java.lang.Object)'> (0x00000000ea329838) 
thrown [s\open\src\hotspot\share\interpreter\linkResolver.cpp, line 773]
Event: 11.493 Thread 0x000001f2ffcc6070 Exception <a 'java/lang/NoSuchMethodError'{0x00000000ea239130}: 'java.lang.Object java.lang.invoke.DirectMethodHandle$Holder.invokeVirtual(java.lang.Object, java.lang.Object, java.lang.Object, java.lang.Object, java.lang.Object, java.lang.Object, java.lang.Object, java.lang.Object, java.lang.Object, java.lang.Object, java.lang.Object, java.lang.Object, java.lang.Object, java.lang.Object, java.lang.Object)'> (0x00000000ea239130) 
thrown [s\open\src\hotspot\share\interpreter\linkResolver.cpp, line 773]
Event: 11.494 Thread 0x000001f2ffcc6070 Exception <a 'java/lang/NoSuchMethodError'{0x00000000ea23e718}: 'java.lang.Object java.lang.invoke.DirectMethodHandle$Holder.invokeSpecial(java.lang.Object, java.lang.Object, java.lang.Object, java.lang.Object, java.lang.Object, java.lang.Object, java.lang.Object, java.lang.Object, java.lang.Object, java.lang.Object, java.lang.Object, java.lang.Object, java.lang.Object, java.lang.Object, java.lang.Object, java.lang.Object)'> (0x00000000ea23e718) 
thrown [s\open\src\hotspot\share\interpreter\linkResolver.cp
Event: 11.495 Thread 0x000001f2ffcc6070 Exception <a 'java/lang/NoSuchMethodError'{0x00000000ea243748}: 'java.lang.Object java.lang.invoke.DelegatingMethodHandle$Holder.reinvoke_L(java.lang.Object, java.lang.Object, java.lang.Object, java.lang.Object, java.lang.Object, java.lang.Object, java.lang.Object, java.lang.Object, java.lang.Object, java.lang.Object, java.lang.Object, java.lang.Object, java.lang.Object, java.lang.Object, java.lang.Object)'> (0x00000000ea243748) 
thrown [s\open\src\hotspot\share\interpreter\linkResolver.cpp, line 773]
Event: 11.571 Thread 0x000001f2ffcc6070 Exception <a 'java/lang/NoSuchMethodError'{0x00000000ea1e3ae0}: 'java.lang.Object java.lang.invoke.DirectMethodHandle$Holder.invokeStaticInit(java.lang.Object, java.lang.Object, java.lang.Object, java.lang.Object)'> (0x00000000ea1e3ae0) 
thrown [s\open\src\hotspot\share\interpreter\linkResolver.cpp, line 773]
Event: 11.636 Thread 0x000001f2ffcc6070 Exception <a 'java/lang/NoSuchMethodError'{0x00000000ea0afbb0}: 'java.lang.Object java.lang.invoke.DirectMethodHandle$Holder.newInvokeSpecial(java.lang.Object, java.lang.Object, java.lang.Object, java.lang.Object, java.lang.Object, java.lang.Object, java.lang.Object, java.lang.Object)'> (0x00000000ea0afbb0) 
thrown [s\open\src\hotspot\share\interpreter\linkResolver.cpp, line 773]
Event: 11.793 Thread 0x000001f2ffcc6070 Exception <a 'java/lang/NoSuchMethodError'{0x00000000efeeb3b8}: 'void java.lang.invoke.DirectMethodHandle$Holder.invokeStatic(java.lang.Object, java.lang.Object, java.lang.Object, java.lang.Object)'> (0x00000000efeeb3b8) 
thrown [s\open\src\hotspot\share\interpreter\linkResolver.cpp, line 773]
Event: 11.812 Thread 0x000001f2ffcc6070 Exception <a 'java/lang/IncompatibleClassChangeError'{0x00000000efd13180}: Found class java.lang.Object, but interface was expected> (0x00000000efd13180) 
thrown [s\open\src\hotspot\share\interpreter\linkResolver.cpp, line 840]
Event: 12.119 Thread 0x000001f2ffcc6070 Exception <a 'java/lang/NoSuchMethodError'{0x00000000efa5bbc8}: 'java.lang.Object java.lang.invoke.DirectMethodHandle$Holder.newInvokeSpecial(java.lang.Object, java.lang.Object, java.lang.Object, java.lang.Object, java.lang.Object, java.lang.Object, java.lang.Object, java.lang.Object, java.lang.Object, java.lang.Object)'> (0x00000000efa5bbc8) 
thrown [s\open\src\hotspot\share\interpreter\linkResolver.cpp, line 773]

ZGC Phase Switch (0 events):
No events

VM Operations (20 events):
Event: 7.773 Executing VM operation: HandshakeAllThreads (Deoptimize)
Event: 7.773 Executing VM operation: HandshakeAllThreads (Deoptimize) done
Event: 8.249 Executing VM operation: HandshakeAllThreads (Deoptimize)
Event: 8.249 Executing VM operation: HandshakeAllThreads (Deoptimize) done
Event: 9.159 Executing VM operation: HandshakeAllThreads (Deoptimize)
Event: 9.160 Executing VM operation: HandshakeAllThreads (Deoptimize) done
Event: 9.160 Executing VM operation: Cleanup
Event: 9.160 Executing VM operation: Cleanup done
Event: 9.160 Executing VM operation: HandshakeAllThreads (Deoptimize)
Event: 9.161 Executing VM operation: HandshakeAllThreads (Deoptimize) done
Event: 10.163 Executing VM operation: Cleanup
Event: 10.166 Executing VM operation: Cleanup done
Event: 11.166 Executing VM operation: Cleanup
Event: 11.182 Executing VM operation: Cleanup done
Event: 11.637 Executing VM operation: CollectForMetadataAllocation (Metadata GC Threshold)
Event: 11.716 Executing VM operation: CollectForMetadataAllocation (Metadata GC Threshold) done
Event: 11.753 Executing VM operation: G1PauseRemark
Event: 11.765 Executing VM operation: G1PauseRemark done
Event: 11.771 Executing VM operation: G1PauseCleanup
Event: 11.771 Executing VM operation: G1PauseCleanup done

Events (20 events):
Event: 0.124 Thread 0x000001f2ff063780 Thread added: 0x000001f2ff063780
Event: 0.124 Thread 0x000001f2ff064980 Thread added: 0x000001f2ff064980
Event: 0.125 Thread 0x000001f2ff06ac20 Thread added: 0x000001f2ff06ac20
Event: 0.125 Thread 0x000001f2ff06de70 Thread added: 0x000001f2ff06de70
Event: 0.193 Thread 0x000001f2ff09e2f0 Thread added: 0x000001f2ff09e2f0
Event: 0.373 Thread 0x000001f2ff3e35a0 Thread added: 0x000001f2ff3e35a0
Event: 5.600 Thread 0x000001f2ff1e99c0 Thread added: 0x000001f2ff1e99c0
Event: 6.079 Thread 0x000001f29b1c33f0 Thread added: 0x000001f29b1c33f0
Event: 6.224 Thread 0x000001f2ffc92610 Thread added: 0x000001f2ffc92610
Event: 6.538 Thread 0x000001f2ffc7d1f0 Thread added: 0x000001f2ffc7d1f0
Event: 6.558 Thread 0x000001f2ffc7dc30 Thread added: 0x000001f2ffc7dc30
Event: 6.692 Thread 0x000001f29bb9d9e0 Thread added: 0x000001f29bb9d9e0
Event: 6.710 Thread 0x000001f2ffcc6070 Thread added: 0x000001f2ffcc6070
Event: 6.753 Thread 0x000001f29b412ad0 Thread added: 0x000001f29b412ad0
Event: 6.778 Thread 0x000001f29b410a00 Thread added: 0x000001f29b410a00
Event: 6.791 Thread 0x000001f29b40f650 Thread added: 0x000001f29b40f650
Event: 8.250 Thread 0x000001f29b411090 Thread added: 0x000001f29b411090
Event: 8.290 Thread 0x000001f29b40fce0 Thread added: 0x000001f29b40fce0
Event: 8.644 Thread 0x000001f29b410370 Thread added: 0x000001f29b410370
Event: 11.268 Thread 0x000001f29b411720 Thread added: 0x000001f29b411720


Dynamic libraries:
0x00007ff6bc4c0000 - 0x00007ff6bc4d0000 	C:\Program Files\Java\jdk-21\bin\java.exe
0x00007ffde1750000 - 0x00007ffde1948000 	C:\WINDOWS\SYSTEM32\ntdll.dll
0x00007ffddfd80000 - 0x00007ffddfe3d000 	C:\WINDOWS\System32\KERNEL32.DLL
0x00007ffddf150000 - 0x00007ffddf446000 	C:\WINDOWS\System32\KERNELBASE.dll
0x00007ffddee00000 - 0x00007ffddef00000 	C:\WINDOWS\System32\ucrtbase.dll
0x00007ffdd7b80000 - 0x00007ffdd7b9b000 	C:\Program Files\Java\jdk-21\bin\VCRUNTIME140.dll
0x00007ffdbe030000 - 0x00007ffdbe049000 	C:\Program Files\Java\jdk-21\bin\jli.dll
0x00007ffde0fd0000 - 0x00007ffde1080000 	C:\WINDOWS\System32\ADVAPI32.dll
0x00007ffde01f0000 - 0x00007ffde028e000 	C:\WINDOWS\System32\msvcrt.dll
0x00007ffde0c70000 - 0x00007ffde0d10000 	C:\WINDOWS\System32\sechost.dll
0x00007ffddfeb0000 - 0x00007ffddffd3000 	C:\WINDOWS\System32\RPCRT4.dll
0x00007ffddef00000 - 0x00007ffddef27000 	C:\WINDOWS\System32\bcrypt.dll
0x00007ffddfbd0000 - 0x00007ffddfd6f000 	C:\WINDOWS\System32\USER32.dll
0x00007ffddf0b0000 - 0x00007ffddf0d2000 	C:\WINDOWS\System32\win32u.dll
0x00007ffde0c40000 - 0x00007ffde0c6b000 	C:\WINDOWS\System32\GDI32.dll
0x00007ffdd1ce0000 - 0x00007ffdd1f7a000 	C:\WINDOWS\WinSxS\amd64_microsoft.windows.common-controls_6595b64144ccf1df_6.0.19041.4355_none_60b8b9eb71f62e16\COMCTL32.dll
0x00007ffddf660000 - 0x00007ffddf777000 	C:\WINDOWS\System32\gdi32full.dll
0x00007ffddf010000 - 0x00007ffddf0ad000 	C:\WINDOWS\System32\msvcp_win.dll
0x00007ffdd1f80000 - 0x00007ffdd1f8a000 	C:\WINDOWS\SYSTEM32\VERSION.dll
0x00007ffddfb90000 - 0x00007ffddfbc2000 	C:\WINDOWS\System32\IMM32.DLL
0x00007ffdd9e50000 - 0x00007ffdd9e5c000 	C:\Program Files\Java\jdk-21\bin\vcruntime140_1.dll
0x00007ffdb4880000 - 0x00007ffdb490e000 	C:\Program Files\Java\jdk-21\bin\msvcp140.dll
0x00007ffd64910000 - 0x00007ffd65627000 	C:\Program Files\Java\jdk-21\bin\server\jvm.dll
0x00007ffddfe40000 - 0x00007ffddfeab000 	C:\WINDOWS\System32\WS2_32.dll
0x00007ffddec50000 - 0x00007ffddec9b000 	C:\WINDOWS\SYSTEM32\POWRPROF.dll
0x00007ffdd24f0000 - 0x00007ffdd2517000 	C:\WINDOWS\SYSTEM32\WINMM.dll
0x00007ffddec30000 - 0x00007ffddec42000 	C:\WINDOWS\SYSTEM32\UMPDC.dll
0x00007ffddcc80000 - 0x00007ffddcc92000 	C:\WINDOWS\SYSTEM32\kernel.appcore.dll
0x00007ffdd8220000 - 0x00007ffdd822a000 	C:\Program Files\Java\jdk-21\bin\jimage.dll
0x00007ffdd1240000 - 0x00007ffdd1424000 	C:\WINDOWS\SYSTEM32\DBGHELP.DLL
0x00007ffdd0cc0000 - 0x00007ffdd0cf4000 	C:\WINDOWS\SYSTEM32\dbgcore.DLL
0x00007ffddef80000 - 0x00007ffddf002000 	C:\WINDOWS\System32\bcryptPrimitives.dll
0x00007ffddbaa0000 - 0x00007ffddbaaf000 	C:\Program Files\Java\jdk-21\bin\instrument.dll
0x00007ffdbd0e0000 - 0x00007ffdbd0ff000 	C:\Program Files\Java\jdk-21\bin\java.dll
0x00007ffde0290000 - 0x00007ffde09fb000 	C:\WINDOWS\System32\SHELL32.dll
0x00007ffddce80000 - 0x00007ffddd61d000 	C:\WINDOWS\SYSTEM32\windows.storage.dll
0x00007ffddf780000 - 0x00007ffddfad3000 	C:\WINDOWS\System32\combase.dll
0x00007ffdde750000 - 0x00007ffdde77e000 	C:\WINDOWS\SYSTEM32\Wldp.dll
0x00007ffde0a00000 - 0x00007ffde0acd000 	C:\WINDOWS\System32\OLEAUT32.dll
0x00007ffde0ad0000 - 0x00007ffde0b7d000 	C:\WINDOWS\System32\SHCORE.dll
0x00007ffde0be0000 - 0x00007ffde0c35000 	C:\WINDOWS\System32\shlwapi.dll
0x00007ffdded30000 - 0x00007ffdded54000 	C:\WINDOWS\SYSTEM32\profapi.dll
0x00007ffdb3c10000 - 0x00007ffdb3ce7000 	C:\Program Files\Java\jdk-21\bin\jsvml.dll
0x00007ffdb51e0000 - 0x00007ffdb51f8000 	C:\Program Files\Java\jdk-21\bin\zip.dll
0x00007ffdbd5b0000 - 0x00007ffdbd5c0000 	C:\Program Files\Java\jdk-21\bin\net.dll
0x00007ffdd4fd0000 - 0x00007ffdd50da000 	C:\WINDOWS\SYSTEM32\WINHTTP.dll
0x00007ffdde4b0000 - 0x00007ffdde51a000 	C:\WINDOWS\system32\mswsock.dll
0x00007ffdb52d0000 - 0x00007ffdb52e6000 	C:\Program Files\Java\jdk-21\bin\nio.dll
0x00007ffdb19f0000 - 0x00007ffdb1a00000 	C:\Program Files\Java\jdk-21\bin\verify.dll
0x00007ffdb19c0000 - 0x00007ffdb19e7000 	C:\Users\jhonn\.gradle\native\c067742578af261105cb4f569cf0c3c89f3d7b1fecec35dd04571415982c5e48\windows-amd64\native-platform.dll
0x00007ffd5b110000 - 0x00007ffd5b254000 	C:\Users\jhonn\.gradle\native\38dada09dfb8b06ba9b0570ebf7e218e3eb74d4ef43ca46872605cf95ebc2f47\windows-amd64\native-platform-file-events.dll
0x00007ffdb4780000 - 0x00007ffdb478a000 	C:\Program Files\Java\jdk-21\bin\management.dll
0x00007ffdb4640000 - 0x00007ffdb464b000 	C:\Program Files\Java\jdk-21\bin\management_ext.dll
0x00007ffde0fc0000 - 0x00007ffde0fc8000 	C:\WINDOWS\System32\PSAPI.DLL
0x00007ffdde6a0000 - 0x00007ffdde6b8000 	C:\WINDOWS\SYSTEM32\CRYPTSP.dll
0x00007ffddddd0000 - 0x00007ffddde04000 	C:\WINDOWS\system32\rsaenh.dll
0x00007ffddece0000 - 0x00007ffdded0e000 	C:\WINDOWS\SYSTEM32\USERENV.dll
0x00007ffdde6c0000 - 0x00007ffdde6cc000 	C:\WINDOWS\SYSTEM32\CRYPTBASE.dll
0x00007ffdde190000 - 0x00007ffdde1cb000 	C:\WINDOWS\SYSTEM32\IPHLPAPI.DLL
0x00007ffde1100000 - 0x00007ffde1108000 	C:\WINDOWS\System32\NSI.dll
0x00007ffdb1a10000 - 0x00007ffdb1a19000 	C:\Program Files\Java\jdk-21\bin\extnet.dll
0x00007ffdb1a20000 - 0x00007ffdb1a2e000 	C:\Program Files\Java\jdk-21\bin\sunmscapi.dll
0x00007ffddf450000 - 0x00007ffddf5ae000 	C:\WINDOWS\System32\CRYPT32.dll
0x00007ffdde7c0000 - 0x00007ffdde7e9000 	C:\WINDOWS\SYSTEM32\ncrypt.dll
0x00007ffdde780000 - 0x00007ffdde7bb000 	C:\WINDOWS\SYSTEM32\NTASN1.dll
0x00007ffd862a0000 - 0x00007ffd862a7000 	C:\WINDOWS\system32\wshunix.dll

dbghelp: loaded successfully - version: 4.0.5 - missing functions: none
symbol engine: initialized successfully - sym options: 0x614 - pdb path: .;C:\Program Files\Java\jdk-21\bin;C:\WINDOWS\SYSTEM32;C:\WINDOWS\WinSxS\amd64_microsoft.windows.common-controls_6595b64144ccf1df_6.0.19041.4355_none_60b8b9eb71f62e16;C:\Program Files\Java\jdk-21\bin\server;C:\Users\jhonn\.gradle\native\c067742578af261105cb4f569cf0c3c89f3d7b1fecec35dd04571415982c5e48\windows-amd64;C:\Users\jhonn\.gradle\native\38dada09dfb8b06ba9b0570ebf7e218e3eb74d4ef43ca46872605cf95ebc2f47\windows-amd64

VM Arguments:
jvm_args: --add-opens=java.base/java.util=ALL-UNNAMED --add-opens=java.base/java.lang=ALL-UNNAMED --add-opens=java.base/java.lang.invoke=ALL-UNNAMED --add-opens=java.prefs/java.util.prefs=ALL-UNNAMED --add-opens=java.base/java.nio.charset=ALL-UNNAMED --add-opens=java.base/java.net=ALL-UNNAMED --add-opens=java.base/java.util.concurrent.atomic=ALL-UNNAMED -XX:MaxMetaspaceSize=384m -XX:+HeapDumpOnOutOfMemoryError -Xms256m -Xmx512m -Dfile.encoding=UTF-8 -Duser.country=PE -Duser.language=es -Duser.variant -javaagent:C:\Automatizacion\gradle-8.7\lib\agents\gradle-instrumentation-agent-8.7.jar 
java_command: org.gradle.launcher.daemon.bootstrap.GradleDaemon 8.7
java_class_path (initial): C:\Automatizacion\gradle-8.7\lib\gradle-launcher-8.7.jar
Launcher Type: SUN_STANDARD

[Global flags]
     intx CICompilerCount                          = 3                                         {product} {ergonomic}
   size_t CompressedClassSpaceSize                 = 335544320                                 {product} {ergonomic}
     uint ConcGCThreads                            = 1                                         {product} {ergonomic}
     uint G1ConcRefinementThreads                  = 4                                         {product} {ergonomic}
   size_t G1HeapRegionSize                         = 1048576                                   {product} {ergonomic}
    uintx GCDrainStackTargetSize                   = 64                                        {product} {ergonomic}
     bool HeapDumpOnOutOfMemoryError               = true                                   {manageable} {command line}
   size_t InitialHeapSize                          = 268435456                                 {product} {command line}
   size_t MarkStackSize                            = 4194304                                   {product} {ergonomic}
   size_t MaxHeapSize                              = 536870912                                 {product} {command line}
   size_t MaxMetaspaceSize                         = 402653184                                 {product} {command line}
   size_t MaxNewSize                               = 321912832                                 {product} {ergonomic}
   size_t MinHeapDeltaBytes                        = 1048576                                   {product} {ergonomic}
   size_t MinHeapSize                              = 268435456                                 {product} {command line}
    uintx NonNMethodCodeHeapSize                   = 5832780                                {pd product} {ergonomic}
    uintx NonProfiledCodeHeapSize                  = 122912730                              {pd product} {ergonomic}
    uintx ProfiledCodeHeapSize                     = 122912730                              {pd product} {ergonomic}
    uintx ReservedCodeCacheSize                    = 251658240                              {pd product} {ergonomic}
     bool SegmentedCodeCache                       = true                                      {product} {ergonomic}
   size_t SoftMaxHeapSize                          = 536870912                              {manageable} {ergonomic}
     bool UseCompressedOops                        = true                           {product lp64_product} {ergonomic}
     bool UseG1GC                                  = true                                      {product} {ergonomic}
     bool UseLargePagesIndividualAllocation        = false                                  {pd product} {ergonomic}

Logging:
Log output configuration:
 #0: stdout all=warning uptime,level,tags foldmultilines=false
 #1: stderr all=off uptime,level,tags foldmultilines=false

Environment Variables:
JAVA_HOME=C:\Program Files\Java\jdk-21
PATH=C:\Users\jhonn\bin;C:\Program Files\Git\mingw64\bin;C:\Program Files\Git\usr\local\bin;C:\Program Files\Git\usr\bin;C:\Program Files\Git\usr\bin;C:\Program Files\Git\mingw64\bin;C:\Program Files\Git\usr\bin;C:\Users\jhonn\bin;C:\Program Files\Common Files\Oracle\Java\javapath;C:\oraclexe\app\oracle\product\11.2.0\server\bin;C:\WINDOWS\system32;C:\WINDOWS;C:\WINDOWS\System32\Wbem;C:\WINDOWS\System32\WindowsPowerShell\v1.0;C:\WINDOWS\System32\OpenSSH;C:\Program Files\Microsoft VS Code\bin;C:\Program Files\Microsoft SQL Server\Client SDK\ODBC\170\Tools\Binn;C:\Program Files (x86)\Microsoft SQL Server\150\Tools\Binn;C:\Program Files\Microsoft SQL Server\150\Tools\Binn;C:\Program Files\Microsoft SQL Server\150\DTS\Binn;C:\Program Files (x86)\Microsoft SQL Server\150\DTS\Binn;C:\Program Files\Azure Data Studio\bin;C:\Program Files\Git\cmd;C:\apache-maven-3.8.4\bin;C:\Automatizacion\gradle-8.7\bin;C:\Program Files\Java\jdk-21\bin;C:\Users\jhonn\AppData\Local\Microsoft\WindowsApps;C:\Program Files\Azure Data Studio\bin;C:\Program Files\Git\usr\bin\vendor_perl;C:\Program Files\Git\usr\bin\core_perl
USERNAME=jhonn
SHELL=C:\Program Files\Git\usr\bin\bash.exe
DISPLAY=needs-to-be-defined
LANG=es_ES.UTF-8
TERM=xterm-256color
TMPDIR=C:\Users\jhonn\AppData\Local\Temp
OS=Windows_NT
PROCESSOR_IDENTIFIER=Intel64 Family 6 Model 58 Stepping 9, GenuineIntel
TMP=C:\Users\jhonn\AppData\Local\Temp
TEMP=C:\Users\jhonn\AppData\Local\Temp




Periodic native trim disabled

---------------  S Y S T E M  ---------------

OS:
 Windows 10 , 64 bit Build 19041 (10.0.19041.3636)
OS uptime: 0 days 1:16 hours

CPU: total 4 (initial active 4) (2 cores per cpu, 2 threads per core) family 6 model 58 stepping 9 microcode 0x21, cx8, cmov, fxsr, ht, mmx, sse, sse2, sse3, ssse3, sse4.1, sse4.2, popcnt, tsc, tscinvbit, avx, erms, clmul, vzeroupper, clflush, rdtscp, f16c
Processor Information for all 4 processors :
  Max Mhz: 1901, Current Mhz: 1901, Mhz Limit: 1901

Memory: 4k page, system-wide physical 1949M (239M free)
TotalPageFile size 7837M (AvailPageFile size 69M)
current process WorkingSet (physical memory assigned to process): 167M, peak: 201M
current process commit charge ("private bytes"): 413M, peak: 414M

vm_info: Java HotSpot(TM) 64-Bit Server VM (21.0.2+13-LTS-58) for windows-amd64 JRE (21.0.2+13-LTS-58), built on 2024-01-05T18:32:24Z by "mach5one" with MS VC++ 17.1 (VS2022)

END.
