#
# There is insufficient memory for the Java Runtime Environment to continue.
# Native memory allocation (malloc) failed to allocate 253216 bytes. Error detail: Chunk::new
# Possible reasons:
#   The system is out of physical RAM or swap space
#   This process is running with CompressedOops enabled, and the Java Heap may be blocking the growth of the native heap
# Possible solutions:
#   Reduce memory load on the system
#   Increase physical memory or swap space
#   Check if swap backing store is full
#   Decrease Java heap size (-Xmx/-Xms)
#   Decrease number of Java threads
#   Decrease Java thread stack sizes (-Xss)
#   Set larger code cache with -XX:ReservedCodeCacheSize=
#   JVM is running with Unscaled Compressed Oops mode in which the Java heap is
#     placed in the first 4GB address space. The Java Heap base address is the
#     maximum limit for the native heap growth. Please use -XX:HeapBaseMinAddress
#     to set the Java Heap base and to place the Java Heap above 4GB virtual address.
# This output file may be truncated or incomplete.
#
#  Out of Memory Error (arena.cpp:191), pid=8056, tid=3836
#
# JRE version: OpenJDK Runtime Environment Temurin-17.0.13+11 (17.0.13+11) (build 17.0.13+11)
# Java VM: OpenJDK 64-Bit Server VM Temurin-17.0.13+11 (17.0.13+11, mixed mode, tiered, compressed oops, compressed class ptrs, parallel gc, windows-amd64)
# No core dump will be written. Minidumps are not enabled by default on client versions of Windows
#

---------------  S U M M A R Y ------------

Command Line: --add-modules=ALL-SYSTEM --add-opens=java.base/java.util=ALL-UNNAMED --add-opens=java.base/java.lang=ALL-UNNAMED --add-opens=java.base/sun.nio.fs=ALL-UNNAMED -Declipse.application=org.eclipse.jdt.ls.core.id1 -Dosgi.bundles.defaultStartLevel=4 -Declipse.product=org.eclipse.jdt.ls.core.product -Djava.import.generatesMetadataFilesAtProjectRoot=false -DDetectVMInstallationsJob.disabled=true -Dfile.encoding=utf8 -XX:+UseParallelGC -XX:GCTimeRatio=4 -XX:AdaptiveSizePolicyWeight=90 -Dsun.zip.disableMemoryMapping=true -Xmx1G -Xms100m -Xlog:disable -javaagent:c:\Users\jhonn\.vscode\extensions\redhat.java-1.38.0-win32-x64\lombok\lombok-1.18.34.jar -XX:+HeapDumpOnOutOfMemoryError -XX:HeapDumpPath=c:\Users\jhonn\AppData\Roaming\Code\User\workspaceStorage\f926728e50f2738973d3538630756d0e\redhat.java -Daether.dependencyCollector.impl=bf c:\Users\jhonn\.vscode\extensions\redhat.java-1.38.0-win32-x64\server\plugins\org.eclipse.equinox.launcher_1.6.900.v20240613-2009.jar -configuration c:\Users\jhonn\AppData\Roaming\Code\User\globalStorage\redhat.java\1.38.0\config_win -data c:\Users\jhonn\AppData\Roaming\Code\User\workspaceStorage\f926728e50f2738973d3538630756d0e\redhat.java\jdt_ws --pipe=\\.\pipe\lsp-03966204572ffc1b0037c005ba5d1846-sock

Host: Intel(R) Core(TM) i3-3227U CPU @ 1.90GHz, 4 cores, 1G,  Windows 10 , 64 bit Build 19041 (10.0.19041.5198)
Time: Wed Jan  8 21:48:24 2025 Hora est. Pacífico, Sudamérica elapsed time: 159.285783 seconds (0d 0h 2m 39s)

---------------  T H R E A D  ---------------

Current thread (0x00000195c53fe890):  JavaThread "C2 CompilerThread0" daemon [_thread_in_native, id=3836, stack(0x0000004612e00000,0x0000004612f00000)]


Current CompileTask:
C2: 159286 9189       4       org.eclipse.jdt.internal.core.index.DiskIndex::writeDocumentNumbers (384 bytes)

Stack: [0x0000004612e00000,0x0000004612f00000]
Native frames: (J=compiled Java code, j=interpreted, Vv=VM code, C=native code)
V  [jvm.dll+0x682a19]
V  [jvm.dll+0x839538]
V  [jvm.dll+0x83afe3]
V  [jvm.dll+0x83b653]
V  [jvm.dll+0x24704f]
V  [jvm.dll+0xace34]
V  [jvm.dll+0xad4cc]
V  [jvm.dll+0x2ac84f]
V  [jvm.dll+0x588a79]
V  [jvm.dll+0x220ea2]
V  [jvm.dll+0x22129f]
V  [jvm.dll+0x21a2b0]
V  [jvm.dll+0x21738b]
V  [jvm.dll+0x1a3070]
V  [jvm.dll+0x22788c]
V  [jvm.dll+0x2259eb]
V  [jvm.dll+0x7eec98]
V  [jvm.dll+0x7e8ffc]
V  [jvm.dll+0x6818f7]
C  [ucrtbase.dll+0x21bb2]
C  [KERNEL32.DLL+0x17374]
C  [ntdll.dll+0x4cc91]


---------------  P R O C E S S  ---------------

Threads class SMR info:
_java_thread_list=0x00000195cb9752c0, length=36, elements={
0x00000195af631560, 0x00000195c53c5800, 0x00000195c53c8330, 0x00000195af6e82f0,
0x00000195af6e9910, 0x00000195af6ea790, 0x00000195af6eea10, 0x00000195c53fe890,
0x00000195c53ff290, 0x00000195c5400080, 0x00000195af695bd0, 0x00000195ca88daf0,
0x00000195cae61ed0, 0x00000195cab4f410, 0x00000195cab4f8f0, 0x00000195cab4fdd0,
0x00000195cab0b2f0, 0x00000195cab0b800, 0x00000195cab0c730, 0x00000195cab09eb0,
0x00000195cab0a3c0, 0x00000195cab0a8d0, 0x00000195cb375470, 0x00000195cb374a50,
0x00000195cb378710, 0x00000195cb37af90, 0x00000195cb376dc0, 0x00000195cb378c20,
0x00000195cb37c3d0, 0x00000195cb3763a0, 0x00000195cb379130, 0x00000195cb3777e0,
0x00000195cb379b50, 0x00000195cb37a060, 0x00000195cb37a570, 0x00000195cb37aa80
}

Java Threads: ( => current thread )
  0x00000195af631560 JavaThread "main" [_thread_blocked, id=2824, stack(0x0000004612500000,0x0000004612600000)]
  0x00000195c53c5800 JavaThread "Reference Handler" daemon [_thread_blocked, id=2268, stack(0x0000004612800000,0x0000004612900000)]
  0x00000195c53c8330 JavaThread "Finalizer" daemon [_thread_blocked, id=3004, stack(0x0000004612900000,0x0000004612a00000)]
  0x00000195af6e82f0 JavaThread "Signal Dispatcher" daemon [_thread_blocked, id=3300, stack(0x0000004612a00000,0x0000004612b00000)]
  0x00000195af6e9910 JavaThread "Attach Listener" daemon [_thread_blocked, id=3000, stack(0x0000004612b00000,0x0000004612c00000)]
  0x00000195af6ea790 JavaThread "Service Thread" daemon [_thread_blocked, id=3040, stack(0x0000004612c00000,0x0000004612d00000)]
  0x00000195af6eea10 JavaThread "Monitor Deflation Thread" daemon [_thread_blocked, id=4552, stack(0x0000004612d00000,0x0000004612e00000)]
=>0x00000195c53fe890 JavaThread "C2 CompilerThread0" daemon [_thread_in_native, id=3836, stack(0x0000004612e00000,0x0000004612f00000)]
  0x00000195c53ff290 JavaThread "C1 CompilerThread0" daemon [_thread_blocked, id=3728, stack(0x0000004612f00000,0x0000004613000000)]
  0x00000195c5400080 JavaThread "Sweeper thread" daemon [_thread_blocked, id=3184, stack(0x0000004613000000,0x0000004613100000)]
  0x00000195af695bd0 JavaThread "Common-Cleaner" daemon [_thread_blocked, id=3784, stack(0x0000004613100000,0x0000004613200000)]
  0x00000195ca88daf0 JavaThread "Notification Thread" daemon [_thread_blocked, id=4588, stack(0x0000004613200000,0x0000004613300000)]
  0x00000195cae61ed0 JavaThread "Active Thread: Equinox Container: 6dc96c52-4c31-4848-a520-c43c7ecfb388" [_thread_blocked, id=1340, stack(0x0000004613700000,0x0000004613800000)]
  0x00000195cab4f410 JavaThread "Refresh Thread: Equinox Container: 6dc96c52-4c31-4848-a520-c43c7ecfb388" daemon [_thread_blocked, id=7476, stack(0x0000004613800000,0x0000004613900000)]
  0x00000195cab4f8f0 JavaThread "Framework Event Dispatcher: Equinox Container: 6dc96c52-4c31-4848-a520-c43c7ecfb388" daemon [_thread_blocked, id=6288, stack(0x0000004613900000,0x0000004613a00000)]
  0x00000195cab4fdd0 JavaThread "Start Level: Equinox Container: 6dc96c52-4c31-4848-a520-c43c7ecfb388" daemon [_thread_blocked, id=10536, stack(0x0000004613a00000,0x0000004613b00000)]
  0x00000195cab0b2f0 JavaThread "Bundle File Closer" daemon [_thread_blocked, id=11188, stack(0x0000004613b00000,0x0000004613c00000)]
  0x00000195cab0b800 JavaThread "SCR Component Actor" daemon [_thread_blocked, id=6672, stack(0x0000004613c00000,0x0000004613d00000)]
  0x00000195cab0c730 JavaThread "Worker-JM" [_thread_blocked, id=10872, stack(0x0000004613e00000,0x0000004613f00000)]
  0x00000195cab09eb0 JavaThread "JNA Cleaner" daemon [_thread_blocked, id=7588, stack(0x0000004613f00000,0x0000004614000000)]
  0x00000195cab0a3c0 JavaThread "Worker-0" [_thread_blocked, id=8388, stack(0x0000004614000000,0x0000004614100000)]
  0x00000195cab0a8d0 JavaThread "Worker-1: Initialize Workspace" [_thread_blocked, id=7856, stack(0x0000004614100000,0x0000004614200000)]
  0x00000195cb375470 JavaThread "Worker-3" [_thread_blocked, id=7208, stack(0x0000004614300000,0x0000004614400000)]
  0x00000195cb374a50 JavaThread "Java indexing" daemon [_thread_in_Java, id=11012, stack(0x0000004614400000,0x0000004614500000)]
  0x00000195cb378710 JavaThread "Thread-2" daemon [_thread_in_native, id=1300, stack(0x0000004613d00000,0x0000004613e00000)]
  0x00000195cb37af90 JavaThread "Thread-3" daemon [_thread_in_native, id=7732, stack(0x0000004614500000,0x0000004614600000)]
  0x00000195cb376dc0 JavaThread "Thread-4" daemon [_thread_in_native, id=1344, stack(0x0000004614600000,0x0000004614700000)]
  0x00000195cb378c20 JavaThread "Thread-5" daemon [_thread_in_native, id=5376, stack(0x0000004614700000,0x0000004614800000)]
  0x00000195cb37c3d0 JavaThread "Thread-6" daemon [_thread_in_native, id=868, stack(0x0000004614800000,0x0000004614900000)]
  0x00000195cb3763a0 JavaThread "pool-2-thread-1" [_thread_blocked, id=6044, stack(0x0000004614900000,0x0000004614a00000)]
  0x00000195cb379130 JavaThread "Worker-4: Java indexing... " [_thread_blocked, id=10348, stack(0x0000004614a00000,0x0000004614b00000)]
  0x00000195cb3777e0 JavaThread "WorkspaceEventsHandler" [_thread_blocked, id=3448, stack(0x0000004614d00000,0x0000004614e00000)]
  0x00000195cb379b50 JavaThread "pool-1-thread-1" [_thread_blocked, id=2904, stack(0x0000004614e00000,0x0000004614f00000)]
  0x00000195cb37a060 JavaThread "Compiler Source File Reader" daemon [_thread_blocked, id=10192, stack(0x0000004615000000,0x0000004615100000)]
  0x00000195cb37a570 JavaThread "Compiler Source File Reader" daemon [_thread_blocked, id=10344, stack(0x0000004615100000,0x0000004615200000)]
  0x00000195cb37aa80 JavaThread "pool-3-thread-1" [_thread_blocked, id=3352, stack(0x0000004612300000,0x0000004612400000)]

Other Threads:
  0x00000195af6e6ba0 VMThread "VM Thread" [stack: 0x0000004612700000,0x0000004612800000] [id=2916]
  0x00000195ca86d130 WatcherThread [stack: 0x0000004613300000,0x0000004613400000] [id=3412]
  0x00000195af647ae0 GCTaskThread "GC Thread#0" [stack: 0x0000004612600000,0x0000004612700000] [id=2928]
  0x00000195caa69a50 GCTaskThread "GC Thread#1" [stack: 0x0000004613400000,0x0000004613500000] [id=5716]
  0x00000195caa6a120 GCTaskThread "GC Thread#2" [stack: 0x0000004613500000,0x0000004613600000] [id=1596]
  0x00000195caec6030 GCTaskThread "GC Thread#3" [stack: 0x0000004613600000,0x0000004613700000] [id=2796]

Threads with active compile tasks:
C2 CompilerThread0   159415 9189       4       org.eclipse.jdt.internal.core.index.DiskIndex::writeDocumentNumbers (384 bytes)

VM state: not at safepoint (normal execution)

VM Mutex/Monitor currently owned by a thread: None

Heap address: 0x00000000c0000000, size: 1024 MB, Compressed Oops mode: 32-bit

CDS archive(s) not mapped
Compressed class space mapped at: 0x0000000100000000-0x0000000140000000, reserved size: 1073741824
Narrow klass base: 0x0000000000000000, Narrow klass shift: 3, Narrow klass range: 0x140000000

GC Precious Log:
 CPUs: 4 total, 4 available
 Memory: 1949M
 Large Page Support: Disabled
 NUMA Support: Disabled
 Compressed Oops: Enabled (32-bit)
 Alignments: Space 512K, Generation 512K, Heap 2M
 Heap Min Capacity: 100M
 Heap Initial Capacity: 100M
 Heap Max Capacity: 1G
 Pre-touch: Disabled
 Parallel Workers: 4

Heap:
 PSYoungGen      total 5120K, used 2906K [0x00000000eab00000, 0x00000000eb400000, 0x0000000100000000)
  eden space 2560K, 14% used [0x00000000eab00000,0x00000000eab5dd58,0x00000000ead80000)
  from space 2560K, 98% used [0x00000000eb180000,0x00000000eb3f8cf0,0x00000000eb400000)
  to   space 3072K, 0% used [0x00000000eae00000,0x00000000eae00000,0x00000000eb100000)
 ParOldGen       total 346112K, used 343399K [0x00000000c0000000, 0x00000000d5200000, 0x00000000eab00000)
  object space 346112K, 99% used [0x00000000c0000000,0x00000000d4f59fe8,0x00000000d5200000)
 Metaspace       used 63962K, committed 64896K, reserved 1114112K
  class space    used 6720K, committed 7168K, reserved 1048576K

Card table byte_map: [0x00000195c2c90000,0x00000195c2ea0000] _byte_map_base: 0x00000195c2690000

Marking Bits: (ParMarkBitMap*) 0x00007ffb8fbd6940
 Begin Bits: [0x00000195c3000000, 0x00000195c4000000)
 End Bits:   [0x00000195c4000000, 0x00000195c5000000)

Polling page: 0x00000195af6f0000

Metaspace:

Usage:
  Non-class:     55.90 MB used.
      Class:      6.56 MB used.
       Both:     62.46 MB used.

Virtual space:
  Non-class space:       64.00 MB reserved,      56.38 MB ( 88%) committed,  1 nodes.
      Class space:        1.00 GB reserved,       7.00 MB ( <1%) committed,  1 nodes.
             Both:        1.06 GB reserved,      63.38 MB (  6%) committed. 

Chunk freelists:
   Non-Class:  7.12 MB
       Class:  8.95 MB
        Both:  16.07 MB

MaxMetaspaceSize: unlimited
CompressedClassSpaceSize: 1.00 GB
Initial GC threshold: 21.00 MB
Current GC threshold: 105.56 MB
CDS: off
MetaspaceReclaimPolicy: balanced
 - commit_granule_bytes: 65536.
 - commit_granule_words: 8192.
 - virtual_space_node_default_size: 8388608.
 - enlarge_chunks_in_place: 1.
 - new_chunks_are_fully_committed: 0.
 - uncommit_free_chunks: 1.
 - use_allocation_guard: 0.
 - handle_deallocations: 1.


Internal statistics:

num_allocs_failed_limit: 10.
num_arena_births: 642.
num_arena_deaths: 18.
num_vsnodes_births: 2.
num_vsnodes_deaths: 0.
num_space_committed: 1014.
num_space_uncommitted: 0.
num_chunks_returned_to_freelist: 29.
num_chunks_taken_from_freelist: 3243.
num_chunk_merges: 15.
num_chunk_splits: 1992.
num_chunks_enlarged: 1159.
num_inconsistent_stats: 0.

CodeHeap 'non-profiled nmethods': size=120000Kb used=5200Kb max_used=5200Kb free=114799Kb
 bounds [0x00000195bb570000, 0x00000195bba90000, 0x00000195c2aa0000]
CodeHeap 'profiled nmethods': size=120000Kb used=15698Kb max_used=16496Kb free=104301Kb
 bounds [0x00000195b3aa0000, 0x00000195b4ac0000, 0x00000195bafd0000]
CodeHeap 'non-nmethods': size=5760Kb used=1349Kb max_used=1420Kb free=4410Kb
 bounds [0x00000195bafd0000, 0x00000195bb240000, 0x00000195bb570000]
 total_blobs=8250 nmethods=7553 adapters=609
 compilation: enabled
              stopped_count=0, restarted_count=0
 full_count=0

Compilation events (20 events):
Event: 159.033 Thread 0x00000195c53fe890 9180 %     4       org.eclipse.jdt.internal.core.util.Util::quickSort @ 33 (101 bytes)
Event: 159.034 Thread 0x00000195c53ff290 nmethod 9179% 0x00000195b438af10 code [0x00000195b438b200, 0x00000195b438c718]
Event: 159.035 Thread 0x00000195c53ff290 9181       3       org.eclipse.jdt.internal.core.index.DiskIndex::writeCategoryTable (252 bytes)
Event: 159.038 Thread 0x00000195c53ff290 nmethod 9181 0x00000195b3ecef10 code [0x00000195b3ecf1e0, 0x00000195b3ed0498]
Event: 159.063 Thread 0x00000195c53ff290 9183       3       org.eclipse.jdt.internal.core.index.DiskIndex::writeStreamInt (122 bytes)
Event: 159.065 Thread 0x00000195c53ff290 nmethod 9183 0x00000195b4910790 code [0x00000195b4910940, 0x00000195b4910bc8]
Event: 159.066 Thread 0x00000195c53ff290 9184       3       org.eclipse.jdt.internal.core.index.DiskIndex::writeDocumentNumbers (384 bytes)
Event: 159.069 Thread 0x00000195c53ff290 nmethod 9184 0x00000195b3c72790 code [0x00000195b3c72a00, 0x00000195b3c73688]
Event: 159.082 Thread 0x00000195c53fe890 nmethod 9180% 0x00000195bba7fd10 code [0x00000195bba7fee0, 0x00000195bba80710]
Event: 159.082 Thread 0x00000195c53fe890 9182       4       org.eclipse.jdt.internal.core.index.DiskIndex$IntList::asArray (23 bytes)
Event: 159.086 Thread 0x00000195c53fe890 nmethod 9182 0x00000195bba80e10 code [0x00000195bba80fa0, 0x00000195bba81158]
Event: 159.089 Thread 0x00000195c53fe890 9185       4       org.eclipse.jdt.internal.core.util.Util::quickSort (101 bytes)
Event: 159.117 Thread 0x00000195c53fe890 nmethod 9185 0x00000195bba81290 code [0x00000195bba81460, 0x00000195bba81ab0]
Event: 159.118 Thread 0x00000195c53fe890 9186       4       org.eclipse.jdt.internal.core.index.DiskIndex::writeStreamChars (220 bytes)
Event: 159.137 Thread 0x00000195c53fe890 nmethod 9186 0x00000195bba82090 code [0x00000195bba82240, 0x00000195bba825d8]
Event: 159.137 Thread 0x00000195c53fe890 9187       4       org.eclipse.jdt.internal.core.index.DiskIndex::writeStreamInt (122 bytes)
Event: 159.140 Thread 0x00000195c53fe890 nmethod 9187 0x00000195bba82a10 code [0x00000195bba82b80, 0x00000195bba82cd8]
Event: 159.151 Thread 0x00000195c53fe890 9188 %     4       org.eclipse.jdt.internal.core.index.DiskIndex::writeCategoryTable @ 154 (252 bytes)
Event: 159.183 Thread 0x00000195c53fe890 nmethod 9188% 0x00000195bba82e10 code [0x00000195bba82fe0, 0x00000195bba83b48]
Event: 159.188 Thread 0x00000195c53fe890 9189       4       org.eclipse.jdt.internal.core.index.DiskIndex::writeDocumentNumbers (384 bytes)

GC Heap History (20 events):
Event: 155.032 GC heap before
{Heap before GC invocations=247 (full 13):
 PSYoungGen      total 2560K, used 2560K [0x00000000eab00000, 0x00000000eb580000, 0x0000000100000000)
  eden space 512K, 100% used [0x00000000eab00000,0x00000000eab80000,0x00000000eab80000)
  from space 2048K, 100% used [0x00000000eaf00000,0x00000000eb100000,0x00000000eb100000)
  to   space 3584K, 0% used [0x00000000eab80000,0x00000000eab80000,0x00000000eaf00000)
 ParOldGen       total 346112K, used 328165K [0x00000000c0000000, 0x00000000d5200000, 0x00000000eab00000)
  object space 346112K, 94% used [0x00000000c0000000,0x00000000d4079630,0x00000000d5200000)
 Metaspace       used 63941K, committed 64896K, reserved 1114112K
  class space    used 6720K, committed 7168K, reserved 1048576K
}
Event: 155.052 GC heap after
{Heap after GC invocations=247 (full 13):
 PSYoungGen      total 1536K, used 544K [0x00000000eab00000, 0x00000000eb000000, 0x0000000100000000)
  eden space 512K, 0% used [0x00000000eab00000,0x00000000eab00000,0x00000000eab80000)
  from space 1024K, 53% used [0x00000000eab80000,0x00000000eac08000,0x00000000eac80000)
  to   space 2048K, 0% used [0x00000000eae00000,0x00000000eae00000,0x00000000eb000000)
 ParOldGen       total 346112K, used 330225K [0x00000000c0000000, 0x00000000d5200000, 0x00000000eab00000)
  object space 346112K, 95% used [0x00000000c0000000,0x00000000d427c628,0x00000000d5200000)
 Metaspace       used 63941K, committed 64896K, reserved 1114112K
  class space    used 6720K, committed 7168K, reserved 1048576K
}
Event: 155.060 GC heap before
{Heap before GC invocations=248 (full 13):
 PSYoungGen      total 1536K, used 1056K [0x00000000eab00000, 0x00000000eb000000, 0x0000000100000000)
  eden space 512K, 100% used [0x00000000eab00000,0x00000000eab80000,0x00000000eab80000)
  from space 1024K, 53% used [0x00000000eab80000,0x00000000eac08000,0x00000000eac80000)
  to   space 2048K, 0% used [0x00000000eae00000,0x00000000eae00000,0x00000000eb000000)
 ParOldGen       total 346112K, used 330225K [0x00000000c0000000, 0x00000000d5200000, 0x00000000eab00000)
  object space 346112K, 95% used [0x00000000c0000000,0x00000000d427c628,0x00000000d5200000)
 Metaspace       used 63941K, committed 64896K, reserved 1114112K
  class space    used 6720K, committed 7168K, reserved 1048576K
}
Event: 155.076 GC heap after
{Heap after GC invocations=248 (full 13):
 PSYoungGen      total 2048K, used 563K [0x00000000eab00000, 0x00000000eaf00000, 0x0000000100000000)
  eden space 1024K, 0% used [0x00000000eab00000,0x00000000eab00000,0x00000000eac00000)
  from space 1024K, 55% used [0x00000000eae00000,0x00000000eae8cdb0,0x00000000eaf00000)
  to   space 1024K, 0% used [0x00000000ead00000,0x00000000ead00000,0x00000000eae00000)
 ParOldGen       total 346112K, used 330732K [0x00000000c0000000, 0x00000000d5200000, 0x00000000eab00000)
  object space 346112K, 95% used [0x00000000c0000000,0x00000000d42fb0a0,0x00000000d5200000)
 Metaspace       used 63941K, committed 64896K, reserved 1114112K
  class space    used 6720K, committed 7168K, reserved 1048576K
}
Event: 155.103 GC heap before
{Heap before GC invocations=249 (full 13):
 PSYoungGen      total 2048K, used 1587K [0x00000000eab00000, 0x00000000eaf00000, 0x0000000100000000)
  eden space 1024K, 100% used [0x00000000eab00000,0x00000000eac00000,0x00000000eac00000)
  from space 1024K, 55% used [0x00000000eae00000,0x00000000eae8cdb0,0x00000000eaf00000)
  to   space 1024K, 0% used [0x00000000ead00000,0x00000000ead00000,0x00000000eae00000)
 ParOldGen       total 346112K, used 330732K [0x00000000c0000000, 0x00000000d5200000, 0x00000000eab00000)
  object space 346112K, 95% used [0x00000000c0000000,0x00000000d42fb0a0,0x00000000d5200000)
 Metaspace       used 63941K, committed 64896K, reserved 1114112K
  class space    used 6720K, committed 7168K, reserved 1048576K
}
Event: 155.112 GC heap after
{Heap after GC invocations=249 (full 13):
 PSYoungGen      total 2560K, used 995K [0x00000000eab00000, 0x00000000eb080000, 0x0000000100000000)
  eden space 1536K, 0% used [0x00000000eab00000,0x00000000eab00000,0x00000000eac80000)
  from space 1024K, 97% used [0x00000000ead00000,0x00000000eadf8ee8,0x00000000eae00000)
  to   space 2048K, 0% used [0x00000000eae80000,0x00000000eae80000,0x00000000eb080000)
 ParOldGen       total 346112K, used 331272K [0x00000000c0000000, 0x00000000d5200000, 0x00000000eab00000)
  object space 346112K, 95% used [0x00000000c0000000,0x00000000d4382398,0x00000000d5200000)
 Metaspace       used 63941K, committed 64896K, reserved 1114112K
  class space    used 6720K, committed 7168K, reserved 1048576K
}
Event: 155.889 GC heap before
{Heap before GC invocations=250 (full 13):
 PSYoungGen      total 2560K, used 2531K [0x00000000eab00000, 0x00000000eb080000, 0x0000000100000000)
  eden space 1536K, 100% used [0x00000000eab00000,0x00000000eac80000,0x00000000eac80000)
  from space 1024K, 97% used [0x00000000ead00000,0x00000000eadf8ee8,0x00000000eae00000)
  to   space 2048K, 0% used [0x00000000eae80000,0x00000000eae80000,0x00000000eb080000)
 ParOldGen       total 346112K, used 331272K [0x00000000c0000000, 0x00000000d5200000, 0x00000000eab00000)
  object space 346112K, 95% used [0x00000000c0000000,0x00000000d4382398,0x00000000d5200000)
 Metaspace       used 63941K, committed 64896K, reserved 1114112K
  class space    used 6720K, committed 7168K, reserved 1048576K
}
Event: 155.899 GC heap after
{Heap after GC invocations=250 (full 13):
 PSYoungGen      total 3584K, used 1559K [0x00000000eab00000, 0x00000000eb100000, 0x0000000100000000)
  eden space 1536K, 0% used [0x00000000eab00000,0x00000000eab00000,0x00000000eac80000)
  from space 2048K, 76% used [0x00000000eae80000,0x00000000eb005eb8,0x00000000eb080000)
  to   space 2048K, 0% used [0x00000000eac80000,0x00000000eac80000,0x00000000eae80000)
 ParOldGen       total 346112K, used 332269K [0x00000000c0000000, 0x00000000d5200000, 0x00000000eab00000)
  object space 346112K, 96% used [0x00000000c0000000,0x00000000d447b790,0x00000000d5200000)
 Metaspace       used 63941K, committed 64896K, reserved 1114112K
  class space    used 6720K, committed 7168K, reserved 1048576K
}
Event: 156.003 GC heap before
{Heap before GC invocations=251 (full 13):
 PSYoungGen      total 3584K, used 3095K [0x00000000eab00000, 0x00000000eb100000, 0x0000000100000000)
  eden space 1536K, 100% used [0x00000000eab00000,0x00000000eac80000,0x00000000eac80000)
  from space 2048K, 76% used [0x00000000eae80000,0x00000000eb005eb8,0x00000000eb080000)
  to   space 2048K, 0% used [0x00000000eac80000,0x00000000eac80000,0x00000000eae80000)
 ParOldGen       total 346112K, used 332269K [0x00000000c0000000, 0x00000000d5200000, 0x00000000eab00000)
  object space 346112K, 96% used [0x00000000c0000000,0x00000000d447b790,0x00000000d5200000)
 Metaspace       used 63941K, committed 64896K, reserved 1114112K
  class space    used 6720K, committed 7168K, reserved 1048576K
}
Event: 156.014 GC heap after
{Heap after GC invocations=251 (full 13):
 PSYoungGen      total 3584K, used 1563K [0x00000000eab00000, 0x00000000eb100000, 0x0000000100000000)
  eden space 1536K, 0% used [0x00000000eab00000,0x00000000eab00000,0x00000000eac80000)
  from space 2048K, 76% used [0x00000000eac80000,0x00000000eae06f70,0x00000000eae80000)
  to   space 2048K, 0% used [0x00000000eaf00000,0x00000000eaf00000,0x00000000eb100000)
 ParOldGen       total 346112K, used 333777K [0x00000000c0000000, 0x00000000d5200000, 0x00000000eab00000)
  object space 346112K, 96% used [0x00000000c0000000,0x00000000d45f4608,0x00000000d5200000)
 Metaspace       used 63941K, committed 64896K, reserved 1114112K
  class space    used 6720K, committed 7168K, reserved 1048576K
}
Event: 156.959 GC heap before
{Heap before GC invocations=252 (full 13):
 PSYoungGen      total 3584K, used 3099K [0x00000000eab00000, 0x00000000eb100000, 0x0000000100000000)
  eden space 1536K, 99% used [0x00000000eab00000,0x00000000eac7fe00,0x00000000eac80000)
  from space 2048K, 76% used [0x00000000eac80000,0x00000000eae06f70,0x00000000eae80000)
  to   space 2048K, 0% used [0x00000000eaf00000,0x00000000eaf00000,0x00000000eb100000)
 ParOldGen       total 346112K, used 333777K [0x00000000c0000000, 0x00000000d5200000, 0x00000000eab00000)
  object space 346112K, 96% used [0x00000000c0000000,0x00000000d45f4608,0x00000000d5200000)
 Metaspace       used 63941K, committed 64896K, reserved 1114112K
  class space    used 6720K, committed 7168K, reserved 1048576K
}
Event: 156.968 GC heap after
{Heap after GC invocations=252 (full 13):
 PSYoungGen      total 4096K, used 1542K [0x00000000eab00000, 0x00000000eb100000, 0x0000000100000000)
  eden space 2048K, 0% used [0x00000000eab00000,0x00000000eab00000,0x00000000ead00000)
  from space 2048K, 75% used [0x00000000eaf00000,0x00000000eb0819b8,0x00000000eb100000)
  to   space 2048K, 0% used [0x00000000ead00000,0x00000000ead00000,0x00000000eaf00000)
 ParOldGen       total 346112K, used 335323K [0x00000000c0000000, 0x00000000d5200000, 0x00000000eab00000)
  object space 346112K, 96% used [0x00000000c0000000,0x00000000d4776fe8,0x00000000d5200000)
 Metaspace       used 63941K, committed 64896K, reserved 1114112K
  class space    used 6720K, committed 7168K, reserved 1048576K
}
Event: 157.951 GC heap before
{Heap before GC invocations=253 (full 13):
 PSYoungGen      total 4096K, used 3590K [0x00000000eab00000, 0x00000000eb100000, 0x0000000100000000)
  eden space 2048K, 100% used [0x00000000eab00000,0x00000000ead00000,0x00000000ead00000)
  from space 2048K, 75% used [0x00000000eaf00000,0x00000000eb0819b8,0x00000000eb100000)
  to   space 2048K, 0% used [0x00000000ead00000,0x00000000ead00000,0x00000000eaf00000)
 ParOldGen       total 346112K, used 335323K [0x00000000c0000000, 0x00000000d5200000, 0x00000000eab00000)
  object space 346112K, 96% used [0x00000000c0000000,0x00000000d4776fe8,0x00000000d5200000)
 Metaspace       used 63941K, committed 64896K, reserved 1114112K
  class space    used 6720K, committed 7168K, reserved 1048576K
}
Event: 157.964 GC heap after
{Heap after GC invocations=253 (full 13):
 PSYoungGen      total 4096K, used 2031K [0x00000000eab00000, 0x00000000eb580000, 0x0000000100000000)
  eden space 2048K, 0% used [0x00000000eab00000,0x00000000eab00000,0x00000000ead00000)
  from space 2048K, 99% used [0x00000000ead00000,0x00000000eaefbf40,0x00000000eaf00000)
  to   space 4096K, 0% used [0x00000000eb180000,0x00000000eb180000,0x00000000eb580000)
 ParOldGen       total 346112K, used 336828K [0x00000000c0000000, 0x00000000d5200000, 0x00000000eab00000)
  object space 346112K, 97% used [0x00000000c0000000,0x00000000d48ef3f8,0x00000000d5200000)
 Metaspace       used 63941K, committed 64896K, reserved 1114112K
  class space    used 6720K, committed 7168K, reserved 1048576K
}
Event: 158.522 GC heap before
{Heap before GC invocations=254 (full 13):
 PSYoungGen      total 4096K, used 4079K [0x00000000eab00000, 0x00000000eb580000, 0x0000000100000000)
  eden space 2048K, 100% used [0x00000000eab00000,0x00000000ead00000,0x00000000ead00000)
  from space 2048K, 99% used [0x00000000ead00000,0x00000000eaefbf40,0x00000000eaf00000)
  to   space 4096K, 0% used [0x00000000eb180000,0x00000000eb180000,0x00000000eb580000)
 ParOldGen       total 346112K, used 336828K [0x00000000c0000000, 0x00000000d5200000, 0x00000000eab00000)
  object space 346112K, 97% used [0x00000000c0000000,0x00000000d48ef3f8,0x00000000d5200000)
 Metaspace       used 63941K, committed 64896K, reserved 1114112K
  class space    used 6720K, committed 7168K, reserved 1048576K
}
Event: 158.534 GC heap after
{Heap after GC invocations=254 (full 13):
 PSYoungGen      total 5120K, used 2075K [0x00000000eab00000, 0x00000000eb400000, 0x0000000100000000)
  eden space 2560K, 0% used [0x00000000eab00000,0x00000000eab00000,0x00000000ead80000)
  from space 2560K, 81% used [0x00000000eb180000,0x00000000eb386f70,0x00000000eb400000)
  to   space 3072K, 0% used [0x00000000eae00000,0x00000000eae00000,0x00000000eb100000)
 ParOldGen       total 346112K, used 338835K [0x00000000c0000000, 0x00000000d5200000, 0x00000000eab00000)
  object space 346112K, 97% used [0x00000000c0000000,0x00000000d4ae4d50,0x00000000d5200000)
 Metaspace       used 63941K, committed 64896K, reserved 1114112K
  class space    used 6720K, committed 7168K, reserved 1048576K
}
Event: 158.604 GC heap before
{Heap before GC invocations=255 (full 13):
 PSYoungGen      total 5120K, used 4635K [0x00000000eab00000, 0x00000000eb400000, 0x0000000100000000)
  eden space 2560K, 100% used [0x00000000eab00000,0x00000000ead80000,0x00000000ead80000)
  from space 2560K, 81% used [0x00000000eb180000,0x00000000eb386f70,0x00000000eb400000)
  to   space 3072K, 0% used [0x00000000eae00000,0x00000000eae00000,0x00000000eb100000)
 ParOldGen       total 346112K, used 338835K [0x00000000c0000000, 0x00000000d5200000, 0x00000000eab00000)
  object space 346112K, 97% used [0x00000000c0000000,0x00000000d4ae4d50,0x00000000d5200000)
 Metaspace       used 63941K, committed 64896K, reserved 1114112K
  class space    used 6720K, committed 7168K, reserved 1048576K
}
Event: 158.632 GC heap after
{Heap after GC invocations=255 (full 13):
 PSYoungGen      total 5632K, used 3059K [0x00000000eab00000, 0x00000000eb400000, 0x0000000100000000)
  eden space 2560K, 0% used [0x00000000eab00000,0x00000000eab00000,0x00000000ead80000)
  from space 3072K, 99% used [0x00000000eae00000,0x00000000eb0fce28,0x00000000eb100000)
  to   space 2560K, 0% used [0x00000000eb180000,0x00000000eb180000,0x00000000eb400000)
 ParOldGen       total 346112K, used 340369K [0x00000000c0000000, 0x00000000d5200000, 0x00000000eab00000)
  object space 346112K, 98% used [0x00000000c0000000,0x00000000d4c647f8,0x00000000d5200000)
 Metaspace       used 63941K, committed 64896K, reserved 1114112K
  class space    used 6720K, committed 7168K, reserved 1048576K
}
Event: 158.921 GC heap before
{Heap before GC invocations=256 (full 13):
 PSYoungGen      total 5632K, used 5619K [0x00000000eab00000, 0x00000000eb400000, 0x0000000100000000)
  eden space 2560K, 100% used [0x00000000eab00000,0x00000000ead80000,0x00000000ead80000)
  from space 3072K, 99% used [0x00000000eae00000,0x00000000eb0fce28,0x00000000eb100000)
  to   space 2560K, 0% used [0x00000000eb180000,0x00000000eb180000,0x00000000eb400000)
 ParOldGen       total 346112K, used 340369K [0x00000000c0000000, 0x00000000d5200000, 0x00000000eab00000)
  object space 346112K, 98% used [0x00000000c0000000,0x00000000d4c647f8,0x00000000d5200000)
 Metaspace       used 63952K, committed 64896K, reserved 1114112K
  class space    used 6720K, committed 7168K, reserved 1048576K
}
Event: 158.942 GC heap after
{Heap after GC invocations=256 (full 13):
 PSYoungGen      total 5120K, used 2531K [0x00000000eab00000, 0x00000000eb400000, 0x0000000100000000)
  eden space 2560K, 0% used [0x00000000eab00000,0x00000000eab00000,0x00000000ead80000)
  from space 2560K, 98% used [0x00000000eb180000,0x00000000eb3f8cf0,0x00000000eb400000)
  to   space 3072K, 0% used [0x00000000eae00000,0x00000000eae00000,0x00000000eb100000)
 ParOldGen       total 346112K, used 343399K [0x00000000c0000000, 0x00000000d5200000, 0x00000000eab00000)
  object space 346112K, 99% used [0x00000000c0000000,0x00000000d4f59fe8,0x00000000d5200000)
 Metaspace       used 63952K, committed 64896K, reserved 1114112K
  class space    used 6720K, committed 7168K, reserved 1048576K
}

Dll operation events (10 events):
Event: 0.048 Loaded shared library c:\Users\jhonn\.vscode\extensions\redhat.java-1.38.0-win32-x64\jre\17.0.13-win32-x86_64\bin\java.dll
Event: 0.595 Loaded shared library c:\Users\jhonn\.vscode\extensions\redhat.java-1.38.0-win32-x64\jre\17.0.13-win32-x86_64\bin\zip.dll
Event: 0.610 Loaded shared library C:\Users\jhonn\.vscode\extensions\redhat.java-1.38.0-win32-x64\jre\17.0.13-win32-x86_64\bin\instrument.dll
Event: 0.663 Loaded shared library C:\Users\jhonn\.vscode\extensions\redhat.java-1.38.0-win32-x64\jre\17.0.13-win32-x86_64\bin\net.dll
Event: 0.676 Loaded shared library C:\Users\jhonn\.vscode\extensions\redhat.java-1.38.0-win32-x64\jre\17.0.13-win32-x86_64\bin\nio.dll
Event: 0.709 Loaded shared library C:\Users\jhonn\.vscode\extensions\redhat.java-1.38.0-win32-x64\jre\17.0.13-win32-x86_64\bin\zip.dll
Event: 0.780 Loaded shared library C:\Users\jhonn\.vscode\extensions\redhat.java-1.38.0-win32-x64\jre\17.0.13-win32-x86_64\bin\jimage.dll
Event: 1.019 Loaded shared library c:\Users\jhonn\.vscode\extensions\redhat.java-1.38.0-win32-x64\jre\17.0.13-win32-x86_64\bin\verify.dll
Event: 7.231 Loaded shared library C:\Users\jhonn\AppData\Roaming\Code\User\globalStorage\redhat.java\1.38.0\config_win\org.eclipse.equinox.launcher\org.eclipse.equinox.launcher.win32.win32.x86_64_1.2.1100.v20240722-2106\eclipse_11904.dll
Event: 18.812 Loaded shared library C:\Users\jhonn\AppData\Local\Temp\jna-101101681\jna910910758261945565.dll

Deoptimization events (20 events):
Event: 124.249 Thread 0x00000195cb374a50 Uncommon trap: trap_request=0xffffff45 fr.pc=0x00000195bb89bae0 relative=0x00000000000002c0
Event: 124.250 Thread 0x00000195cb374a50 Uncommon trap: reason=unstable_if action=reinterpret pc=0x00000195bb89bae0 method=org.eclipse.jdt.internal.compiler.util.HashtableOfObject.putUnsafely([CLjava/lang/Object;)V @ 70 c2
Event: 124.250 Thread 0x00000195cb374a50 DEOPT PACKING pc=0x00000195bb89bae0 sp=0x00000046144fefa0
Event: 124.250 Thread 0x00000195cb374a50 DEOPT UNPACKING pc=0x00000195bb0266a3 sp=0x00000046144fef48 mode 2
Event: 126.263 Thread 0x00000195cb374a50 DEOPT PACKING pc=0x00000195b3ae8cc5 sp=0x00000046144fef40
Event: 126.279 Thread 0x00000195cb374a50 DEOPT UNPACKING pc=0x00000195bb026e43 sp=0x00000046144fe3d8 mode 0
Event: 126.803 Thread 0x00000195cb374a50 DEOPT PACKING pc=0x00000195b3ddc06b sp=0x00000046144feff0
Event: 126.803 Thread 0x00000195cb374a50 DEOPT UNPACKING pc=0x00000195bb026e43 sp=0x00000046144fe4b8 mode 0
Event: 126.987 Thread 0x00000195cb374a50 DEOPT PACKING pc=0x00000195b3d79c6d sp=0x00000046144fefb0
Event: 126.987 Thread 0x00000195cb374a50 DEOPT UNPACKING pc=0x00000195bb026e43 sp=0x00000046144fe448 mode 0
Event: 127.200 Thread 0x00000195cb374a50 Uncommon trap: trap_request=0xfffffff4 fr.pc=0x00000195bba7641c relative=0x000000000000155c
Event: 127.200 Thread 0x00000195cb374a50 Uncommon trap: reason=null_check action=make_not_entrant pc=0x00000195bba7641c method=org.eclipse.jdt.internal.core.index.DiskIndex.copyQueryResults(Lorg/eclipse/jdt/internal/compiler/util/HashtableOfObject;I)V @ 51 c2
Event: 127.200 Thread 0x00000195cb374a50 DEOPT PACKING pc=0x00000195bba7641c sp=0x00000046144ff010
Event: 127.200 Thread 0x00000195cb374a50 DEOPT UNPACKING pc=0x00000195bb0266a3 sp=0x00000046144fefd0 mode 2
Event: 159.215 Thread 0x00000195cb374a50 DEOPT PACKING pc=0x00000195b438c59a sp=0x00000046144fef10
Event: 159.216 Thread 0x00000195cb374a50 DEOPT UNPACKING pc=0x00000195bb026e43 sp=0x00000046144fe470 mode 0
Event: 159.220 Thread 0x00000195cb374a50 Uncommon trap: trap_request=0xffffffde fr.pc=0x00000195bba83a60 relative=0x0000000000000a80
Event: 159.220 Thread 0x00000195cb374a50 Uncommon trap: reason=class_check action=maybe_recompile pc=0x00000195bba83a60 method=org.eclipse.jdt.internal.core.index.DiskIndex.writeCategoryTable([CLorg/eclipse/jdt/internal/compiler/util/HashtableOfObject;Ljava/io/FileOutputStream;)V @ 178 c2
Event: 159.220 Thread 0x00000195cb374a50 DEOPT PACKING pc=0x00000195bba83a60 sp=0x00000046144fefb0
Event: 159.220 Thread 0x00000195cb374a50 DEOPT UNPACKING pc=0x00000195bb0266a3 sp=0x00000046144fef88 mode 2

Classes loaded (20 events):
Event: 67.273 Loading class java/util/TreeMap$ValueSpliterator
Event: 67.280 Loading class java/util/TreeMap$TreeMapSpliterator
Event: 67.283 Loading class java/util/TreeMap$TreeMapSpliterator done
Event: 67.283 Loading class java/util/TreeMap$ValueSpliterator done
Event: 67.368 Loading class java/util/concurrent/CompletionException
Event: 67.372 Loading class java/util/concurrent/CompletionException done
Event: 67.478 Loading class java/nio/file/FileTreeWalker$1
Event: 67.480 Loading class java/nio/file/FileTreeWalker$1 done
Event: 67.509 Loading class sun/nio/fs/Globs
Event: 67.513 Loading class sun/nio/fs/Globs done
Event: 67.513 Loading class java/util/regex/Pattern$SliceU
Event: 67.515 Loading class java/util/regex/Pattern$SliceU done
Event: 67.515 Loading class sun/nio/fs/WindowsFileSystem$2
Event: 67.516 Loading class java/nio/file/PathMatcher
Event: 67.517 Loading class java/nio/file/PathMatcher done
Event: 67.517 Loading class sun/nio/fs/WindowsFileSystem$2 done
Event: 68.591 Loading class java/lang/Class$EnclosingMethodInfo
Event: 68.598 Loading class java/lang/Class$EnclosingMethodInfo done
Event: 72.016 Loading class java/util/concurrent/CompletableFuture$Signaller
Event: 72.022 Loading class java/util/concurrent/CompletableFuture$Signaller done

Classes unloaded (9 events):
Event: 22.774 Thread 0x00000195af6e6ba0 Unloading class 0x0000000100368000 'java/lang/invoke/LambdaForm$MH+0x0000000100368000'
Event: 22.774 Thread 0x00000195af6e6ba0 Unloading class 0x0000000100363400 'java/lang/invoke/LambdaForm$MH+0x0000000100363400'
Event: 22.774 Thread 0x00000195af6e6ba0 Unloading class 0x000000010025a000 'java/lang/invoke/LambdaForm$MH+0x000000010025a000'
Event: 22.774 Thread 0x00000195af6e6ba0 Unloading class 0x0000000100259c00 'java/lang/invoke/LambdaForm$MH+0x0000000100259c00'
Event: 22.774 Thread 0x00000195af6e6ba0 Unloading class 0x0000000100259800 'java/lang/invoke/LambdaForm$MH+0x0000000100259800'
Event: 22.774 Thread 0x00000195af6e6ba0 Unloading class 0x0000000100259400 'java/lang/invoke/LambdaForm$MH+0x0000000100259400'
Event: 22.774 Thread 0x00000195af6e6ba0 Unloading class 0x0000000100259000 'java/lang/invoke/LambdaForm$BMH+0x0000000100259000'
Event: 22.774 Thread 0x00000195af6e6ba0 Unloading class 0x0000000100258c00 'java/lang/invoke/LambdaForm$DMH+0x0000000100258c00'
Event: 22.774 Thread 0x00000195af6e6ba0 Unloading class 0x0000000100250400 'java/lang/invoke/LambdaForm$DMH+0x0000000100250400'

Classes redefined (0 events):
No events

Internal exceptions (20 events):
Event: 68.468 Thread 0x00000195cab0a8d0 Exception <a 'sun/nio/fs/WindowsException'{0x00000000eb4a9468}> (0x00000000eb4a9468) 
thrown [s\src\hotspot\share\prims\jni.cpp, line 516]
Event: 68.469 Thread 0x00000195cab0a8d0 Exception <a 'sun/nio/fs/WindowsException'{0x00000000eb4ad738}> (0x00000000eb4ad738) 
thrown [s\src\hotspot\share\prims\jni.cpp, line 516]
Event: 68.478 Thread 0x00000195cab0a8d0 Exception <a 'sun/nio/fs/WindowsException'{0x00000000eb4b0c60}> (0x00000000eb4b0c60) 
thrown [s\src\hotspot\share\prims\jni.cpp, line 516]
Event: 68.479 Thread 0x00000195cab0a8d0 Exception <a 'sun/nio/fs/WindowsException'{0x00000000eb4b4d20}> (0x00000000eb4b4d20) 
thrown [s\src\hotspot\share\prims\jni.cpp, line 516]
Event: 68.536 Thread 0x00000195cab0a8d0 Exception <a 'sun/nio/fs/WindowsException'{0x00000000eb4b8748}> (0x00000000eb4b8748) 
thrown [s\src\hotspot\share\prims\jni.cpp, line 516]
Event: 68.537 Thread 0x00000195cab0a8d0 Exception <a 'sun/nio/fs/WindowsException'{0x00000000eb4bc550}> (0x00000000eb4bc550) 
thrown [s\src\hotspot\share\prims\jni.cpp, line 516]
Event: 68.539 Thread 0x00000195cab0a8d0 Exception <a 'sun/nio/fs/WindowsException'{0x00000000eb4bfef8}> (0x00000000eb4bfef8) 
thrown [s\src\hotspot\share\prims\jni.cpp, line 516]
Event: 68.540 Thread 0x00000195cab0a8d0 Exception <a 'sun/nio/fs/WindowsException'{0x00000000eb4c32b0}> (0x00000000eb4c32b0) 
thrown [s\src\hotspot\share\prims\jni.cpp, line 516]
Event: 68.568 Thread 0x00000195cab0a8d0 Exception <a 'sun/nio/fs/WindowsException'{0x00000000eb4cd230}> (0x00000000eb4cd230) 
thrown [s\src\hotspot\share\prims\jni.cpp, line 516]
Event: 68.569 Thread 0x00000195cab0a8d0 Exception <a 'sun/nio/fs/WindowsException'{0x00000000eb4d0670}> (0x00000000eb4d0670) 
thrown [s\src\hotspot\share\prims\jni.cpp, line 516]
Event: 68.570 Thread 0x00000195cab0a8d0 Exception <a 'sun/nio/fs/WindowsException'{0x00000000eb4d4c60}> (0x00000000eb4d4c60) 
thrown [s\src\hotspot\share\prims\jni.cpp, line 516]
Event: 68.571 Thread 0x00000195cab0a8d0 Exception <a 'sun/nio/fs/WindowsException'{0x00000000eb4d8228}> (0x00000000eb4d8228) 
thrown [s\src\hotspot\share\prims\jni.cpp, line 516]
Event: 68.573 Thread 0x00000195cab0a8d0 Exception <a 'sun/nio/fs/WindowsException'{0x00000000eb4db9e8}> (0x00000000eb4db9e8) 
thrown [s\src\hotspot\share\prims\jni.cpp, line 516]
Event: 68.575 Thread 0x00000195cab0a8d0 Exception <a 'sun/nio/fs/WindowsException'{0x00000000eb4df1b8}> (0x00000000eb4df1b8) 
thrown [s\src\hotspot\share\prims\jni.cpp, line 516]
Event: 68.580 Thread 0x00000195cab0a8d0 Exception <a 'sun/nio/fs/WindowsException'{0x00000000eb4e3170}> (0x00000000eb4e3170) 
thrown [s\src\hotspot\share\prims\jni.cpp, line 516]
Event: 68.582 Thread 0x00000195cab0a8d0 Exception <a 'sun/nio/fs/WindowsException'{0x00000000eb4e6c18}> (0x00000000eb4e6c18) 
thrown [s\src\hotspot\share\prims\jni.cpp, line 516]
Event: 68.583 Thread 0x00000195cab0a8d0 Exception <a 'sun/nio/fs/WindowsException'{0x00000000eb4ea838}> (0x00000000eb4ea838) 
thrown [s\src\hotspot\share\prims\jni.cpp, line 516]
Event: 68.765 Thread 0x00000195cab0a8d0 Exception <a 'sun/nio/fs/WindowsException'{0x00000000eb59ad30}> (0x00000000eb59ad30) 
thrown [s\src\hotspot\share\prims\jni.cpp, line 516]
Event: 71.986 Thread 0x00000195cab0a8d0 Exception <a 'sun/nio/fs/WindowsException'{0x00000000eac32c80}> (0x00000000eac32c80) 
thrown [s\src\hotspot\share\prims\jni.cpp, line 516]
Event: 71.988 Thread 0x00000195cab0a8d0 Exception <a 'sun/nio/fs/WindowsException'{0x00000000eac332b8}> (0x00000000eac332b8) 
thrown [s\src\hotspot\share\prims\jni.cpp, line 516]

VM Operations (20 events):
Event: 155.032 Executing VM operation: ParallelGCFailedAllocation
Event: 155.052 Executing VM operation: ParallelGCFailedAllocation done
Event: 155.060 Executing VM operation: ParallelGCFailedAllocation
Event: 155.076 Executing VM operation: ParallelGCFailedAllocation done
Event: 155.103 Executing VM operation: ParallelGCFailedAllocation
Event: 155.112 Executing VM operation: ParallelGCFailedAllocation done
Event: 155.889 Executing VM operation: ParallelGCFailedAllocation
Event: 155.899 Executing VM operation: ParallelGCFailedAllocation done
Event: 156.003 Executing VM operation: ParallelGCFailedAllocation
Event: 156.015 Executing VM operation: ParallelGCFailedAllocation done
Event: 156.959 Executing VM operation: ParallelGCFailedAllocation
Event: 156.968 Executing VM operation: ParallelGCFailedAllocation done
Event: 157.842 Executing VM operation: ParallelGCFailedAllocation
Event: 157.964 Executing VM operation: ParallelGCFailedAllocation done
Event: 158.522 Executing VM operation: ParallelGCFailedAllocation
Event: 158.534 Executing VM operation: ParallelGCFailedAllocation done
Event: 158.604 Executing VM operation: ParallelGCFailedAllocation
Event: 158.632 Executing VM operation: ParallelGCFailedAllocation done
Event: 158.920 Executing VM operation: ParallelGCFailedAllocation
Event: 158.942 Executing VM operation: ParallelGCFailedAllocation done

Memory protections (0 events):
No events

Nmethod flushes (20 events):
Event: 57.715 Thread 0x00000195c5400080 flushing  nmethod 0x00000195b4a63290
Event: 57.715 Thread 0x00000195c5400080 flushing  nmethod 0x00000195b4a7a510
Event: 57.715 Thread 0x00000195c5400080 flushing osr nmethod 0x00000195b4a7f790
Event: 100.916 Thread 0x00000195c5400080 flushing  nmethod 0x00000195bb923090
Event: 100.917 Thread 0x00000195c5400080 flushing  nmethod 0x00000195b3ab7810
Event: 100.918 Thread 0x00000195c5400080 flushing  nmethod 0x00000195b3b0a390
Event: 100.919 Thread 0x00000195c5400080 flushing  nmethod 0x00000195b3b70e90
Event: 100.921 Thread 0x00000195c5400080 flushing  nmethod 0x00000195b3c56a90
Event: 100.923 Thread 0x00000195c5400080 flushing  nmethod 0x00000195b3d79790
Event: 101.005 Thread 0x00000195c5400080 flushing  nmethod 0x00000195b4366510
Event: 101.014 Thread 0x00000195c5400080 flushing  nmethod 0x00000195b4897590
Event: 101.015 Thread 0x00000195c5400080 flushing  nmethod 0x00000195b4935690
Event: 101.015 Thread 0x00000195c5400080 flushing  nmethod 0x00000195b4993790
Event: 101.016 Thread 0x00000195c5400080 flushing  nmethod 0x00000195b49b0a10
Event: 101.095 Thread 0x00000195c5400080 flushing  nmethod 0x00000195b49b0d90
Event: 101.095 Thread 0x00000195c5400080 flushing  nmethod 0x00000195b49b3a10
Event: 101.095 Thread 0x00000195c5400080 flushing  nmethod 0x00000195b49b7590
Event: 101.095 Thread 0x00000195c5400080 flushing  nmethod 0x00000195b49b7f90
Event: 101.095 Thread 0x00000195c5400080 flushing  nmethod 0x00000195b49bc090
Event: 101.096 Thread 0x00000195c5400080 flushing  nmethod 0x00000195b4a7a910

Events (20 events):
Event: 27.369 Thread 0x00000195af631560 Thread added: 0x00000195cb37af90
Event: 27.370 Thread 0x00000195af631560 Thread added: 0x00000195cb376dc0
Event: 27.371 Thread 0x00000195af631560 Thread added: 0x00000195cb378c20
Event: 27.371 Thread 0x00000195af631560 Thread added: 0x00000195cb37c3d0
Event: 27.434 Thread 0x00000195af631560 Thread added: 0x00000195cb3763a0
Event: 27.639 Thread 0x00000195cb375470 Thread added: 0x00000195cb379130
Event: 28.204 Thread 0x00000195cb375470 Thread added: 0x00000195cb374f60
Event: 28.264 Thread 0x00000195cb374f60 Thread added: 0x00000195cb378200
Event: 28.426 Thread 0x00000195af631560 Thread added: 0x00000195cb3777e0
Event: 28.426 Thread 0x00000195af631560 Thread added: 0x00000195cb379b50
Event: 46.919 Thread 0x00000195cab0a3c0 Thread added: 0x00000195cb37a060
Event: 46.920 Thread 0x00000195cab0a3c0 Thread added: 0x00000195cb37a570
Event: 54.361 Thread 0x00000195cab0a3c0 Thread added: 0x00000195cb37bec0
Event: 54.872 Thread 0x00000195cab0a3c0 Thread added: 0x00000195cab0bd10
Event: 71.937 Thread 0x00000195cab0a8d0 Thread added: 0x00000195cb37aa80
Event: 114.121 Thread 0x00000195cb378200 Thread exited: 0x00000195cb378200
Event: 114.425 Thread 0x00000195cb37bec0 Thread exited: 0x00000195cb37bec0
Event: 122.272 Thread 0x00000195cb374f60 Thread exited: 0x00000195cb374f60
Event: 122.411 Thread 0x00000195cb375e90 Thread exited: 0x00000195cb375e90
Event: 127.648 Thread 0x00000195cab0bd10 Thread exited: 0x00000195cab0bd10


Dynamic libraries:
0x00007ff66e0f0000 - 0x00007ff66e0fe000 	c:\Users\jhonn\.vscode\extensions\redhat.java-1.38.0-win32-x64\jre\17.0.13-win32-x86_64\bin\java.exe
0x00007ffc0d0f0000 - 0x00007ffc0d2e8000 	C:\WINDOWS\SYSTEM32\ntdll.dll
0x00007ffc0ce80000 - 0x00007ffc0cf42000 	C:\WINDOWS\System32\KERNEL32.DLL
0x00007ffc0acc0000 - 0x00007ffc0afbe000 	C:\WINDOWS\System32\KERNELBASE.dll
0x00007ffc0ab10000 - 0x00007ffc0ac10000 	C:\WINDOWS\System32\ucrtbase.dll
0x00007ffbe9130000 - 0x00007ffbe914e000 	c:\Users\jhonn\.vscode\extensions\redhat.java-1.38.0-win32-x64\jre\17.0.13-win32-x86_64\bin\VCRUNTIME140.dll
0x00007ffbeebf0000 - 0x00007ffbeec07000 	c:\Users\jhonn\.vscode\extensions\redhat.java-1.38.0-win32-x64\jre\17.0.13-win32-x86_64\bin\jli.dll
0x00007ffc0be10000 - 0x00007ffc0bfad000 	C:\WINDOWS\System32\USER32.dll
0x00007ffc0a9f0000 - 0x00007ffc0aa12000 	C:\WINDOWS\System32\win32u.dll
0x00007ffc0ce50000 - 0x00007ffc0ce7b000 	C:\WINDOWS\System32\GDI32.dll
0x00007ffc0afc0000 - 0x00007ffc0b0d7000 	C:\WINDOWS\System32\gdi32full.dll
0x00007ffc0aa20000 - 0x00007ffc0aabd000 	C:\WINDOWS\System32\msvcp_win.dll
0x00007ffbfd4b0000 - 0x00007ffbfd74a000 	C:\WINDOWS\WinSxS\amd64_microsoft.windows.common-controls_6595b64144ccf1df_6.0.19041.4355_none_60b8b9eb71f62e16\COMCTL32.dll
0x00007ffc0cfb0000 - 0x00007ffc0d04e000 	C:\WINDOWS\System32\msvcrt.dll
0x00007ffc0ce20000 - 0x00007ffc0ce4f000 	C:\WINDOWS\System32\IMM32.DLL
0x00007ffc07df0000 - 0x00007ffc07dfc000 	c:\Users\jhonn\.vscode\extensions\redhat.java-1.38.0-win32-x64\jre\17.0.13-win32-x86_64\bin\vcruntime140_1.dll
0x00007ffbad750000 - 0x00007ffbad7dd000 	c:\Users\jhonn\.vscode\extensions\redhat.java-1.38.0-win32-x64\jre\17.0.13-win32-x86_64\bin\msvcp140.dll
0x00007ffb8f030000 - 0x00007ffb8fc9b000 	c:\Users\jhonn\.vscode\extensions\redhat.java-1.38.0-win32-x64\jre\17.0.13-win32-x86_64\bin\server\jvm.dll
0x00007ffc0b670000 - 0x00007ffc0b721000 	C:\WINDOWS\System32\ADVAPI32.dll
0x00007ffc0c4e0000 - 0x00007ffc0c57f000 	C:\WINDOWS\System32\sechost.dll
0x00007ffc0b3c0000 - 0x00007ffc0b4e3000 	C:\WINDOWS\System32\RPCRT4.dll
0x00007ffc0b0e0000 - 0x00007ffc0b107000 	C:\WINDOWS\System32\bcrypt.dll
0x00007ffc0bbf0000 - 0x00007ffc0bc5b000 	C:\WINDOWS\System32\WS2_32.dll
0x00007ffc0a5f0000 - 0x00007ffc0a63b000 	C:\WINDOWS\SYSTEM32\POWRPROF.dll
0x00007ffbfd8c0000 - 0x00007ffbfd8e7000 	C:\WINDOWS\SYSTEM32\WINMM.dll
0x00007ffbfdc10000 - 0x00007ffbfdc1a000 	C:\WINDOWS\SYSTEM32\VERSION.dll
0x00007ffc0a5d0000 - 0x00007ffc0a5e2000 	C:\WINDOWS\SYSTEM32\UMPDC.dll
0x00007ffc08610000 - 0x00007ffc08622000 	C:\WINDOWS\SYSTEM32\kernel.appcore.dll
0x00007ffc06b70000 - 0x00007ffc06b7a000 	c:\Users\jhonn\.vscode\extensions\redhat.java-1.38.0-win32-x64\jre\17.0.13-win32-x86_64\bin\jimage.dll
0x00007ffbfd2c0000 - 0x00007ffbfd4a4000 	C:\WINDOWS\SYSTEM32\DBGHELP.DLL
0x00007ffbfc6b0000 - 0x00007ffbfc6e4000 	C:\WINDOWS\SYSTEM32\dbgcore.DLL
0x00007ffc0a800000 - 0x00007ffc0a882000 	C:\WINDOWS\System32\bcryptPrimitives.dll
0x00007ffbee730000 - 0x00007ffbee73e000 	c:\Users\jhonn\.vscode\extensions\redhat.java-1.38.0-win32-x64\jre\17.0.13-win32-x86_64\bin\instrument.dll
0x00007ffbd6740000 - 0x00007ffbd6765000 	c:\Users\jhonn\.vscode\extensions\redhat.java-1.38.0-win32-x64\jre\17.0.13-win32-x86_64\bin\java.dll
0x00007ffbe6480000 - 0x00007ffbe6498000 	c:\Users\jhonn\.vscode\extensions\redhat.java-1.38.0-win32-x64\jre\17.0.13-win32-x86_64\bin\zip.dll
0x00007ffc0c580000 - 0x00007ffc0cced000 	C:\WINDOWS\System32\SHELL32.dll
0x00007ffc08810000 - 0x00007ffc08fb4000 	C:\WINDOWS\SYSTEM32\windows.storage.dll
0x00007ffc0b820000 - 0x00007ffc0bb73000 	C:\WINDOWS\System32\combase.dll
0x00007ffc0a0f0000 - 0x00007ffc0a11e000 	C:\WINDOWS\SYSTEM32\Wldp.dll
0x00007ffc0b4f0000 - 0x00007ffc0b5bd000 	C:\WINDOWS\System32\OLEAUT32.dll
0x00007ffc0b5c0000 - 0x00007ffc0b66d000 	C:\WINDOWS\System32\SHCORE.dll
0x00007ffc0d050000 - 0x00007ffc0d0a5000 	C:\WINDOWS\System32\shlwapi.dll
0x00007ffc0a6c0000 - 0x00007ffc0a6e4000 	C:\WINDOWS\SYSTEM32\profapi.dll
0x00007ffbe5970000 - 0x00007ffbe5989000 	C:\Users\jhonn\.vscode\extensions\redhat.java-1.38.0-win32-x64\jre\17.0.13-win32-x86_64\bin\net.dll
0x00007ffc02ce0000 - 0x00007ffc02ded000 	C:\WINDOWS\SYSTEM32\WINHTTP.dll
0x00007ffc09e50000 - 0x00007ffc09eba000 	C:\WINDOWS\system32\mswsock.dll
0x00007ffbdf790000 - 0x00007ffbdf7a6000 	C:\Users\jhonn\.vscode\extensions\redhat.java-1.38.0-win32-x64\jre\17.0.13-win32-x86_64\bin\nio.dll
0x00007ffbecd70000 - 0x00007ffbecd80000 	c:\Users\jhonn\.vscode\extensions\redhat.java-1.38.0-win32-x64\jre\17.0.13-win32-x86_64\bin\verify.dll
0x00007ffbdd5d0000 - 0x00007ffbdd615000 	C:\Users\jhonn\AppData\Roaming\Code\User\globalStorage\redhat.java\1.38.0\config_win\org.eclipse.equinox.launcher\org.eclipse.equinox.launcher.win32.win32.x86_64_1.2.1100.v20240722-2106\eclipse_11904.dll
0x00007ffc0ccf0000 - 0x00007ffc0ce1b000 	C:\WINDOWS\System32\ole32.dll
0x00007ffc0a050000 - 0x00007ffc0a068000 	C:\WINDOWS\SYSTEM32\CRYPTSP.dll
0x00007ffc09770000 - 0x00007ffc097a4000 	C:\WINDOWS\system32\rsaenh.dll
0x00007ffc0a680000 - 0x00007ffc0a6ae000 	C:\WINDOWS\SYSTEM32\USERENV.dll
0x00007ffc0a040000 - 0x00007ffc0a04c000 	C:\WINDOWS\SYSTEM32\CRYPTBASE.dll
0x00007ffc09b30000 - 0x00007ffc09b6b000 	C:\WINDOWS\SYSTEM32\IPHLPAPI.DLL
0x00007ffc0b230000 - 0x00007ffc0b238000 	C:\WINDOWS\System32\NSI.dll
0x00007ffc035d0000 - 0x00007ffc035e7000 	C:\WINDOWS\SYSTEM32\dhcpcsvc6.DLL
0x00007ffc03d40000 - 0x00007ffc03d5d000 	C:\WINDOWS\SYSTEM32\dhcpcsvc.DLL
0x00007ffc09b70000 - 0x00007ffc09c3a000 	C:\WINDOWS\SYSTEM32\DNSAPI.dll
0x00007ffbdcfe0000 - 0x00007ffbdd029000 	C:\Users\jhonn\AppData\Local\Temp\jna-101101681\jna910910758261945565.dll
0x00007ffc0bbe0000 - 0x00007ffc0bbe8000 	C:\WINDOWS\System32\PSAPI.DLL

dbghelp: loaded successfully - version: 4.0.5 - missing functions: none
symbol engine: initialized successfully - sym options: 0x614 - pdb path: .;c:\Users\jhonn\.vscode\extensions\redhat.java-1.38.0-win32-x64\jre\17.0.13-win32-x86_64\bin;C:\WINDOWS\SYSTEM32;C:\WINDOWS\WinSxS\amd64_microsoft.windows.common-controls_6595b64144ccf1df_6.0.19041.4355_none_60b8b9eb71f62e16;c:\Users\jhonn\.vscode\extensions\redhat.java-1.38.0-win32-x64\jre\17.0.13-win32-x86_64\bin\server;C:\Users\jhonn\AppData\Roaming\Code\User\globalStorage\redhat.java\1.38.0\config_win\org.eclipse.equinox.launcher\org.eclipse.equinox.launcher.win32.win32.x86_64_1.2.1100.v20240722-2106;C:\Users\jhonn\AppData\Local\Temp\jna-101101681

VM Arguments:
jvm_args: --add-modules=ALL-SYSTEM --add-opens=java.base/java.util=ALL-UNNAMED --add-opens=java.base/java.lang=ALL-UNNAMED --add-opens=java.base/sun.nio.fs=ALL-UNNAMED -Declipse.application=org.eclipse.jdt.ls.core.id1 -Dosgi.bundles.defaultStartLevel=4 -Declipse.product=org.eclipse.jdt.ls.core.product -Djava.import.generatesMetadataFilesAtProjectRoot=false -DDetectVMInstallationsJob.disabled=true -Dfile.encoding=utf8 -XX:+UseParallelGC -XX:GCTimeRatio=4 -XX:AdaptiveSizePolicyWeight=90 -Dsun.zip.disableMemoryMapping=true -Xmx1G -Xms100m -Xlog:disable -javaagent:c:\Users\jhonn\.vscode\extensions\redhat.java-1.38.0-win32-x64\lombok\lombok-1.18.34.jar -XX:+HeapDumpOnOutOfMemoryError -XX:HeapDumpPath=c:\Users\jhonn\AppData\Roaming\Code\User\workspaceStorage\f926728e50f2738973d3538630756d0e\redhat.java -Daether.dependencyCollector.impl=bf 
java_command: c:\Users\jhonn\.vscode\extensions\redhat.java-1.38.0-win32-x64\server\plugins\org.eclipse.equinox.launcher_1.6.900.v20240613-2009.jar -configuration c:\Users\jhonn\AppData\Roaming\Code\User\globalStorage\redhat.java\1.38.0\config_win -data c:\Users\jhonn\AppData\Roaming\Code\User\workspaceStorage\f926728e50f2738973d3538630756d0e\redhat.java\jdt_ws --pipe=\\.\pipe\lsp-03966204572ffc1b0037c005ba5d1846-sock
java_class_path (initial): c:\Users\jhonn\.vscode\extensions\redhat.java-1.38.0-win32-x64\server\plugins\org.eclipse.equinox.launcher_1.6.900.v20240613-2009.jar
Launcher Type: SUN_STANDARD

[Global flags]
    uintx AdaptiveSizePolicyWeight                 = 90                                        {product} {command line}
     intx CICompilerCount                          = 3                                         {product} {ergonomic}
    uintx GCTimeRatio                              = 4                                         {product} {command line}
     bool HeapDumpOnOutOfMemoryError               = true                                   {manageable} {command line}
    ccstr HeapDumpPath                             = c:\Users\jhonn\AppData\Roaming\Code\User\workspaceStorage\f926728e50f2738973d3538630756d0e\redhat.java         {manageable} {command line}
   size_t InitialHeapSize                          = 104857600                                 {product} {command line}
   size_t MaxHeapSize                              = 1073741824                                {product} {command line}
   size_t MaxNewSize                               = 357564416                                 {product} {ergonomic}
   size_t MinHeapDeltaBytes                        = 524288                                    {product} {ergonomic}
   size_t MinHeapSize                              = 104857600                                 {product} {command line}
   size_t NewSize                                  = 34603008                                  {product} {ergonomic}
    uintx NonNMethodCodeHeapSize                   = 5832780                                {pd product} {ergonomic}
    uintx NonProfiledCodeHeapSize                  = 122912730                              {pd product} {ergonomic}
   size_t OldSize                                  = 70254592                                  {product} {ergonomic}
    uintx ProfiledCodeHeapSize                     = 122912730                              {pd product} {ergonomic}
    uintx ReservedCodeCacheSize                    = 251658240                              {pd product} {ergonomic}
     bool SegmentedCodeCache                       = true                                      {product} {ergonomic}
   size_t SoftMaxHeapSize                          = 1073741824                             {manageable} {ergonomic}
     bool UseCompressedClassPointers               = true                           {product lp64_product} {ergonomic}
     bool UseCompressedOops                        = true                           {product lp64_product} {ergonomic}
     bool UseLargePagesIndividualAllocation        = false                                  {pd product} {ergonomic}
     bool UseParallelGC                            = true                                      {product} {command line}

Logging:
Log output configuration:
 #0: stdout all=off uptime,level,tags
 #1: stderr all=off uptime,level,tags

Environment Variables:
JAVA_HOME=C:\Program Files\Java\jdk-21
PATH=C:\Program Files\Common Files\Oracle\Java\javapath;C:\oraclexe\app\oracle\product\11.2.0\server\bin;C:\WINDOWS\system32;C:\WINDOWS;C:\WINDOWS\System32\Wbem;C:\WINDOWS\System32\WindowsPowerShell\v1.0\;C:\WINDOWS\System32\OpenSSH\;C:\Program Files\Microsoft VS Code\bin;C:\Program Files\Microsoft SQL Server\Client SDK\ODBC\170\Tools\Binn\;C:\Program Files (x86)\Microsoft SQL Server\150\Tools\Binn\;C:\Program Files\Microsoft SQL Server\150\Tools\Binn\;C:\Program Files\Microsoft SQL Server\150\DTS\Binn\;C:\Program Files (x86)\Microsoft SQL Server\150\DTS\Binn\;C:\Program Files\Azure Data Studio\bin;C:\Program Files\Git\cmd;C:\apache-maven-3.8.4\bin;C:\Automatizacion\gradle-8.7\bin;C:\Program Files\Java\jdk-21\bin;C:\Users\jhonn\AppData\Local\Microsoft\WindowsApps;;C:\Program Files\Azure Data Studio\bin
USERNAME=jhonn
OS=Windows_NT
PROCESSOR_IDENTIFIER=Intel64 Family 6 Model 58 Stepping 9, GenuineIntel
TMP=C:\Users\jhonn\AppData\Local\Temp
TEMP=C:\Users\jhonn\AppData\Local\Temp



Periodic native trim disabled


---------------  S Y S T E M  ---------------

OS:
 Windows 10 , 64 bit Build 19041 (10.0.19041.5198)
OS uptime: 0 days 0:25 hours

CPU: total 4 (initial active 4) (2 cores per cpu, 2 threads per core) family 6 model 58 stepping 9 microcode 0x21, cx8, cmov, fxsr, ht, mmx, sse, sse2, sse3, ssse3, sse4.1, sse4.2, popcnt, tsc, tscinvbit, avx, erms, clmul, vzeroupper, clflush
Processor Information for all 4 processors :
  Max Mhz: 1901, Current Mhz: 1901, Mhz Limit: 1901

Memory: 4k page, system-wide physical 1949M (137M free)
TotalPageFile size 7837M (AvailPageFile size 0M)
current process WorkingSet (physical memory assigned to process): 205M, peak: 396M
current process commit charge ("private bytes"): 532M, peak: 536M

vm_info: OpenJDK 64-Bit Server VM (17.0.13+11) for windows-amd64 JRE (17.0.13+11), built on Oct 16 2024 00:10:08 by "admin" with MS VC++ 17.7 (VS2022)

END.
